#
# There is insufficient memory for the Java Runtime Environment to continue.
# Native memory allocation (malloc) failed to allocate 2104448 bytes for Chunk::new
# Possible reasons:
#   The system is out of physical RAM or swap space
#   The process is running with CompressedOops enabled, and the Java Heap may be blocking the growth of the native heap
# Possible solutions:
#   Reduce memory load on the system
#   Increase physical memory or swap space
#   Check if swap backing store is full
#   Decrease Java heap size (-Xmx/-Xms)
#   Decrease number of Java threads
#   Decrease Java thread stack sizes (-Xss)
#   Set larger code cache with -XX:ReservedCodeCacheSize=
#   JVM is running with Unscaled Compressed Oops mode in which the Java heap is
#     placed in the first 4GB address space. The Java Heap base address is the
#     maximum limit for the native heap growth. Please use -XX:HeapBaseMinAddress
#     to set the Java Heap base and to place the Java Heap above 4GB virtual address.
# This output file may be truncated or incomplete.
#
#  Out of Memory Error (arena.cpp:191), pid=12616, tid=5044
#
# JRE version: OpenJDK Runtime Environment (17.0.10) (build 17.0.10+0--11572160)
# Java VM: OpenJDK 64-Bit Server VM (17.0.10+0--11572160, mixed mode, tiered, compressed oops, compressed class ptrs, g1 gc, windows-amd64)
# No core dump will be written. Minidumps are not enabled by default on client versions of Windows
#

---------------  S U M M A R Y ------------

Command Line: --add-opens=java.base/java.util=ALL-UNNAMED --add-opens=java.base/java.lang=ALL-UNNAMED --add-opens=java.base/java.lang.invoke=ALL-UNNAMED --add-opens=java.prefs/java.util.prefs=ALL-UNNAMED --add-opens=java.base/java.nio.charset=ALL-UNNAMED --add-opens=java.base/java.net=ALL-UNNAMED --add-opens=java.base/java.util.concurrent.atomic=ALL-UNNAMED -Xmx2048m -Dfile.encoding=UTF-8 -Duser.country=US -Duser.language=en -Duser.variant -javaagent:C:\Users\user\.gradle\wrapper\dists\gradle-8.6-bin\afr5mpiioh2wthjmwnkmdsd5w\gradle-8.6\lib\agents\gradle-instrumentation-agent-8.6.jar org.gradle.launcher.daemon.bootstrap.GradleDaemon 8.6

Host: AMD Ryzen 7 5800H with Radeon Graphics         , 16 cores, 13G,  Windows 11 , 64 bit Build 22621 (10.0.22621.3958)
Time: Sun Aug 18 19:47:12 2024 Egypt Daylight Time elapsed time: 4.610154 seconds (0d 0h 0m 4s)

---------------  T H R E A D  ---------------

Current thread (0x000001ab602209a0):  JavaThread "C2 CompilerThread2" daemon [_thread_in_native, id=5044, stack(0x00000086b3f00000,0x00000086b4000000)]


Current CompileTask:
C2:   4610 4374       4       org.objectweb.asm.Frame::execute (2318 bytes)

Stack: [0x00000086b3f00000,0x00000086b4000000]
Native frames: (J=compiled Java code, j=interpreted, Vv=VM code, C=native code)
V  [jvm.dll+0x688e89]
V  [jvm.dll+0x84247a]
V  [jvm.dll+0x8440be]
V  [jvm.dll+0x844723]
V  [jvm.dll+0x24be0f]
V  [jvm.dll+0xac524]
V  [jvm.dll+0xacb6c]
V  [jvm.dll+0x36bd67]
V  [jvm.dll+0x33615a]
V  [jvm.dll+0x3355fa]
V  [jvm.dll+0x21daa1]
V  [jvm.dll+0x21cec1]
V  [jvm.dll+0x1a60ad]
V  [jvm.dll+0x22cd78]
V  [jvm.dll+0x22aeb0]
V  [jvm.dll+0x7f6917]
V  [jvm.dll+0x7f0d1a]
V  [jvm.dll+0x687d05]
C  [ucrtbase.dll+0x29333]
C  [KERNEL32.DLL+0x1257d]
C  [ntdll.dll+0x5af28]


---------------  P R O C E S S  ---------------

Threads class SMR info:
_java_thread_list=0x000001ab6568f090, length=44, elements={
0x000001ab40d6d030, 0x000001ab5b8ed450, 0x000001ab5b8ee1e0, 0x000001ab5b9362a0,
0x000001ab5b937030, 0x000001ab5b93ab10, 0x000001ab5b93b4d0, 0x000001ab5b93c880,
0x000001ab5b941740, 0x000001ab5b94d650, 0x000001ab5baea350, 0x000001ab5badc040,
0x000001ab5b748200, 0x000001ab5bc62b80, 0x000001ab5bc74b50, 0x000001ab602209a0,
0x000001ab61533810, 0x000001ab61c669a0, 0x000001ab602abda0, 0x000001ab62947110,
0x000001ab6292e580, 0x000001ab6292ea60, 0x000001ab6131bf70, 0x000001ab6131a110,
0x000001ab6131c480, 0x000001ab6131a620, 0x000001ab6131c990, 0x000001ab6131b040,
0x000001ab6131b550, 0x000001ab6131ba60, 0x000001ab62961b80, 0x000001ab62962fc0,
0x000001ab6295c570, 0x000001ab6295f810, 0x000001ab62961160, 0x000001ab62960230,
0x000001ab629625a0, 0x000001ab6233d220, 0x000001ab6233ecb0, 0x000001ab6233dcc0,
0x000001ab6295e8e0, 0x000001ab6295edf0, 0x000001ab62962ab0, 0x000001ab62961670
}

Java Threads: ( => current thread )
  0x000001ab40d6d030 JavaThread "main" [_thread_blocked, id=6700, stack(0x00000086b2900000,0x00000086b2a00000)]
  0x000001ab5b8ed450 JavaThread "Reference Handler" daemon [_thread_blocked, id=11428, stack(0x00000086b3000000,0x00000086b3100000)]
  0x000001ab5b8ee1e0 JavaThread "Finalizer" daemon [_thread_blocked, id=3680, stack(0x00000086b3100000,0x00000086b3200000)]
  0x000001ab5b9362a0 JavaThread "Signal Dispatcher" daemon [_thread_blocked, id=11292, stack(0x00000086b3200000,0x00000086b3300000)]
  0x000001ab5b937030 JavaThread "Attach Listener" daemon [_thread_blocked, id=16692, stack(0x00000086b3300000,0x00000086b3400000)]
  0x000001ab5b93ab10 JavaThread "Service Thread" daemon [_thread_blocked, id=13624, stack(0x00000086b3400000,0x00000086b3500000)]
  0x000001ab5b93b4d0 JavaThread "Monitor Deflation Thread" daemon [_thread_blocked, id=11348, stack(0x00000086b3500000,0x00000086b3600000)]
  0x000001ab5b93c880 JavaThread "C2 CompilerThread0" daemon [_thread_blocked, id=12412, stack(0x00000086b3600000,0x00000086b3700000)]
  0x000001ab5b941740 JavaThread "C1 CompilerThread0" daemon [_thread_blocked, id=20856, stack(0x00000086b3700000,0x00000086b3800000)]
  0x000001ab5b94d650 JavaThread "Sweeper thread" daemon [_thread_blocked, id=6016, stack(0x00000086b3800000,0x00000086b3900000)]
  0x000001ab5baea350 JavaThread "Common-Cleaner" daemon [_thread_blocked, id=20720, stack(0x00000086b3900000,0x00000086b3a00000)]
  0x000001ab5badc040 JavaThread "C1 CompilerThread1" daemon [_thread_blocked, id=9380, stack(0x00000086b3a00000,0x00000086b3b00000)]
  0x000001ab5b748200 JavaThread "C1 CompilerThread2" daemon [_thread_blocked, id=21764, stack(0x00000086b3b00000,0x00000086b3c00000)]
  0x000001ab5bc62b80 JavaThread "Notification Thread" daemon [_thread_blocked, id=3268, stack(0x00000086b3c00000,0x00000086b3d00000)]
  0x000001ab5bc74b50 JavaThread "C2 CompilerThread1" daemon [_thread_blocked, id=6616, stack(0x00000086b3e00000,0x00000086b3f00000)]
=>0x000001ab602209a0 JavaThread "C2 CompilerThread2" daemon [_thread_in_native, id=5044, stack(0x00000086b3f00000,0x00000086b4000000)]
  0x000001ab61533810 JavaThread "C1 CompilerThread3" daemon [_thread_blocked, id=1496, stack(0x00000086b4200000,0x00000086b4300000)]
  0x000001ab61c669a0 JavaThread "Daemon health stats" [_thread_blocked, id=3384, stack(0x00000086b4700000,0x00000086b4800000)]
  0x000001ab602abda0 JavaThread "Incoming local TCP Connector on port 57220" [_thread_in_native, id=21396, stack(0x00000086b4800000,0x00000086b4900000)]
  0x000001ab62947110 JavaThread "Daemon periodic checks" [_thread_blocked, id=4284, stack(0x00000086b4900000,0x00000086b4a00000)]
  0x000001ab6292e580 JavaThread "Daemon" [_thread_blocked, id=21464, stack(0x00000086b4a00000,0x00000086b4b00000)]
  0x000001ab6292ea60 JavaThread "Handler for socket connection from /127.0.0.1:57220 to /127.0.0.1:57221" [_thread_in_native, id=11824, stack(0x00000086b4b00000,0x00000086b4c00000)]
  0x000001ab6131bf70 JavaThread "Cancel handler" [_thread_blocked, id=18960, stack(0x00000086b4c00000,0x00000086b4d00000)]
  0x000001ab6131a110 JavaThread "Daemon worker" [_thread_in_Java, id=21876, stack(0x00000086b4d00000,0x00000086b4e00000)]
  0x000001ab6131c480 JavaThread "Asynchronous log dispatcher for DefaultDaemonConnection: socket connection from /127.0.0.1:57220 to /127.0.0.1:57221" [_thread_blocked, id=9480, stack(0x00000086b4e00000,0x00000086b4f00000)]
  0x000001ab6131a620 JavaThread "Stdin handler" [_thread_blocked, id=4720, stack(0x00000086b4f00000,0x00000086b5000000)]
  0x000001ab6131c990 JavaThread "Daemon client event forwarder" [_thread_blocked, id=21584, stack(0x00000086b5000000,0x00000086b5100000)]
  0x000001ab6131b040 JavaThread "Cache worker for journal cache (C:\Users\user\.gradle\caches\journal-1)" [_thread_blocked, id=3116, stack(0x00000086b4000000,0x00000086b4100000)]
  0x000001ab6131b550 JavaThread "File lock request listener" [_thread_in_native, id=11628, stack(0x00000086b5a00000,0x00000086b5b00000)]
  0x000001ab6131ba60 JavaThread "Cache worker for file hash cache (C:\Users\user\.gradle\caches\8.6\fileHashes)" [_thread_blocked, id=5104, stack(0x00000086b5b00000,0x00000086b5c00000)]
  0x000001ab62961b80 JavaThread "File watcher server" daemon [_thread_in_native, id=16364, stack(0x00000086b5c00000,0x00000086b5d00000)]
  0x000001ab62962fc0 JavaThread "File watcher consumer" daemon [_thread_blocked, id=6344, stack(0x00000086b5d00000,0x00000086b5e00000)]
  0x000001ab6295c570 JavaThread "Cache worker for checksums cache (C:\Users\user\AndroidStudioProjects\DISHDASH\.gradle\8.6\checksums)" [_thread_blocked, id=16132, stack(0x00000086b5e00000,0x00000086b5f00000)]
  0x000001ab6295f810 JavaThread "Cache worker for file hash cache (C:\Users\user\AndroidStudioProjects\DISHDASH\.gradle\8.6\fileHashes)" [_thread_blocked, id=9164, stack(0x00000086b5f00000,0x00000086b6000000)]
  0x000001ab62961160 JavaThread "Cache worker for cache directory md-supplier (C:\Users\user\.gradle\caches\8.6\md-supplier)" [_thread_blocked, id=14448, stack(0x00000086b6000000,0x00000086b6100000)]
  0x000001ab62960230 JavaThread "Cache worker for cache directory md-rule (C:\Users\user\.gradle\caches\8.6\md-rule)" [_thread_blocked, id=17380, stack(0x00000086b6100000,0x00000086b6200000)]
  0x000001ab629625a0 JavaThread "Cache worker for file content cache (C:\Users\user\.gradle\caches\8.6\fileContent)" [_thread_blocked, id=20888, stack(0x00000086b6200000,0x00000086b6300000)]
  0x000001ab6233d220 JavaThread "C2 CompilerThread3" daemon [_thread_blocked, id=6428, stack(0x00000086b6300000,0x00000086b6400000)]
  0x000001ab6233ecb0 JavaThread "C2 CompilerThread4" daemon [_thread_blocked, id=12088, stack(0x00000086b6400000,0x00000086b6500000)]
  0x000001ab6233dcc0 JavaThread "C2 CompilerThread5" daemon [_thread_blocked, id=5428, stack(0x00000086b6500000,0x00000086b6600000)]
  0x000001ab6295e8e0 JavaThread "jar transforms" [_thread_blocked, id=18932, stack(0x00000086b6600000,0x00000086b6700000)]
  0x000001ab6295edf0 JavaThread "jar transforms Thread 2" [_thread_blocked, id=10180, stack(0x00000086b6700000,0x00000086b6800000)]
  0x000001ab62962ab0 JavaThread "jar transforms Thread 3" [_thread_blocked, id=21276, stack(0x00000086b6800000,0x00000086b6900000)]
  0x000001ab62961670 JavaThread "jar transforms Thread 4" [_thread_blocked, id=18816, stack(0x00000086b6900000,0x00000086b6a00000)]

Other Threads:
  0x000001ab5b76e830 VMThread "VM Thread" [stack: 0x00000086b2f00000,0x00000086b3000000] [id=17512]
  0x000001ab40d6deb0 WatcherThread [stack: 0x00000086b3d00000,0x00000086b3e00000] [id=1196]
  0x000001ab40dc90a0 GCTaskThread "GC Thread#0" [stack: 0x00000086b2a00000,0x00000086b2b00000] [id=19528]
  0x000001ab61ccc830 GCTaskThread "GC Thread#1" [stack: 0x00000086b4300000,0x00000086b4400000] [id=21316]
  0x000001ab5bc9c0d0 GCTaskThread "GC Thread#2" [stack: 0x00000086b4400000,0x00000086b4500000] [id=22008]
  0x000001ab5bc9c390 GCTaskThread "GC Thread#3" [stack: 0x00000086b4500000,0x00000086b4600000] [id=21604]
  0x000001ab61df2090 GCTaskThread "GC Thread#4" [stack: 0x00000086b4600000,0x00000086b4700000] [id=3716]
  0x000001ab61cc87e0 GCTaskThread "GC Thread#5" [stack: 0x00000086b4100000,0x00000086b4200000] [id=22688]
  0x000001ab61cc74a0 GCTaskThread "GC Thread#6" [stack: 0x00000086b5100000,0x00000086b5200000] [id=21028]
  0x000001ab61cc7760 GCTaskThread "GC Thread#7" [stack: 0x00000086b5200000,0x00000086b5300000] [id=22516]
  0x000001ab61cc7a20 GCTaskThread "GC Thread#8" [stack: 0x00000086b5300000,0x00000086b5400000] [id=21752]
  0x000001ab61cc71e0 GCTaskThread "GC Thread#9" [stack: 0x00000086b5400000,0x00000086b5500000] [id=17884]
  0x000001ab61cc7ce0 GCTaskThread "GC Thread#10" [stack: 0x00000086b5500000,0x00000086b5600000] [id=2640]
  0x000001ab61cc7fa0 GCTaskThread "GC Thread#11" [stack: 0x00000086b5600000,0x00000086b5700000] [id=12392]
  0x000001ab61cc8aa0 GCTaskThread "GC Thread#12" [stack: 0x00000086b5700000,0x00000086b5800000] [id=9104]
  0x000001ab40dd9ff0 ConcurrentGCThread "G1 Main Marker" [stack: 0x00000086b2b00000,0x00000086b2c00000] [id=5544]
  0x000001ab40ddaa10 ConcurrentGCThread "G1 Conc#0" [stack: 0x00000086b2c00000,0x00000086b2d00000] [id=20340]
  0x000001ab61cc8260 ConcurrentGCThread "G1 Conc#1" [stack: 0x00000086b5800000,0x00000086b5900000] [id=13304]
  0x000001ab61cc8520 ConcurrentGCThread "G1 Conc#2" [stack: 0x00000086b5900000,0x00000086b5a00000] [id=4476]
  0x000001ab5b6112c0 ConcurrentGCThread "G1 Refine#0" [stack: 0x00000086b2d00000,0x00000086b2e00000] [id=21664]
  0x000001ab5b611cf0 ConcurrentGCThread "G1 Service" [stack: 0x00000086b2e00000,0x00000086b2f00000] [id=22068]

Threads with active compile tasks:
C2 CompilerThread2     4633 4374       4       org.objectweb.asm.Frame::execute (2318 bytes)

VM state: not at safepoint (normal execution)

VM Mutex/Monitor currently owned by a thread: None

Heap address: 0x0000000080000000, size: 2048 MB, Compressed Oops mode: 32-bit

CDS archive(s) not mapped
Compressed class space mapped at: 0x0000000100000000-0x0000000140000000, reserved size: 1073741824
Narrow klass base: 0x0000000000000000, Narrow klass shift: 3, Narrow klass range: 0x140000000

GC Precious Log:
 CPUs: 16 total, 16 available
 Memory: 14188M
 Large Page Support: Disabled
 NUMA Support: Disabled
 Compressed Oops: Enabled (32-bit)
 Heap Region Size: 1M
 Heap Min Capacity: 8M
 Heap Initial Capacity: 222M
 Heap Max Capacity: 2G
 Pre-touch: Disabled
 Parallel Workers: 13
 Concurrent Workers: 3
 Concurrent Refinement Workers: 13
 Periodic GC: Disabled

Heap:
 garbage-first heap   total 171008K, used 69321K [0x0000000080000000, 0x0000000100000000)
  region size 1024K, 43 young (44032K), 2 survivors (2048K)
 Metaspace       used 47261K, committed 47680K, reserved 1114112K
  class space    used 6455K, committed 6656K, reserved 1048576K

Heap Regions: E=young(eden), S=young(survivor), O=old, HS=humongous(starts), HC=humongous(continues), CS=collection set, F=free, OA=open archive, CA=closed archive, TAMS=top-at-mark-start (previous, next)
|   0|0x0000000080000000, 0x0000000080100000, 0x0000000080100000|100%|HS|  |TAMS 0x0000000080100000, 0x0000000080000000| Complete 
|   1|0x0000000080100000, 0x0000000080200000, 0x0000000080200000|100%|HC|  |TAMS 0x0000000080200000, 0x0000000080100000| Complete 
|   2|0x0000000080200000, 0x0000000080300000, 0x0000000080300000|100%|HC|  |TAMS 0x0000000080300000, 0x0000000080200000| Complete 
|   3|0x0000000080300000, 0x0000000080400000, 0x0000000080400000|100%|HC|  |TAMS 0x0000000080400000, 0x0000000080300000| Complete 
|   4|0x0000000080400000, 0x0000000080500000, 0x0000000080500000|100%| O|  |TAMS 0x0000000080500000, 0x0000000080400000| Untracked 
|   5|0x0000000080500000, 0x0000000080600000, 0x0000000080600000|100%| O|  |TAMS 0x0000000080600000, 0x0000000080500000| Untracked 
|   6|0x0000000080600000, 0x0000000080700000, 0x0000000080700000|100%| O|  |TAMS 0x0000000080700000, 0x0000000080600000| Untracked 
|   7|0x0000000080700000, 0x0000000080800000, 0x0000000080800000|100%| O|  |TAMS 0x0000000080800000, 0x0000000080700000| Untracked 
|   8|0x0000000080800000, 0x0000000080900000, 0x0000000080900000|100%| O|  |TAMS 0x0000000080900000, 0x0000000080800000| Untracked 
|   9|0x0000000080900000, 0x0000000080a00000, 0x0000000080a00000|100%| O|  |TAMS 0x0000000080a00000, 0x0000000080900000| Untracked 
|  10|0x0000000080a00000, 0x0000000080b00000, 0x0000000080b00000|100%| O|  |TAMS 0x0000000080a00000, 0x0000000080a00000| Untracked 
|  11|0x0000000080b00000, 0x0000000080c00000, 0x0000000080c00000|100%| O|  |TAMS 0x0000000080c00000, 0x0000000080b00000| Untracked 
|  12|0x0000000080c00000, 0x0000000080d00000, 0x0000000080d00000|100%| O|  |TAMS 0x0000000080d00000, 0x0000000080c00000| Untracked 
|  13|0x0000000080d00000, 0x0000000080e00000, 0x0000000080e00000|100%| O|  |TAMS 0x0000000080e00000, 0x0000000080d00000| Untracked 
|  14|0x0000000080e00000, 0x0000000080f00000, 0x0000000080f00000|100%| O|  |TAMS 0x0000000080f00000, 0x0000000080e00000| Untracked 
|  15|0x0000000080f00000, 0x0000000081000000, 0x0000000081000000|100%| O|  |TAMS 0x0000000081000000, 0x0000000080f00000| Untracked 
|  16|0x0000000081000000, 0x0000000081100000, 0x0000000081100000|100%| O|  |TAMS 0x0000000081100000, 0x0000000081000000| Untracked 
|  17|0x0000000081100000, 0x0000000081200000, 0x0000000081200000|100%| O|  |TAMS 0x0000000081200000, 0x0000000081100000| Untracked 
|  18|0x0000000081200000, 0x0000000081300000, 0x0000000081300000|100%| O|  |TAMS 0x0000000081300000, 0x0000000081200000| Untracked 
|  19|0x0000000081300000, 0x0000000081400000, 0x0000000081400000|100%| O|  |TAMS 0x0000000081400000, 0x0000000081300000| Untracked 
|  20|0x0000000081400000, 0x0000000081400000, 0x0000000081500000|  0%| F|  |TAMS 0x0000000081400000, 0x0000000081400000| Untracked 
|  21|0x0000000081500000, 0x0000000081600000, 0x0000000081600000|100%| O|  |TAMS 0x0000000081500000, 0x0000000081500000| Untracked 
|  22|0x0000000081600000, 0x0000000081700000, 0x0000000081700000|100%| O|  |TAMS 0x0000000081600000, 0x0000000081600000| Untracked 
|  23|0x0000000081700000, 0x0000000081800000, 0x0000000081800000|100%| O|  |TAMS 0x0000000081700000, 0x0000000081700000| Untracked 
|  24|0x0000000081800000, 0x0000000081900000, 0x0000000081900000|100%| O|  |TAMS 0x0000000081800000, 0x0000000081800000| Untracked 
|  25|0x0000000081900000, 0x0000000081a00000, 0x0000000081a00000|100%| O|  |TAMS 0x0000000081900000, 0x0000000081900000| Untracked 
|  26|0x0000000081a00000, 0x0000000081b00000, 0x0000000081b00000|100%| O|  |TAMS 0x0000000081a00000, 0x0000000081a00000| Untracked 
|  27|0x0000000081b00000, 0x0000000081c00000, 0x0000000081c00000|100%| O|  |TAMS 0x0000000081b00000, 0x0000000081b00000| Untracked 
|  28|0x0000000081c00000, 0x0000000081c24600, 0x0000000081d00000| 14%| O|  |TAMS 0x0000000081c00000, 0x0000000081c00000| Untracked 
|  29|0x0000000081d00000, 0x0000000081d00000, 0x0000000081e00000|  0%| F|  |TAMS 0x0000000081d00000, 0x0000000081d00000| Untracked 
|  30|0x0000000081e00000, 0x0000000081e00000, 0x0000000081f00000|  0%| F|  |TAMS 0x0000000081e00000, 0x0000000081e00000| Untracked 
|  31|0x0000000081f00000, 0x0000000081f00000, 0x0000000082000000|  0%| F|  |TAMS 0x0000000081f00000, 0x0000000081f00000| Untracked 
|  32|0x0000000082000000, 0x0000000082000000, 0x0000000082100000|  0%| F|  |TAMS 0x0000000082000000, 0x0000000082000000| Untracked 
|  33|0x0000000082100000, 0x0000000082100000, 0x0000000082200000|  0%| F|  |TAMS 0x0000000082100000, 0x0000000082100000| Untracked 
|  34|0x0000000082200000, 0x0000000082200000, 0x0000000082300000|  0%| F|  |TAMS 0x0000000082200000, 0x0000000082200000| Untracked 
|  35|0x0000000082300000, 0x0000000082300000, 0x0000000082400000|  0%| F|  |TAMS 0x0000000082300000, 0x0000000082300000| Untracked 
|  36|0x0000000082400000, 0x0000000082400000, 0x0000000082500000|  0%| F|  |TAMS 0x0000000082400000, 0x0000000082400000| Untracked 
|  37|0x0000000082500000, 0x0000000082500000, 0x0000000082600000|  0%| F|  |TAMS 0x0000000082500000, 0x0000000082500000| Untracked 
|  38|0x0000000082600000, 0x0000000082600000, 0x0000000082700000|  0%| F|  |TAMS 0x0000000082600000, 0x0000000082600000| Untracked 
|  39|0x0000000082700000, 0x0000000082700000, 0x0000000082800000|  0%| F|  |TAMS 0x0000000082700000, 0x0000000082700000| Untracked 
|  40|0x0000000082800000, 0x0000000082800000, 0x0000000082900000|  0%| F|  |TAMS 0x0000000082800000, 0x0000000082800000| Untracked 
|  41|0x0000000082900000, 0x000000008298dfa0, 0x0000000082a00000| 55%| S|CS|TAMS 0x0000000082900000, 0x0000000082900000| Complete 
|  42|0x0000000082a00000, 0x0000000082b00000, 0x0000000082b00000|100%| S|CS|TAMS 0x0000000082a00000, 0x0000000082a00000| Complete 
|  43|0x0000000082b00000, 0x0000000082b00000, 0x0000000082c00000|  0%| F|  |TAMS 0x0000000082b00000, 0x0000000082b00000| Untracked 
|  44|0x0000000082c00000, 0x0000000082c00000, 0x0000000082d00000|  0%| F|  |TAMS 0x0000000082c00000, 0x0000000082c00000| Untracked 
|  45|0x0000000082d00000, 0x0000000082d00000, 0x0000000082e00000|  0%| F|  |TAMS 0x0000000082d00000, 0x0000000082d00000| Untracked 
|  46|0x0000000082e00000, 0x0000000082e00000, 0x0000000082f00000|  0%| F|  |TAMS 0x0000000082e00000, 0x0000000082e00000| Untracked 
|  47|0x0000000082f00000, 0x0000000082f00000, 0x0000000083000000|  0%| F|  |TAMS 0x0000000082f00000, 0x0000000082f00000| Untracked 
|  48|0x0000000083000000, 0x0000000083000000, 0x0000000083100000|  0%| F|  |TAMS 0x0000000083000000, 0x0000000083000000| Untracked 
|  49|0x0000000083100000, 0x0000000083100000, 0x0000000083200000|  0%| F|  |TAMS 0x0000000083100000, 0x0000000083100000| Untracked 
|  50|0x0000000083200000, 0x0000000083200000, 0x0000000083300000|  0%| F|  |TAMS 0x0000000083200000, 0x0000000083200000| Untracked 
|  51|0x0000000083300000, 0x0000000083300000, 0x0000000083400000|  0%| F|  |TAMS 0x0000000083300000, 0x0000000083300000| Untracked 
|  52|0x0000000083400000, 0x0000000083400000, 0x0000000083500000|  0%| F|  |TAMS 0x0000000083400000, 0x0000000083400000| Untracked 
|  53|0x0000000083500000, 0x0000000083500000, 0x0000000083600000|  0%| F|  |TAMS 0x0000000083500000, 0x0000000083500000| Untracked 
|  54|0x0000000083600000, 0x0000000083600000, 0x0000000083700000|  0%| F|  |TAMS 0x0000000083600000, 0x0000000083600000| Untracked 
|  55|0x0000000083700000, 0x0000000083700000, 0x0000000083800000|  0%| F|  |TAMS 0x0000000083700000, 0x0000000083700000| Untracked 
|  56|0x0000000083800000, 0x0000000083800000, 0x0000000083900000|  0%| F|  |TAMS 0x0000000083800000, 0x0000000083800000| Untracked 
|  57|0x0000000083900000, 0x0000000083900000, 0x0000000083a00000|  0%| F|  |TAMS 0x0000000083900000, 0x0000000083900000| Untracked 
|  58|0x0000000083a00000, 0x0000000083a00000, 0x0000000083b00000|  0%| F|  |TAMS 0x0000000083a00000, 0x0000000083a00000| Untracked 
|  59|0x0000000083b00000, 0x0000000083b00000, 0x0000000083c00000|  0%| F|  |TAMS 0x0000000083b00000, 0x0000000083b00000| Untracked 
|  60|0x0000000083c00000, 0x0000000083c00000, 0x0000000083d00000|  0%| F|  |TAMS 0x0000000083c00000, 0x0000000083c00000| Untracked 
|  61|0x0000000083d00000, 0x0000000083d00000, 0x0000000083e00000|  0%| F|  |TAMS 0x0000000083d00000, 0x0000000083d00000| Untracked 
|  62|0x0000000083e00000, 0x0000000083e00000, 0x0000000083f00000|  0%| F|  |TAMS 0x0000000083e00000, 0x0000000083e00000| Untracked 
|  63|0x0000000083f00000, 0x0000000083f00000, 0x0000000084000000|  0%| F|  |TAMS 0x0000000083f00000, 0x0000000083f00000| Untracked 
|  64|0x0000000084000000, 0x0000000084000000, 0x0000000084100000|  0%| F|  |TAMS 0x0000000084000000, 0x0000000084000000| Untracked 
|  65|0x0000000084100000, 0x0000000084100000, 0x0000000084200000|  0%| F|  |TAMS 0x0000000084100000, 0x0000000084100000| Untracked 
|  66|0x0000000084200000, 0x0000000084200000, 0x0000000084300000|  0%| F|  |TAMS 0x0000000084200000, 0x0000000084200000| Untracked 
|  67|0x0000000084300000, 0x0000000084300000, 0x0000000084400000|  0%| F|  |TAMS 0x0000000084300000, 0x0000000084300000| Untracked 
|  68|0x0000000084400000, 0x0000000084400000, 0x0000000084500000|  0%| F|  |TAMS 0x0000000084400000, 0x0000000084400000| Untracked 
|  69|0x0000000084500000, 0x0000000084500000, 0x0000000084600000|  0%| F|  |TAMS 0x0000000084500000, 0x0000000084500000| Untracked 
|  70|0x0000000084600000, 0x0000000084600000, 0x0000000084700000|  0%| F|  |TAMS 0x0000000084600000, 0x0000000084600000| Untracked 
|  71|0x0000000084700000, 0x0000000084700000, 0x0000000084800000|  0%| F|  |TAMS 0x0000000084700000, 0x0000000084700000| Untracked 
|  72|0x0000000084800000, 0x0000000084800000, 0x0000000084900000|  0%| F|  |TAMS 0x0000000084800000, 0x0000000084800000| Untracked 
|  73|0x0000000084900000, 0x0000000084900000, 0x0000000084a00000|  0%| F|  |TAMS 0x0000000084900000, 0x0000000084900000| Untracked 
|  74|0x0000000084a00000, 0x0000000084a00000, 0x0000000084b00000|  0%| F|  |TAMS 0x0000000084a00000, 0x0000000084a00000| Untracked 
|  75|0x0000000084b00000, 0x0000000084b00000, 0x0000000084c00000|  0%| F|  |TAMS 0x0000000084b00000, 0x0000000084b00000| Untracked 
|  76|0x0000000084c00000, 0x0000000084c00000, 0x0000000084d00000|  0%| F|  |TAMS 0x0000000084c00000, 0x0000000084c00000| Untracked 
|  77|0x0000000084d00000, 0x0000000084d00000, 0x0000000084e00000|  0%| F|  |TAMS 0x0000000084d00000, 0x0000000084d00000| Untracked 
|  78|0x0000000084e00000, 0x0000000084e00000, 0x0000000084f00000|  0%| F|  |TAMS 0x0000000084e00000, 0x0000000084e00000| Untracked 
|  79|0x0000000084f00000, 0x0000000084f00000, 0x0000000085000000|  0%| F|  |TAMS 0x0000000084f00000, 0x0000000084f00000| Untracked 
|  80|0x0000000085000000, 0x0000000085000000, 0x0000000085100000|  0%| F|  |TAMS 0x0000000085000000, 0x0000000085000000| Untracked 
|  81|0x0000000085100000, 0x0000000085100000, 0x0000000085200000|  0%| F|  |TAMS 0x0000000085100000, 0x0000000085100000| Untracked 
|  82|0x0000000085200000, 0x0000000085200000, 0x0000000085300000|  0%| F|  |TAMS 0x0000000085200000, 0x0000000085200000| Untracked 
|  83|0x0000000085300000, 0x0000000085300000, 0x0000000085400000|  0%| F|  |TAMS 0x0000000085300000, 0x0000000085300000| Untracked 
|  84|0x0000000085400000, 0x0000000085400000, 0x0000000085500000|  0%| F|  |TAMS 0x0000000085400000, 0x0000000085400000| Untracked 
|  85|0x0000000085500000, 0x0000000085500000, 0x0000000085600000|  0%| F|  |TAMS 0x0000000085500000, 0x0000000085500000| Untracked 
|  86|0x0000000085600000, 0x0000000085600000, 0x0000000085700000|  0%| F|  |TAMS 0x0000000085600000, 0x0000000085600000| Untracked 
|  87|0x0000000085700000, 0x0000000085700000, 0x0000000085800000|  0%| F|  |TAMS 0x0000000085700000, 0x0000000085700000| Untracked 
|  88|0x0000000085800000, 0x0000000085800000, 0x0000000085900000|  0%| F|  |TAMS 0x0000000085800000, 0x0000000085800000| Untracked 
|  89|0x0000000085900000, 0x0000000085900000, 0x0000000085a00000|  0%| F|  |TAMS 0x0000000085900000, 0x0000000085900000| Untracked 
|  90|0x0000000085a00000, 0x0000000085a00000, 0x0000000085b00000|  0%| F|  |TAMS 0x0000000085a00000, 0x0000000085a00000| Untracked 
|  91|0x0000000085b00000, 0x0000000085b00000, 0x0000000085c00000|  0%| F|  |TAMS 0x0000000085b00000, 0x0000000085b00000| Untracked 
|  92|0x0000000085c00000, 0x0000000085c00000, 0x0000000085d00000|  0%| F|  |TAMS 0x0000000085c00000, 0x0000000085c00000| Untracked 
|  93|0x0000000085d00000, 0x0000000085d00000, 0x0000000085e00000|  0%| F|  |TAMS 0x0000000085d00000, 0x0000000085d00000| Untracked 
|  94|0x0000000085e00000, 0x0000000085e00000, 0x0000000085f00000|  0%| F|  |TAMS 0x0000000085e00000, 0x0000000085e00000| Untracked 
|  95|0x0000000085f00000, 0x0000000085f00000, 0x0000000086000000|  0%| F|  |TAMS 0x0000000085f00000, 0x0000000085f00000| Untracked 
|  96|0x0000000086000000, 0x0000000086000000, 0x0000000086100000|  0%| F|  |TAMS 0x0000000086000000, 0x0000000086000000| Untracked 
|  97|0x0000000086100000, 0x0000000086100000, 0x0000000086200000|  0%| F|  |TAMS 0x0000000086100000, 0x0000000086100000| Untracked 
|  98|0x0000000086200000, 0x0000000086200000, 0x0000000086300000|  0%| F|  |TAMS 0x0000000086200000, 0x0000000086200000| Untracked 
|  99|0x0000000086300000, 0x0000000086300000, 0x0000000086400000|  0%| F|  |TAMS 0x0000000086300000, 0x0000000086300000| Untracked 
| 100|0x0000000086400000, 0x0000000086400000, 0x0000000086500000|  0%| F|  |TAMS 0x0000000086400000, 0x0000000086400000| Untracked 
| 101|0x0000000086500000, 0x0000000086500000, 0x0000000086600000|  0%| F|  |TAMS 0x0000000086500000, 0x0000000086500000| Untracked 
| 102|0x0000000086600000, 0x0000000086600000, 0x0000000086700000|  0%| F|  |TAMS 0x0000000086600000, 0x0000000086600000| Untracked 
| 103|0x0000000086700000, 0x0000000086700000, 0x0000000086800000|  0%| F|  |TAMS 0x0000000086700000, 0x0000000086700000| Untracked 
| 104|0x0000000086800000, 0x0000000086800000, 0x0000000086900000|  0%| F|  |TAMS 0x0000000086800000, 0x0000000086800000| Untracked 
| 105|0x0000000086900000, 0x0000000086900000, 0x0000000086a00000|  0%| F|  |TAMS 0x0000000086900000, 0x0000000086900000| Untracked 
| 106|0x0000000086a00000, 0x0000000086a00000, 0x0000000086b00000|  0%| F|  |TAMS 0x0000000086a00000, 0x0000000086a00000| Untracked 
| 107|0x0000000086b00000, 0x0000000086b00000, 0x0000000086c00000|  0%| F|  |TAMS 0x0000000086b00000, 0x0000000086b00000| Untracked 
| 108|0x0000000086c00000, 0x0000000086c00000, 0x0000000086d00000|  0%| F|  |TAMS 0x0000000086c00000, 0x0000000086c00000| Untracked 
| 109|0x0000000086d00000, 0x0000000086d00000, 0x0000000086e00000|  0%| F|  |TAMS 0x0000000086d00000, 0x0000000086d00000| Untracked 
| 110|0x0000000086e00000, 0x0000000086e00000, 0x0000000086f00000|  0%| F|  |TAMS 0x0000000086e00000, 0x0000000086e00000| Untracked 
| 111|0x0000000086f00000, 0x0000000086f00000, 0x0000000087000000|  0%| F|  |TAMS 0x0000000086f00000, 0x0000000086f00000| Untracked 
| 112|0x0000000087000000, 0x0000000087000000, 0x0000000087100000|  0%| F|  |TAMS 0x0000000087000000, 0x0000000087000000| Untracked 
| 113|0x0000000087100000, 0x0000000087100000, 0x0000000087200000|  0%| F|  |TAMS 0x0000000087100000, 0x0000000087100000| Untracked 
| 114|0x0000000087200000, 0x0000000087200000, 0x0000000087300000|  0%| F|  |TAMS 0x0000000087200000, 0x0000000087200000| Untracked 
| 115|0x0000000087300000, 0x0000000087300000, 0x0000000087400000|  0%| F|  |TAMS 0x0000000087300000, 0x0000000087300000| Untracked 
| 116|0x0000000087400000, 0x0000000087400000, 0x0000000087500000|  0%| F|  |TAMS 0x0000000087400000, 0x0000000087400000| Untracked 
| 117|0x0000000087500000, 0x0000000087500000, 0x0000000087600000|  0%| F|  |TAMS 0x0000000087500000, 0x0000000087500000| Untracked 
| 118|0x0000000087600000, 0x0000000087600000, 0x0000000087700000|  0%| F|  |TAMS 0x0000000087600000, 0x0000000087600000| Untracked 
| 119|0x0000000087700000, 0x0000000087700000, 0x0000000087800000|  0%| F|  |TAMS 0x0000000087700000, 0x0000000087700000| Untracked 
| 120|0x0000000087800000, 0x0000000087800000, 0x0000000087900000|  0%| F|  |TAMS 0x0000000087800000, 0x0000000087800000| Untracked 
| 121|0x0000000087900000, 0x0000000087900000, 0x0000000087a00000|  0%| F|  |TAMS 0x0000000087900000, 0x0000000087900000| Untracked 
| 122|0x0000000087a00000, 0x0000000087a00000, 0x0000000087b00000|  0%| F|  |TAMS 0x0000000087a00000, 0x0000000087a00000| Untracked 
| 123|0x0000000087b00000, 0x0000000087b00000, 0x0000000087c00000|  0%| F|  |TAMS 0x0000000087b00000, 0x0000000087b00000| Untracked 
| 124|0x0000000087c00000, 0x0000000087c00000, 0x0000000087d00000|  0%| F|  |TAMS 0x0000000087c00000, 0x0000000087c00000| Untracked 
| 125|0x0000000087d00000, 0x0000000087d00000, 0x0000000087e00000|  0%| F|  |TAMS 0x0000000087d00000, 0x0000000087d00000| Untracked 
| 126|0x0000000087e00000, 0x0000000087f00000, 0x0000000087f00000|100%| E|  |TAMS 0x0000000087e00000, 0x0000000087e00000| Complete 
| 127|0x0000000087f00000, 0x0000000088000000, 0x0000000088000000|100%| E|CS|TAMS 0x0000000087f00000, 0x0000000087f00000| Complete 
| 128|0x0000000088000000, 0x0000000088100000, 0x0000000088100000|100%| E|CS|TAMS 0x0000000088000000, 0x0000000088000000| Complete 
| 129|0x0000000088100000, 0x0000000088200000, 0x0000000088200000|100%| E|CS|TAMS 0x0000000088100000, 0x0000000088100000| Complete 
| 130|0x0000000088200000, 0x0000000088300000, 0x0000000088300000|100%| E|CS|TAMS 0x0000000088200000, 0x0000000088200000| Complete 
| 131|0x0000000088300000, 0x0000000088400000, 0x0000000088400000|100%| E|CS|TAMS 0x0000000088300000, 0x0000000088300000| Complete 
| 132|0x0000000088400000, 0x0000000088500000, 0x0000000088500000|100%| E|CS|TAMS 0x0000000088400000, 0x0000000088400000| Complete 
| 133|0x0000000088500000, 0x0000000088600000, 0x0000000088600000|100%| E|CS|TAMS 0x0000000088500000, 0x0000000088500000| Complete 
| 134|0x0000000088600000, 0x0000000088700000, 0x0000000088700000|100%| E|  |TAMS 0x0000000088600000, 0x0000000088600000| Complete 
| 135|0x0000000088700000, 0x0000000088800000, 0x0000000088800000|100%| E|CS|TAMS 0x0000000088700000, 0x0000000088700000| Complete 
| 136|0x0000000088800000, 0x0000000088900000, 0x0000000088900000|100%| E|CS|TAMS 0x0000000088800000, 0x0000000088800000| Complete 
| 137|0x0000000088900000, 0x0000000088a00000, 0x0000000088a00000|100%| E|CS|TAMS 0x0000000088900000, 0x0000000088900000| Complete 
| 138|0x0000000088a00000, 0x0000000088b00000, 0x0000000088b00000|100%| E|CS|TAMS 0x0000000088a00000, 0x0000000088a00000| Complete 
| 139|0x0000000088b00000, 0x0000000088c00000, 0x0000000088c00000|100%| E|CS|TAMS 0x0000000088b00000, 0x0000000088b00000| Complete 
| 140|0x0000000088c00000, 0x0000000088d00000, 0x0000000088d00000|100%| E|CS|TAMS 0x0000000088c00000, 0x0000000088c00000| Complete 
| 141|0x0000000088d00000, 0x0000000088e00000, 0x0000000088e00000|100%| E|CS|TAMS 0x0000000088d00000, 0x0000000088d00000| Complete 
| 142|0x0000000088e00000, 0x0000000088f00000, 0x0000000088f00000|100%| E|CS|TAMS 0x0000000088e00000, 0x0000000088e00000| Complete 
| 143|0x0000000088f00000, 0x0000000089000000, 0x0000000089000000|100%| E|CS|TAMS 0x0000000088f00000, 0x0000000088f00000| Complete 
| 144|0x0000000089000000, 0x0000000089100000, 0x0000000089100000|100%| E|CS|TAMS 0x0000000089000000, 0x0000000089000000| Complete 
| 145|0x0000000089100000, 0x0000000089200000, 0x0000000089200000|100%| E|CS|TAMS 0x0000000089100000, 0x0000000089100000| Complete 
| 146|0x0000000089200000, 0x0000000089300000, 0x0000000089300000|100%| E|CS|TAMS 0x0000000089200000, 0x0000000089200000| Complete 
| 147|0x0000000089300000, 0x0000000089400000, 0x0000000089400000|100%| E|CS|TAMS 0x0000000089300000, 0x0000000089300000| Complete 
| 148|0x0000000089400000, 0x0000000089500000, 0x0000000089500000|100%| E|CS|TAMS 0x0000000089400000, 0x0000000089400000| Complete 
| 149|0x0000000089500000, 0x0000000089600000, 0x0000000089600000|100%| E|CS|TAMS 0x0000000089500000, 0x0000000089500000| Complete 
| 150|0x0000000089600000, 0x0000000089700000, 0x0000000089700000|100%| E|CS|TAMS 0x0000000089600000, 0x0000000089600000| Complete 
| 151|0x0000000089700000, 0x0000000089800000, 0x0000000089800000|100%| E|CS|TAMS 0x0000000089700000, 0x0000000089700000| Complete 
| 152|0x0000000089800000, 0x0000000089900000, 0x0000000089900000|100%| E|CS|TAMS 0x0000000089800000, 0x0000000089800000| Complete 
| 153|0x0000000089900000, 0x0000000089a00000, 0x0000000089a00000|100%| E|CS|TAMS 0x0000000089900000, 0x0000000089900000| Complete 
| 154|0x0000000089a00000, 0x0000000089b00000, 0x0000000089b00000|100%| E|CS|TAMS 0x0000000089a00000, 0x0000000089a00000| Complete 
| 155|0x0000000089b00000, 0x0000000089c00000, 0x0000000089c00000|100%| E|CS|TAMS 0x0000000089b00000, 0x0000000089b00000| Complete 
| 156|0x0000000089c00000, 0x0000000089d00000, 0x0000000089d00000|100%| E|CS|TAMS 0x0000000089c00000, 0x0000000089c00000| Complete 
| 162|0x000000008a200000, 0x000000008a300000, 0x000000008a300000|100%| E|CS|TAMS 0x000000008a200000, 0x000000008a200000| Complete 
| 163|0x000000008a300000, 0x000000008a400000, 0x000000008a400000|100%| E|CS|TAMS 0x000000008a300000, 0x000000008a300000| Complete 
| 164|0x000000008a400000, 0x000000008a500000, 0x000000008a500000|100%| E|CS|TAMS 0x000000008a400000, 0x000000008a400000| Complete 
| 165|0x000000008a500000, 0x000000008a600000, 0x000000008a600000|100%| E|CS|TAMS 0x000000008a500000, 0x000000008a500000| Complete 
| 166|0x000000008a600000, 0x000000008a700000, 0x000000008a700000|100%| E|CS|TAMS 0x000000008a600000, 0x000000008a600000| Complete 
| 167|0x000000008a700000, 0x000000008a800000, 0x000000008a800000|100%| E|CS|TAMS 0x000000008a700000, 0x000000008a700000| Complete 
| 168|0x000000008a800000, 0x000000008a900000, 0x000000008a900000|100%| E|CS|TAMS 0x000000008a800000, 0x000000008a800000| Complete 
| 169|0x000000008a900000, 0x000000008aa00000, 0x000000008aa00000|100%| E|CS|TAMS 0x000000008a900000, 0x000000008a900000| Complete 
| 170|0x000000008aa00000, 0x000000008ab00000, 0x000000008ab00000|100%| E|CS|TAMS 0x000000008aa00000, 0x000000008aa00000| Complete 
| 221|0x000000008dd00000, 0x000000008de00000, 0x000000008de00000|100%| E|CS|TAMS 0x000000008dd00000, 0x000000008dd00000| Complete 

Card table byte_map: [0x000001ab53ec0000,0x000001ab542c0000] _byte_map_base: 0x000001ab53ac0000

Marking Bits (Prev, Next): (CMBitMap*) 0x000001ab40dc96c0, (CMBitMap*) 0x000001ab40dc9700
 Prev Bits: [0x000001ab546c0000, 0x000001ab566c0000)
 Next Bits: [0x000001ab566c0000, 0x000001ab586c0000)

Polling page: 0x000001ab40520000

Metaspace:

Usage:
  Non-class:     39.88 MB used.
      Class:      6.31 MB used.
       Both:     46.18 MB used.

Virtual space:
  Non-class space:       64.00 MB reserved,      40.12 MB ( 63%) committed,  1 nodes.
      Class space:        1.00 GB reserved,       6.50 MB ( <1%) committed,  1 nodes.
             Both:        1.06 GB reserved,      46.62 MB (  4%) committed. 

Chunk freelists:
   Non-Class:  7.28 MB
       Class:  9.45 MB
        Both:  16.73 MB

MaxMetaspaceSize: unlimited
CompressedClassSpaceSize: 1.00 GB
Initial GC threshold: 21.00 MB
Current GC threshold: 58.75 MB
CDS: off
MetaspaceReclaimPolicy: balanced
 - commit_granule_bytes: 65536.
 - commit_granule_words: 8192.
 - virtual_space_node_default_size: 8388608.
 - enlarge_chunks_in_place: 1.
 - new_chunks_are_fully_committed: 0.
 - uncommit_free_chunks: 1.
 - use_allocation_guard: 0.
 - handle_deallocations: 1.


Internal statistics:

num_allocs_failed_limit: 6.
num_arena_births: 464.
num_arena_deaths: 0.
num_vsnodes_births: 2.
num_vsnodes_deaths: 0.
num_space_committed: 746.
num_space_uncommitted: 0.
num_chunks_returned_to_freelist: 6.
num_chunks_taken_from_freelist: 1930.
num_chunk_merges: 6.
num_chunk_splits: 1254.
num_chunks_enlarged: 865.
num_inconsistent_stats: 0.

CodeHeap 'non-profiled nmethods': size=119168Kb used=2751Kb max_used=2751Kb free=116416Kb
 bounds [0x000001ab4bde0000, 0x000001ab4c090000, 0x000001ab53240000]
CodeHeap 'profiled nmethods': size=119104Kb used=9117Kb max_used=9117Kb free=109986Kb
 bounds [0x000001ab44240000, 0x000001ab44b30000, 0x000001ab4b690000]
CodeHeap 'non-nmethods': size=7488Kb used=3293Kb max_used=3402Kb free=4194Kb
 bounds [0x000001ab4b690000, 0x000001ab4b9f0000, 0x000001ab4bde0000]
 total_blobs=5067 nmethods=4393 adapters=582
 compilation: enabled
              stopped_count=0, restarted_count=0
 full_count=0

Compilation events (20 events):
Event: 4.580 Thread 0x000001ab6233d220 4386       4       org.objectweb.asm.SymbolTable::addConstantUtf8Reference (101 bytes)
Event: 4.582 Thread 0x000001ab5bc74b50 4387       4       jdk.internal.org.objectweb.asm.ClassReader::readUtf (161 bytes)
Event: 4.583 Thread 0x000001ab5badc040 4388       3       org.gradle.internal.service.DefaultServiceRegistry$OwnServices::getAll (46 bytes)
Event: 4.583 Thread 0x000001ab5badc040 nmethod 4388 0x000001ab44b20510 code [0x000001ab44b20740, 0x000001ab44b21008]
Event: 4.583 Thread 0x000001ab5badc040 4389       3       org.gradle.internal.instantiation.generator.AbstractClassGenerator$GeneratedClassImpl$GeneratedConstructorImpl::getParameterTypes (8 bytes)
Event: 4.583 Thread 0x000001ab5badc040 nmethod 4389 0x000001ab44b21290 code [0x000001ab44b21440, 0x000001ab44b21748]
Event: 4.588 Thread 0x000001ab5b941740 4390       3       java.net.URI::match (56 bytes)
Event: 4.589 Thread 0x000001ab5b941740 nmethod 4390 0x000001ab44b21890 code [0x000001ab44b21a40, 0x000001ab44b21d38]
Event: 4.590 Thread 0x000001ab5bc74b50 nmethod 4387 0x000001ab4c08b890 code [0x000001ab4c08ba20, 0x000001ab4c08c198]
Event: 4.591 Thread 0x000001ab5b748200 4391       3       org.gradle.internal.event.AbstractBroadcastDispatch::dispatch (65 bytes)
Event: 4.591 Thread 0x000001ab5b748200 nmethod 4391 0x000001ab44b21e10 code [0x000001ab44b22020, 0x000001ab44b22648]
Event: 4.592 Thread 0x000001ab5b748200 4392       3       java.security.MessageDigest::digest (12 bytes)
Event: 4.592 Thread 0x000001ab61533810 4393       3       java.security.MessageDigest$Delegate::engineDigest (8 bytes)
Event: 4.592 Thread 0x000001ab5badc040 4394   !   3       sun.security.provider.DigestBase::engineDigest (39 bytes)
Event: 4.592 Thread 0x000001ab61533810 nmethod 4393 0x000001ab44b22790 code [0x000001ab44b22940, 0x000001ab44b22b08]
Event: 4.592 Thread 0x000001ab5b748200 nmethod 4392 0x000001ab44b22c10 code [0x000001ab44b22dc0, 0x000001ab44b23088]
Event: 4.592 Thread 0x000001ab5badc040 nmethod 4394 0x000001ab44b23190 code [0x000001ab44b23360, 0x000001ab44b23808]
Event: 4.601 Thread 0x000001ab6233ecb0 4395       4       java.net.URLStreamHandler::setURL (73 bytes)
Event: 4.602 Thread 0x000001ab6233dcc0 4396   !   4       java.net.URL::set (114 bytes)
Event: 4.602 Thread 0x000001ab6233d220 nmethod 4386 0x000001ab4c08c510 code [0x000001ab4c08c700, 0x000001ab4c08d628]

GC Heap History (20 events):
Event: 1.017 GC heap before
{Heap before GC invocations=1 (full 0):
 garbage-first heap   total 227328K, used 39120K [0x0000000080000000, 0x0000000100000000)
  region size 1024K, 31 young (31744K), 3 survivors (3072K)
 Metaspace       used 11511K, committed 11712K, reserved 1114112K
  class space    used 1197K, committed 1280K, reserved 1048576K
}
Event: 1.020 GC heap after
{Heap after GC invocations=2 (full 0):
 garbage-first heap   total 227328K, used 11246K [0x0000000080000000, 0x0000000100000000)
  region size 1024K, 1 young (1024K), 1 survivors (1024K)
 Metaspace       used 11511K, committed 11712K, reserved 1114112K
  class space    used 1197K, committed 1280K, reserved 1048576K
}
Event: 1.907 GC heap before
{Heap before GC invocations=2 (full 0):
 garbage-first heap   total 227328K, used 62446K [0x0000000080000000, 0x0000000100000000)
  region size 1024K, 51 young (52224K), 1 survivors (1024K)
 Metaspace       used 21293K, committed 21504K, reserved 1114112K
  class space    used 2496K, committed 2624K, reserved 1048576K
}
Event: 1.911 GC heap after
{Heap after GC invocations=3 (full 0):
 garbage-first heap   total 227328K, used 19257K [0x0000000080000000, 0x0000000100000000)
  region size 1024K, 9 young (9216K), 9 survivors (9216K)
 Metaspace       used 21293K, committed 21504K, reserved 1114112K
  class space    used 2496K, committed 2624K, reserved 1048576K
}
Event: 2.366 GC heap before
{Heap before GC invocations=4 (full 0):
 garbage-first heap   total 71680K, used 52025K [0x0000000080000000, 0x0000000100000000)
  region size 1024K, 42 young (43008K), 9 survivors (9216K)
 Metaspace       used 26249K, committed 26496K, reserved 1114112K
  class space    used 3343K, committed 3456K, reserved 1048576K
}
Event: 2.370 GC heap after
{Heap after GC invocations=5 (full 0):
 garbage-first heap   total 71680K, used 20283K [0x0000000080000000, 0x0000000100000000)
  region size 1024K, 2 young (2048K), 2 survivors (2048K)
 Metaspace       used 26249K, committed 26496K, reserved 1114112K
  class space    used 3343K, committed 3456K, reserved 1048576K
}
Event: 2.388 GC heap before
{Heap before GC invocations=5 (full 0):
 garbage-first heap   total 71680K, used 21307K [0x0000000080000000, 0x0000000100000000)
  region size 1024K, 3 young (3072K), 2 survivors (2048K)
 Metaspace       used 26370K, committed 26624K, reserved 1114112K
  class space    used 3368K, committed 3456K, reserved 1048576K
}
Event: 2.390 GC heap after
{Heap after GC invocations=6 (full 0):
 garbage-first heap   total 71680K, used 20700K [0x0000000080000000, 0x0000000100000000)
  region size 1024K, 1 young (1024K), 1 survivors (1024K)
 Metaspace       used 26370K, committed 26624K, reserved 1114112K
  class space    used 3368K, committed 3456K, reserved 1048576K
}
Event: 2.842 GC heap before
{Heap before GC invocations=6 (full 0):
 garbage-first heap   total 71680K, used 50396K [0x0000000080000000, 0x0000000100000000)
  region size 1024K, 30 young (30720K), 1 survivors (1024K)
 Metaspace       used 30447K, committed 30784K, reserved 1114112K
  class space    used 4066K, committed 4224K, reserved 1048576K
}
Event: 2.845 GC heap after
{Heap after GC invocations=7 (full 0):
 garbage-first heap   total 71680K, used 22255K [0x0000000080000000, 0x0000000100000000)
  region size 1024K, 2 young (2048K), 2 survivors (2048K)
 Metaspace       used 30447K, committed 30784K, reserved 1114112K
  class space    used 4066K, committed 4224K, reserved 1048576K
}
Event: 3.230 GC heap before
{Heap before GC invocations=7 (full 0):
 garbage-first heap   total 71680K, used 52975K [0x0000000080000000, 0x0000000100000000)
  region size 1024K, 32 young (32768K), 2 survivors (2048K)
 Metaspace       used 34279K, committed 34624K, reserved 1114112K
  class space    used 4676K, committed 4864K, reserved 1048576K
}
Event: 3.232 GC heap after
{Heap after GC invocations=8 (full 0):
 garbage-first heap   total 71680K, used 23560K [0x0000000080000000, 0x0000000100000000)
  region size 1024K, 4 young (4096K), 4 survivors (4096K)
 Metaspace       used 34279K, committed 34624K, reserved 1114112K
  class space    used 4676K, committed 4864K, reserved 1048576K
}
Event: 3.325 GC heap before
{Heap before GC invocations=8 (full 0):
 garbage-first heap   total 71680K, used 30728K [0x0000000080000000, 0x0000000100000000)
  region size 1024K, 12 young (12288K), 4 survivors (4096K)
 Metaspace       used 35695K, committed 35968K, reserved 1114112K
  class space    used 4855K, committed 4992K, reserved 1048576K
}
Event: 3.327 GC heap after
{Heap after GC invocations=9 (full 0):
 garbage-first heap   total 71680K, used 23842K [0x0000000080000000, 0x0000000100000000)
  region size 1024K, 2 young (2048K), 2 survivors (2048K)
 Metaspace       used 35695K, committed 35968K, reserved 1114112K
  class space    used 4855K, committed 4992K, reserved 1048576K
}
Event: 3.740 GC heap before
{Heap before GC invocations=10 (full 0):
 garbage-first heap   total 71680K, used 54562K [0x0000000080000000, 0x0000000100000000)
  region size 1024K, 33 young (33792K), 2 survivors (2048K)
 Metaspace       used 41000K, committed 41280K, reserved 1114112K
  class space    used 5418K, committed 5568K, reserved 1048576K
}
Event: 3.744 GC heap after
{Heap after GC invocations=11 (full 0):
 garbage-first heap   total 71680K, used 28120K [0x0000000080000000, 0x0000000100000000)
  region size 1024K, 5 young (5120K), 5 survivors (5120K)
 Metaspace       used 41000K, committed 41280K, reserved 1114112K
  class space    used 5418K, committed 5568K, reserved 1048576K
}
Event: 3.746 GC heap before
{Heap before GC invocations=11 (full 0):
 garbage-first heap   total 71680K, used 29144K [0x0000000080000000, 0x0000000100000000)
  region size 1024K, 6 young (6144K), 5 survivors (5120K)
 Metaspace       used 41000K, committed 41280K, reserved 1114112K
  class space    used 5418K, committed 5568K, reserved 1048576K
}
Event: 3.749 GC heap after
{Heap after GC invocations=12 (full 0):
 garbage-first heap   total 71680K, used 28496K [0x0000000080000000, 0x0000000100000000)
  region size 1024K, 1 young (1024K), 1 survivors (1024K)
 Metaspace       used 41000K, committed 41280K, reserved 1114112K
  class space    used 5418K, committed 5568K, reserved 1048576K
}
Event: 4.017 GC heap before
{Heap before GC invocations=12 (full 0):
 garbage-first heap   total 71680K, used 54096K [0x0000000080000000, 0x0000000100000000)
  region size 1024K, 27 young (27648K), 1 survivors (1024K)
 Metaspace       used 42327K, committed 42688K, reserved 1114112K
  class space    used 5612K, committed 5760K, reserved 1048576K
}
Event: 4.019 GC heap after
{Heap after GC invocations=13 (full 0):
 garbage-first heap   total 171008K, used 29385K [0x0000000080000000, 0x0000000100000000)
  region size 1024K, 2 young (2048K), 2 survivors (2048K)
 Metaspace       used 42327K, committed 42688K, reserved 1114112K
  class space    used 5612K, committed 5760K, reserved 1048576K
}

Dll operation events (3 events):
Event: 0.007 Loaded shared library C:\Program Files\Android\Android Studio\jbr\bin\java.dll
Event: 0.121 Loaded shared library C:\Program Files\Android\Android Studio\jbr\bin\zip.dll
Event: 0.394 Loaded shared library C:\Program Files\Android\Android Studio\jbr\bin\verify.dll

Deoptimization events (20 events):
Event: 4.556 Thread 0x000001ab6131a110 DEOPT PACKING pc=0x000001ab4bf1d918 sp=0x00000086b4dfaaf0
Event: 4.556 Thread 0x000001ab6131a110 DEOPT UNPACKING pc=0x000001ab4b6e69a3 sp=0x00000086b4dfaa88 mode 2
Event: 4.570 Thread 0x000001ab6131a110 Uncommon trap: trap_request=0xffffffde fr.pc=0x000001ab4c00137c relative=0x00000000000031bc
Event: 4.570 Thread 0x000001ab6131a110 Uncommon trap: reason=class_check action=maybe_recompile pc=0x000001ab4c00137c method=java.util.regex.Pattern$CharProperty.study(Ljava/util/regex/Pattern$TreeInfo;)Z @ 25 c2
Event: 4.570 Thread 0x000001ab6131a110 DEOPT PACKING pc=0x000001ab4c00137c sp=0x00000086b4df9790
Event: 4.570 Thread 0x000001ab6131a110 DEOPT UNPACKING pc=0x000001ab4b6e69a3 sp=0x00000086b4df9688 mode 2
Event: 4.582 Thread 0x000001ab6131a110 DEOPT PACKING pc=0x000001ab4465bb9b sp=0x00000086b4df9b40
Event: 4.582 Thread 0x000001ab6131a110 DEOPT UNPACKING pc=0x000001ab4b6e7143 sp=0x00000086b4df8fb0 mode 0
Event: 4.588 Thread 0x000001ab6131a110 Uncommon trap: trap_request=0xffffff45 fr.pc=0x000001ab4be53e74 relative=0x00000000000001d4
Event: 4.588 Thread 0x000001ab6131a110 Uncommon trap: reason=unstable_if action=reinterpret pc=0x000001ab4be53e74 method=java.net.URI$Parser.scan(IILjava/lang/String;)I @ 26 c2
Event: 4.588 Thread 0x000001ab6131a110 DEOPT PACKING pc=0x000001ab4be53e74 sp=0x00000086b4df9c60
Event: 4.588 Thread 0x000001ab6131a110 DEOPT UNPACKING pc=0x000001ab4b6e69a3 sp=0x00000086b4df9bf0 mode 2
Event: 4.588 Thread 0x000001ab6131a110 Uncommon trap: trap_request=0xffffff45 fr.pc=0x000001ab4be47c3c relative=0x000000000000011c
Event: 4.588 Thread 0x000001ab6131a110 Uncommon trap: reason=unstable_if action=reinterpret pc=0x000001ab4be47c3c method=java.net.URI.match(CJJ)Z @ 45 c2
Event: 4.588 Thread 0x000001ab6131a110 DEOPT PACKING pc=0x000001ab4be47c3c sp=0x00000086b4df99c0
Event: 4.588 Thread 0x000001ab6131a110 DEOPT UNPACKING pc=0x000001ab4b6e69a3 sp=0x00000086b4df98f8 mode 2
Event: 4.588 Thread 0x000001ab6131a110 Uncommon trap: trap_request=0xffffff45 fr.pc=0x000001ab4be08148 relative=0x0000000000000048
Event: 4.588 Thread 0x000001ab6131a110 Uncommon trap: reason=unstable_if action=reinterpret pc=0x000001ab4be08148 method=java.net.URI.match(CJJ)Z @ 19 c2
Event: 4.588 Thread 0x000001ab6131a110 DEOPT PACKING pc=0x000001ab4be08148 sp=0x00000086b4df99d0
Event: 4.588 Thread 0x000001ab6131a110 DEOPT UNPACKING pc=0x000001ab4b6e69a3 sp=0x00000086b4df9980 mode 2

Classes unloaded (0 events):
No events

Classes redefined (0 events):
No events

Internal exceptions (20 events):
Event: 3.860 Thread 0x000001ab6131a110 Exception <a 'java/lang/NoSuchMethodError'{0x0000000083a26328}: 'java.lang.Object java.lang.invoke.DirectMethodHandle$Holder.invokeStatic(java.lang.Object, java.lang.Object, java.lang.Object, java.lang.Object, java.lang.Object, java.lang.Object, java.lang.Object, java.lang.Object, java.lang.Object, java.lang.Object, java.lang.Object, java.lang.Object, java.lang.Object, java.lang.Object, java.lang.Object, java.lang.Object, java.lang.Object, java.lang.Object, java.lang.Object, java.lang.Object, java.lang.Obj
Event: 3.862 Thread 0x000001ab6131a110 Exception <a 'java/lang/NoSuchMethodError'{0x0000000083a55bc8}: 'java.lang.Object java.lang.invoke.DirectMethodHandle$Holder.invokeStatic(java.lang.Object, java.lang.Object, java.lang.Object, java.lang.Object, java.lang.Object, java.lang.Object, java.lang.Object, java.lang.Object, java.lang.Object, java.lang.Object, java.lang.Object, java.lang.Object, java.lang.Object, java.lang.Object, java.lang.Object, java.lang.Object, java.lang.Object, java.lang.Object, java.lang.Object, java.lang.Object, java.lang.Obj
Event: 3.865 Thread 0x000001ab6131a110 Exception <a 'java/lang/NoSuchMethodError'{0x0000000083a8c278}: 'java.lang.Object java.lang.invoke.DirectMethodHandle$Holder.invokeStatic(java.lang.Object, java.lang.Object, java.lang.Object, java.lang.Object, java.lang.Object, java.lang.Object, java.lang.Object, java.lang.Object, java.lang.Object, java.lang.Object, java.lang.Object, java.lang.Object, java.lang.Object, java.lang.Object, java.lang.Object, java.lang.Object, java.lang.Object, java.lang.Object, java.lang.Object, java.lang.Object, java.lang.Obj
Event: 4.022 Thread 0x000001ab6131a110 Exception <a 'java/lang/IncompatibleClassChangeError'{0x000000008dd46cd8}: Found class java.lang.Object, but interface was expected> (0x000000008dd46cd8) 
thrown [s\src\hotspot\share\interpreter\linkResolver.cpp, line 838]
Event: 4.035 Thread 0x000001ab6131a110 Exception <a 'java/lang/NoSuchMethodError'{0x000000008aa02968}: 'java.lang.Object java.lang.invoke.DirectMethodHandle$Holder.newInvokeSpecial(java.lang.Object, java.lang.Object, long)'> (0x000000008aa02968) 
thrown [s\src\hotspot\share\interpreter\linkResolver.cpp, line 771]
Event: 4.035 Thread 0x000001ab6131a110 Exception <a 'java/lang/NoSuchMethodError'{0x000000008aa07220}: 'java.lang.Object java.lang.invoke.Invokers$Holder.linkToTargetMethod(java.lang.Object, long, java.lang.Object)'> (0x000000008aa07220) 
thrown [s\src\hotspot\share\interpreter\linkResolver.cpp, line 771]
Event: 4.069 Thread 0x000001ab6131a110 Exception <a 'java/lang/NoSuchMethodError'{0x000000008a9b8a10}: 'int java.lang.invoke.DirectMethodHandle$Holder.invokeInterface(java.lang.Object, java.lang.Object)'> (0x000000008a9b8a10) 
thrown [s\src\hotspot\share\interpreter\linkResolver.cpp, line 771]
Event: 4.162 Thread 0x000001ab6131a110 Exception <a 'java/lang/NoSuchMethodError'{0x000000008a5bcbd8}: 'java.lang.Object java.lang.invoke.DirectMethodHandle$Holder.invokeVirtual(java.lang.Object, java.lang.Object, int)'> (0x000000008a5bcbd8) 
thrown [s\src\hotspot\share\interpreter\linkResolver.cpp, line 771]
Event: 4.186 Thread 0x000001ab6131a110 Exception <a 'java/lang/NoSuchMethodError'{0x000000008a4bbe00}: 'java.lang.Object java.lang.invoke.DirectMethodHandle$Holder.invokeStatic(java.lang.Object, java.lang.Object, int, java.lang.Object)'> (0x000000008a4bbe00) 
thrown [s\src\hotspot\share\interpreter\linkResolver.cpp, line 771]
Event: 4.187 Thread 0x000001ab6131a110 Exception <a 'java/lang/NoSuchMethodError'{0x000000008a4c3ba0}: 'java.lang.Object java.lang.invoke.DirectMethodHandle$Holder.newInvokeSpecial(java.lang.Object, java.lang.Object, int, java.lang.Object)'> (0x000000008a4c3ba0) 
thrown [s\src\hotspot\share\interpreter\linkResolver.cpp, line 771]
Event: 4.187 Thread 0x000001ab6131a110 Exception <a 'java/lang/NoSuchMethodError'{0x000000008a4c8730}: 'java.lang.Object java.lang.invoke.DirectMethodHandle$Holder.invokeSpecial(java.lang.Object, java.lang.Object, java.lang.Object, int, java.lang.Object)'> (0x000000008a4c8730) 
thrown [s\src\hotspot\share\interpreter\linkResolver.cpp, line 771]
Event: 4.202 Thread 0x000001ab6131a110 Exception <a 'java/lang/NoSuchMethodError'{0x000000008a213690}: 'void java.lang.invoke.DirectMethodHandle$Holder.invokeStatic(java.lang.Object, java.lang.Object, java.lang.Object, java.lang.Object, java.lang.Object, java.lang.Object)'> (0x000000008a213690) 
thrown [s\src\hotspot\share\interpreter\linkResolver.cpp, line 771]
Event: 4.258 Thread 0x000001ab6131a110 Exception <a 'java/lang/NoSuchMethodError'{0x0000000089b919a8}: 'java.lang.Object java.lang.invoke.DirectMethodHandle$Holder.newInvokeSpecial(java.lang.Object, java.lang.Object, java.lang.Object, java.lang.Object, int)'> (0x0000000089b919a8) 
thrown [s\src\hotspot\share\interpreter\linkResolver.cpp, line 771]
Event: 4.258 Thread 0x000001ab6131a110 Exception <a 'java/lang/NoSuchMethodError'{0x0000000089b96a28}: 'java.lang.Object java.lang.invoke.DirectMethodHandle$Holder.invokeSpecial(java.lang.Object, java.lang.Object, java.lang.Object, java.lang.Object, java.lang.Object, int)'> (0x0000000089b96a28) 
thrown [s\src\hotspot\share\interpreter\linkResolver.cpp, line 771]
Event: 4.258 Thread 0x000001ab6131a110 Exception <a 'java/lang/NoSuchMethodError'{0x0000000089b9b458}: 'java.lang.Object java.lang.invoke.Invokers$Holder.linkToTargetMethod(java.lang.Object, java.lang.Object, java.lang.Object, int, java.lang.Object)'> (0x0000000089b9b458) 
thrown [s\src\hotspot\share\interpreter\linkResolver.cpp, line 771]
Event: 4.290 Thread 0x000001ab6131a110 Exception <a 'java/lang/NoSuchMethodError'{0x000000008996db88}: 'int java.lang.invoke.DirectMethodHandle$Holder.invokeInterface(java.lang.Object, java.lang.Object, java.lang.Object, java.lang.Object)'> (0x000000008996db88) 
thrown [s\src\hotspot\share\interpreter\linkResolver.cpp, line 771]
Event: 4.371 Thread 0x000001ab6131a110 Implicit null exception at 0x000001ab4bf90aec to 0x000001ab4bf90b94
Event: 4.449 Thread 0x000001ab6131a110 Exception <a 'java/lang/NoSuchMethodError'{0x0000000088cbb0f8}: 'void java.lang.invoke.DirectMethodHandle$Holder.invokeInterface(java.lang.Object, java.lang.Object)'> (0x0000000088cbb0f8) 
thrown [s\src\hotspot\share\interpreter\linkResolver.cpp, line 771]
Event: 4.450 Thread 0x000001ab6131a110 Exception <a 'java/lang/IncompatibleClassChangeError'{0x0000000088cc6528}: Found class java.lang.Object, but interface was expected> (0x0000000088cc6528) 
thrown [s\src\hotspot\share\interpreter\linkResolver.cpp, line 838]
Event: 4.482 Thread 0x000001ab6131a110 Exception <a 'java/lang/NoSuchMethodError'{0x0000000088953c38}: 'java.lang.Object java.lang.invoke.DirectMethodHandle$Holder.newInvokeSpecial(java.lang.Object, int, java.lang.Object)'> (0x0000000088953c38) 
thrown [s\src\hotspot\share\interpreter\linkResolver.cpp, line 771]

VM Operations (20 events):
Event: 3.740 Executing VM operation: G1CollectForAllocation
Event: 3.744 Executing VM operation: G1CollectForAllocation done
Event: 3.746 Executing VM operation: G1CollectForAllocation
Event: 3.749 Executing VM operation: G1CollectForAllocation done
Event: 4.017 Executing VM operation: G1CollectForAllocation
Event: 4.019 Executing VM operation: G1CollectForAllocation done
Event: 4.025 Executing VM operation: HandshakeAllThreads
Event: 4.025 Executing VM operation: HandshakeAllThreads done
Event: 4.050 Executing VM operation: HandshakeAllThreads
Event: 4.050 Executing VM operation: HandshakeAllThreads done
Event: 4.281 Executing VM operation: HandshakeAllThreads
Event: 4.281 Executing VM operation: HandshakeAllThreads done
Event: 4.284 Executing VM operation: HandshakeAllThreads
Event: 4.284 Executing VM operation: HandshakeAllThreads done
Event: 4.289 Executing VM operation: HandshakeAllThreads
Event: 4.289 Executing VM operation: HandshakeAllThreads done
Event: 4.348 Executing VM operation: HandshakeAllThreads
Event: 4.348 Executing VM operation: HandshakeAllThreads done
Event: 4.504 Executing VM operation: ICBufferFull
Event: 4.504 Executing VM operation: ICBufferFull done

Events (20 events):
Event: 4.395 loading class java/util/concurrent/atomic/AtomicReferenceFieldUpdater
Event: 4.395 loading class java/util/concurrent/atomic/AtomicReferenceFieldUpdater done
Event: 4.395 loading class java/util/concurrent/atomic/AtomicReferenceFieldUpdater$AtomicReferenceFieldUpdaterImpl
Event: 4.396 loading class java/util/concurrent/atomic/AtomicReferenceFieldUpdater$AtomicReferenceFieldUpdaterImpl done
Event: 4.396 loading class java/util/concurrent/atomic/AtomicReferenceFieldUpdater$AtomicReferenceFieldUpdaterImpl$1
Event: 4.396 loading class java/util/concurrent/atomic/AtomicReferenceFieldUpdater$AtomicReferenceFieldUpdaterImpl$1 done
Event: 4.500 loading class java/lang/StringIndexOutOfBoundsException
Event: 4.500 loading class java/lang/StringIndexOutOfBoundsException done
Event: 4.529 Thread 0x000001ab62962ab0 Thread added: 0x000001ab62962ab0
Event: 4.529 Thread 0x000001ab62961670 Thread added: 0x000001ab62961670
Event: 4.536 loading class jdk/internal/math/FDBigInteger
Event: 4.537 loading class jdk/internal/math/FDBigInteger done
Event: 4.547 loading class java/util/zip/GZIPOutputStream
Event: 4.547 loading class java/util/zip/GZIPOutputStream done
Event: 4.547 loading class java/util/zip/GZIPInputStream
Event: 4.547 loading class java/util/zip/GZIPInputStream done
Event: 4.593 loading class java/io/DeleteOnExitHook
Event: 4.593 loading class java/io/DeleteOnExitHook done
Event: 4.593 loading class java/io/DeleteOnExitHook$1
Event: 4.593 loading class java/io/DeleteOnExitHook$1 done


Dynamic libraries:
0x00007ff6a6700000 - 0x00007ff6a670a000 	C:\Program Files\Android\Android Studio\jbr\bin\java.exe
0x00007ffb86790000 - 0x00007ffb869a7000 	C:\Windows\SYSTEM32\ntdll.dll
0x00007ffb864a0000 - 0x00007ffb86564000 	C:\Windows\System32\KERNEL32.DLL
0x00007ffb83dc0000 - 0x00007ffb8416d000 	C:\Windows\System32\KERNELBASE.dll
0x00007ffb842e0000 - 0x00007ffb843f1000 	C:\Windows\System32\ucrtbase.dll
0x00007ffb67710000 - 0x00007ffb67727000 	C:\Program Files\Android\Android Studio\jbr\bin\jli.dll
0x00007ffb7ca10000 - 0x00007ffb7ca2b000 	C:\Program Files\Android\Android Studio\jbr\bin\VCRUNTIME140.dll
0x00007ffb84600000 - 0x00007ffb847ae000 	C:\Windows\System32\USER32.dll
0x00007ffb83d90000 - 0x00007ffb83db6000 	C:\Windows\System32\win32u.dll
0x00007ffb712a0000 - 0x00007ffb71533000 	C:\Windows\WinSxS\amd64_microsoft.windows.common-controls_6595b64144ccf1df_6.0.22621.3672_none_2713b9d173822955\COMCTL32.dll
0x00007ffb84550000 - 0x00007ffb845f7000 	C:\Windows\System32\msvcrt.dll
0x00007ffb84960000 - 0x00007ffb84989000 	C:\Windows\System32\GDI32.dll
0x00007ffb83b20000 - 0x00007ffb83c39000 	C:\Windows\System32\gdi32full.dll
0x00007ffb83c40000 - 0x00007ffb83cda000 	C:\Windows\System32\msvcp_win.dll
0x00007ffb85b20000 - 0x00007ffb85b51000 	C:\Windows\System32\IMM32.DLL
0x00007ffb7de40000 - 0x00007ffb7de4c000 	C:\Program Files\Android\Android Studio\jbr\bin\vcruntime140_1.dll
0x00007ffb422a0000 - 0x00007ffb4232d000 	C:\Program Files\Android\Android Studio\jbr\bin\msvcp140.dll
0x00007ffb28a50000 - 0x00007ffb296d3000 	C:\Program Files\Android\Android Studio\jbr\bin\server\jvm.dll
0x00007ffb84990000 - 0x00007ffb84a42000 	C:\Windows\System32\ADVAPI32.dll
0x00007ffb861d0000 - 0x00007ffb86279000 	C:\Windows\System32\sechost.dll
0x00007ffb83ce0000 - 0x00007ffb83d08000 	C:\Windows\System32\bcrypt.dll
0x00007ffb84ae0000 - 0x00007ffb84bf4000 	C:\Windows\System32\RPCRT4.dll
0x00007ffb7bd40000 - 0x00007ffb7bd74000 	C:\Windows\SYSTEM32\WINMM.dll
0x00007ffb83970000 - 0x00007ffb839bd000 	C:\Windows\SYSTEM32\POWRPROF.dll
0x00007ffb62a00000 - 0x00007ffb62a09000 	C:\Windows\SYSTEM32\WSOCK32.dll
0x00007ffb789e0000 - 0x00007ffb789ea000 	C:\Windows\SYSTEM32\VERSION.dll
0x00007ffb84a50000 - 0x00007ffb84ac1000 	C:\Windows\System32\WS2_32.dll
0x00007ffb83950000 - 0x00007ffb83963000 	C:\Windows\SYSTEM32\UMPDC.dll
0x00007ffb82aa0000 - 0x00007ffb82ab8000 	C:\Windows\SYSTEM32\kernel.appcore.dll
0x00007ffb4cca0000 - 0x00007ffb4ccaa000 	C:\Program Files\Android\Android Studio\jbr\bin\jimage.dll
0x00007ffb814b0000 - 0x00007ffb816e2000 	C:\Windows\SYSTEM32\DBGHELP.DLL
0x00007ffb84c00000 - 0x00007ffb84f8d000 	C:\Windows\System32\combase.dll
0x00007ffb86570000 - 0x00007ffb86647000 	C:\Windows\System32\OLEAUT32.dll
0x00007ffb743a0000 - 0x00007ffb743d2000 	C:\Windows\SYSTEM32\dbgcore.DLL
0x00007ffb83d10000 - 0x00007ffb83d8b000 	C:\Windows\System32\bcryptPrimitives.dll
0x00007ffb67730000 - 0x00007ffb6773e000 	C:\Program Files\Android\Android Studio\jbr\bin\instrument.dll
0x00007ffb28a20000 - 0x00007ffb28a45000 	C:\Program Files\Android\Android Studio\jbr\bin\java.dll
0x00007ffb28a00000 - 0x00007ffb28a18000 	C:\Program Files\Android\Android Studio\jbr\bin\zip.dll
0x00007ffb84f90000 - 0x00007ffb857f8000 	C:\Windows\System32\SHELL32.dll
0x00007ffb819b0000 - 0x00007ffb822ae000 	C:\Windows\SYSTEM32\windows.storage.dll
0x00007ffb81870000 - 0x00007ffb819af000 	C:\Windows\SYSTEM32\wintypes.dll
0x00007ffb86650000 - 0x00007ffb86749000 	C:\Windows\System32\SHCORE.dll
0x00007ffb86150000 - 0x00007ffb861ae000 	C:\Windows\System32\shlwapi.dll
0x00007ffb839e0000 - 0x00007ffb83a01000 	C:\Windows\SYSTEM32\profapi.dll
0x00007ffb28960000 - 0x00007ffb28979000 	C:\Program Files\Android\Android Studio\jbr\bin\net.dll
0x00007ffb7eb80000 - 0x00007ffb7ecb6000 	C:\Windows\SYSTEM32\WINHTTP.dll
0x00007ffb82f00000 - 0x00007ffb82f69000 	C:\Windows\system32\mswsock.dll
0x00007ffb28940000 - 0x00007ffb28956000 	C:\Program Files\Android\Android Studio\jbr\bin\nio.dll
0x00007ffb27620000 - 0x00007ffb27630000 	C:\Program Files\Android\Android Studio\jbr\bin\verify.dll
0x00007ffb7ca30000 - 0x00007ffb7ca57000 	C:\Users\user\.gradle\native\c067742578af261105cb4f569cf0c3c89f3d7b1fecec35dd04571415982c5e48\windows-amd64\native-platform.dll
0x00007ffb42150000 - 0x00007ffb42294000 	C:\Users\user\.gradle\native\38dada09dfb8b06ba9b0570ebf7e218e3eb74d4ef43ca46872605cf95ebc2f47\windows-amd64\native-platform-file-events.dll
0x00007ffb7ddd0000 - 0x00007ffb7ddd9000 	C:\Program Files\Android\Android Studio\jbr\bin\management.dll
0x00007ffb67740000 - 0x00007ffb6774b000 	C:\Program Files\Android\Android Studio\jbr\bin\management_ext.dll
0x00007ffb84ad0000 - 0x00007ffb84ad8000 	C:\Windows\System32\PSAPI.DLL
0x00007ffb83250000 - 0x00007ffb8326b000 	C:\Windows\SYSTEM32\CRYPTSP.dll
0x00007ffb82a00000 - 0x00007ffb82a35000 	C:\Windows\system32\rsaenh.dll
0x00007ffb82fa0000 - 0x00007ffb82fc8000 	C:\Windows\SYSTEM32\USERENV.dll
0x00007ffb83230000 - 0x00007ffb8323c000 	C:\Windows\SYSTEM32\CRYPTBASE.dll
0x00007ffb82550000 - 0x00007ffb8257d000 	C:\Windows\SYSTEM32\IPHLPAPI.DLL
0x00007ffb85b60000 - 0x00007ffb85b69000 	C:\Windows\System32\NSI.dll
0x00007ffb7e9a0000 - 0x00007ffb7e9b9000 	C:\Windows\SYSTEM32\dhcpcsvc6.DLL
0x00007ffb7e940000 - 0x00007ffb7e95f000 	C:\Windows\SYSTEM32\dhcpcsvc.DLL
0x00007ffb82580000 - 0x00007ffb82678000 	C:\Windows\SYSTEM32\DNSAPI.dll
0x00007ffb7dde0000 - 0x00007ffb7dde9000 	C:\Program Files\Android\Android Studio\jbr\bin\extnet.dll
0x00007ffb26460000 - 0x00007ffb26468000 	C:\Windows\system32\wshunix.dll

dbghelp: loaded successfully - version: 4.0.5 - missing functions: none
symbol engine: initialized successfully - sym options: 0x614 - pdb path: .;C:\Program Files\Android\Android Studio\jbr\bin;C:\Windows\SYSTEM32;C:\Windows\WinSxS\amd64_microsoft.windows.common-controls_6595b64144ccf1df_6.0.22621.3672_none_2713b9d173822955;C:\Program Files\Android\Android Studio\jbr\bin\server;C:\Users\user\.gradle\native\c067742578af261105cb4f569cf0c3c89f3d7b1fecec35dd04571415982c5e48\windows-amd64;C:\Users\user\.gradle\native\38dada09dfb8b06ba9b0570ebf7e218e3eb74d4ef43ca46872605cf95ebc2f47\windows-amd64

VM Arguments:
jvm_args: --add-opens=java.base/java.util=ALL-UNNAMED --add-opens=java.base/java.lang=ALL-UNNAMED --add-opens=java.base/java.lang.invoke=ALL-UNNAMED --add-opens=java.prefs/java.util.prefs=ALL-UNNAMED --add-opens=java.base/java.nio.charset=ALL-UNNAMED --add-opens=java.base/java.net=ALL-UNNAMED --add-opens=java.base/java.util.concurrent.atomic=ALL-UNNAMED -Xmx2048m -Dfile.encoding=UTF-8 -Duser.country=US -Duser.language=en -Duser.variant -javaagent:C:\Users\user\.gradle\wrapper\dists\gradle-8.6-bin\afr5mpiioh2wthjmwnkmdsd5w\gradle-8.6\lib\agents\gradle-instrumentation-agent-8.6.jar 
java_command: org.gradle.launcher.daemon.bootstrap.GradleDaemon 8.6
java_class_path (initial): C:\Users\user\.gradle\wrapper\dists\gradle-8.6-bin\afr5mpiioh2wthjmwnkmdsd5w\gradle-8.6\lib\gradle-launcher-8.6.jar
Launcher Type: SUN_STANDARD

[Global flags]
     intx CICompilerCount                          = 12                                        {product} {ergonomic}
     uint ConcGCThreads                            = 3                                         {product} {ergonomic}
     uint G1ConcRefinementThreads                  = 13                                        {product} {ergonomic}
   size_t G1HeapRegionSize                         = 1048576                                   {product} {ergonomic}
    uintx GCDrainStackTargetSize                   = 64                                        {product} {ergonomic}
   size_t InitialHeapSize                          = 232783872                                 {product} {ergonomic}
   size_t MarkStackSize                            = 4194304                                   {product} {ergonomic}
   size_t MaxHeapSize                              = 2147483648                                {product} {command line}
   size_t MaxNewSize                               = 1287651328                                {product} {ergonomic}
   size_t MinHeapDeltaBytes                        = 1048576                                   {product} {ergonomic}
   size_t MinHeapSize                              = 8388608                                   {product} {ergonomic}
    uintx NonNMethodCodeHeapSize                   = 7602480                                {pd product} {ergonomic}
    uintx NonProfiledCodeHeapSize                  = 122027880                              {pd product} {ergonomic}
    uintx ProfiledCodeHeapSize                     = 122027880                              {pd product} {ergonomic}
    uintx ReservedCodeCacheSize                    = 251658240                              {pd product} {ergonomic}
     bool SegmentedCodeCache                       = true                                      {product} {ergonomic}
   size_t SoftMaxHeapSize                          = 2147483648                             {manageable} {ergonomic}
     bool UseCompressedClassPointers               = true                           {product lp64_product} {ergonomic}
     bool UseCompressedOops                        = true                           {product lp64_product} {ergonomic}
     bool UseG1GC                                  = true                                      {product} {ergonomic}
     bool UseLargePagesIndividualAllocation        = false                                  {pd product} {ergonomic}

Logging:
Log output configuration:
 #0: stdout all=warning uptime,level,tags
 #1: stderr all=off uptime,level,tags

Environment Variables:
JAVA_HOME=C:\Program Files\Java\jdk1.8.0_202
PATH=C:\Program Files\Java\jdk-22;C:\Program Files\Common Files\Oracle\Java\javapath;C:\Program Files (x86)\Common Files\Oracle\Java\java8path;C:\Program Files (x86)\Common Files\Oracle\Java\javapath;C:\Program Files\Java\jdk1.8.0_202\bin;C:\Program Files (x86)\VMware\VMware Workstation\bin\;D:\kotlinc\bin;C:\Windows\system32;C:\Windows;C:\Windows\System32\Wbem;C:\Windows\System32\WindowsPowerShell\v1.0\;C:\Windows\System32\OpenSSH\;C:\Program Files (x86)\NVIDIA Corporation\PhysX\Common;C:\Program Files\NVIDIA Corporation\NVIDIA NvDLISR;C:\Program Files\Java\jdk1.8.0_202\bin;C:\Program Files\dotnet\;C:\Program Files\Microsoft SQL Server\150\Tools\Binn\;C:\Program Files\Git\cmd;C:\Users\user\AppData\Local\Microsoft\WindowsApps;C:\Users\user\Ahmed\flutter\bin;C:\Program Files\Java\jdk1.8.0_202\bin
USERNAME=user
OS=Windows_NT
PROCESSOR_IDENTIFIER=AMD64 Family 25 Model 80 Stepping 0, AuthenticAMD
TMP=C:\Users\user\AppData\Local\Temp
TEMP=C:\Users\user\AppData\Local\Temp



Periodic native trim disabled

JNI global refs:
JNI global refs: 34, weak refs: 0

JNI global refs memory usage: 843, weak refs: 841

OOME stack traces (most recent first):
Classloader memory used:
Loader org.gradle.internal.classloader.VisitableURLClassLoader                         : 2817K
Loader bootstrap                                                                       : 2345K
Loader org.gradle.initialization.MixInLegacyTypesClassLoader                           : 658K
Loader jdk.internal.loader.ClassLoaders$PlatformClassLoader                            : 66036B
Loader jdk.internal.loader.ClassLoaders$AppClassLoader                                 : 28740B
Loader jdk.internal.reflect.DelegatingClassLoader                                      : 4428B
Loader org.gradle.internal.classloader.VisitableURLClassLoader$InstrumentingVisitableURLClassLoader: 3673B

Classes loaded by more than one classloader:
Class org.gradle.internal.installation.GradleInstallation                             : loaded 2 times (x 73B)
Class org.gradle.internal.classpath.ClassPath                                         : loaded 2 times (x 68B)
Class org.gradle.api.internal.classpath.DefaultModuleRegistry                         : loaded 2 times (x 84B)
Class Settings_gradle$1$1                                                             : loaded 2 times (x 72B)
Class org.gradle.api.Action                                                           : loaded 2 times (x 68B)
Class org.gradle.api.internal.DefaultClassPathProvider                                : loaded 2 times (x 74B)
Class org.gradle.internal.installation.GradleInstallation$1                           : loaded 2 times (x 73B)
Class org.gradle.internal.classloader.FilteringClassLoader                            : loaded 2 times (x 103B)
Class org.gradle.internal.classpath.DefaultClassPath$ImmutableUniqueList$Builder      : loaded 2 times (x 73B)
Class org.gradle.internal.classloader.ClassLoaderVisitor                              : loaded 2 times (x 74B)
Class org.gradle.internal.service.DefaultServiceLocator                               : loaded 2 times (x 81B)
Class org.gradle.internal.service.UnknownServiceException                             : loaded 2 times (x 81B)
Class org.gradle.internal.classloader.DefaultClassLoaderFactory                       : loaded 2 times (x 80B)
Class org.gradle.internal.classloader.VisitableURLClassLoader$Spec                    : loaded 2 times (x 72B)
Class org.gradle.api.GradleException                                                  : loaded 2 times (x 80B)
Class org.gradle.api.internal.classpath.ModuleRegistry                                : loaded 2 times (x 68B)
Class org.gradle.api.internal.ClassPathProvider                                       : loaded 2 times (x 68B)
Class org.gradle.internal.classloader.ClasspathUtil$1                                 : loaded 2 times (x 74B)
Class org.gradle.internal.classloader.ClassLoaderFactory                              : loaded 2 times (x 68B)
Class org.gradle.api.internal.classpath.ManifestUtil                                  : loaded 2 times (x 69B)
Class org.gradle.api.specs.Spec                                                       : loaded 2 times (x 68B)
Class org.gradle.internal.IoActions                                                   : loaded 2 times (x 69B)
Class org.gradle.api.internal.classpath.EffectiveClassPath                            : loaded 2 times (x 88B)
Class org.gradle.internal.installation.CurrentGradleInstallation                      : loaded 2 times (x 71B)
Class org.gradle.internal.agents.InstrumentingClassLoader                             : loaded 2 times (x 68B)
Class org.gradle.internal.installation.CurrentGradleInstallationLocator               : loaded 2 times (x 69B)
Class org.gradle.api.internal.classpath.Module                                        : loaded 2 times (x 68B)
Class org.gradle.internal.service.CachingServiceLocator                               : loaded 2 times (x 80B)
Class org.gradle.internal.classpath.DefaultClassPath                                  : loaded 2 times (x 88B)
Class org.gradle.internal.classloader.SystemClassLoaderSpec                           : loaded 2 times (x 69B)
Class org.gradle.api.UncheckedIOException                                             : loaded 2 times (x 80B)
Class Program                                                                         : loaded 2 times (x 70B)
Class org.gradle.internal.classloader.ClasspathUtil                                   : loaded 2 times (x 69B)
Class org.gradle.api.internal.DefaultClassPathRegistry                                : loaded 2 times (x 74B)
Class org.gradle.api.internal.classpath.DefaultModuleRegistry$DefaultModule           : loaded 2 times (x 84B)
Class org.gradle.api.internal.classpath.UnknownModuleException                        : loaded 2 times (x 80B)
Class org.gradle.internal.service.ServiceLookupException                              : loaded 2 times (x 80B)
Class org.gradle.cache.GlobalCache                                                    : loaded 2 times (x 68B)
Class [Lorg.gradle.api.internal.ClassPathProvider;                                    : loaded 2 times (x 67B)
Class org.gradle.util.internal.GUtil                                                  : loaded 2 times (x 69B)
Class org.gradle.internal.classloader.ClassLoaderSpec                                 : loaded 2 times (x 69B)
Class org.gradle.internal.classloader.VisitableURLClassLoader                         : loaded 2 times (x 115B)
Class org.gradle.internal.Cast                                                        : loaded 2 times (x 69B)
Class org.gradle.api.internal.ClassPathRegistry                                       : loaded 2 times (x 68B)
Class org.gradle.internal.classloader.VisitableURLClassLoader$InstrumentingVisitableURLClassLoader: loaded 2 times (x 121B)
Class org.gradle.internal.classloader.ClassLoaderHierarchy                            : loaded 2 times (x 68B)
Class org.gradle.internal.InternalTransformer                                         : loaded 2 times (x 68B)
Class org.gradle.internal.service.ServiceLocator                                      : loaded 2 times (x 68B)
Class Settings_gradle$1                                                               : loaded 2 times (x 72B)
Class org.gradle.internal.classpath.DefaultClassPath$ImmutableUniqueList              : loaded 2 times (x 159B)
Class org.gradle.internal.classpath.TransformedClassPath                              : loaded 2 times (x 94B)
Class Settings_gradle                                                                 : loaded 2 times (x 126B)


---------------  S Y S T E M  ---------------

OS:
 Windows 11 , 64 bit Build 22621 (10.0.22621.3958)
OS uptime: 0 days 18:59 hours
Hyper-V role detected

CPU: total 16 (initial active 16) (16 cores per cpu, 2 threads per core) family 25 model 80 stepping 0 microcode 0x0, cx8, cmov, fxsr, ht, mmx, 3dnowpref, sse, sse2, sse3, ssse3, sse4a, sse4.1, sse4.2, popcnt, lzcnt, tsc, tscinvbit, avx, avx2, aes, erms, clmul, bmi1, bmi2, adx, sha, fma, vzeroupper, clflush, clflushopt, hv
Processor Information for all 16 processors :
  Max Mhz: 3201, Current Mhz: 3201, Mhz Limit: 3201

Memory: 4k page, system-wide physical 14188M (2170M free)
TotalPageFile size 17188M (AvailPageFile size 4M)
current process WorkingSet (physical memory assigned to process): 301M, peak: 301M
current process commit charge ("private bytes"): 417M, peak: 424M

vm_info: OpenJDK 64-Bit Server VM (17.0.10+0--11572160) for windows-amd64 JRE (17.0.10+0--11572160), built on Mar 13 2024 23:56:38 by "androidbuild" with MS VC++ 16.10 / 16.11 (VS2019)

END.
