#
# There is insufficient memory for the Java Runtime Environment to continue.
# Native memory allocation (malloc) failed to allocate 609680 bytes for Chunk::new
# Possible reasons:
#   The system is out of physical RAM or swap space
#   The process is running with CompressedOops enabled, and the Java Heap may be blocking the growth of the native heap
# Possible solutions:
#   Reduce memory load on the system
#   Increase physical memory or swap space
#   Check if swap backing store is full
#   Decrease Java heap size (-Xmx/-Xms)
#   Decrease number of Java threads
#   Decrease Java thread stack sizes (-Xss)
#   Set larger code cache with -XX:ReservedCodeCacheSize=
#   JVM is running with Unscaled Compressed Oops mode in which the Java heap is
#     placed in the first 4GB address space. The Java Heap base address is the
#     maximum limit for the native heap growth. Please use -XX:HeapBaseMinAddress
#     to set the Java Heap base and to place the Java Heap above 4GB virtual address.
# This output file may be truncated or incomplete.
#
#  Out of Memory Error (arena.cpp:191), pid=25072, tid=22876
#
# JRE version: OpenJDK Runtime Environment (17.0.10) (build 17.0.10+0--11572160)
# Java VM: OpenJDK 64-Bit Server VM (17.0.10+0--11572160, mixed mode, tiered, compressed oops, compressed class ptrs, g1 gc, windows-amd64)
# No core dump will be written. Minidumps are not enabled by default on client versions of Windows
#

---------------  S U M M A R Y ------------

Command Line: --add-opens=java.base/java.util=ALL-UNNAMED --add-opens=java.base/java.lang=ALL-UNNAMED --add-opens=java.base/java.lang.invoke=ALL-UNNAMED --add-opens=java.prefs/java.util.prefs=ALL-UNNAMED --add-opens=java.base/java.nio.charset=ALL-UNNAMED --add-opens=java.base/java.net=ALL-UNNAMED --add-opens=java.base/java.util.concurrent.atomic=ALL-UNNAMED -Xmx2048m -Dfile.encoding=UTF-8 -Duser.country=US -Duser.language=en -Duser.variant -javaagent:C:\Users\user\.gradle\wrapper\dists\gradle-8.6-bin\afr5mpiioh2wthjmwnkmdsd5w\gradle-8.6\lib\agents\gradle-instrumentation-agent-8.6.jar org.gradle.launcher.daemon.bootstrap.GradleDaemon 8.6

Host: AMD Ryzen 7 5800H with Radeon Graphics         , 16 cores, 13G,  Windows 11 , 64 bit Build 22621 (10.0.22621.3958)
Time: Sat Aug 17 23:34:30 2024 Egypt Daylight Time elapsed time: 6.844062 seconds (0d 0h 0m 6s)

---------------  T H R E A D  ---------------

Current thread (0x000001e249400d80):  JavaThread "C2 CompilerThread0" daemon [_thread_in_native, id=22876, stack(0x0000005309100000,0x0000005309200000)]


Current CompileTask:
C2:   6844 7464       4       java.security.SecureClassLoader::defineClass (16 bytes)

Stack: [0x0000005309100000,0x0000005309200000]
Native frames: (J=compiled Java code, j=interpreted, Vv=VM code, C=native code)
V  [jvm.dll+0x688e89]
V  [jvm.dll+0x84247a]
V  [jvm.dll+0x8440be]
V  [jvm.dll+0x844723]
V  [jvm.dll+0x24be0f]
V  [jvm.dll+0xac524]
V  [jvm.dll+0xacb6c]
V  [jvm.dll+0x36bd67]
V  [jvm.dll+0x33615a]
V  [jvm.dll+0x3355fa]
V  [jvm.dll+0x21daa1]
V  [jvm.dll+0x21cec1]
V  [jvm.dll+0x1a60ad]
V  [jvm.dll+0x22cd78]
V  [jvm.dll+0x22aeb0]
V  [jvm.dll+0x7f6917]
V  [jvm.dll+0x7f0d1a]
V  [jvm.dll+0x687d05]
C  [ucrtbase.dll+0x29333]
C  [KERNEL32.DLL+0x1257d]
C  [ntdll.dll+0x5af28]


---------------  P R O C E S S  ---------------

Threads class SMR info:
_java_thread_list=0x000001e250992c10, length=64, elements={
0x000001e22e802a60, 0x000001e24939d3f0, 0x000001e24939e790, 0x000001e2493a9790,
0x000001e2493f75d0, 0x000001e2493fb210, 0x000001e2493fbbd0, 0x000001e249400d80,
0x000001e249403840, 0x000001e249407740, 0x000001e2494c6360, 0x000001e2494d6420,
0x000001e249695020, 0x000001e2497456f0, 0x000001e24f9cc010, 0x000001e24ec29020,
0x000001e24f8c8020, 0x000001e24e42ae90, 0x000001e2503e5600, 0x000001e24f92d820,
0x000001e24f9427c0, 0x000001e250599d60, 0x000001e25059c5e0, 0x000001e25059ac90,
0x000001e250598e30, 0x000001e25059a780, 0x000001e25059b1a0, 0x000001e25059bbc0,
0x000001e25059c0d0, 0x000001e2509e5070, 0x000001e2511fd520, 0x000001e250599340,
0x000001e250599850, 0x000001e25059a270, 0x000001e252010670, 0x000001e25200a640,
0x000001e25200d8e0, 0x000001e252010b80, 0x000001e25200bf90, 0x000001e25200ed20,
0x000001e25200f230, 0x000001e25200e810, 0x000001e25200b570, 0x000001e252009710,
0x000001e25200fc50, 0x000001e25200f740, 0x000001e25200ab50, 0x000001e25200b060,
0x000001e252010160, 0x000001e252011090, 0x000001e25200c4a0, 0x000001e252009c20,
0x000001e25200ba80, 0x000001e25200e300, 0x000001e25200cec0, 0x000001e25200ddf0,
0x000001e25200d3d0, 0x000001e252efd570, 0x000001e252eff8e0, 0x000001e252efeec0,
0x000001e252efda80, 0x000001e252eff3d0, 0x000001e252efe4a0, 0x000001e252f00810
}

Java Threads: ( => current thread )
  0x000001e22e802a60 JavaThread "main" [_thread_blocked, id=9812, stack(0x0000005308400000,0x0000005308500000)]
  0x000001e24939d3f0 JavaThread "Reference Handler" daemon [_thread_blocked, id=22040, stack(0x0000005308b00000,0x0000005308c00000)]
  0x000001e24939e790 JavaThread "Finalizer" daemon [_thread_blocked, id=19836, stack(0x0000005308c00000,0x0000005308d00000)]
  0x000001e2493a9790 JavaThread "Signal Dispatcher" daemon [_thread_blocked, id=17728, stack(0x0000005308d00000,0x0000005308e00000)]
  0x000001e2493f75d0 JavaThread "Attach Listener" daemon [_thread_blocked, id=22000, stack(0x0000005308e00000,0x0000005308f00000)]
  0x000001e2493fb210 JavaThread "Service Thread" daemon [_thread_blocked, id=24220, stack(0x0000005308f00000,0x0000005309000000)]
  0x000001e2493fbbd0 JavaThread "Monitor Deflation Thread" daemon [_thread_blocked, id=24856, stack(0x0000005309000000,0x0000005309100000)]
=>0x000001e249400d80 JavaThread "C2 CompilerThread0" daemon [_thread_in_native, id=22876, stack(0x0000005309100000,0x0000005309200000)]
  0x000001e249403840 JavaThread "C1 CompilerThread0" daemon [_thread_blocked, id=18208, stack(0x0000005309200000,0x0000005309300000)]
  0x000001e249407740 JavaThread "Sweeper thread" daemon [_thread_blocked, id=2664, stack(0x0000005309300000,0x0000005309400000)]
  0x000001e2494c6360 JavaThread "Common-Cleaner" daemon [_thread_blocked, id=23500, stack(0x0000005309400000,0x0000005309500000)]
  0x000001e2494d6420 JavaThread "C1 CompilerThread1" daemon [_thread_blocked, id=8556, stack(0x0000005309500000,0x0000005309600000)]
  0x000001e249695020 JavaThread "Notification Thread" daemon [_thread_blocked, id=9608, stack(0x0000005309600000,0x0000005309700000)]
  0x000001e2497456f0 JavaThread "C2 CompilerThread1" daemon [_thread_in_native, id=21328, stack(0x0000005309800000,0x0000005309900000)]
  0x000001e24f9cc010 JavaThread "C1 CompilerThread2" daemon [_thread_blocked, id=23636, stack(0x0000005309c00000,0x0000005309d00000)]
  0x000001e24ec29020 JavaThread "C1 CompilerThread3" daemon [_thread_blocked, id=21208, stack(0x0000005309d00000,0x0000005309e00000)]
  0x000001e24f8c8020 JavaThread "Daemon health stats" [_thread_blocked, id=25428, stack(0x0000005309b00000,0x0000005309c00000)]
  0x000001e24e42ae90 JavaThread "Incoming local TCP Connector on port 52386" [_thread_in_native, id=22272, stack(0x0000005309a00000,0x0000005309b00000)]
  0x000001e2503e5600 JavaThread "Daemon periodic checks" [_thread_blocked, id=5188, stack(0x000000530a200000,0x000000530a300000)]
  0x000001e24f92d820 JavaThread "Daemon" [_thread_blocked, id=5348, stack(0x000000530a300000,0x000000530a400000)]
  0x000001e24f9427c0 JavaThread "Handler for socket connection from /127.0.0.1:52386 to /127.0.0.1:52387" [_thread_in_native, id=20208, stack(0x000000530a400000,0x000000530a500000)]
  0x000001e250599d60 JavaThread "Cancel handler" [_thread_blocked, id=8528, stack(0x000000530a500000,0x000000530a600000)]
  0x000001e25059c5e0 JavaThread "Daemon worker" [_thread_in_Java, id=19916, stack(0x000000530a600000,0x000000530a700000)]
  0x000001e25059ac90 JavaThread "Asynchronous log dispatcher for DefaultDaemonConnection: socket connection from /127.0.0.1:52386 to /127.0.0.1:52387" [_thread_blocked, id=20960, stack(0x000000530a700000,0x000000530a800000)]
  0x000001e250598e30 JavaThread "Stdin handler" [_thread_blocked, id=19648, stack(0x000000530a800000,0x000000530a900000)]
  0x000001e25059a780 JavaThread "Daemon client event forwarder" [_thread_blocked, id=19812, stack(0x000000530a900000,0x000000530aa00000)]
  0x000001e25059b1a0 JavaThread "Cache worker for journal cache (C:\Users\user\.gradle\caches\journal-1)" [_thread_blocked, id=21792, stack(0x000000530b400000,0x000000530b500000)]
  0x000001e25059bbc0 JavaThread "File lock request listener" [_thread_in_native, id=4148, stack(0x000000530b500000,0x000000530b600000)]
  0x000001e25059c0d0 JavaThread "Cache worker for file hash cache (C:\Users\user\.gradle\caches\8.6\fileHashes)" [_thread_blocked, id=22780, stack(0x000000530b600000,0x000000530b700000)]
  0x000001e2509e5070 JavaThread "C2 CompilerThread2" daemon [_thread_in_native, id=23976, stack(0x0000005309900000,0x0000005309a00000)]
  0x000001e2511fd520 JavaThread "C2 CompilerThread3" daemon [_thread_in_native, id=22576, stack(0x000000530b700000,0x000000530b800000)]
  0x000001e250599340 JavaThread "File watcher server" daemon [_thread_in_native, id=10616, stack(0x000000530b800000,0x000000530b900000)]
  0x000001e250599850 JavaThread "File watcher consumer" daemon [_thread_blocked, id=23448, stack(0x000000530b900000,0x000000530ba00000)]
  0x000001e25059a270 JavaThread "Cache worker for checksums cache (C:\Users\user\AndroidStudioProjects\DISHDASH\.gradle\8.6\checksums)" [_thread_blocked, id=25352, stack(0x000000530ba00000,0x000000530bb00000)]
  0x000001e252010670 JavaThread "Cache worker for file hash cache (C:\Users\user\AndroidStudioProjects\DISHDASH\.gradle\8.6\fileHashes)" [_thread_blocked, id=23320, stack(0x000000530bb00000,0x000000530bc00000)]
  0x000001e25200a640 JavaThread "Cache worker for cache directory md-supplier (C:\Users\user\.gradle\caches\8.6\md-supplier)" [_thread_blocked, id=23780, stack(0x000000530bc00000,0x000000530bd00000)]
  0x000001e25200d8e0 JavaThread "Cache worker for cache directory md-rule (C:\Users\user\.gradle\caches\8.6\md-rule)" [_thread_blocked, id=22612, stack(0x000000530bd00000,0x000000530be00000)]
  0x000001e252010b80 JavaThread "Cache worker for file content cache (C:\Users\user\.gradle\caches\8.6\fileContent)" [_thread_blocked, id=6544, stack(0x000000530be00000,0x000000530bf00000)]
  0x000001e25200bf90 JavaThread "jar transforms" [_thread_blocked, id=8296, stack(0x000000530c000000,0x000000530c100000)]
  0x000001e25200ed20 JavaThread "jar transforms Thread 2" [_thread_blocked, id=19172, stack(0x000000530c100000,0x000000530c200000)]
  0x000001e25200f230 JavaThread "jar transforms Thread 3" [_thread_blocked, id=7056, stack(0x000000530c200000,0x000000530c300000)]
  0x000001e25200e810 JavaThread "jar transforms Thread 4" [_thread_blocked, id=23444, stack(0x000000530c300000,0x000000530c400000)]
  0x000001e25200b570 JavaThread "Cache worker for Build Output Cleanup Cache (C:\Users\user\AndroidStudioProjects\DISHDASH\.gradle\buildOutputCleanup)" [_thread_blocked, id=12512, stack(0x000000530c400000,0x000000530c500000)]
  0x000001e252009710 JavaThread "jar transforms Thread 5" [_thread_blocked, id=25320, stack(0x000000530c500000,0x000000530c600000)]
  0x000001e25200fc50 JavaThread "jar transforms Thread 6" [_thread_blocked, id=2216, stack(0x000000530c600000,0x000000530c700000)]
  0x000001e25200f740 JavaThread "Unconstrained build operations" [_thread_blocked, id=22392, stack(0x000000530c700000,0x000000530c800000)]
  0x000001e25200ab50 JavaThread "Unconstrained build operations Thread 2" [_thread_blocked, id=22752, stack(0x000000530c800000,0x000000530c900000)]
  0x000001e25200b060 JavaThread "Unconstrained build operations Thread 3" [_thread_blocked, id=12208, stack(0x000000530c900000,0x000000530ca00000)]
  0x000001e252010160 JavaThread "Unconstrained build operations Thread 4" [_thread_blocked, id=22760, stack(0x000000530ca00000,0x000000530cb00000)]
  0x000001e252011090 JavaThread "Unconstrained build operations Thread 5" [_thread_blocked, id=24676, stack(0x000000530cb00000,0x000000530cc00000)]
  0x000001e25200c4a0 JavaThread "Unconstrained build operations Thread 6" [_thread_blocked, id=24748, stack(0x000000530cc00000,0x000000530cd00000)]
  0x000001e252009c20 JavaThread "Unconstrained build operations Thread 7" [_thread_blocked, id=24768, stack(0x000000530cd00000,0x000000530ce00000)]
  0x000001e25200ba80 JavaThread "Unconstrained build operations Thread 8" [_thread_blocked, id=23020, stack(0x000000530ce00000,0x000000530cf00000)]
  0x000001e25200e300 JavaThread "Unconstrained build operations Thread 9" [_thread_blocked, id=13156, stack(0x000000530cf00000,0x000000530d000000)]
  0x000001e25200cec0 JavaThread "Unconstrained build operations Thread 10" [_thread_blocked, id=14564, stack(0x000000530d000000,0x000000530d100000)]
  0x000001e25200ddf0 JavaThread "Unconstrained build operations Thread 11" [_thread_blocked, id=20460, stack(0x000000530d100000,0x000000530d200000)]
  0x000001e25200d3d0 JavaThread "Unconstrained build operations Thread 12" [_thread_blocked, id=1660, stack(0x000000530d200000,0x000000530d300000)]
  0x000001e252efd570 JavaThread "Unconstrained build operations Thread 13" [_thread_blocked, id=24152, stack(0x000000530d300000,0x000000530d400000)]
  0x000001e252eff8e0 JavaThread "Unconstrained build operations Thread 14" [_thread_blocked, id=21996, stack(0x000000530d400000,0x000000530d500000)]
  0x000001e252efeec0 JavaThread "Unconstrained build operations Thread 15" [_thread_blocked, id=9532, stack(0x000000530d500000,0x000000530d600000)]
  0x000001e252efda80 JavaThread "jar transforms Thread 7" [_thread_blocked, id=24720, stack(0x000000530d800000,0x000000530d900000)]
  0x000001e252eff3d0 JavaThread "jar transforms Thread 8" [_thread_blocked, id=23504, stack(0x000000530d900000,0x000000530da00000)]
  0x000001e252efe4a0 JavaThread "build event listener" [_thread_blocked, id=15060, stack(0x000000530bf00000,0x000000530c000000)]
  0x000001e252f00810 JavaThread "Memory manager" [_thread_blocked, id=22484, stack(0x000000530d600000,0x000000530d700000)]

Other Threads:
  0x000001e24921ec00 VMThread "VM Thread" [stack: 0x0000005308a00000,0x0000005308b00000] [id=22104]
  0x000001e22e8037f0 WatcherThread [stack: 0x0000005309700000,0x0000005309800000] [id=13032]
  0x000001e22c5ae810 GCTaskThread "GC Thread#0" [stack: 0x0000005308500000,0x0000005308600000] [id=4868]
  0x000001e24ec283a0 GCTaskThread "GC Thread#1" [stack: 0x0000005309e00000,0x0000005309f00000] [id=20388]
  0x000001e24ec28660 GCTaskThread "GC Thread#2" [stack: 0x0000005309f00000,0x000000530a000000] [id=24752]
  0x000001e24ec27b60 GCTaskThread "GC Thread#3" [stack: 0x000000530a000000,0x000000530a100000] [id=11460]
  0x000001e24ec28920 GCTaskThread "GC Thread#4" [stack: 0x000000530a100000,0x000000530a200000] [id=2264]
  0x000001e24ec27e20 GCTaskThread "GC Thread#5" [stack: 0x000000530aa00000,0x000000530ab00000] [id=20848]
  0x000001e24ec275e0 GCTaskThread "GC Thread#6" [stack: 0x000000530ab00000,0x000000530ac00000] [id=21312]
  0x000001e24ec278a0 GCTaskThread "GC Thread#7" [stack: 0x000000530ac00000,0x000000530ad00000] [id=23360]
  0x000001e24ec280e0 GCTaskThread "GC Thread#8" [stack: 0x000000530ad00000,0x000000530ae00000] [id=19448]
  0x000001e250964a10 GCTaskThread "GC Thread#9" [stack: 0x000000530ae00000,0x000000530af00000] [id=23296]
  0x000001e250961050 GCTaskThread "GC Thread#10" [stack: 0x000000530af00000,0x000000530b000000] [id=2380]
  0x000001e250961310 GCTaskThread "GC Thread#11" [stack: 0x000000530b000000,0x000000530b100000] [id=18480]
  0x000001e250964cd0 GCTaskThread "GC Thread#12" [stack: 0x000000530b100000,0x000000530b200000] [id=22948]
  0x000001e22e86c910 ConcurrentGCThread "G1 Main Marker" [stack: 0x0000005308600000,0x0000005308700000] [id=5572]
  0x000001e22e86d9e0 ConcurrentGCThread "G1 Conc#0" [stack: 0x0000005308700000,0x0000005308800000] [id=2056]
  0x000001e250963c50 ConcurrentGCThread "G1 Conc#1" [stack: 0x000000530b200000,0x000000530b300000] [id=17240]
  0x000001e2509615d0 ConcurrentGCThread "G1 Conc#2" [stack: 0x000000530b300000,0x000000530b400000] [id=13768]
  0x000001e22e8aece0 ConcurrentGCThread "G1 Refine#0" [stack: 0x0000005308800000,0x0000005308900000] [id=21808]
  0x000001e2490bd990 ConcurrentGCThread "G1 Service" [stack: 0x0000005308900000,0x0000005308a00000] [id=15016]

Threads with active compile tasks:
C2 CompilerThread0     6864 7464       4       java.security.SecureClassLoader::defineClass (16 bytes)
C2 CompilerThread1     6864 7468       4       java.lang.ClassLoader::defineClass (43 bytes)
C2 CompilerThread2     6864 7470       4       java.lang.ClassLoader::checkCerts (121 bytes)
C2 CompilerThread3     6864 7459   !   4       jdk.internal.loader.Resource::getBytes (244 bytes)

VM state: not at safepoint (normal execution)

VM Mutex/Monitor currently owned by a thread: None

Heap address: 0x0000000080000000, size: 2048 MB, Compressed Oops mode: 32-bit

CDS archive(s) not mapped
Compressed class space mapped at: 0x0000000100000000-0x0000000140000000, reserved size: 1073741824
Narrow klass base: 0x0000000000000000, Narrow klass shift: 3, Narrow klass range: 0x140000000

GC Precious Log:
 CPUs: 16 total, 16 available
 Memory: 14188M
 Large Page Support: Disabled
 NUMA Support: Disabled
 Compressed Oops: Enabled (32-bit)
 Heap Region Size: 1M
 Heap Min Capacity: 8M
 Heap Initial Capacity: 222M
 Heap Max Capacity: 2G
 Pre-touch: Disabled
 Parallel Workers: 13
 Concurrent Workers: 3
 Concurrent Refinement Workers: 13
 Periodic GC: Disabled

Heap:
 garbage-first heap   total 103424K, used 76575K [0x0000000080000000, 0x0000000100000000)
  region size 1024K, 16 young (16384K), 1 survivors (1024K)
 Metaspace       used 67707K, committed 68352K, reserved 1114112K
  class space    used 9314K, committed 9600K, reserved 1048576K

Heap Regions: E=young(eden), S=young(survivor), O=old, HS=humongous(starts), HC=humongous(continues), CS=collection set, F=free, OA=open archive, CA=closed archive, TAMS=top-at-mark-start (previous, next)
|   0|0x0000000080000000, 0x0000000080100000, 0x0000000080100000|100%|HS|  |TAMS 0x0000000080100000, 0x0000000080000000| Complete 
|   1|0x0000000080100000, 0x0000000080200000, 0x0000000080200000|100%|HC|  |TAMS 0x0000000080200000, 0x0000000080100000| Complete 
|   2|0x0000000080200000, 0x0000000080300000, 0x0000000080300000|100%|HC|  |TAMS 0x0000000080300000, 0x0000000080200000| Complete 
|   3|0x0000000080300000, 0x0000000080400000, 0x0000000080400000|100%|HC|  |TAMS 0x0000000080400000, 0x0000000080300000| Complete 
|   4|0x0000000080400000, 0x0000000080500000, 0x0000000080500000|100%| O|  |TAMS 0x0000000080500000, 0x0000000080400000| Untracked 
|   5|0x0000000080500000, 0x0000000080600000, 0x0000000080600000|100%| O|  |TAMS 0x0000000080600000, 0x0000000080500000| Untracked 
|   6|0x0000000080600000, 0x0000000080700000, 0x0000000080700000|100%| O|  |TAMS 0x0000000080700000, 0x0000000080600000| Untracked 
|   7|0x0000000080700000, 0x0000000080800000, 0x0000000080800000|100%| O|  |TAMS 0x0000000080800000, 0x0000000080700000| Untracked 
|   8|0x0000000080800000, 0x0000000080900000, 0x0000000080900000|100%| O|  |TAMS 0x0000000080900000, 0x0000000080800000| Untracked 
|   9|0x0000000080900000, 0x0000000080a00000, 0x0000000080a00000|100%| O|  |TAMS 0x0000000080a00000, 0x0000000080900000| Untracked 
|  10|0x0000000080a00000, 0x0000000080b00000, 0x0000000080b00000|100%|HS|  |TAMS 0x0000000080a00000, 0x0000000080a00000| Complete 
|  11|0x0000000080b00000, 0x0000000080c00000, 0x0000000080c00000|100%| O|  |TAMS 0x0000000080c00000, 0x0000000080b00000| Untracked 
|  12|0x0000000080c00000, 0x0000000080d00000, 0x0000000080d00000|100%| O|  |TAMS 0x0000000080d00000, 0x0000000080c00000| Untracked 
|  13|0x0000000080d00000, 0x0000000080e00000, 0x0000000080e00000|100%| O|  |TAMS 0x0000000080e00000, 0x0000000080d00000| Untracked 
|  14|0x0000000080e00000, 0x0000000080f00000, 0x0000000080f00000|100%| O|  |TAMS 0x0000000080f00000, 0x0000000080e00000| Untracked 
|  15|0x0000000080f00000, 0x0000000081000000, 0x0000000081000000|100%| O|  |TAMS 0x0000000081000000, 0x0000000080f00000| Untracked 
|  16|0x0000000081000000, 0x0000000081100000, 0x0000000081100000|100%| O|  |TAMS 0x0000000081100000, 0x0000000081000000| Untracked 
|  17|0x0000000081100000, 0x0000000081200000, 0x0000000081200000|100%| O|  |TAMS 0x0000000081200000, 0x0000000081100000| Untracked 
|  18|0x0000000081200000, 0x0000000081300000, 0x0000000081300000|100%| O|  |TAMS 0x0000000081300000, 0x0000000081200000| Untracked 
|  19|0x0000000081300000, 0x0000000081400000, 0x0000000081400000|100%| O|  |TAMS 0x0000000081400000, 0x0000000081300000| Untracked 
|  20|0x0000000081400000, 0x0000000081500000, 0x0000000081500000|100%| O|  |TAMS 0x0000000081500000, 0x0000000081400000| Untracked 
|  21|0x0000000081500000, 0x0000000081600000, 0x0000000081600000|100%| O|  |TAMS 0x0000000081600000, 0x0000000081500000| Untracked 
|  22|0x0000000081600000, 0x0000000081700000, 0x0000000081700000|100%| O|  |TAMS 0x0000000081700000, 0x0000000081600000| Untracked 
|  23|0x0000000081700000, 0x0000000081800000, 0x0000000081800000|100%|HS|  |TAMS 0x0000000081800000, 0x0000000081700000| Complete 
|  24|0x0000000081800000, 0x0000000081900000, 0x0000000081900000|100%| O|  |TAMS 0x0000000081900000, 0x0000000081800000| Untracked 
|  25|0x0000000081900000, 0x0000000081a00000, 0x0000000081a00000|100%| O|  |TAMS 0x0000000081a00000, 0x0000000081900000| Untracked 
|  26|0x0000000081a00000, 0x0000000081b00000, 0x0000000081b00000|100%| O|  |TAMS 0x0000000081b00000, 0x0000000081a00000| Untracked 
|  27|0x0000000081b00000, 0x0000000081c00000, 0x0000000081c00000|100%| O|  |TAMS 0x0000000081c00000, 0x0000000081b00000| Untracked 
|  28|0x0000000081c00000, 0x0000000081d00000, 0x0000000081d00000|100%| O|  |TAMS 0x0000000081d00000, 0x0000000081c00000| Untracked 
|  29|0x0000000081d00000, 0x0000000081e00000, 0x0000000081e00000|100%| O|  |TAMS 0x0000000081e00000, 0x0000000081d00000| Untracked 
|  30|0x0000000081e00000, 0x0000000081f00000, 0x0000000081f00000|100%| O|  |TAMS 0x0000000081f00000, 0x0000000081e00000| Untracked 
|  31|0x0000000081f00000, 0x0000000082000000, 0x0000000082000000|100%|HS|  |TAMS 0x0000000081f00000, 0x0000000081f00000| Complete 
|  32|0x0000000082000000, 0x0000000082100000, 0x0000000082100000|100%| O|  |TAMS 0x0000000082100000, 0x0000000082000000| Untracked 
|  33|0x0000000082100000, 0x0000000082200000, 0x0000000082200000|100%| O|  |TAMS 0x0000000082200000, 0x0000000082100000| Untracked 
|  34|0x0000000082200000, 0x0000000082300000, 0x0000000082300000|100%| O|  |TAMS 0x0000000082300000, 0x0000000082200000| Untracked 
|  35|0x0000000082300000, 0x0000000082400000, 0x0000000082400000|100%| O|  |TAMS 0x0000000082400000, 0x0000000082300000| Untracked 
|  36|0x0000000082400000, 0x0000000082500000, 0x0000000082500000|100%| O|  |TAMS 0x0000000082500000, 0x0000000082400000| Untracked 
|  37|0x0000000082500000, 0x0000000082600000, 0x0000000082600000|100%| O|  |TAMS 0x0000000082600000, 0x0000000082500000| Untracked 
|  38|0x0000000082600000, 0x0000000082700000, 0x0000000082700000|100%| O|  |TAMS 0x0000000082700000, 0x0000000082600000| Untracked 
|  39|0x0000000082700000, 0x0000000082800000, 0x0000000082800000|100%| O|  |TAMS 0x0000000082800000, 0x0000000082700000| Untracked 
|  40|0x0000000082800000, 0x0000000082900000, 0x0000000082900000|100%|HS|  |TAMS 0x0000000082900000, 0x0000000082800000| Complete 
|  41|0x0000000082900000, 0x0000000082a00000, 0x0000000082a00000|100%|HS|  |TAMS 0x0000000082a00000, 0x0000000082900000| Complete 
|  42|0x0000000082a00000, 0x0000000082b00000, 0x0000000082b00000|100%|HS|  |TAMS 0x0000000082b00000, 0x0000000082a00000| Complete 
|  43|0x0000000082b00000, 0x0000000082c00000, 0x0000000082c00000|100%|HS|  |TAMS 0x0000000082c00000, 0x0000000082b00000| Complete 
|  44|0x0000000082c00000, 0x0000000082d00000, 0x0000000082d00000|100%| O|  |TAMS 0x0000000082d00000, 0x0000000082c00000| Untracked 
|  45|0x0000000082d00000, 0x0000000082e00000, 0x0000000082e00000|100%|HS|  |TAMS 0x0000000082e00000, 0x0000000082d00000| Complete 
|  46|0x0000000082e00000, 0x0000000082f00000, 0x0000000082f00000|100%| O|  |TAMS 0x0000000082f00000, 0x0000000082e00000| Untracked 
|  47|0x0000000082f00000, 0x0000000083000000, 0x0000000083000000|100%| O|  |TAMS 0x0000000083000000, 0x0000000082f00000| Untracked 
|  48|0x0000000083000000, 0x0000000083100000, 0x0000000083100000|100%| O|  |TAMS 0x0000000083100000, 0x0000000083000000| Untracked 
|  49|0x0000000083100000, 0x0000000083200000, 0x0000000083200000|100%| O|  |TAMS 0x0000000083200000, 0x0000000083100000| Untracked 
|  50|0x0000000083200000, 0x0000000083300000, 0x0000000083300000|100%| O|  |TAMS 0x0000000083300000, 0x0000000083200000| Untracked 
|  51|0x0000000083300000, 0x0000000083400000, 0x0000000083400000|100%| O|  |TAMS 0x0000000083400000, 0x0000000083300000| Untracked 
|  52|0x0000000083400000, 0x0000000083500000, 0x0000000083500000|100%| O|  |TAMS 0x0000000083500000, 0x0000000083400000| Untracked 
|  53|0x0000000083500000, 0x0000000083600000, 0x0000000083600000|100%| O|  |TAMS 0x00000000835bee00, 0x0000000083500000| Untracked 
|  54|0x0000000083600000, 0x0000000083700000, 0x0000000083700000|100%| O|  |TAMS 0x0000000083600000, 0x0000000083600000| Untracked 
|  55|0x0000000083700000, 0x0000000083700000, 0x0000000083800000|  0%| F|  |TAMS 0x0000000083700000, 0x0000000083700000| Untracked 
|  56|0x0000000083800000, 0x0000000083900000, 0x0000000083900000|100%|HS|  |TAMS 0x0000000083800000, 0x0000000083800000| Complete 
|  57|0x0000000083900000, 0x0000000083a00000, 0x0000000083a00000|100%|HS|  |TAMS 0x0000000083900000, 0x0000000083900000| Complete 
|  58|0x0000000083a00000, 0x0000000083b00000, 0x0000000083b00000|100%| O|  |TAMS 0x0000000083a00000, 0x0000000083a00000| Untracked 
|  59|0x0000000083b00000, 0x0000000083c00000, 0x0000000083c00000|100%| O|  |TAMS 0x0000000083b00000, 0x0000000083b00000| Untracked 
|  60|0x0000000083c00000, 0x0000000083d00000, 0x0000000083d00000|100%| O|  |TAMS 0x0000000083c00000, 0x0000000083c00000| Untracked 
|  61|0x0000000083d00000, 0x0000000083d23e00, 0x0000000083e00000| 14%| O|  |TAMS 0x0000000083d00000, 0x0000000083d00000| Untracked 
|  62|0x0000000083e00000, 0x0000000083e00000, 0x0000000083f00000|  0%| F|  |TAMS 0x0000000083e00000, 0x0000000083e00000| Untracked 
|  63|0x0000000083f00000, 0x0000000083f00000, 0x0000000084000000|  0%| F|  |TAMS 0x0000000083f00000, 0x0000000083f00000| Untracked 
|  64|0x0000000084000000, 0x0000000084000000, 0x0000000084100000|  0%| F|  |TAMS 0x0000000084000000, 0x0000000084000000| Untracked 
|  65|0x0000000084100000, 0x0000000084100000, 0x0000000084200000|  0%| F|  |TAMS 0x0000000084100000, 0x0000000084100000| Untracked 
|  66|0x0000000084200000, 0x0000000084200000, 0x0000000084300000|  0%| F|  |TAMS 0x0000000084200000, 0x0000000084200000| Untracked 
|  67|0x0000000084300000, 0x0000000084300000, 0x0000000084400000|  0%| F|  |TAMS 0x0000000084300000, 0x0000000084300000| Untracked 
|  68|0x0000000084400000, 0x0000000084400000, 0x0000000084500000|  0%| F|  |TAMS 0x0000000084400000, 0x0000000084400000| Untracked 
|  69|0x0000000084500000, 0x0000000084500000, 0x0000000084600000|  0%| F|  |TAMS 0x0000000084500000, 0x0000000084500000| Untracked 
|  70|0x0000000084600000, 0x0000000084600000, 0x0000000084700000|  0%| F|  |TAMS 0x0000000084600000, 0x0000000084600000| Untracked 
|  71|0x0000000084700000, 0x0000000084700000, 0x0000000084800000|  0%| F|  |TAMS 0x0000000084700000, 0x0000000084700000| Untracked 
|  72|0x0000000084800000, 0x0000000084800000, 0x0000000084900000|  0%| F|  |TAMS 0x0000000084800000, 0x0000000084800000| Untracked 
|  73|0x0000000084900000, 0x0000000084900000, 0x0000000084a00000|  0%| F|  |TAMS 0x0000000084900000, 0x0000000084900000| Untracked 
|  74|0x0000000084a00000, 0x0000000084a00000, 0x0000000084b00000|  0%| F|  |TAMS 0x0000000084a00000, 0x0000000084a00000| Untracked 
|  75|0x0000000084b00000, 0x0000000084b00000, 0x0000000084c00000|  0%| F|  |TAMS 0x0000000084b00000, 0x0000000084b00000| Untracked 
|  76|0x0000000084c00000, 0x0000000084c00000, 0x0000000084d00000|  0%| F|  |TAMS 0x0000000084c00000, 0x0000000084c00000| Untracked 
|  77|0x0000000084d00000, 0x0000000084d00000, 0x0000000084e00000|  0%| F|  |TAMS 0x0000000084d00000, 0x0000000084d00000| Untracked 
|  78|0x0000000084e00000, 0x0000000084e00000, 0x0000000084f00000|  0%| F|  |TAMS 0x0000000084e00000, 0x0000000084e00000| Untracked 
|  79|0x0000000084f00000, 0x0000000084f00000, 0x0000000085000000|  0%| F|  |TAMS 0x0000000084f00000, 0x0000000084f00000| Untracked 
|  80|0x0000000085000000, 0x0000000085000000, 0x0000000085100000|  0%| F|  |TAMS 0x0000000085000000, 0x0000000085000000| Untracked 
|  81|0x0000000085100000, 0x0000000085100000, 0x0000000085200000|  0%| F|  |TAMS 0x0000000085100000, 0x0000000085100000| Untracked 
|  82|0x0000000085200000, 0x0000000085200000, 0x0000000085300000|  0%| F|  |TAMS 0x0000000085200000, 0x0000000085200000| Untracked 
|  83|0x0000000085300000, 0x0000000085300000, 0x0000000085400000|  0%| F|  |TAMS 0x0000000085300000, 0x0000000085300000| Untracked 
|  84|0x0000000085400000, 0x0000000085400000, 0x0000000085500000|  0%| F|  |TAMS 0x0000000085400000, 0x0000000085400000| Untracked 
|  85|0x0000000085500000, 0x0000000085569c60, 0x0000000085600000| 41%| E|  |TAMS 0x0000000085500000, 0x0000000085500000| Complete 
|  86|0x0000000085600000, 0x0000000085700000, 0x0000000085700000|100%| E|CS|TAMS 0x0000000085600000, 0x0000000085600000| Complete 
|  87|0x0000000085700000, 0x0000000085800000, 0x0000000085800000|100%| E|CS|TAMS 0x0000000085700000, 0x0000000085700000| Complete 
|  88|0x0000000085800000, 0x0000000085900000, 0x0000000085900000|100%| E|CS|TAMS 0x0000000085800000, 0x0000000085800000| Complete 
|  89|0x0000000085900000, 0x0000000085a00000, 0x0000000085a00000|100%| E|CS|TAMS 0x0000000085900000, 0x0000000085900000| Complete 
|  90|0x0000000085a00000, 0x0000000085b00000, 0x0000000085b00000|100%| E|CS|TAMS 0x0000000085a00000, 0x0000000085a00000| Complete 
| 162|0x000000008a200000, 0x000000008a300000, 0x000000008a300000|100%| E|CS|TAMS 0x000000008a200000, 0x000000008a200000| Complete 
| 163|0x000000008a300000, 0x000000008a400000, 0x000000008a400000|100%| E|CS|TAMS 0x000000008a300000, 0x000000008a300000| Complete 
| 164|0x000000008a400000, 0x000000008a500000, 0x000000008a500000|100%| E|CS|TAMS 0x000000008a400000, 0x000000008a400000| Complete 
| 165|0x000000008a500000, 0x000000008a600000, 0x000000008a600000|100%| E|CS|TAMS 0x000000008a500000, 0x000000008a500000| Complete 
| 166|0x000000008a600000, 0x000000008a700000, 0x000000008a700000|100%| E|CS|TAMS 0x000000008a600000, 0x000000008a600000| Complete 
| 167|0x000000008a700000, 0x000000008a800000, 0x000000008a800000|100%| E|CS|TAMS 0x000000008a700000, 0x000000008a700000| Complete 
| 168|0x000000008a800000, 0x000000008a900000, 0x000000008a900000|100%| E|CS|TAMS 0x000000008a800000, 0x000000008a800000| Complete 
| 169|0x000000008a900000, 0x000000008aa00000, 0x000000008aa00000|100%| E|CS|TAMS 0x000000008a900000, 0x000000008a900000| Complete 
| 170|0x000000008aa00000, 0x000000008aaa4178, 0x000000008ab00000| 64%| S|CS|TAMS 0x000000008aa00000, 0x000000008aa00000| Complete 
| 221|0x000000008dd00000, 0x000000008de00000, 0x000000008de00000|100%| E|CS|TAMS 0x000000008dd00000, 0x000000008dd00000| Complete 

Card table byte_map: [0x000001e241950000,0x000001e241d50000] _byte_map_base: 0x000001e241550000

Marking Bits (Prev, Next): (CMBitMap*) 0x000001e22e85bfe0, (CMBitMap*) 0x000001e22e85c020
 Prev Bits: [0x000001e242150000, 0x000001e244150000)
 Next Bits: [0x000001e244150000, 0x000001e246150000)

Polling page: 0x000001e22c760000

Metaspace:

Usage:
  Non-class:     57.03 MB used.
      Class:      9.10 MB used.
       Both:     66.13 MB used.

Virtual space:
  Non-class space:       64.00 MB reserved,      57.38 MB ( 90%) committed,  1 nodes.
      Class space:        1.00 GB reserved,       9.38 MB ( <1%) committed,  1 nodes.
             Both:        1.06 GB reserved,      66.75 MB (  6%) committed. 

Chunk freelists:
   Non-Class:  6.34 MB
       Class:  6.50 MB
        Both:  12.84 MB

MaxMetaspaceSize: unlimited
CompressedClassSpaceSize: 1.00 GB
Initial GC threshold: 21.00 MB
Current GC threshold: 105.00 MB
CDS: off
MetaspaceReclaimPolicy: balanced
 - commit_granule_bytes: 65536.
 - commit_granule_words: 8192.
 - virtual_space_node_default_size: 8388608.
 - enlarge_chunks_in_place: 1.
 - new_chunks_are_fully_committed: 0.
 - uncommit_free_chunks: 1.
 - use_allocation_guard: 0.
 - handle_deallocations: 1.


Internal statistics:

num_allocs_failed_limit: 6.
num_arena_births: 764.
num_arena_deaths: 0.
num_vsnodes_births: 2.
num_vsnodes_deaths: 0.
num_space_committed: 1068.
num_space_uncommitted: 0.
num_chunks_returned_to_freelist: 6.
num_chunks_taken_from_freelist: 3124.
num_chunk_merges: 6.
num_chunk_splits: 2031.
num_chunks_enlarged: 1333.
num_inconsistent_stats: 0.

CodeHeap 'non-profiled nmethods': size=119168Kb used=3607Kb max_used=3607Kb free=115560Kb
 bounds [0x000001e239870000, 0x000001e239c00000, 0x000001e240cd0000]
CodeHeap 'profiled nmethods': size=119104Kb used=12798Kb max_used=12798Kb free=106305Kb
 bounds [0x000001e231cd0000, 0x000001e232950000, 0x000001e239120000]
CodeHeap 'non-nmethods': size=7488Kb used=3370Kb max_used=3389Kb free=4117Kb
 bounds [0x000001e239120000, 0x000001e239480000, 0x000001e239870000]
 total_blobs=7525 nmethods=6789 adapters=641
 compilation: enabled
              stopped_count=0, restarted_count=0
 full_count=0

Compilation events (20 events):
Event: 6.797 Thread 0x000001e2497456f0 7466       4       java.util.zip.CRC32::getValue (10 bytes)
Event: 6.798 Thread 0x000001e2497456f0 nmethod 7466 0x000001e239bf3910 code [0x000001e239bf3a80, 0x000001e239bf3af8]
Event: 6.812 Thread 0x000001e2494d6420 7467   !   3       java.util.concurrent.ConcurrentHashMap::computeIfAbsent (576 bytes)
Event: 6.812 Thread 0x000001e2497456f0 7468       4       java.lang.ClassLoader::defineClass (43 bytes)
Event: 6.815 Thread 0x000001e2494d6420 nmethod 7467 0x000001e232943c90 code [0x000001e2329440a0, 0x000001e2329463d8]
Event: 6.819 Thread 0x000001e2509e5070 7469       4       java.lang.ClassLoader::preDefineClass (118 bytes)
Event: 6.832 Thread 0x000001e249403840 7472       3       jdk.internal.loader.URLClassPath$JarLoader$2::getCodeSigners (8 bytes)
Event: 6.832 Thread 0x000001e249403840 nmethod 7472 0x000001e232947490 code [0x000001e232947640, 0x000001e232947808]
Event: 6.832 Thread 0x000001e249403840 7473       3       jdk.internal.loader.URLClassPath$JarLoader$2::getInputStream (15 bytes)
Event: 6.832 Thread 0x000001e24f9cc010 7474       3       java.security.CodeSource::<init> (52 bytes)
Event: 6.832 Thread 0x000001e249403840 nmethod 7473 0x000001e232947910 code [0x000001e232947ac0, 0x000001e232947ca8]
Event: 6.833 Thread 0x000001e24f9cc010 nmethod 7474 0x000001e232947d90 code [0x000001e232947f60, 0x000001e2329484d8]
Event: 6.833 Thread 0x000001e24ec29020 7475   !   3       java.net.URLClassLoader::defineClass (224 bytes)
Event: 6.835 Thread 0x000001e24ec29020 nmethod 7475 0x000001e232948610 code [0x000001e232948a20, 0x000001e23294a5f8]
Event: 6.835 Thread 0x000001e24ec29020 7476       3       java.security.SecureClassLoader$CodeSourceKey::equals (60 bytes)
Event: 6.835 Thread 0x000001e2494d6420 7477       3       java.security.CodeSource::matchCerts (254 bytes)
Event: 6.836 Thread 0x000001e24ec29020 nmethod 7476 0x000001e23294af90 code [0x000001e23294b180, 0x000001e23294b7b8]
Event: 6.836 Thread 0x000001e2494d6420 nmethod 7477 0x000001e23294b990 code [0x000001e23294bc00, 0x000001e23294c798]
Event: 6.837 Thread 0x000001e2494d6420 7478       3       java.lang.ClassLoader::compareCerts (197 bytes)
Event: 6.838 Thread 0x000001e2494d6420 nmethod 7478 0x000001e23294cb90 code [0x000001e23294cda0, 0x000001e23294d638]

GC Heap History (20 events):
Event: 5.371 GC heap before
{Heap before GC invocations=17 (full 0):
 garbage-first heap   total 86016K, used 68876K [0x0000000080000000, 0x0000000100000000)
  region size 1024K, 35 young (35840K), 5 survivors (5120K)
 Metaspace       used 56726K, committed 57280K, reserved 1114112K
  class space    used 7860K, committed 8128K, reserved 1048576K
}
Event: 5.377 GC heap after
{Heap after GC invocations=18 (full 0):
 garbage-first heap   total 86016K, used 41491K [0x0000000080000000, 0x0000000100000000)
  region size 1024K, 4 young (4096K), 4 survivors (4096K)
 Metaspace       used 56726K, committed 57280K, reserved 1114112K
  class space    used 7860K, committed 8128K, reserved 1048576K
}
Event: 5.524 GC heap before
{Heap before GC invocations=18 (full 0):
 garbage-first heap   total 86016K, used 53779K [0x0000000080000000, 0x0000000100000000)
  region size 1024K, 18 young (18432K), 4 survivors (4096K)
 Metaspace       used 57042K, committed 57664K, reserved 1114112K
  class space    used 7894K, committed 8192K, reserved 1048576K
}
Event: 5.527 GC heap after
{Heap after GC invocations=19 (full 0):
 garbage-first heap   total 86016K, used 42276K [0x0000000080000000, 0x0000000100000000)
  region size 1024K, 3 young (3072K), 3 survivors (3072K)
 Metaspace       used 57042K, committed 57664K, reserved 1114112K
  class space    used 7894K, committed 8192K, reserved 1048576K
}
Event: 5.723 GC heap before
{Heap before GC invocations=20 (full 0):
 garbage-first heap   total 86016K, used 71972K [0x0000000080000000, 0x0000000100000000)
  region size 1024K, 27 young (27648K), 3 survivors (3072K)
 Metaspace       used 58411K, committed 59008K, reserved 1114112K
  class space    used 8101K, committed 8384K, reserved 1048576K
}
Event: 5.726 GC heap after
{Heap after GC invocations=21 (full 0):
 garbage-first heap   total 86016K, used 52603K [0x0000000080000000, 0x0000000100000000)
  region size 1024K, 4 young (4096K), 4 survivors (4096K)
 Metaspace       used 58411K, committed 59008K, reserved 1114112K
  class space    used 8101K, committed 8384K, reserved 1048576K
}
Event: 5.731 GC heap before
{Heap before GC invocations=21 (full 0):
 garbage-first heap   total 86016K, used 53627K [0x0000000080000000, 0x0000000100000000)
  region size 1024K, 5 young (5120K), 4 survivors (4096K)
 Metaspace       used 58445K, committed 59008K, reserved 1114112K
  class space    used 8104K, committed 8384K, reserved 1048576K
}
Event: 5.732 GC heap after
{Heap after GC invocations=22 (full 0):
 garbage-first heap   total 103424K, used 52312K [0x0000000080000000, 0x0000000100000000)
  region size 1024K, 1 young (1024K), 1 survivors (1024K)
 Metaspace       used 58445K, committed 59008K, reserved 1114112K
  class space    used 8104K, committed 8384K, reserved 1048576K
}
Event: 5.742 GC heap before
{Heap before GC invocations=22 (full 0):
 garbage-first heap   total 103424K, used 53336K [0x0000000080000000, 0x0000000100000000)
  region size 1024K, 3 young (3072K), 1 survivors (1024K)
 Metaspace       used 58551K, committed 59136K, reserved 1114112K
  class space    used 8113K, committed 8384K, reserved 1048576K
}
Event: 5.743 GC heap after
{Heap after GC invocations=23 (full 0):
 garbage-first heap   total 103424K, used 52262K [0x0000000080000000, 0x0000000100000000)
  region size 1024K, 1 young (1024K), 1 survivors (1024K)
 Metaspace       used 58551K, committed 59136K, reserved 1114112K
  class space    used 8113K, committed 8384K, reserved 1048576K
}
Event: 5.984 GC heap before
{Heap before GC invocations=24 (full 0):
 garbage-first heap   total 103424K, used 79910K [0x0000000080000000, 0x0000000100000000)
  region size 1024K, 27 young (27648K), 1 survivors (1024K)
 Metaspace       used 60628K, committed 61248K, reserved 1114112K
  class space    used 8405K, committed 8704K, reserved 1048576K
}
Event: 5.985 GC heap after
{Heap after GC invocations=25 (full 0):
 garbage-first heap   total 103424K, used 54021K [0x0000000080000000, 0x0000000100000000)
  region size 1024K, 2 young (2048K), 2 survivors (2048K)
 Metaspace       used 60628K, committed 61248K, reserved 1114112K
  class space    used 8405K, committed 8704K, reserved 1048576K
}
Event: 6.027 GC heap before
{Heap before GC invocations=25 (full 0):
 garbage-first heap   total 103424K, used 56069K [0x0000000080000000, 0x0000000100000000)
  region size 1024K, 5 young (5120K), 2 survivors (2048K)
 Metaspace       used 60883K, committed 61504K, reserved 1114112K
  class space    used 8428K, committed 8704K, reserved 1048576K
}
Event: 6.028 GC heap after
{Heap after GC invocations=26 (full 0):
 garbage-first heap   total 103424K, used 53716K [0x0000000080000000, 0x0000000100000000)
  region size 1024K, 1 young (1024K), 1 survivors (1024K)
 Metaspace       used 60883K, committed 61504K, reserved 1114112K
  class space    used 8428K, committed 8704K, reserved 1048576K
}
Event: 6.280 GC heap before
{Heap before GC invocations=26 (full 0):
 garbage-first heap   total 103424K, used 80340K [0x0000000080000000, 0x0000000100000000)
  region size 1024K, 28 young (28672K), 1 survivors (1024K)
 Metaspace       used 63846K, committed 64448K, reserved 1114112K
  class space    used 8752K, committed 9024K, reserved 1048576K
}
Event: 6.282 GC heap after
{Heap after GC invocations=27 (full 0):
 garbage-first heap   total 103424K, used 54107K [0x0000000080000000, 0x0000000100000000)
  region size 1024K, 1 young (1024K), 1 survivors (1024K)
 Metaspace       used 63846K, committed 64448K, reserved 1114112K
  class space    used 8752K, committed 9024K, reserved 1048576K
}
Event: 6.676 GC heap before
{Heap before GC invocations=28 (full 0):
 garbage-first heap   total 103424K, used 83803K [0x0000000080000000, 0x0000000100000000)
  region size 1024K, 29 young (29696K), 1 survivors (1024K)
 Metaspace       used 67126K, committed 67776K, reserved 1114112K
  class space    used 9213K, committed 9536K, reserved 1048576K
}
Event: 6.679 GC heap after
{Heap after GC invocations=29 (full 0):
 garbage-first heap   total 103424K, used 58729K [0x0000000080000000, 0x0000000100000000)
  region size 1024K, 4 young (4096K), 4 survivors (4096K)
 Metaspace       used 67126K, committed 67776K, reserved 1114112K
  class space    used 9213K, committed 9536K, reserved 1048576K
}
Event: 6.685 GC heap before
{Heap before GC invocations=29 (full 0):
 garbage-first heap   total 103424K, used 62825K [0x0000000080000000, 0x0000000100000000)
  region size 1024K, 5 young (5120K), 4 survivors (4096K)
 Metaspace       used 67126K, committed 67776K, reserved 1114112K
  class space    used 9213K, committed 9536K, reserved 1048576K
}
Event: 6.689 GC heap after
{Heap after GC invocations=30 (full 0):
 garbage-first heap   total 103424K, used 61215K [0x0000000080000000, 0x0000000100000000)
  region size 1024K, 1 young (1024K), 1 survivors (1024K)
 Metaspace       used 67126K, committed 67776K, reserved 1114112K
  class space    used 9213K, committed 9536K, reserved 1048576K
}

Dll operation events (3 events):
Event: 0.006 Loaded shared library C:\Program Files\Android\Android Studio\jbr\bin\java.dll
Event: 0.107 Loaded shared library C:\Program Files\Android\Android Studio\jbr\bin\zip.dll
Event: 0.345 Loaded shared library C:\Program Files\Android\Android Studio\jbr\bin\verify.dll

Deoptimization events (20 events):
Event: 6.726 Thread 0x000001e25059c5e0 DEOPT PACKING pc=0x000001e23291f338 sp=0x000000530a6f2370
Event: 6.726 Thread 0x000001e25059c5e0 DEOPT UNPACKING pc=0x000001e239177143 sp=0x000000530a6f17f0 mode 0
Event: 6.726 Thread 0x000001e25059c5e0 DEOPT PACKING pc=0x000001e232937938 sp=0x000000530a6f2340
Event: 6.726 Thread 0x000001e25059c5e0 DEOPT UNPACKING pc=0x000001e239177143 sp=0x000000530a6f17c0 mode 0
Event: 6.726 Thread 0x000001e25059c5e0 DEOPT PACKING pc=0x000001e232937938 sp=0x000000530a6f2340
Event: 6.726 Thread 0x000001e25059c5e0 DEOPT UNPACKING pc=0x000001e239177143 sp=0x000000530a6f17c0 mode 0
Event: 6.726 Thread 0x000001e25059c5e0 DEOPT PACKING pc=0x000001e232937938 sp=0x000000530a6f2340
Event: 6.726 Thread 0x000001e25059c5e0 DEOPT UNPACKING pc=0x000001e239177143 sp=0x000000530a6f17c0 mode 0
Event: 6.727 Thread 0x000001e25059c5e0 DEOPT PACKING pc=0x000001e232937938 sp=0x000000530a6f2340
Event: 6.727 Thread 0x000001e25059c5e0 DEOPT UNPACKING pc=0x000001e239177143 sp=0x000000530a6f17c0 mode 0
Event: 6.727 Thread 0x000001e25059c5e0 DEOPT PACKING pc=0x000001e232937938 sp=0x000000530a6f2340
Event: 6.727 Thread 0x000001e25059c5e0 DEOPT UNPACKING pc=0x000001e239177143 sp=0x000000530a6f17c0 mode 0
Event: 6.733 Thread 0x000001e25059c5e0 Uncommon trap: trap_request=0xffffff45 fr.pc=0x000001e239a40614 relative=0x00000000000001f4
Event: 6.733 Thread 0x000001e25059c5e0 Uncommon trap: reason=unstable_if action=reinterpret pc=0x000001e239a40614 method=java.util.jar.JarFile.maybeInstantiateVerifier()V @ 4 c2
Event: 6.733 Thread 0x000001e25059c5e0 DEOPT PACKING pc=0x000001e239a40614 sp=0x000000530a6f2eb0
Event: 6.733 Thread 0x000001e25059c5e0 DEOPT UNPACKING pc=0x000001e2391769a3 sp=0x000000530a6f2e08 mode 2
Event: 6.738 Thread 0x000001e25059c5e0 Uncommon trap: trap_request=0xffffff45 fr.pc=0x000001e239ac1b80 relative=0x00000000000001e0
Event: 6.738 Thread 0x000001e25059c5e0 Uncommon trap: reason=unstable_if action=reinterpret pc=0x000001e239ac1b80 method=java.security.CodeSource.matchCerts(Ljava/security/CodeSource;Z)Z @ 11 c2
Event: 6.738 Thread 0x000001e25059c5e0 DEOPT PACKING pc=0x000001e239ac1b80 sp=0x000000530a6f1210
Event: 6.738 Thread 0x000001e25059c5e0 DEOPT UNPACKING pc=0x000001e2391769a3 sp=0x000000530a6f1130 mode 2

Classes unloaded (0 events):
No events

Classes redefined (0 events):
No events

Internal exceptions (20 events):
Event: 5.211 Thread 0x000001e25059c5e0 Exception <a 'java/lang/NoSuchMethodError'{0x0000000083241ce8}: 'java.lang.Object java.lang.invoke.Invokers$Holder.linkToTargetMethod(java.lang.Object, java.lang.Object, java.lang.Object, int, java.lang.Object, java.lang.Object)'> (0x0000000083241ce8) 
thrown [s\src\hotspot\share\interpreter\linkResolver.cpp, line 771]
Event: 5.445 Thread 0x000001e25059c5e0 Exception <a 'java/lang/NoSuchMethodError'{0x000000008a340490}: 'long java.lang.invoke.DirectMethodHandle$Holder.invokeVirtual(java.lang.Object, java.lang.Object)'> (0x000000008a340490) 
thrown [s\src\hotspot\share\interpreter\linkResolver.cpp, line 771]
Event: 5.449 Thread 0x000001e25059a780 Exception <a 'java/lang/NoSuchMethodError'{0x000000008a3b5258}: static Lorg/gradle/internal/build/event/types/DefaultOperationFinishedProgressEvent;.<clinit>()V> (0x000000008a3b5258) 
thrown [s\src\hotspot\share\prims\jni.cpp, line 1108]
Event: 5.451 Thread 0x000001e25059a780 Exception <a 'java/lang/NoSuchMethodError'{0x000000008a3dfb10}: static Lorg/gradle/internal/build/event/types/DefaultProjectConfigurationSuccessResult;.<clinit>()V> (0x000000008a3dfb10) 
thrown [s\src\hotspot\share\prims\jni.cpp, line 1108]
Event: 5.451 Thread 0x000001e25059a780 Exception <a 'java/lang/NoSuchMethodError'{0x000000008a3e44f0}: static Lorg/gradle/internal/build/event/types/AbstractProjectConfigurationResult;.<clinit>()V> (0x000000008a3e44f0) 
thrown [s\src\hotspot\share\prims\jni.cpp, line 1108]
Event: 5.451 Thread 0x000001e25059a780 Exception <a 'java/lang/NoSuchMethodError'{0x000000008a3e5c38}: static Lorg/gradle/internal/build/event/types/AbstractOperationResult;.<clinit>()V> (0x000000008a3e5c38) 
thrown [s\src\hotspot\share\prims\jni.cpp, line 1108]
Event: 5.451 Thread 0x000001e25059a780 Exception <a 'java/lang/NoSuchMethodError'{0x000000008a3e7088}: static Lorg/gradle/internal/build/event/types/AbstractResult;.<clinit>()V> (0x000000008a3e7088) 
thrown [s\src\hotspot\share\prims\jni.cpp, line 1108]
Event: 5.453 Thread 0x000001e25059a780 Exception <a 'java/lang/NoSuchMethodError'{0x000000008a200368}: static Lorg/gradle/internal/build/event/types/DefaultPluginApplicationResult;.<clinit>()V> (0x000000008a200368) 
thrown [s\src\hotspot\share\prims\jni.cpp, line 1108]
Event: 5.454 Thread 0x000001e25059a780 Exception <a 'java/lang/NoSuchMethodError'{0x000000008a20cf58}: static Lorg/gradle/internal/build/event/types/DefaultBinaryPluginIdentifier;.<clinit>()V> (0x000000008a20cf58) 
thrown [s\src\hotspot\share\prims\jni.cpp, line 1108]
Event: 5.457 Thread 0x000001e25059a780 Exception <a 'java/lang/NoSuchMethodError'{0x000000008a227d18}: static Lorg/gradle/internal/build/event/types/DefaultScriptPluginIdentifier;.<clinit>()V> (0x000000008a227d18) 
thrown [s\src\hotspot\share\prims\jni.cpp, line 1108]
Event: 5.514 Thread 0x000001e25059c5e0 Implicit null exception at 0x000001e2399bf192 to 0x000001e2399bf878
Event: 5.515 Thread 0x000001e25059c5e0 Implicit null exception at 0x000001e2399bcb14 to 0x000001e2399bd188
Event: 5.555 Thread 0x000001e25059c5e0 Exception <a 'java/lang/NoSuchMethodError'{0x000000008aae3f10}: 'void java.lang.invoke.Invokers$Holder.invoke_MT(java.lang.Object, java.lang.Object, java.lang.Object, java.lang.Object)'> (0x000000008aae3f10) 
thrown [s\src\hotspot\share\interpreter\linkResolver.cpp, line 771]
Event: 5.560 Thread 0x000001e25059c5e0 Exception <a 'java/lang/NoSuchMethodError'{0x000000008a92d818}: 'java.lang.Object java.lang.invoke.DirectMethodHandle$Holder.invokeSpecial(java.lang.Object, java.lang.Object, java.lang.Object, int, java.lang.Object, java.lang.Object)'> (0x000000008a92d818) 
thrown [s\src\hotspot\share\interpreter\linkResolver.cpp, line 771]
Event: 5.618 Thread 0x000001e25059c5e0 Exception <a 'java/lang/ClassNotFoundException'{0x0000000084972a30}: sun/misc/SharedSecrets> (0x0000000084972a30) 
thrown [s\src\hotspot\share\classfile\systemDictionary.cpp, line 256]
Event: 5.618 Thread 0x000001e25059c5e0 Exception <a 'java/lang/ClassNotFoundException'{0x0000000084974008}: org/gradle/api/internal/plugins/DefaultObjectConfigurationActionBeanInfo> (0x0000000084974008) 
thrown [s\src\hotspot\share\classfile\systemDictionary.cpp, line 256]
Event: 5.619 Thread 0x000001e25059c5e0 Exception <a 'java/lang/ClassNotFoundException'{0x000000008498ac48}: org/gradle/api/internal/plugins/DefaultObjectConfigurationActionCustomizer> (0x000000008498ac48) 
thrown [s\src\hotspot\share\classfile\systemDictionary.cpp, line 256]
Event: 6.609 Thread 0x000001e25059c5e0 Implicit null exception at 0x000001e239a72e8c to 0x000001e239a72fc2
Event: 6.699 Thread 0x000001e25059c5e0 Implicit null exception at 0x000001e239bdf5ca to 0x000001e239bdfdfe
Event: 6.742 Thread 0x000001e25059c5e0 Exception <a 'sun/nio/fs/WindowsException'{0x000000008a411238}> (0x000000008a411238) 
thrown [s\src\hotspot\share\prims\jni.cpp, line 517]

VM Operations (20 events):
Event: 5.984 Executing VM operation: G1CollectForAllocation
Event: 5.985 Executing VM operation: G1CollectForAllocation done
Event: 6.027 Executing VM operation: G1CollectForAllocation
Event: 6.028 Executing VM operation: G1CollectForAllocation done
Event: 6.280 Executing VM operation: G1CollectForAllocation
Event: 6.282 Executing VM operation: G1CollectForAllocation done
Event: 6.304 Executing VM operation: G1PauseRemark
Event: 6.307 Executing VM operation: G1PauseRemark done
Event: 6.317 Executing VM operation: G1PauseCleanup
Event: 6.317 Executing VM operation: G1PauseCleanup done
Event: 6.580 Executing VM operation: HandshakeAllThreads
Event: 6.580 Executing VM operation: HandshakeAllThreads done
Event: 6.616 Executing VM operation: HandshakeAllThreads
Event: 6.617 Executing VM operation: HandshakeAllThreads done
Event: 6.668 Executing VM operation: HandshakeAllThreads
Event: 6.669 Executing VM operation: HandshakeAllThreads done
Event: 6.676 Executing VM operation: G1CollectForAllocation
Event: 6.679 Executing VM operation: G1CollectForAllocation done
Event: 6.685 Executing VM operation: G1CollectForAllocation
Event: 6.689 Executing VM operation: G1CollectForAllocation done

Events (20 events):
Event: 6.661 loading class java/security/interfaces/XECKey done
Event: 6.662 loading class sun/security/util/KeyUtil
Event: 6.662 loading class sun/security/util/KeyUtil done
Event: 6.662 loading class sun/security/util/Length
Event: 6.662 loading class sun/security/util/Length done
Event: 6.662 loading class javax/crypto/SecretKey
Event: 6.662 loading class javax/crypto/SecretKey done
Event: 6.663 loading class java/util/Base64
Event: 6.663 loading class java/util/Base64 done
Event: 6.663 loading class java/util/Base64$Decoder
Event: 6.663 loading class java/util/Base64$Decoder done
Event: 6.663 loading class java/util/Base64$Encoder
Event: 6.663 loading class java/util/Base64$Encoder done
Event: 6.665 loading class java/util/jar/JarVerifier$VerifierStream
Event: 6.665 loading class java/util/jar/JarVerifier$VerifierStream done
Event: 6.665 loading class sun/security/util/ManifestEntryVerifier$SunProviderHolder
Event: 6.665 loading class sun/security/util/ManifestEntryVerifier$SunProviderHolder done
Event: 6.671 Thread 0x000001e249407740 flushing nmethod 0x000001e231dc9710
Event: 6.740 loading class java/security/KeyStore$ProtectionParameter
Event: 6.740 loading class java/security/KeyStore$ProtectionParameter done


Dynamic libraries:
0x00007ff7cbef0000 - 0x00007ff7cbefa000 	C:\Program Files\Android\Android Studio\jbr\bin\java.exe
0x00007ffb40e90000 - 0x00007ffb410a7000 	C:\Windows\SYSTEM32\ntdll.dll
0x00007ffb3f9e0000 - 0x00007ffb3faa4000 	C:\Windows\System32\KERNEL32.DLL
0x00007ffb3e3c0000 - 0x00007ffb3e76d000 	C:\Windows\System32\KERNELBASE.dll
0x00007ffb3e980000 - 0x00007ffb3ea91000 	C:\Windows\System32\ucrtbase.dll
0x00007ffb23bd0000 - 0x00007ffb23be7000 	C:\Program Files\Android\Android Studio\jbr\bin\jli.dll
0x00007ffb23bb0000 - 0x00007ffb23bcb000 	C:\Program Files\Android\Android Studio\jbr\bin\VCRUNTIME140.dll
0x00007ffb40ab0000 - 0x00007ffb40c5e000 	C:\Windows\System32\USER32.dll
0x00007ffb3e770000 - 0x00007ffb3e796000 	C:\Windows\System32\win32u.dll
0x00007ffb262e0000 - 0x00007ffb26573000 	C:\Windows\WinSxS\amd64_microsoft.windows.common-controls_6595b64144ccf1df_6.0.22621.3672_none_2713b9d173822955\COMCTL32.dll
0x00007ffb3fff0000 - 0x00007ffb40019000 	C:\Windows\System32\GDI32.dll
0x00007ffb3f030000 - 0x00007ffb3f0d7000 	C:\Windows\System32\msvcrt.dll
0x00007ffb3eaa0000 - 0x00007ffb3ebb9000 	C:\Windows\System32\gdi32full.dll
0x00007ffb3e320000 - 0x00007ffb3e3ba000 	C:\Windows\System32\msvcp_win.dll
0x00007ffb40a70000 - 0x00007ffb40aa1000 	C:\Windows\System32\IMM32.DLL
0x00007ffb240b0000 - 0x00007ffb240bc000 	C:\Program Files\Android\Android Studio\jbr\bin\vcruntime140_1.dll
0x00007ffb1c210000 - 0x00007ffb1c29d000 	C:\Program Files\Android\Android Studio\jbr\bin\msvcp140.dll
0x00007ffae12d0000 - 0x00007ffae1f53000 	C:\Program Files\Android\Android Studio\jbr\bin\server\jvm.dll
0x00007ffb3ed20000 - 0x00007ffb3edd2000 	C:\Windows\System32\ADVAPI32.dll
0x00007ffb3f8a0000 - 0x00007ffb3f949000 	C:\Windows\System32\sechost.dll
0x00007ffb3e8d0000 - 0x00007ffb3e8f8000 	C:\Windows\System32\bcrypt.dll
0x00007ffb3f1e0000 - 0x00007ffb3f2f4000 	C:\Windows\System32\RPCRT4.dll
0x00007ffb3e070000 - 0x00007ffb3e0bd000 	C:\Windows\SYSTEM32\POWRPROF.dll
0x00007ffb28490000 - 0x00007ffb28499000 	C:\Windows\SYSTEM32\WSOCK32.dll
0x00007ffb37e40000 - 0x00007ffb37e74000 	C:\Windows\SYSTEM32\WINMM.dll
0x00007ffb35130000 - 0x00007ffb3513a000 	C:\Windows\SYSTEM32\VERSION.dll
0x00007ffb3f950000 - 0x00007ffb3f9c1000 	C:\Windows\System32\WS2_32.dll
0x00007ffb3e050000 - 0x00007ffb3e063000 	C:\Windows\SYSTEM32\UMPDC.dll
0x00007ffb3d1a0000 - 0x00007ffb3d1b8000 	C:\Windows\SYSTEM32\kernel.appcore.dll
0x00007ffb39ac0000 - 0x00007ffb39aca000 	C:\Program Files\Android\Android Studio\jbr\bin\jimage.dll
0x00007ffb3bd10000 - 0x00007ffb3bf42000 	C:\Windows\SYSTEM32\DBGHELP.DLL
0x00007ffb3fab0000 - 0x00007ffb3fe3d000 	C:\Windows\System32\combase.dll
0x00007ffb40890000 - 0x00007ffb40967000 	C:\Windows\System32\OLEAUT32.dll
0x00007ffb30890000 - 0x00007ffb308c2000 	C:\Windows\SYSTEM32\dbgcore.DLL
0x00007ffb3e900000 - 0x00007ffb3e97b000 	C:\Windows\System32\bcryptPrimitives.dll
0x00007ffb23fb0000 - 0x00007ffb23fbe000 	C:\Program Files\Android\Android Studio\jbr\bin\instrument.dll
0x00007ffb27680000 - 0x00007ffb276a5000 	C:\Program Files\Android\Android Studio\jbr\bin\java.dll
0x00007ffb29af0000 - 0x00007ffb29b08000 	C:\Program Files\Android\Android Studio\jbr\bin\zip.dll
0x00007ffb40020000 - 0x00007ffb40888000 	C:\Windows\System32\SHELL32.dll
0x00007ffb3c0b0000 - 0x00007ffb3c9ae000 	C:\Windows\SYSTEM32\windows.storage.dll
0x00007ffb3bf70000 - 0x00007ffb3c0af000 	C:\Windows\SYSTEM32\wintypes.dll
0x00007ffb3f0e0000 - 0x00007ffb3f1d9000 	C:\Windows\System32\SHCORE.dll
0x00007ffb3ebe0000 - 0x00007ffb3ec3e000 	C:\Windows\System32\shlwapi.dll
0x00007ffb3e0e0000 - 0x00007ffb3e101000 	C:\Windows\SYSTEM32\profapi.dll
0x00007ffb24fd0000 - 0x00007ffb24fe9000 	C:\Program Files\Android\Android Studio\jbr\bin\net.dll
0x00007ffb3a280000 - 0x00007ffb3a3b6000 	C:\Windows\SYSTEM32\WINHTTP.dll
0x00007ffb3d600000 - 0x00007ffb3d669000 	C:\Windows\system32\mswsock.dll
0x00007ffb24090000 - 0x00007ffb240a6000 	C:\Program Files\Android\Android Studio\jbr\bin\nio.dll
0x00007ffb27000000 - 0x00007ffb27010000 	C:\Program Files\Android\Android Studio\jbr\bin\verify.dll
0x00007ffb21b10000 - 0x00007ffb21b37000 	C:\Users\user\.gradle\native\c067742578af261105cb4f569cf0c3c89f3d7b1fecec35dd04571415982c5e48\windows-amd64\native-platform.dll
0x00007ffaf84a0000 - 0x00007ffaf85e4000 	C:\Users\user\.gradle\native\38dada09dfb8b06ba9b0570ebf7e218e3eb74d4ef43ca46872605cf95ebc2f47\windows-amd64\native-platform-file-events.dll
0x00007ffb24080000 - 0x00007ffb24089000 	C:\Program Files\Android\Android Studio\jbr\bin\management.dll
0x00007ffb24070000 - 0x00007ffb2407b000 	C:\Program Files\Android\Android Studio\jbr\bin\management_ext.dll
0x00007ffb3f350000 - 0x00007ffb3f358000 	C:\Windows\System32\PSAPI.DLL
0x00007ffb3d950000 - 0x00007ffb3d96b000 	C:\Windows\SYSTEM32\CRYPTSP.dll
0x00007ffb3d100000 - 0x00007ffb3d135000 	C:\Windows\system32\rsaenh.dll
0x00007ffb3d6a0000 - 0x00007ffb3d6c8000 	C:\Windows\SYSTEM32\USERENV.dll
0x00007ffb3d930000 - 0x00007ffb3d93c000 	C:\Windows\SYSTEM32\CRYPTBASE.dll
0x00007ffb3cc10000 - 0x00007ffb3cc3d000 	C:\Windows\SYSTEM32\IPHLPAPI.DLL
0x00007ffb3f410000 - 0x00007ffb3f419000 	C:\Windows\System32\NSI.dll
0x00007ffb39fa0000 - 0x00007ffb39fb9000 	C:\Windows\SYSTEM32\dhcpcsvc6.DLL
0x00007ffb39f80000 - 0x00007ffb39f9f000 	C:\Windows\SYSTEM32\dhcpcsvc.DLL
0x00007ffb3cc80000 - 0x00007ffb3cd78000 	C:\Windows\SYSTEM32\DNSAPI.dll
0x00007ffb245a0000 - 0x00007ffb245a9000 	C:\Program Files\Android\Android Studio\jbr\bin\extnet.dll
0x00007ffb24dd0000 - 0x00007ffb24dd8000 	C:\Windows\system32\wshunix.dll

dbghelp: loaded successfully - version: 4.0.5 - missing functions: none
symbol engine: initialized successfully - sym options: 0x614 - pdb path: .;C:\Program Files\Android\Android Studio\jbr\bin;C:\Windows\SYSTEM32;C:\Windows\WinSxS\amd64_microsoft.windows.common-controls_6595b64144ccf1df_6.0.22621.3672_none_2713b9d173822955;C:\Program Files\Android\Android Studio\jbr\bin\server;C:\Users\user\.gradle\native\c067742578af261105cb4f569cf0c3c89f3d7b1fecec35dd04571415982c5e48\windows-amd64;C:\Users\user\.gradle\native\38dada09dfb8b06ba9b0570ebf7e218e3eb74d4ef43ca46872605cf95ebc2f47\windows-amd64

VM Arguments:
jvm_args: --add-opens=java.base/java.util=ALL-UNNAMED --add-opens=java.base/java.lang=ALL-UNNAMED --add-opens=java.base/java.lang.invoke=ALL-UNNAMED --add-opens=java.prefs/java.util.prefs=ALL-UNNAMED --add-opens=java.base/java.nio.charset=ALL-UNNAMED --add-opens=java.base/java.net=ALL-UNNAMED --add-opens=java.base/java.util.concurrent.atomic=ALL-UNNAMED -Xmx2048m -Dfile.encoding=UTF-8 -Duser.country=US -Duser.language=en -Duser.variant -javaagent:C:\Users\user\.gradle\wrapper\dists\gradle-8.6-bin\afr5mpiioh2wthjmwnkmdsd5w\gradle-8.6\lib\agents\gradle-instrumentation-agent-8.6.jar 
java_command: org.gradle.launcher.daemon.bootstrap.GradleDaemon 8.6
java_class_path (initial): C:\Users\user\.gradle\wrapper\dists\gradle-8.6-bin\afr5mpiioh2wthjmwnkmdsd5w\gradle-8.6\lib\gradle-launcher-8.6.jar
Launcher Type: SUN_STANDARD

[Global flags]
     intx CICompilerCount                          = 12                                        {product} {ergonomic}
     uint ConcGCThreads                            = 3                                         {product} {ergonomic}
     uint G1ConcRefinementThreads                  = 13                                        {product} {ergonomic}
   size_t G1HeapRegionSize                         = 1048576                                   {product} {ergonomic}
    uintx GCDrainStackTargetSize                   = 64                                        {product} {ergonomic}
   size_t InitialHeapSize                          = 232783872                                 {product} {ergonomic}
   size_t MarkStackSize                            = 4194304                                   {product} {ergonomic}
   size_t MaxHeapSize                              = 2147483648                                {product} {command line}
   size_t MaxNewSize                               = 1287651328                                {product} {ergonomic}
   size_t MinHeapDeltaBytes                        = 1048576                                   {product} {ergonomic}
   size_t MinHeapSize                              = 8388608                                   {product} {ergonomic}
    uintx NonNMethodCodeHeapSize                   = 7602480                                {pd product} {ergonomic}
    uintx NonProfiledCodeHeapSize                  = 122027880                              {pd product} {ergonomic}
    uintx ProfiledCodeHeapSize                     = 122027880                              {pd product} {ergonomic}
    uintx ReservedCodeCacheSize                    = 251658240                              {pd product} {ergonomic}
     bool SegmentedCodeCache                       = true                                      {product} {ergonomic}
   size_t SoftMaxHeapSize                          = 2147483648                             {manageable} {ergonomic}
     bool UseCompressedClassPointers               = true                           {product lp64_product} {ergonomic}
     bool UseCompressedOops                        = true                           {product lp64_product} {ergonomic}
     bool UseG1GC                                  = true                                      {product} {ergonomic}
     bool UseLargePagesIndividualAllocation        = false                                  {pd product} {ergonomic}

Logging:
Log output configuration:
 #0: stdout all=warning uptime,level,tags
 #1: stderr all=off uptime,level,tags

Environment Variables:
JAVA_HOME=C:\Program Files\Java\jdk1.8.0_202
PATH=C:\Program Files\Java\jdk-22;C:\Program Files\Common Files\Oracle\Java\javapath;C:\Program Files (x86)\Common Files\Oracle\Java\java8path;C:\Program Files (x86)\Common Files\Oracle\Java\javapath;C:\Program Files\Java\jdk1.8.0_202\bin;C:\Program Files (x86)\VMware\VMware Workstation\bin\;D:\kotlinc\bin;C:\Windows\system32;C:\Windows;C:\Windows\System32\Wbem;C:\Windows\System32\WindowsPowerShell\v1.0\;C:\Windows\System32\OpenSSH\;C:\Program Files (x86)\NVIDIA Corporation\PhysX\Common;C:\Program Files\NVIDIA Corporation\NVIDIA NvDLISR;C:\Program Files\Java\jdk1.8.0_202\bin;C:\Program Files\dotnet\;C:\Program Files\Microsoft SQL Server\150\Tools\Binn\;C:\Program Files\Git\cmd;C:\Users\user\AppData\Local\Microsoft\WindowsApps;C:\Users\user\Ahmed\flutter\bin;C:\Program Files\Java\jdk1.8.0_202\bin
USERNAME=user
OS=Windows_NT
PROCESSOR_IDENTIFIER=AMD64 Family 25 Model 80 Stepping 0, AuthenticAMD
TMP=C:\Users\user\AppData\Local\Temp
TEMP=C:\Users\user\AppData\Local\Temp



Periodic native trim disabled

JNI global refs:
JNI global refs: 42, weak refs: 0

JNI global refs memory usage: 843, weak refs: 841

OOME stack traces (most recent first):
Classloader memory used:
Loader org.gradle.internal.classloader.VisitableURLClassLoader                         : 3643K
Loader bootstrap                                                                       : 2695K
Loader org.gradle.initialization.MixInLegacyTypesClassLoader                           : 1224K
Loader org.gradle.internal.classloader.VisitableURLClassLoader$InstrumentingVisitableURLClassLoader: 773K
Loader jdk.internal.loader.ClassLoaders$PlatformClassLoader                            : 67338B
Loader jdk.internal.reflect.DelegatingClassLoader                                      : 31370B
Loader jdk.internal.loader.ClassLoaders$AppClassLoader                                 : 28733B
Loader org.gradle.internal.classloader.VisitableURLClassLoader                         : 8984B

Classes loaded by more than one classloader:
Class Program                                                                         : loaded 4 times (x 72B)
Class com.google.common.collect.Iterators$MergingIterator                             : loaded 2 times (x 79B)
Class [Lcom.google.common.collect.AbstractMapEntry;                                   : loaded 2 times (x 67B)
Class com.google.common.collect.SingletonImmutableList                                : loaded 2 times (x 167B)
Class com.google.common.cache.CacheLoader$SupplierToCacheLoader                       : loaded 2 times (x 73B)
Class org.gradle.internal.classpath.ClassPath                                         : loaded 2 times (x 68B)
Class com.google.common.cache.RemovalListener                                         : loaded 2 times (x 68B)
Class org.gradle.api.internal.classpath.DefaultModuleRegistry                         : loaded 2 times (x 84B)
Class Settings_gradle$1$1                                                             : loaded 2 times (x 72B)
Class com.google.common.collect.ListMultimap                                          : loaded 2 times (x 68B)
Class com.google.common.base.CharMatcher$JavaDigit                                    : loaded 2 times (x 109B)
Class com.google.common.base.CharMatcher$Digit                                        : loaded 2 times (x 110B)
Class com.google.common.collect.AbstractMultimap                                      : loaded 2 times (x 121B)
Class com.google.common.cache.CacheBuilder$OneWeigher                                 : loaded 2 times (x 80B)
Class org.gradle.api.Action                                                           : loaded 2 times (x 68B)
Class com.google.common.collect.ImmutableEntry                                        : loaded 2 times (x 80B)
Class com.google.common.collect.Lists$StringAsImmutableList                           : loaded 2 times (x 167B)
Class com.google.common.cache.LocalCache$StrongEntry                                  : loaded 2 times (x 106B)
Class com.google.common.base.CharMatcher                                              : loaded 2 times (x 109B)
Class com.google.common.base.CharMatcher$IsNot                                        : loaded 2 times (x 109B)
Class com.google.common.base.Splitter                                                 : loaded 2 times (x 70B)
Class [Lcom.google.common.cache.Weigher;                                              : loaded 2 times (x 67B)
Class com.google.common.collect.Iterators$ArrayItr                                    : loaded 2 times (x 95B)
Class com.google.common.cache.LocalCache$Segment                                      : loaded 2 times (x 152B)
Class org.gradle.api.internal.DefaultClassPathProvider                                : loaded 2 times (x 74B)
Class org.gradle.internal.installation.GradleInstallation$1                           : loaded 2 times (x 73B)
Class com.google.common.cache.LocalCache$AbstractReferenceEntry                       : loaded 2 times (x 105B)
Class org.objectweb.asm.Type                                                          : loaded 2 times (x 70B)
Class com.google.common.base.CharMatcher$BitSetMatcher                                : loaded 2 times (x 110B)
Class com.google.common.collect.ImmutableMap$IteratorBasedImmutableMap                : loaded 2 times (x 123B)
Class com.google.common.collect.ImmutableMap                                          : loaded 2 times (x 118B)
Class com.google.common.base.Converter                                                : loaded 2 times (x 88B)
Class com.google.common.collect.ImmutableSet$EmptySetBuilderImpl                      : loaded 2 times (x 74B)
Class com.google.common.base.Equivalence                                              : loaded 2 times (x 80B)
Class com.google.common.cache.LocalCache$EntryFactory$1                               : loaded 2 times (x 81B)
Class com.google.common.cache.LocalCache$EntryFactory$2                               : loaded 2 times (x 81B)
Class com.google.common.cache.LocalCache$EntryFactory$3                               : loaded 2 times (x 81B)
Class com.google.common.cache.LocalCache$EntryFactory$4                               : loaded 2 times (x 81B)
Class com.google.common.cache.LocalCache$EntryFactory$5                               : loaded 2 times (x 81B)
Class com.google.common.cache.LocalCache$EntryFactory$6                               : loaded 2 times (x 81B)
Class com.google.common.cache.LocalCache$EntryFactory$7                               : loaded 2 times (x 81B)
Class com.google.common.cache.LocalCache$EntryFactory$8                               : loaded 2 times (x 81B)
Class com.google.common.base.Predicate                                                : loaded 2 times (x 68B)
Class org.gradle.internal.classloader.FilteringClassLoader                            : loaded 2 times (x 103B)
Class com.google.common.collect.RegularImmutableSet                                   : loaded 2 times (x 146B)
Class [Lcom.google.common.cache.LocalCache$Strength;                                  : loaded 2 times (x 67B)
Class org.gradle.internal.classpath.DefaultClassPath$ImmutableUniqueList$Builder      : loaded 2 times (x 73B)
Class com.google.common.collect.Maps$8                                                : loaded 2 times (x 80B)
Class [Lcom.google.common.cache.CacheBuilder$NullListener;                            : loaded 2 times (x 67B)
Class com.google.common.base.PatternCompiler                                          : loaded 2 times (x 68B)
Class com.google.common.base.CharMatcher$InRange                                      : loaded 2 times (x 109B)
Class com.google.common.collect.BiMap                                                 : loaded 2 times (x 68B)
Class com.google.common.collect.Lists                                                 : loaded 2 times (x 69B)
Class com.google.common.math.IntMath$1                                                : loaded 2 times (x 69B)
Class org.gradle.internal.classloader.ClassLoaderVisitor                              : loaded 2 times (x 74B)
Class com.google.common.cache.CacheBuilder$NullListener                               : loaded 2 times (x 80B)
Class com.google.common.math.MathPreconditions                                        : loaded 2 times (x 69B)
Class org.gradle.internal.service.DefaultServiceLocator                               : loaded 2 times (x 81B)
Class org.gradle.internal.service.UnknownServiceException                             : loaded 2 times (x 81B)
Class com.google.common.util.concurrent.AbstractFuture$SynchronizedHelper             : loaded 2 times (x 76B)
Class com.google.common.collect.ArrayListMultimap                                     : loaded 2 times (x 170B)
Class com.google.common.base.Strings                                                  : loaded 2 times (x 69B)
Class com.google.common.cache.CacheLoader$InvalidCacheLoadException                   : loaded 2 times (x 80B)
Class org.gradle.internal.classloader.DefaultClassLoaderFactory                       : loaded 2 times (x 80B)
Class com.google.common.collect.UnmodifiableIterator                                  : loaded 2 times (x 78B)
Class com.google.common.base.Stopwatch                                                : loaded 2 times (x 70B)
Class com.google.common.base.Platform$JdkPatternCompiler                              : loaded 2 times (x 73B)
Class com.google.common.cache.LocalCache$LoadingValueReference                        : loaded 2 times (x 94B)
Class com.google.common.base.CharMatcher$SingleWidth                                  : loaded 2 times (x 110B)
Class com.google.common.collect.Hashing                                               : loaded 2 times (x 69B)
Class com.google.common.base.JdkPattern                                               : loaded 2 times (x 73B)
Class com.google.common.collect.Multimap                                              : loaded 2 times (x 68B)
Class com.google.common.base.FunctionalEquivalence                                    : loaded 2 times (x 81B)
Class org.objectweb.asm.AnnotationVisitor                                             : loaded 2 times (x 76B)
Class org.objectweb.asm.RecordComponentWriter                                         : loaded 2 times (x 76B)
Class com.google.common.cache.LocalCache$1                                            : loaded 2 times (x 87B)
Class com.google.common.cache.LocalCache$2                                            : loaded 2 times (x 140B)
Class com.google.common.collect.RegularImmutableBiMap                                 : loaded 2 times (x 146B)
Class org.gradle.internal.classloader.VisitableURLClassLoader$Spec                    : loaded 2 times (x 72B)
Class org.gradle.api.GradleException                                                  : loaded 2 times (x 80B)
Class com.google.common.base.CharMatcher$JavaLetterOrDigit                            : loaded 2 times (x 109B)
Class org.gradle.api.internal.classpath.ModuleRegistry                                : loaded 2 times (x 68B)
Class com.google.common.collect.ForwardingObject                                      : loaded 2 times (x 70B)
Class com.google.common.cache.CacheBuilder                                            : loaded 2 times (x 70B)
Class com.google.common.collect.ImmutableCollection                                   : loaded 2 times (x 123B)
Class com.google.common.base.PairwiseEquivalence                                      : loaded 2 times (x 81B)
Class com.google.common.base.Ticker                                                   : loaded 2 times (x 70B)
Class org.gradle.api.internal.ClassPathProvider                                       : loaded 2 times (x 68B)
Class com.google.common.collect.RegularImmutableMap$Values                            : loaded 2 times (x 167B)
Class org.gradle.internal.classloader.ClasspathUtil$1                                 : loaded 2 times (x 74B)
Class com.google.common.collect.ImmutableEnumMap                                      : loaded 2 times (x 123B)
Class com.google.common.collect.ForwardingMap                                         : loaded 2 times (x 130B)
Class com.google.common.collect.ImmutableList$ReverseImmutableList                    : loaded 2 times (x 168B)
Class com.google.common.cache.AbstractCache$StatsCounter                              : loaded 2 times (x 68B)
Class com.google.common.cache.LocalCache$Strength$1                                   : loaded 2 times (x 79B)
Class com.google.common.cache.LocalCache$Strength$2                                   : loaded 2 times (x 79B)
Class com.google.common.cache.LocalCache$Strength$3                                   : loaded 2 times (x 79B)
Class org.gradle.internal.classloader.ClassLoaderFactory                              : loaded 2 times (x 68B)
Class com.google.common.collect.ObjectArrays                                          : loaded 2 times (x 69B)
Class com.google.common.util.concurrent.AbstractFuture$Waiter                         : loaded 2 times (x 70B)
Class com.google.common.collect.Iterators$10                                          : loaded 2 times (x 79B)
Class com.google.common.collect.ImmutableList                                         : loaded 2 times (x 166B)
Class org.gradle.api.internal.classpath.ManifestUtil                                  : loaded 2 times (x 69B)
Class org.gradle.api.specs.Spec                                                       : loaded 2 times (x 68B)
Class com.google.common.cache.CacheLoader$UnsupportedLoadingOperationException        : loaded 2 times (x 80B)
Class com.google.common.base.CharMatcher$Whitespace                                   : loaded 2 times (x 110B)
Class com.google.common.util.concurrent.ListenableFuture                              : loaded 2 times (x 68B)
Class com.google.common.collect.Iterators$1                                           : loaded 2 times (x 79B)
Class com.google.common.collect.Iterators$4                                           : loaded 2 times (x 80B)
Class com.google.common.collect.RegularImmutableMap$BucketOverflowException           : loaded 2 times (x 80B)
Class com.google.common.collect.Iterators$5                                           : loaded 2 times (x 80B)
Class com.google.common.util.concurrent.AbstractFuture$UnsafeAtomicHelper             : loaded 2 times (x 76B)
Class com.google.common.base.Equivalence$Equals                                       : loaded 2 times (x 80B)
Class com.google.common.base.Preconditions                                            : loaded 2 times (x 69B)
Class com.google.common.base.Function                                                 : loaded 2 times (x 68B)
Class com.google.common.collect.Iterators$9                                           : loaded 2 times (x 79B)
Class org.gradle.internal.IoActions                                                   : loaded 2 times (x 69B)
Class com.google.common.cache.ReferenceEntry                                          : loaded 2 times (x 68B)
Class com.google.common.collect.RegularImmutableMap$KeySet                            : loaded 2 times (x 148B)
Class com.google.common.collect.CollectPreconditions                                  : loaded 2 times (x 69B)
Class com.google.common.collect.Maps                                                  : loaded 2 times (x 69B)
Class com.google.common.collect.RegularImmutableMap                                   : loaded 2 times (x 119B)
Class com.google.common.collect.AbstractIndexedListIterator                           : loaded 2 times (x 94B)
Class com.google.common.base.CharMatcher$None                                         : loaded 2 times (x 110B)
Class org.gradle.api.internal.classpath.EffectiveClassPath                            : loaded 2 times (x 88B)
Class com.google.common.collect.UnmodifiableListIterator                              : loaded 2 times (x 93B)
Class com.google.common.cache.CacheLoader$FunctionToCacheLoader                       : loaded 2 times (x 73B)
Class com.google.common.cache.CacheBuilder$1                                          : loaded 2 times (x 83B)
Class com.google.common.cache.CacheBuilder$2                                          : loaded 2 times (x 70B)
Class com.google.common.collect.ImmutableList$1                                       : loaded 2 times (x 95B)
Class com.google.common.base.Splitter$Strategy                                        : loaded 2 times (x 68B)
Class com.google.common.collect.ImmutableMapEntrySet$RegularEntrySet                  : loaded 2 times (x 149B)
Class [Lcom.google.common.cache.RemovalListener;                                      : loaded 2 times (x 67B)
Class [Lcom.google.common.collect.ImmutableMapEntry;                                  : loaded 2 times (x 67B)
Class org.gradle.internal.installation.CurrentGradleInstallation                      : loaded 2 times (x 71B)
Class org.gradle.internal.agents.InstrumentingClassLoader                             : loaded 2 times (x 68B)
Class org.gradle.internal.installation.CurrentGradleInstallationLocator               : loaded 2 times (x 69B)
Class [Lcom.google.common.cache.LocalCache$Segment;                                   : loaded 2 times (x 67B)
Class org.gradle.api.internal.classpath.Module                                        : loaded 2 times (x 68B)
Class com.google.common.base.Splitter$1$1                                             : loaded 2 times (x 84B)
Class com.google.common.collect.ImmutableSet$JdkBackedSetBuilderImpl                  : loaded 2 times (x 74B)
Class com.google.common.collect.ImmutableSet$RegularSetBuilderImpl                    : loaded 2 times (x 75B)
Class org.gradle.internal.service.CachingServiceLocator                               : loaded 2 times (x 80B)
Class [Lcom.google.common.collect.ImmutableEntry;                                     : loaded 2 times (x 67B)
Class org.gradle.internal.classpath.DefaultClassPath                                  : loaded 2 times (x 88B)
Class com.google.common.base.Splitter$SplittingIterator                               : loaded 2 times (x 82B)
Class com.google.common.cache.LocalCache$LocalManualCache$1                           : loaded 2 times (x 73B)
Class Build_gradle$1                                                                  : loaded 2 times (x 76B)
Class [Lcom.google.common.cache.LocalCache$EntryFactory;                              : loaded 2 times (x 67B)
Class com.google.common.base.CharMatcher$Is                                           : loaded 2 times (x 109B)
Class com.google.common.base.Platform                                                 : loaded 2 times (x 69B)
Class com.google.common.collect.RegularImmutableAsList                                : loaded 2 times (x 176B)
Class com.google.common.collect.PeekingIterator                                       : loaded 2 times (x 68B)
Class com.google.common.collect.ImmutableMapEntrySet                                  : loaded 2 times (x 149B)
Class com.google.common.cache.CacheLoader                                             : loaded 2 times (x 72B)
Class com.google.common.collect.ImmutableBiMapFauxverideShim                          : loaded 2 times (x 118B)
Class com.google.common.cache.Cache                                                   : loaded 2 times (x 68B)
Class org.gradle.internal.classloader.SystemClassLoaderSpec                           : loaded 2 times (x 69B)
Class com.google.common.util.concurrent.internal.InternalFutureFailureAccess          : loaded 2 times (x 70B)
Class com.google.common.collect.SingletonImmutableSet                                 : loaded 2 times (x 144B)
Class [Lcom.google.common.base.AbstractIterator$State;                                : loaded 2 times (x 67B)
Class com.google.common.collect.ImmutableMap$Builder                                  : loaded 2 times (x 80B)
Class com.google.common.base.AbstractIterator                                         : loaded 2 times (x 78B)
Class org.objectweb.asm.ClassWriter                                                   : loaded 2 times (x 104B)
Class com.google.common.base.AbstractIterator$1                                       : loaded 2 times (x 69B)
Class [Lcom.google.common.cache.CacheBuilder$OneWeigher;                              : loaded 2 times (x 67B)
Class com.google.common.collect.Iterators                                             : loaded 2 times (x 69B)
Class com.google.common.base.CharMatcher$1                                            : loaded 2 times (x 111B)
Class com.google.common.base.CharMatcher$Ascii                                        : loaded 2 times (x 110B)
Class com.google.common.cache.LocalCache$ComputingValueReference                      : loaded 2 times (x 94B)
Class org.gradle.api.UncheckedIOException                                             : loaded 2 times (x 80B)
Class com.google.common.base.CharMatcher$And                                          : loaded 2 times (x 110B)
Class com.google.common.collect.IndexedImmutableSet                                   : loaded 2 times (x 148B)
Class com.google.common.collect.AbstractListMultimap                                  : loaded 2 times (x 170B)
Class com.google.common.base.CharMatcher$Any                                          : loaded 2 times (x 110B)
Class org.gradle.internal.installation.GradleInstallation                             : loaded 2 times (x 73B)
Class com.google.common.cache.LocalCache$Strength                                     : loaded 2 times (x 79B)
Class com.google.common.collect.ArrayListMultimapGwtSerializationDependencies         : loaded 2 times (x 170B)
Class com.google.common.base.CharMatcher$RangesMatcher                                : loaded 2 times (x 110B)
Class com.google.common.collect.ImmutableList$SubList                                 : loaded 2 times (x 168B)
Class com.google.common.cache.LocalCache$ValueReference                               : loaded 2 times (x 68B)
Class org.gradle.internal.classloader.ClasspathUtil                                   : loaded 2 times (x 69B)
Class com.google.common.util.concurrent.AbstractFuture                                : loaded 2 times (x 93B)
Class com.google.common.base.Splitter$1                                               : loaded 2 times (x 75B)
Class com.google.common.base.Ticker$1                                                 : loaded 2 times (x 70B)
Class com.google.common.collect.Maps$BiMapConverter                                   : loaded 2 times (x 88B)
Class org.gradle.api.internal.DefaultClassPathRegistry                                : loaded 2 times (x 74B)
Class com.google.common.collect.ImmutableSet$SetBuilderImpl                           : loaded 2 times (x 74B)
Class org.gradle.api.internal.classpath.DefaultModuleRegistry$DefaultModule           : loaded 2 times (x 84B)
Class com.google.common.base.CharMatcher$JavaIsoControl                               : loaded 2 times (x 110B)
Class com.google.common.collect.ImmutableMap$1                                        : loaded 2 times (x 79B)
Class com.google.common.base.CharMatcher$Or                                           : loaded 2 times (x 110B)
Class org.gradle.kotlin.dsl.VersionCatalogAccessorsKt                                 : loaded 2 times (x 69B)
Class com.google.common.base.Suppliers$SupplierOfInstance                             : loaded 2 times (x 77B)
Class org.objectweb.asm.RecordComponentVisitor                                        : loaded 2 times (x 75B)
Class com.google.common.collect.Iterables                                             : loaded 2 times (x 69B)
Class com.google.common.base.CharMatcher$JavaLowerCase                                : loaded 2 times (x 109B)
Class org.gradle.api.internal.classpath.UnknownModuleException                        : loaded 2 times (x 80B)
Class com.google.common.util.concurrent.AbstractFuture$Listener                       : loaded 2 times (x 70B)
Class com.google.common.collect.Maps$EntryTransformer                                 : loaded 2 times (x 68B)
Class com.google.common.collect.ImmutableCollection$Builder                           : loaded 2 times (x 74B)
Class com.google.common.collect.SingletonImmutableBiMap                               : loaded 2 times (x 141B)
Class com.google.common.base.CommonPattern                                            : loaded 2 times (x 72B)
Class com.google.common.base.Suppliers                                                : loaded 2 times (x 69B)
Class org.objectweb.asm.ClassVisitor                                                  : loaded 2 times (x 86B)
Class com.google.common.cache.LoadingCache                                            : loaded 2 times (x 68B)
Class org.gradle.internal.service.ServiceLookupException                              : loaded 2 times (x 80B)
Class org.gradle.cache.GlobalCache                                                    : loaded 2 times (x 68B)
Class com.google.common.base.CharMatcher$NegatedFastMatcher                           : loaded 2 times (x 111B)
Class [Lorg.gradle.api.internal.ClassPathProvider;                                    : loaded 2 times (x 67B)
Class com.google.common.util.concurrent.AbstractFuture$SafeAtomicHelper               : loaded 2 times (x 77B)
Class org.gradle.util.internal.GUtil                                                  : loaded 2 times (x 69B)
Class com.google.common.math.IntMath                                                  : loaded 2 times (x 69B)
Class com.google.common.collect.AbstractIterator                                      : loaded 2 times (x 80B)
Class org.gradle.internal.classloader.ClassLoaderSpec                                 : loaded 2 times (x 69B)
Class com.google.common.base.NullnessCasts                                            : loaded 2 times (x 69B)
Class com.google.common.cache.LocalCache$LocalManualCache                             : loaded 2 times (x 97B)
Class com.google.common.collect.AbstractMapEntry                                      : loaded 2 times (x 79B)
Class com.google.common.base.CharMatcher$Negated                                      : loaded 2 times (x 111B)
Class com.google.common.cache.CacheLoader$1                                           : loaded 2 times (x 73B)
Class com.google.common.util.concurrent.AbstractFuture$TrustedFuture                  : loaded 2 times (x 95B)
Class com.google.common.collect.ImmutableSet$Builder                                  : loaded 2 times (x 83B)
Class com.google.common.base.CharMatcher$ForPredicate                                 : loaded 2 times (x 110B)
Class com.google.common.collect.ImmutableMap$MapViewOfValuesAsSingletonSets           : loaded 2 times (x 123B)
Class com.google.common.base.MoreObjects                                              : loaded 2 times (x 69B)
Class com.google.common.collect.SortedMapDifference                                   : loaded 2 times (x 68B)
Class com.google.common.cache.CacheStats                                              : loaded 2 times (x 69B)
Class org.gradle.internal.classloader.VisitableURLClassLoader                         : loaded 2 times (x 115B)
Class com.google.common.cache.LocalCache$LocalLoadingCache                            : loaded 2 times (x 132B)
Class com.google.common.base.Supplier                                                 : loaded 2 times (x 68B)
Class com.google.common.util.concurrent.AbstractFuture$AtomicHelper                   : loaded 2 times (x 76B)
Class com.google.common.collect.ImmutableBiMap                                        : loaded 2 times (x 141B)
Class org.gradle.internal.Cast                                                        : loaded 2 times (x 69B)
Class Build_gradle                                                                    : loaded 2 times (x 70B)
Class org.gradle.api.internal.ClassPathRegistry                                       : loaded 2 times (x 68B)
Class com.google.common.cache.LocalCache$EntryFactory                                 : loaded 2 times (x 81B)
Class com.google.common.util.concurrent.UncheckedExecutionException                   : loaded 2 times (x 80B)
Class com.google.common.collect.ImmutableSet                                          : loaded 2 times (x 143B)
Class org.gradle.internal.classloader.VisitableURLClassLoader$InstrumentingVisitableURLClassLoader: loaded 2 times (x 121B)
Class org.gradle.internal.classloader.ClassLoaderHierarchy                            : loaded 2 times (x 68B)
Class [Lorg.objectweb.asm.Type;                                                       : loaded 2 times (x 67B)
Class com.google.common.base.AbstractIterator$State                                   : loaded 2 times (x 77B)
Class com.google.common.cache.Weigher                                                 : loaded 2 times (x 68B)
Class com.google.common.base.CharMatcher$NamedFastMatcher                             : loaded 2 times (x 110B)
Class org.gradle.internal.InternalTransformer                                         : loaded 2 times (x 68B)
Class org.gradle.internal.service.ServiceLocator                                      : loaded 2 times (x 68B)
Class Settings_gradle$1                                                               : loaded 2 times (x 72B)
Class com.google.common.util.concurrent.SettableFuture                                : loaded 2 times (x 95B)
Class com.google.common.collect.ImmutableMapEntry                                     : loaded 2 times (x 83B)
Class com.google.common.base.CharMatcher$Invisible                                    : loaded 2 times (x 110B)
Class com.google.common.base.CharMatcher$FastMatcher                                  : loaded 2 times (x 109B)
Class org.gradle.internal.classpath.DefaultClassPath$ImmutableUniqueList              : loaded 2 times (x 159B)
Class com.google.common.base.CharMatcher$JavaLetter                                   : loaded 2 times (x 109B)
Class org.gradle.internal.classpath.TransformedClassPath                              : loaded 2 times (x 94B)
Class com.google.common.collect.MapDifference                                         : loaded 2 times (x 68B)
Class com.google.common.util.concurrent.AbstractFuture$Trusted                        : loaded 2 times (x 68B)
Class Settings_gradle                                                                 : loaded 2 times (x 126B)
Class com.google.common.collect.Platform                                              : loaded 2 times (x 69B)
Class com.google.common.collect.ImmutableAsList                                       : loaded 2 times (x 169B)
Class com.google.common.util.concurrent.ExecutionError                                : loaded 2 times (x 80B)
Class com.google.common.base.Equivalence$Identity                                     : loaded 2 times (x 80B)
Class com.google.common.base.CharMatcher$AnyOf                                        : loaded 2 times (x 110B)
Class com.google.common.base.CharMatcher$IsEither                                     : loaded 2 times (x 109B)
Class com.google.common.cache.LocalCache                                              : loaded 2 times (x 185B)
Class com.google.common.collect.RegularImmutableList                                  : loaded 2 times (x 172B)
Class com.google.common.util.concurrent.AbstractFuture$UnsafeAtomicHelper$1           : loaded 2 times (x 74B)
Class com.google.common.base.CharMatcher$JavaUpperCase                                : loaded 2 times (x 109B)
Class com.google.common.collect.Multiset                                              : loaded 2 times (x 68B)
Class com.google.common.collect.ImmutableSet$CachingAsList                            : loaded 2 times (x 145B)
Class com.google.common.collect.ImmutableMapEntry$NonTerminalImmutableMapEntry        : loaded 2 times (x 83B)
Class com.google.common.collect.AbstractMapBasedMultimap                              : loaded 2 times (x 137B)


---------------  S Y S T E M  ---------------

OS:
 Windows 11 , 64 bit Build 22621 (10.0.22621.3958)
OS uptime: 1 days 2:57 hours
Hyper-V role detected

CPU: total 16 (initial active 16) (16 cores per cpu, 2 threads per core) family 25 model 80 stepping 0 microcode 0x0, cx8, cmov, fxsr, ht, mmx, 3dnowpref, sse, sse2, sse3, ssse3, sse4a, sse4.1, sse4.2, popcnt, lzcnt, tsc, tscinvbit, avx, avx2, aes, erms, clmul, bmi1, bmi2, adx, sha, fma, vzeroupper, clflush, clflushopt, hv
Processor Information for all 16 processors :
  Max Mhz: 3201, Current Mhz: 3201, Mhz Limit: 3201

Memory: 4k page, system-wide physical 14188M (1487M free)
TotalPageFile size 17188M (AvailPageFile size 165M)
current process WorkingSet (physical memory assigned to process): 314M, peak: 314M
current process commit charge ("private bytes"): 359M, peak: 381M

vm_info: OpenJDK 64-Bit Server VM (17.0.10+0--11572160) for windows-amd64 JRE (17.0.10+0--11572160), built on Mar 13 2024 23:56:38 by "androidbuild" with MS VC++ 16.10 / 16.11 (VS2019)

END.
