#
# There is insufficient memory for the Java Runtime Environment to continue.
# Native memory allocation (malloc) failed to allocate 614736 bytes for Chunk::new
# Possible reasons:
#   The system is out of physical RAM or swap space
#   The process is running with CompressedOops enabled, and the Java Heap may be blocking the growth of the native heap
# Possible solutions:
#   Reduce memory load on the system
#   Increase physical memory or swap space
#   Check if swap backing store is full
#   Decrease Java heap size (-Xmx/-Xms)
#   Decrease number of Java threads
#   Decrease Java thread stack sizes (-Xss)
#   Set larger code cache with -XX:ReservedCodeCacheSize=
#   JVM is running with Unscaled Compressed Oops mode in which the Java heap is
#     placed in the first 4GB address space. The Java Heap base address is the
#     maximum limit for the native heap growth. Please use -XX:HeapBaseMinAddress
#     to set the Java Heap base and to place the Java Heap above 4GB virtual address.
# This output file may be truncated or incomplete.
#
#  Out of Memory Error (arena.cpp:191), pid=24656, tid=10832
#
# JRE version: OpenJDK Runtime Environment (17.0.10) (build 17.0.10+0--11572160)
# Java VM: OpenJDK 64-Bit Server VM (17.0.10+0--11572160, mixed mode, tiered, compressed oops, compressed class ptrs, g1 gc, windows-amd64)
# No core dump will be written. Minidumps are not enabled by default on client versions of Windows
#

---------------  S U M M A R Y ------------

Command Line: --add-opens=java.base/java.util=ALL-UNNAMED --add-opens=java.base/java.lang=ALL-UNNAMED --add-opens=java.base/java.lang.invoke=ALL-UNNAMED --add-opens=java.prefs/java.util.prefs=ALL-UNNAMED --add-opens=java.base/java.nio.charset=ALL-UNNAMED --add-opens=java.base/java.net=ALL-UNNAMED --add-opens=java.base/java.util.concurrent.atomic=ALL-UNNAMED -Xmx2048m -Dfile.encoding=UTF-8 -Duser.country=US -Duser.language=en -Duser.variant -javaagent:C:\Users\user\.gradle\wrapper\dists\gradle-8.6-bin\afr5mpiioh2wthjmwnkmdsd5w\gradle-8.6\lib\agents\gradle-instrumentation-agent-8.6.jar org.gradle.launcher.daemon.bootstrap.GradleDaemon 8.6

Host: AMD Ryzen 7 5800H with Radeon Graphics         , 16 cores, 13G,  Windows 11 , 64 bit Build 22621 (10.0.22621.3672)
Time: Tue Aug 13 16:24:45 2024 Egypt Daylight Time elapsed time: 11.316582 seconds (0d 0h 0m 11s)

---------------  T H R E A D  ---------------

Current thread (0x000002433d1563b0):  JavaThread "C2 CompilerThread0" daemon [_thread_in_native, id=10832, stack(0x0000008414200000,0x0000008414300000)]


Current CompileTask:
C2:  11316 12294       4       com.android.ide.common.resources.ValueResourceParser2::getResource (73 bytes)

Stack: [0x0000008414200000,0x0000008414300000]
Native frames: (J=compiled Java code, j=interpreted, Vv=VM code, C=native code)
V  [jvm.dll+0x688e89]
V  [jvm.dll+0x84247a]
V  [jvm.dll+0x8440be]
V  [jvm.dll+0x844723]
V  [jvm.dll+0x24be0f]
V  [jvm.dll+0xac524]
V  [jvm.dll+0xacb6c]
V  [jvm.dll+0x36bd12]
V  [jvm.dll+0x1be002]
V  [jvm.dll+0x21dbf9]
V  [jvm.dll+0x21cec1]
V  [jvm.dll+0x1a60ad]
V  [jvm.dll+0x22cd78]
V  [jvm.dll+0x22aeb0]
V  [jvm.dll+0x7f6917]
V  [jvm.dll+0x7f0d1a]
V  [jvm.dll+0x687d05]
C  [ucrtbase.dll+0x29333]
C  [KERNEL32.DLL+0x1257d]
C  [ntdll.dll+0x5af28]


---------------  P R O C E S S  ---------------

Threads class SMR info:
_java_thread_list=0x0000024347f64770, length=123, elements={
0x0000024322643130, 0x000002433d109cc0, 0x000002433d10aa50, 0x000002433d1506b0,
0x000002433d151340, 0x000002433d152e20, 0x000002433d155700, 0x000002433d1563b0,
0x000002433d162d90, 0x000002433d1636a0, 0x000002433d26fb40, 0x000002433d3106d0,
0x000002433d313010, 0x000002433d466bf0, 0x0000024342b2ffa0, 0x00000243438197c0,
0x000002433d49c5a0, 0x000002433d722f00, 0x0000024342ec2a80, 0x0000024342f029d0,
0x0000024343cd6bd0, 0x0000024343f99850, 0x00000243434675b0, 0x0000024343465240,
0x0000024343464d30, 0x00000243434670a0, 0x0000024343467fd0, 0x0000024343466b90,
0x0000024343466680, 0x0000024343467ac0, 0x0000024343466170, 0x00000243434684e0,
0x0000024343465c60, 0x000002434658c2f0, 0x00000243465904c0, 0x00000243465909d0,
0x0000024346589f80, 0x000002434658faa0, 0x000002434658b3c0, 0x0000024346591900,
0x000002434658ffb0, 0x0000024346590ee0, 0x00000243465913f0, 0x000002434658bde0,
0x000002434658a490, 0x000002434658c800, 0x000002434658a9a0, 0x000002434658dc40,
0x000002434658e150, 0x000002434658cd10, 0x000002434658d220, 0x000002434658e660,
0x000002434658aeb0, 0x000002434658eb70, 0x000002434658f590, 0x00000243468c5810,
0x00000243468c5300, 0x00000243468c2060, 0x00000243468c2570, 0x00000243468c3ec0,
0x00000243468c43d0, 0x00000243468c4df0, 0x0000024346b4fea0, 0x0000024346b50dd0,
0x0000024346b563e0, 0x0000024346b517f0, 0x0000024346b51d00, 0x0000024346b53650,
0x0000024346b53b60, 0x0000024346b54070, 0x0000024346b54a90, 0x0000024346b554b0,
0x0000024346b52c30, 0x0000024346b559c0, 0x0000024346b512e0, 0x0000024346b55ed0,
0x0000024346b56e00, 0x0000024346b4f990, 0x0000024346b57310, 0x00000243468c2f90,
0x0000024346b508c0, 0x0000024343465750, 0x0000024348f76000, 0x0000024348f76a20,
0x0000024348f755e0, 0x0000024348f72850, 0x0000024348f75af0, 0x0000024348f71920,
0x0000024348f76510, 0x0000024348f76f30, 0x0000024348f746b0, 0x0000024348f72340,
0x0000024348f73c90, 0x0000024348f71410, 0x0000024348f71e30, 0x0000024348f70f00,
0x0000024348f72d60, 0x0000024348f77440, 0x0000024348f6ffd0, 0x0000024348f73270,
0x0000024348f73780, 0x0000024348f77950, 0x0000024348f741a0, 0x0000024348f74bc0,
0x0000024348f750d0, 0x0000024348f709f0, 0x0000024348f704e0, 0x000002434876fb50,
0x000002434876a540, 0x000002434876c8b0, 0x000002434876cdc0, 0x0000024348770060,
0x0000024348769100, 0x000002434876dcf0, 0x000002434876b980, 0x0000024348769610,
0x0000024343f722e0, 0x0000024343f70da0, 0x0000024346acfbf0, 0x00000243481dc7c0,
0x00000243481dcd10, 0x00000243481ddd00, 0x00000243481de7a0
}

Java Threads: ( => current thread )
  0x0000024322643130 JavaThread "main" [_thread_blocked, id=16896, stack(0x0000008413500000,0x0000008413600000)]
  0x000002433d109cc0 JavaThread "Reference Handler" daemon [_thread_blocked, id=19036, stack(0x0000008413c00000,0x0000008413d00000)]
  0x000002433d10aa50 JavaThread "Finalizer" daemon [_thread_blocked, id=11020, stack(0x0000008413d00000,0x0000008413e00000)]
  0x000002433d1506b0 JavaThread "Signal Dispatcher" daemon [_thread_blocked, id=23796, stack(0x0000008413e00000,0x0000008413f00000)]
  0x000002433d151340 JavaThread "Attach Listener" daemon [_thread_blocked, id=8436, stack(0x0000008413f00000,0x0000008414000000)]
  0x000002433d152e20 JavaThread "Service Thread" daemon [_thread_blocked, id=10412, stack(0x0000008414000000,0x0000008414100000)]
  0x000002433d155700 JavaThread "Monitor Deflation Thread" daemon [_thread_blocked, id=20540, stack(0x0000008414100000,0x0000008414200000)]
=>0x000002433d1563b0 JavaThread "C2 CompilerThread0" daemon [_thread_in_native, id=10832, stack(0x0000008414200000,0x0000008414300000)]
  0x000002433d162d90 JavaThread "C1 CompilerThread0" daemon [_thread_blocked, id=9368, stack(0x0000008414300000,0x0000008414400000)]
  0x000002433d1636a0 JavaThread "Sweeper thread" daemon [_thread_blocked, id=19800, stack(0x0000008414400000,0x0000008414500000)]
  0x000002433d26fb40 JavaThread "Common-Cleaner" daemon [_thread_blocked, id=7100, stack(0x0000008414500000,0x0000008414600000)]
  0x000002433d3106d0 JavaThread "C1 CompilerThread1" daemon [_thread_blocked, id=14612, stack(0x0000008414600000,0x0000008414700000)]
  0x000002433d313010 JavaThread "C1 CompilerThread2" daemon [_thread_blocked, id=15852, stack(0x0000008414700000,0x0000008414800000)]
  0x000002433d466bf0 JavaThread "Notification Thread" daemon [_thread_blocked, id=24920, stack(0x0000008414800000,0x0000008414900000)]
  0x0000024342b2ffa0 JavaThread "C1 CompilerThread3" daemon [_thread_blocked, id=16788, stack(0x0000008414d00000,0x0000008414e00000)]
  0x00000243438197c0 JavaThread "Daemon health stats" [_thread_blocked, id=22896, stack(0x0000008415200000,0x0000008415300000)]
  0x000002433d49c5a0 JavaThread "Incoming local TCP Connector on port 63001" [_thread_in_native, id=16764, stack(0x0000008414a00000,0x0000008414b00000)]
  0x000002433d722f00 JavaThread "Daemon periodic checks" [_thread_blocked, id=19932, stack(0x0000008414b00000,0x0000008414c00000)]
  0x0000024342ec2a80 JavaThread "Daemon" [_thread_blocked, id=18756, stack(0x0000008415300000,0x0000008415400000)]
  0x0000024342f029d0 JavaThread "Handler for socket connection from /127.0.0.1:63001 to /127.0.0.1:63002" [_thread_in_native, id=22264, stack(0x0000008415400000,0x0000008415500000)]
  0x0000024343cd6bd0 JavaThread "Cancel handler" [_thread_blocked, id=18940, stack(0x0000008415500000,0x0000008415600000)]
  0x0000024343f99850 JavaThread "Daemon worker" [_thread_blocked, id=21216, stack(0x0000008415600000,0x0000008415700000)]
  0x00000243434675b0 JavaThread "Asynchronous log dispatcher for DefaultDaemonConnection: socket connection from /127.0.0.1:63001 to /127.0.0.1:63002" [_thread_blocked, id=17576, stack(0x0000008415700000,0x0000008415800000)]
  0x0000024343465240 JavaThread "Stdin handler" [_thread_blocked, id=19608, stack(0x0000008415800000,0x0000008415900000)]
  0x0000024343464d30 JavaThread "Daemon client event forwarder" [_thread_blocked, id=19588, stack(0x0000008415900000,0x0000008415a00000)]
  0x00000243434670a0 JavaThread "Cache worker for journal cache (C:\Users\user\.gradle\caches\journal-1)" [_thread_blocked, id=23348, stack(0x0000008416400000,0x0000008416500000)]
  0x0000024343467fd0 JavaThread "File lock request listener" [_thread_in_native, id=24640, stack(0x0000008416500000,0x0000008416600000)]
  0x0000024343466b90 JavaThread "Cache worker for file hash cache (C:\Users\user\.gradle\caches\8.6\fileHashes)" [_thread_blocked, id=23072, stack(0x0000008416600000,0x0000008416700000)]
  0x0000024343466680 JavaThread "File watcher server" daemon [_thread_in_native, id=26088, stack(0x0000008416900000,0x0000008416a00000)]
  0x0000024343467ac0 JavaThread "File watcher consumer" daemon [_thread_blocked, id=16356, stack(0x0000008416a00000,0x0000008416b00000)]
  0x0000024343466170 JavaThread "Cache worker for checksums cache (C:\Users\user\AndroidStudioProjects\DISHDASH\.gradle\8.6\checksums)" [_thread_blocked, id=20224, stack(0x0000008416b00000,0x0000008416c00000)]
  0x00000243434684e0 JavaThread "Cache worker for file hash cache (C:\Users\user\AndroidStudioProjects\DISHDASH\.gradle\8.6\fileHashes)" [_thread_blocked, id=15968, stack(0x0000008416c00000,0x0000008416d00000)]
  0x0000024343465c60 JavaThread "Cache worker for cache directory md-supplier (C:\Users\user\.gradle\caches\8.6\md-supplier)" [_thread_blocked, id=24852, stack(0x0000008416d00000,0x0000008416e00000)]
  0x000002434658c2f0 JavaThread "Cache worker for cache directory md-rule (C:\Users\user\.gradle\caches\8.6\md-rule)" [_thread_blocked, id=13376, stack(0x0000008416e00000,0x0000008416f00000)]
  0x00000243465904c0 JavaThread "Cache worker for file content cache (C:\Users\user\.gradle\caches\8.6\fileContent)" [_thread_blocked, id=2644, stack(0x0000008416f00000,0x0000008417000000)]
  0x00000243465909d0 JavaThread "jar transforms" [_thread_blocked, id=26192, stack(0x0000008417100000,0x0000008417200000)]
  0x0000024346589f80 JavaThread "jar transforms Thread 2" [_thread_blocked, id=19496, stack(0x0000008417200000,0x0000008417300000)]
  0x000002434658faa0 JavaThread "jar transforms Thread 3" [_thread_blocked, id=18372, stack(0x0000008417300000,0x0000008417400000)]
  0x000002434658b3c0 JavaThread "jar transforms Thread 4" [_thread_blocked, id=16708, stack(0x0000008417400000,0x0000008417500000)]
  0x0000024346591900 JavaThread "Cache worker for Build Output Cleanup Cache (C:\Users\user\AndroidStudioProjects\DISHDASH\.gradle\buildOutputCleanup)" [_thread_blocked, id=21808, stack(0x0000008417500000,0x0000008417600000)]
  0x000002434658ffb0 JavaThread "jar transforms Thread 5" [_thread_blocked, id=9488, stack(0x0000008417600000,0x0000008417700000)]
  0x0000024346590ee0 JavaThread "jar transforms Thread 6" [_thread_blocked, id=13944, stack(0x0000008417700000,0x0000008417800000)]
  0x00000243465913f0 JavaThread "Unconstrained build operations" [_thread_blocked, id=17228, stack(0x0000008417800000,0x0000008417900000)]
  0x000002434658bde0 JavaThread "Unconstrained build operations Thread 2" [_thread_blocked, id=22228, stack(0x0000008417900000,0x0000008417a00000)]
  0x000002434658a490 JavaThread "Unconstrained build operations Thread 3" [_thread_blocked, id=2380, stack(0x0000008417a00000,0x0000008417b00000)]
  0x000002434658c800 JavaThread "Unconstrained build operations Thread 4" [_thread_blocked, id=312, stack(0x0000008417b00000,0x0000008417c00000)]
  0x000002434658a9a0 JavaThread "Unconstrained build operations Thread 5" [_thread_blocked, id=5392, stack(0x0000008417c00000,0x0000008417d00000)]
  0x000002434658dc40 JavaThread "Unconstrained build operations Thread 6" [_thread_blocked, id=18956, stack(0x0000008417d00000,0x0000008417e00000)]
  0x000002434658e150 JavaThread "Unconstrained build operations Thread 7" [_thread_blocked, id=24672, stack(0x0000008417e00000,0x0000008417f00000)]
  0x000002434658cd10 JavaThread "Unconstrained build operations Thread 8" [_thread_blocked, id=20944, stack(0x0000008417f00000,0x0000008418000000)]
  0x000002434658d220 JavaThread "Unconstrained build operations Thread 9" [_thread_blocked, id=8212, stack(0x0000008418000000,0x0000008418100000)]
  0x000002434658e660 JavaThread "Unconstrained build operations Thread 10" [_thread_blocked, id=21556, stack(0x0000008418100000,0x0000008418200000)]
  0x000002434658aeb0 JavaThread "Unconstrained build operations Thread 11" [_thread_blocked, id=22644, stack(0x0000008418200000,0x0000008418300000)]
  0x000002434658eb70 JavaThread "Unconstrained build operations Thread 12" [_thread_blocked, id=26372, stack(0x0000008418300000,0x0000008418400000)]
  0x000002434658f590 JavaThread "Unconstrained build operations Thread 13" [_thread_blocked, id=10988, stack(0x0000008418400000,0x0000008418500000)]
  0x00000243468c5810 JavaThread "Unconstrained build operations Thread 14" [_thread_blocked, id=17800, stack(0x0000008418500000,0x0000008418600000)]
  0x00000243468c5300 JavaThread "Unconstrained build operations Thread 15" [_thread_blocked, id=20404, stack(0x0000008418600000,0x0000008418700000)]
  0x00000243468c2060 JavaThread "jar transforms Thread 7" [_thread_blocked, id=20396, stack(0x0000008418a00000,0x0000008418b00000)]
  0x00000243468c2570 JavaThread "jar transforms Thread 8" [_thread_blocked, id=27384, stack(0x0000008418b00000,0x0000008418c00000)]
  0x00000243468c3ec0 JavaThread "build event listener" [_thread_blocked, id=18992, stack(0x0000008418700000,0x0000008418800000)]
  0x00000243468c43d0 JavaThread "Memory manager" [_thread_blocked, id=11608, stack(0x0000008418800000,0x0000008418900000)]
  0x00000243468c4df0 JavaThread "jar transforms Thread 9" [_thread_blocked, id=15944, stack(0x0000008416800000,0x0000008416900000)]
  0x0000024346b4fea0 JavaThread "jar transforms Thread 10" [_thread_blocked, id=11244, stack(0x0000008417000000,0x0000008417100000)]
  0x0000024346b50dd0 JavaThread "included builds" [_thread_blocked, id=22452, stack(0x0000008418d00000,0x0000008418e00000)]
  0x0000024346b563e0 JavaThread "Execution worker" [_thread_blocked, id=3712, stack(0x0000008418e00000,0x0000008418f00000)]
  0x0000024346b517f0 JavaThread "Execution worker Thread 2" [_thread_blocked, id=22552, stack(0x0000008418f00000,0x0000008419000000)]
  0x0000024346b51d00 JavaThread "Execution worker Thread 3" [_thread_in_vm, id=18568, stack(0x0000008419000000,0x0000008419100000)]
  0x0000024346b53650 JavaThread "Execution worker Thread 4" [_thread_blocked, id=23444, stack(0x0000008419100000,0x0000008419200000)]
  0x0000024346b53b60 JavaThread "Execution worker Thread 5" [_thread_blocked, id=13720, stack(0x0000008419200000,0x0000008419300000)]
  0x0000024346b54070 JavaThread "Execution worker Thread 6" [_thread_blocked, id=22424, stack(0x0000008419300000,0x0000008419400000)]
  0x0000024346b54a90 JavaThread "Execution worker Thread 7" [_thread_blocked, id=21708, stack(0x0000008419400000,0x0000008419500000)]
  0x0000024346b554b0 JavaThread "Execution worker Thread 8" [_thread_blocked, id=16836, stack(0x0000008419500000,0x0000008419600000)]
  0x0000024346b52c30 JavaThread "Execution worker Thread 9" [_thread_blocked, id=6052, stack(0x0000008419600000,0x0000008419700000)]
  0x0000024346b559c0 JavaThread "Execution worker Thread 10" [_thread_blocked, id=15820, stack(0x0000008419700000,0x0000008419800000)]
  0x0000024346b512e0 JavaThread "Execution worker Thread 11" [_thread_blocked, id=22932, stack(0x0000008419800000,0x0000008419900000)]
  0x0000024346b55ed0 JavaThread "Execution worker Thread 12" [_thread_blocked, id=19860, stack(0x0000008419900000,0x0000008419a00000)]
  0x0000024346b56e00 JavaThread "Execution worker Thread 13" [_thread_blocked, id=18856, stack(0x0000008419a00000,0x0000008419b00000)]
  0x0000024346b4f990 JavaThread "Execution worker Thread 14" [_thread_blocked, id=17952, stack(0x0000008419b00000,0x0000008419c00000)]
  0x0000024346b57310 JavaThread "Execution worker Thread 15" [_thread_blocked, id=8432, stack(0x0000008419c00000,0x0000008419d00000)]
  0x00000243468c2f90 JavaThread "Cache worker for execution history cache (C:\Users\user\AndroidStudioProjects\DISHDASH\.gradle\8.6\executionHistory)" [_thread_blocked, id=24052, stack(0x0000008419d00000,0x0000008419e00000)]
  0x0000024346b508c0 JavaThread "Unconstrained build operations Thread 16" [_thread_blocked, id=14412, stack(0x0000008419e00000,0x0000008419f00000)]
  0x0000024343465750 JavaThread "Unconstrained build operations Thread 17" [_thread_blocked, id=21344, stack(0x0000008419f00000,0x000000841a000000)]
  0x0000024348f76000 JavaThread "Unconstrained build operations Thread 18" [_thread_blocked, id=25236, stack(0x000000841a000000,0x000000841a100000)]
  0x0000024348f76a20 JavaThread "Unconstrained build operations Thread 19" [_thread_blocked, id=3360, stack(0x000000841a100000,0x000000841a200000)]
  0x0000024348f755e0 JavaThread "Unconstrained build operations Thread 20" [_thread_blocked, id=24540, stack(0x000000841a200000,0x000000841a300000)]
  0x0000024348f72850 JavaThread "Unconstrained build operations Thread 21" [_thread_blocked, id=26020, stack(0x000000841a300000,0x000000841a400000)]
  0x0000024348f75af0 JavaThread "Unconstrained build operations Thread 22" [_thread_blocked, id=22348, stack(0x000000841a400000,0x000000841a500000)]
  0x0000024348f71920 JavaThread "Unconstrained build operations Thread 23" [_thread_blocked, id=5192, stack(0x000000841a500000,0x000000841a600000)]
  0x0000024348f76510 JavaThread "Unconstrained build operations Thread 24" [_thread_blocked, id=15084, stack(0x000000841a600000,0x000000841a700000)]
  0x0000024348f76f30 JavaThread "Unconstrained build operations Thread 25" [_thread_blocked, id=12916, stack(0x000000841a700000,0x000000841a800000)]
  0x0000024348f746b0 JavaThread "Unconstrained build operations Thread 26" [_thread_blocked, id=14356, stack(0x000000841a800000,0x000000841a900000)]
  0x0000024348f72340 JavaThread "Unconstrained build operations Thread 27" [_thread_blocked, id=22608, stack(0x000000841a900000,0x000000841aa00000)]
  0x0000024348f73c90 JavaThread "Unconstrained build operations Thread 28" [_thread_blocked, id=24364, stack(0x000000841aa00000,0x000000841ab00000)]
  0x0000024348f71410 JavaThread "Unconstrained build operations Thread 29" [_thread_blocked, id=6416, stack(0x000000841ab00000,0x000000841ac00000)]
  0x0000024348f71e30 JavaThread "Unconstrained build operations Thread 30" [_thread_blocked, id=3796, stack(0x000000841ac00000,0x000000841ad00000)]
  0x0000024348f70f00 JavaThread "Unconstrained build operations Thread 31" [_thread_blocked, id=16524, stack(0x000000841b000000,0x000000841b100000)]
  0x0000024348f72d60 JavaThread "Unconstrained build operations Thread 32" [_thread_blocked, id=19748, stack(0x000000841b100000,0x000000841b200000)]
  0x0000024348f77440 JavaThread "Unconstrained build operations Thread 33" [_thread_blocked, id=10136, stack(0x000000841b200000,0x000000841b300000)]
  0x0000024348f6ffd0 JavaThread "Unconstrained build operations Thread 34" [_thread_blocked, id=9280, stack(0x000000841b300000,0x000000841b400000)]
  0x0000024348f73270 JavaThread "Unconstrained build operations Thread 35" [_thread_blocked, id=21576, stack(0x000000841b400000,0x000000841b500000)]
  0x0000024348f73780 JavaThread "Unconstrained build operations Thread 36" [_thread_blocked, id=17072, stack(0x000000841b500000,0x000000841b600000)]
  0x0000024348f77950 JavaThread "Unconstrained build operations Thread 37" [_thread_blocked, id=11076, stack(0x000000841b600000,0x000000841b700000)]
  0x0000024348f741a0 JavaThread "Unconstrained build operations Thread 38" [_thread_blocked, id=26980, stack(0x000000841b700000,0x000000841b800000)]
  0x0000024348f74bc0 JavaThread "Unconstrained build operations Thread 39" [_thread_blocked, id=9068, stack(0x000000841b800000,0x000000841b900000)]
  0x0000024348f750d0 JavaThread "Unconstrained build operations Thread 40" [_thread_blocked, id=10156, stack(0x000000841b900000,0x000000841ba00000)]
  0x0000024348f709f0 JavaThread "Unconstrained build operations Thread 41" [_thread_blocked, id=2168, stack(0x000000841ba00000,0x000000841bb00000)]
  0x0000024348f704e0 JavaThread "Unconstrained build operations Thread 42" [_thread_blocked, id=3048, stack(0x000000841bb00000,0x000000841bc00000)]
  0x000002434876fb50 JavaThread "Unconstrained build operations Thread 43" [_thread_blocked, id=24132, stack(0x000000841bc00000,0x000000841bd00000)]
  0x000002434876a540 JavaThread "Unconstrained build operations Thread 44" [_thread_blocked, id=12048, stack(0x000000841bd00000,0x000000841be00000)]
  0x000002434876c8b0 JavaThread "Unconstrained build operations Thread 45" [_thread_blocked, id=3328, stack(0x000000841be00000,0x000000841bf00000)]
  0x000002434876cdc0 JavaThread "Unconstrained build operations Thread 46" [_thread_blocked, id=18072, stack(0x000000841bf00000,0x000000841c000000)]
  0x0000024348770060 JavaThread "Unconstrained build operations Thread 47" [_thread_blocked, id=14504, stack(0x000000841c000000,0x000000841c100000)]
  0x0000024348769100 JavaThread "Unconstrained build operations Thread 48" [_thread_blocked, id=9324, stack(0x000000841c100000,0x000000841c200000)]
  0x000002434876dcf0 JavaThread "Unconstrained build operations Thread 49" [_thread_blocked, id=19200, stack(0x000000841c200000,0x000000841c300000)]
  0x000002434876b980 JavaThread "Unconstrained build operations Thread 50" [_thread_blocked, id=17732, stack(0x000000841c300000,0x000000841c400000)]
  0x0000024348769610 JavaThread "Unconstrained build operations Thread 51" [_thread_blocked, id=27136, stack(0x000000841c400000,0x000000841c500000)]
  0x0000024343f722e0 JavaThread "C2 CompilerThread1" daemon [_thread_in_native, id=15924, stack(0x0000008414c00000,0x0000008414d00000)]
  0x0000024343f70da0 JavaThread "C2 CompilerThread2" daemon [_thread_in_native, id=14324, stack(0x0000008416700000,0x0000008416800000)]
  0x0000024346acfbf0 JavaThread "C2 CompilerThread3" daemon [_thread_in_native, id=25524, stack(0x0000008418900000,0x0000008418a00000)]
  0x00000243481dc7c0 JavaThread "C2 CompilerThread4" daemon [_thread_in_native, id=19252, stack(0x0000008418c00000,0x0000008418d00000)]
  0x00000243481dcd10 JavaThread "C2 CompilerThread5" daemon [_thread_in_native, id=22292, stack(0x000000841ad00000,0x000000841ae00000)]
  0x00000243481ddd00 JavaThread "C2 CompilerThread6" daemon [_thread_in_native, id=9288, stack(0x000000841ae00000,0x000000841af00000)]
  0x00000243481de7a0 JavaThread "C2 CompilerThread7" daemon [_thread_in_native, id=27628, stack(0x000000841af00000,0x000000841b000000)]

Other Threads:
  0x000002433d108620 VMThread "VM Thread" [stack: 0x0000008413b00000,0x0000008413c00000] [id=25396]
  0x000002433d468cf0 WatcherThread [stack: 0x0000008414900000,0x0000008414a00000] [id=18188]
  0x00000243226a1840 GCTaskThread "GC Thread#0" [stack: 0x0000008413600000,0x0000008413700000] [id=21112]
  0x0000024342dcd620 GCTaskThread "GC Thread#1" [stack: 0x0000008414e00000,0x0000008414f00000] [id=7908]
  0x0000024342fae0c0 GCTaskThread "GC Thread#2" [stack: 0x0000008414f00000,0x0000008415000000] [id=19768]
  0x0000024342fae380 GCTaskThread "GC Thread#3" [stack: 0x0000008415000000,0x0000008415100000] [id=17304]
  0x0000024342fae640 GCTaskThread "GC Thread#4" [stack: 0x0000008415100000,0x0000008415200000] [id=27204]
  0x0000024342ec2f60 GCTaskThread "GC Thread#5" [stack: 0x0000008415a00000,0x0000008415b00000] [id=23136]
  0x000002434405e0e0 GCTaskThread "GC Thread#6" [stack: 0x0000008415b00000,0x0000008415c00000] [id=25976]
  0x0000024343b9b8a0 GCTaskThread "GC Thread#7" [stack: 0x0000008415c00000,0x0000008415d00000] [id=24060]
  0x00000243439f6c50 GCTaskThread "GC Thread#8" [stack: 0x0000008415d00000,0x0000008415e00000] [id=25040]
  0x000002434375bf30 GCTaskThread "GC Thread#9" [stack: 0x0000008415e00000,0x0000008415f00000] [id=15800]
  0x0000024342f35030 GCTaskThread "GC Thread#10" [stack: 0x0000008415f00000,0x0000008416000000] [id=20304]
  0x0000024342f352f0 GCTaskThread "GC Thread#11" [stack: 0x0000008416000000,0x0000008416100000] [id=21672]
  0x000002434383f430 GCTaskThread "GC Thread#12" [stack: 0x0000008416100000,0x0000008416200000] [id=24856]
  0x00000243226adfc0 ConcurrentGCThread "G1 Main Marker" [stack: 0x0000008413700000,0x0000008413800000] [id=2588]
  0x00000243226ae8f0 ConcurrentGCThread "G1 Conc#0" [stack: 0x0000008413800000,0x0000008413900000] [id=11256]
  0x0000024343a348d0 ConcurrentGCThread "G1 Conc#1" [stack: 0x0000008416200000,0x0000008416300000] [id=11816]
  0x0000024343a35690 ConcurrentGCThread "G1 Conc#2" [stack: 0x0000008416300000,0x0000008416400000] [id=20716]
  0x000002433ce30d50 ConcurrentGCThread "G1 Refine#0" [stack: 0x0000008413900000,0x0000008413a00000] [id=25676]
  0x000002433ce31690 ConcurrentGCThread "G1 Service" [stack: 0x0000008413a00000,0x0000008413b00000] [id=13812]

Threads with active compile tasks:
C2 CompilerThread0    11332 12294       4       com.android.ide.common.resources.ValueResourceParser2::getResource (73 bytes)
C2 CompilerThread1    11332 12407 % !   4       com.android.ide.common.resources.DataMerger::mergeData @ 247 (611 bytes)
C2 CompilerThread2    11332 12176       4       com.sun.org.apache.xerces.internal.impl.XMLNSDocumentScannerImpl::scanStartElement (1031 bytes)
C2 CompilerThread3    11332 12333       4       com.google.common.collect.TransformedIterator::next (14 bytes)
C2 CompilerThread4    11332 12411   !   4       com.android.ide.common.resources.ResourceMergerItem::getKey (135 bytes)
C2 CompilerThread5    11332 12184   !   4       com.sun.org.apache.xerces.internal.parsers.AbstractSAXParser::startElement (318 bytes)
C2 CompilerThread6    11333 12334       4       com.google.common.collect.LinkedListMultimap$DistinctKeyIterator::next (89 bytes)
C2 CompilerThread7    11333 12198   !   4       com.android.utils.PositionXmlParser$DomBuilder::startElement (272 bytes)

VM state: not at safepoint (normal execution)

VM Mutex/Monitor currently owned by a thread: None

Heap address: 0x0000000080000000, size: 2048 MB, Compressed Oops mode: 32-bit

CDS archive(s) not mapped
Compressed class space mapped at: 0x0000000100000000-0x0000000140000000, reserved size: 1073741824
Narrow klass base: 0x0000000000000000, Narrow klass shift: 3, Narrow klass range: 0x140000000

GC Precious Log:
 CPUs: 16 total, 16 available
 Memory: 14188M
 Large Page Support: Disabled
 NUMA Support: Disabled
 Compressed Oops: Enabled (32-bit)
 Heap Region Size: 1M
 Heap Min Capacity: 8M
 Heap Initial Capacity: 222M
 Heap Max Capacity: 2G
 Pre-touch: Disabled
 Parallel Workers: 13
 Concurrent Workers: 3
 Concurrent Refinement Workers: 13
 Periodic GC: Disabled

Heap:
 garbage-first heap   total 199680K, used 139235K [0x0000000080000000, 0x0000000100000000)
  region size 1024K, 43 young (44032K), 3 survivors (3072K)
 Metaspace       used 98347K, committed 99072K, reserved 1179648K
  class space    used 13671K, committed 14016K, reserved 1048576K

Heap Regions: E=young(eden), S=young(survivor), O=old, HS=humongous(starts), HC=humongous(continues), CS=collection set, F=free, OA=open archive, CA=closed archive, TAMS=top-at-mark-start (previous, next)
|   0|0x0000000080000000, 0x0000000080100000, 0x0000000080100000|100%|HS|  |TAMS 0x0000000080100000, 0x0000000080000000| Complete 
|   1|0x0000000080100000, 0x0000000080200000, 0x0000000080200000|100%|HC|  |TAMS 0x0000000080200000, 0x0000000080100000| Complete 
|   2|0x0000000080200000, 0x0000000080300000, 0x0000000080300000|100%|HC|  |TAMS 0x0000000080300000, 0x0000000080200000| Complete 
|   3|0x0000000080300000, 0x0000000080400000, 0x0000000080400000|100%|HC|  |TAMS 0x0000000080400000, 0x0000000080300000| Complete 
|   4|0x0000000080400000, 0x0000000080500000, 0x0000000080500000|100%| O|  |TAMS 0x0000000080500000, 0x0000000080400000| Untracked 
|   5|0x0000000080500000, 0x0000000080600000, 0x0000000080600000|100%| O|  |TAMS 0x0000000080600000, 0x0000000080500000| Untracked 
|   6|0x0000000080600000, 0x0000000080700000, 0x0000000080700000|100%| O|  |TAMS 0x0000000080700000, 0x0000000080600000| Untracked 
|   7|0x0000000080700000, 0x0000000080800000, 0x0000000080800000|100%| O|  |TAMS 0x0000000080800000, 0x0000000080700000| Untracked 
|   8|0x0000000080800000, 0x0000000080900000, 0x0000000080900000|100%| O|  |TAMS 0x0000000080900000, 0x0000000080800000| Untracked 
|   9|0x0000000080900000, 0x0000000080a00000, 0x0000000080a00000|100%| O|  |TAMS 0x0000000080a00000, 0x0000000080900000| Untracked 
|  10|0x0000000080a00000, 0x0000000080a59e00, 0x0000000080b00000| 35%| O|  |TAMS 0x0000000080a59e00, 0x0000000080a00000| Untracked 
|  11|0x0000000080b00000, 0x0000000080c00000, 0x0000000080c00000|100%| O|  |TAMS 0x0000000080c00000, 0x0000000080b00000| Untracked 
|  12|0x0000000080c00000, 0x0000000080d00000, 0x0000000080d00000|100%| O|  |TAMS 0x0000000080d00000, 0x0000000080c00000| Untracked 
|  13|0x0000000080d00000, 0x0000000080e00000, 0x0000000080e00000|100%| O|  |TAMS 0x0000000080e00000, 0x0000000080d00000| Untracked 
|  14|0x0000000080e00000, 0x0000000080f00000, 0x0000000080f00000|100%| O|  |TAMS 0x0000000080f00000, 0x0000000080e00000| Untracked 
|  15|0x0000000080f00000, 0x0000000081000000, 0x0000000081000000|100%| O|  |TAMS 0x0000000081000000, 0x0000000080f00000| Untracked 
|  16|0x0000000081000000, 0x0000000081100000, 0x0000000081100000|100%| O|  |TAMS 0x0000000081100000, 0x0000000081000000| Untracked 
|  17|0x0000000081100000, 0x0000000081200000, 0x0000000081200000|100%| O|  |TAMS 0x0000000081200000, 0x0000000081100000| Untracked 
|  18|0x0000000081200000, 0x0000000081300000, 0x0000000081300000|100%| O|  |TAMS 0x0000000081300000, 0x0000000081200000| Untracked 
|  19|0x0000000081300000, 0x0000000081400000, 0x0000000081400000|100%| O|  |TAMS 0x0000000081400000, 0x0000000081300000| Untracked 
|  20|0x0000000081400000, 0x0000000081500000, 0x0000000081500000|100%| O|  |TAMS 0x0000000081500000, 0x0000000081400000| Untracked 
|  21|0x0000000081500000, 0x0000000081600000, 0x0000000081600000|100%| O|  |TAMS 0x0000000081600000, 0x0000000081500000| Untracked 
|  22|0x0000000081600000, 0x0000000081700000, 0x0000000081700000|100%| O|  |TAMS 0x0000000081700000, 0x0000000081600000| Untracked 
|  23|0x0000000081700000, 0x0000000081800000, 0x0000000081800000|100%|HS|  |TAMS 0x0000000081800000, 0x0000000081700000| Complete 
|  24|0x0000000081800000, 0x0000000081900000, 0x0000000081900000|100%| O|  |TAMS 0x0000000081900000, 0x0000000081800000| Untracked 
|  25|0x0000000081900000, 0x0000000081a00000, 0x0000000081a00000|100%| O|  |TAMS 0x0000000081a00000, 0x0000000081900000| Untracked 
|  26|0x0000000081a00000, 0x0000000081b00000, 0x0000000081b00000|100%| O|  |TAMS 0x0000000081b00000, 0x0000000081a00000| Untracked 
|  27|0x0000000081b00000, 0x0000000081c00000, 0x0000000081c00000|100%| O|  |TAMS 0x0000000081c00000, 0x0000000081b00000| Untracked 
|  28|0x0000000081c00000, 0x0000000081d00000, 0x0000000081d00000|100%| O|  |TAMS 0x0000000081d00000, 0x0000000081c00000| Untracked 
|  29|0x0000000081d00000, 0x0000000081e00000, 0x0000000081e00000|100%| O|  |TAMS 0x0000000081e00000, 0x0000000081d00000| Untracked 
|  30|0x0000000081e00000, 0x0000000081f00000, 0x0000000081f00000|100%| O|  |TAMS 0x0000000081f00000, 0x0000000081e00000| Untracked 
|  31|0x0000000081f00000, 0x0000000082000000, 0x0000000082000000|100%| O|  |TAMS 0x0000000082000000, 0x0000000081f00000| Untracked 
|  32|0x0000000082000000, 0x0000000082100000, 0x0000000082100000|100%| O|  |TAMS 0x0000000082100000, 0x0000000082000000| Untracked 
|  33|0x0000000082100000, 0x0000000082200000, 0x0000000082200000|100%| O|  |TAMS 0x0000000082200000, 0x0000000082100000| Untracked 
|  34|0x0000000082200000, 0x0000000082300000, 0x0000000082300000|100%| O|  |TAMS 0x0000000082300000, 0x0000000082200000| Untracked 
|  35|0x0000000082300000, 0x0000000082400000, 0x0000000082400000|100%| O|  |TAMS 0x0000000082400000, 0x0000000082300000| Untracked 
|  36|0x0000000082400000, 0x0000000082500000, 0x0000000082500000|100%| O|  |TAMS 0x0000000082500000, 0x0000000082400000| Untracked 
|  37|0x0000000082500000, 0x0000000082600000, 0x0000000082600000|100%| O|  |TAMS 0x0000000082600000, 0x0000000082500000| Untracked 
|  38|0x0000000082600000, 0x0000000082700000, 0x0000000082700000|100%| O|  |TAMS 0x0000000082700000, 0x0000000082600000| Untracked 
|  39|0x0000000082700000, 0x0000000082800000, 0x0000000082800000|100%| O|  |TAMS 0x0000000082800000, 0x0000000082700000| Untracked 
|  40|0x0000000082800000, 0x0000000082900000, 0x0000000082900000|100%|HS|  |TAMS 0x0000000082900000, 0x0000000082800000| Complete 
|  41|0x0000000082900000, 0x0000000082a00000, 0x0000000082a00000|100%|HS|  |TAMS 0x0000000082a00000, 0x0000000082900000| Complete 
|  42|0x0000000082a00000, 0x0000000082b00000, 0x0000000082b00000|100%|HS|  |TAMS 0x0000000082b00000, 0x0000000082a00000| Complete 
|  43|0x0000000082b00000, 0x0000000082c00000, 0x0000000082c00000|100%|HS|  |TAMS 0x0000000082c00000, 0x0000000082b00000| Complete 
|  44|0x0000000082c00000, 0x0000000082d00000, 0x0000000082d00000|100%|HS|  |TAMS 0x0000000082d00000, 0x0000000082c00000| Complete 
|  45|0x0000000082d00000, 0x0000000082e00000, 0x0000000082e00000|100%| O|  |TAMS 0x0000000082e00000, 0x0000000082d00000| Complete 
|  46|0x0000000082e00000, 0x0000000082f00000, 0x0000000082f00000|100%| O|  |TAMS 0x0000000082f00000, 0x0000000082e00000| Untracked 
|  47|0x0000000082f00000, 0x0000000083000000, 0x0000000083000000|100%| O|  |TAMS 0x0000000083000000, 0x0000000082f00000| Untracked 
|  48|0x0000000083000000, 0x0000000083100000, 0x0000000083100000|100%|HS|  |TAMS 0x0000000083100000, 0x0000000083000000| Complete 
|  49|0x0000000083100000, 0x0000000083200000, 0x0000000083200000|100%| O|  |TAMS 0x0000000083200000, 0x0000000083100000| Untracked 
|  50|0x0000000083200000, 0x0000000083300000, 0x0000000083300000|100%| O|  |TAMS 0x0000000083300000, 0x0000000083200000| Untracked 
|  51|0x0000000083300000, 0x0000000083400000, 0x0000000083400000|100%| O|  |TAMS 0x0000000083400000, 0x0000000083300000| Untracked 
|  52|0x0000000083400000, 0x0000000083500000, 0x0000000083500000|100%| O|  |TAMS 0x0000000083500000, 0x0000000083400000| Untracked 
|  53|0x0000000083500000, 0x0000000083600000, 0x0000000083600000|100%| O|  |TAMS 0x0000000083600000, 0x0000000083500000| Untracked 
|  54|0x0000000083600000, 0x0000000083700000, 0x0000000083700000|100%| O|  |TAMS 0x0000000083700000, 0x0000000083600000| Untracked 
|  55|0x0000000083700000, 0x0000000083800000, 0x0000000083800000|100%| O|  |TAMS 0x0000000083800000, 0x0000000083700000| Untracked 
|  56|0x0000000083800000, 0x0000000083900000, 0x0000000083900000|100%| O|  |TAMS 0x0000000083900000, 0x0000000083800000| Untracked 
|  57|0x0000000083900000, 0x0000000083a00000, 0x0000000083a00000|100%| O|  |TAMS 0x0000000083a00000, 0x0000000083900000| Untracked 
|  58|0x0000000083a00000, 0x0000000083b00000, 0x0000000083b00000|100%| O|  |TAMS 0x0000000083b00000, 0x0000000083a00000| Untracked 
|  59|0x0000000083b00000, 0x0000000083c00000, 0x0000000083c00000|100%| O|  |TAMS 0x0000000083c00000, 0x0000000083b00000| Untracked 
|  60|0x0000000083c00000, 0x0000000083d00000, 0x0000000083d00000|100%| O|  |TAMS 0x0000000083d00000, 0x0000000083c00000| Untracked 
|  61|0x0000000083d00000, 0x0000000083e00000, 0x0000000083e00000|100%| O|  |TAMS 0x0000000083e00000, 0x0000000083d00000| Untracked 
|  62|0x0000000083e00000, 0x0000000083f00000, 0x0000000083f00000|100%| O|  |TAMS 0x0000000083f00000, 0x0000000083e00000| Untracked 
|  63|0x0000000083f00000, 0x0000000084000000, 0x0000000084000000|100%| O|  |TAMS 0x0000000084000000, 0x0000000083f00000| Untracked 
|  64|0x0000000084000000, 0x0000000084100000, 0x0000000084100000|100%| O|  |TAMS 0x0000000084100000, 0x0000000084000000| Complete 
|  65|0x0000000084100000, 0x0000000084200000, 0x0000000084200000|100%| O|  |TAMS 0x0000000084200000, 0x0000000084100000| Untracked 
|  66|0x0000000084200000, 0x0000000084300000, 0x0000000084300000|100%| O|  |TAMS 0x0000000084300000, 0x0000000084200000| Untracked 
|  67|0x0000000084300000, 0x0000000084400000, 0x0000000084400000|100%| O|  |TAMS 0x0000000084400000, 0x0000000084300000| Untracked 
|  68|0x0000000084400000, 0x0000000084500000, 0x0000000084500000|100%| O|  |TAMS 0x0000000084500000, 0x0000000084400000| Untracked 
|  69|0x0000000084500000, 0x0000000084600000, 0x0000000084600000|100%| O|  |TAMS 0x0000000084600000, 0x0000000084500000| Untracked 
|  70|0x0000000084600000, 0x0000000084700000, 0x0000000084700000|100%| O|  |TAMS 0x0000000084700000, 0x0000000084600000| Untracked 
|  71|0x0000000084700000, 0x0000000084800000, 0x0000000084800000|100%| O|  |TAMS 0x0000000084800000, 0x0000000084700000| Untracked 
|  72|0x0000000084800000, 0x0000000084900000, 0x0000000084900000|100%|HS|  |TAMS 0x0000000084800000, 0x0000000084800000| Complete 
|  73|0x0000000084900000, 0x0000000084a00000, 0x0000000084a00000|100%|HC|  |TAMS 0x0000000084900000, 0x0000000084900000| Complete 
|  74|0x0000000084a00000, 0x0000000084a00000, 0x0000000084b00000|  0%| F|  |TAMS 0x0000000084a00000, 0x0000000084a00000| Untracked 
|  75|0x0000000084b00000, 0x0000000084c00000, 0x0000000084c00000|100%|HS|  |TAMS 0x0000000084c00000, 0x0000000084b00000| Complete 
|  76|0x0000000084c00000, 0x0000000084c00000, 0x0000000084d00000|  0%| F|  |TAMS 0x0000000084c00000, 0x0000000084c00000| Untracked 
|  77|0x0000000084d00000, 0x0000000084e00000, 0x0000000084e00000|100%| O|  |TAMS 0x0000000084e00000, 0x0000000084d00000| Untracked 
|  78|0x0000000084e00000, 0x0000000084f00000, 0x0000000084f00000|100%| O|  |TAMS 0x0000000084f00000, 0x0000000084e00000| Untracked 
|  79|0x0000000084f00000, 0x0000000085000000, 0x0000000085000000|100%| O|  |TAMS 0x0000000085000000, 0x0000000084f00000| Untracked 
|  80|0x0000000085000000, 0x0000000085100000, 0x0000000085100000|100%| O|  |TAMS 0x0000000085100000, 0x0000000085000000| Untracked 
|  81|0x0000000085100000, 0x0000000085200000, 0x0000000085200000|100%| O|  |TAMS 0x0000000085200000, 0x0000000085100000| Untracked 
|  82|0x0000000085200000, 0x0000000085300000, 0x0000000085300000|100%| O|  |TAMS 0x0000000085300000, 0x0000000085200000| Untracked 
|  83|0x0000000085300000, 0x0000000085400000, 0x0000000085400000|100%| O|  |TAMS 0x0000000085400000, 0x0000000085300000| Untracked 
|  84|0x0000000085400000, 0x0000000085500000, 0x0000000085500000|100%| O|  |TAMS 0x00000000854d9a00, 0x0000000085400000| Untracked 
|  85|0x0000000085500000, 0x0000000085600000, 0x0000000085600000|100%|HS|  |TAMS 0x0000000085600000, 0x0000000085500000| Complete 
|  86|0x0000000085600000, 0x0000000085700000, 0x0000000085700000|100%|HC|  |TAMS 0x0000000085700000, 0x0000000085600000| Complete 
|  87|0x0000000085700000, 0x0000000085800000, 0x0000000085800000|100%| O|  |TAMS 0x0000000085700000, 0x0000000085700000| Untracked 
|  88|0x0000000085800000, 0x0000000085900000, 0x0000000085900000|100%| O|  |TAMS 0x0000000085800000, 0x0000000085800000| Untracked 
|  89|0x0000000085900000, 0x0000000085a00000, 0x0000000085a00000|100%| O|  |TAMS 0x0000000085900000, 0x0000000085900000| Untracked 
|  90|0x0000000085a00000, 0x0000000085b00000, 0x0000000085b00000|100%| O|  |TAMS 0x0000000085a00000, 0x0000000085a00000| Untracked 
|  91|0x0000000085b00000, 0x0000000085c00000, 0x0000000085c00000|100%| O|  |TAMS 0x0000000085b00000, 0x0000000085b00000| Untracked 
|  92|0x0000000085c00000, 0x0000000085d00000, 0x0000000085d00000|100%| O|  |TAMS 0x0000000085c00000, 0x0000000085c00000| Untracked 
|  93|0x0000000085d00000, 0x0000000085e00000, 0x0000000085e00000|100%| O|  |TAMS 0x0000000085d00000, 0x0000000085d00000| Untracked 
|  94|0x0000000085e00000, 0x0000000085f00000, 0x0000000085f00000|100%| O|  |TAMS 0x0000000085e00000, 0x0000000085e00000| Untracked 
|  95|0x0000000085f00000, 0x0000000086000000, 0x0000000086000000|100%| O|  |TAMS 0x0000000085f00000, 0x0000000085f00000| Untracked 
|  96|0x0000000086000000, 0x0000000086100000, 0x0000000086100000|100%| O|  |TAMS 0x0000000086000000, 0x0000000086000000| Untracked 
|  97|0x0000000086100000, 0x00000000861a1800, 0x0000000086200000| 63%| O|  |TAMS 0x0000000086100000, 0x0000000086100000| Untracked 
|  98|0x0000000086200000, 0x0000000086200000, 0x0000000086300000|  0%| F|  |TAMS 0x0000000086200000, 0x0000000086200000| Untracked 
|  99|0x0000000086300000, 0x0000000086300000, 0x0000000086400000|  0%| F|  |TAMS 0x0000000086300000, 0x0000000086300000| Untracked 
| 100|0x0000000086400000, 0x0000000086400000, 0x0000000086500000|  0%| F|  |TAMS 0x0000000086400000, 0x0000000086400000| Untracked 
| 101|0x0000000086500000, 0x0000000086500000, 0x0000000086600000|  0%| F|  |TAMS 0x0000000086500000, 0x0000000086500000| Untracked 
| 102|0x0000000086600000, 0x0000000086600000, 0x0000000086700000|  0%| F|  |TAMS 0x0000000086600000, 0x0000000086600000| Untracked 
| 103|0x0000000086700000, 0x0000000086700000, 0x0000000086800000|  0%| F|  |TAMS 0x0000000086700000, 0x0000000086700000| Untracked 
| 104|0x0000000086800000, 0x0000000086800000, 0x0000000086900000|  0%| F|  |TAMS 0x0000000086800000, 0x0000000086800000| Untracked 
| 105|0x0000000086900000, 0x0000000086900000, 0x0000000086a00000|  0%| F|  |TAMS 0x0000000086900000, 0x0000000086900000| Untracked 
| 106|0x0000000086a00000, 0x0000000086a00000, 0x0000000086b00000|  0%| F|  |TAMS 0x0000000086a00000, 0x0000000086a00000| Untracked 
| 107|0x0000000086b00000, 0x0000000086b00000, 0x0000000086c00000|  0%| F|  |TAMS 0x0000000086b00000, 0x0000000086b00000| Untracked 
| 108|0x0000000086c00000, 0x0000000086c00000, 0x0000000086d00000|  0%| F|  |TAMS 0x0000000086c00000, 0x0000000086c00000| Untracked 
| 109|0x0000000086d00000, 0x0000000086d00000, 0x0000000086e00000|  0%| F|  |TAMS 0x0000000086d00000, 0x0000000086d00000| Untracked 
| 110|0x0000000086e00000, 0x0000000086e00000, 0x0000000086f00000|  0%| F|  |TAMS 0x0000000086e00000, 0x0000000086e00000| Untracked 
| 111|0x0000000086f00000, 0x0000000086f00000, 0x0000000087000000|  0%| F|  |TAMS 0x0000000086f00000, 0x0000000086f00000| Untracked 
| 112|0x0000000087000000, 0x0000000087000000, 0x0000000087100000|  0%| F|  |TAMS 0x0000000087000000, 0x0000000087000000| Untracked 
| 113|0x0000000087100000, 0x0000000087100000, 0x0000000087200000|  0%| F|  |TAMS 0x0000000087100000, 0x0000000087100000| Untracked 
| 114|0x0000000087200000, 0x0000000087200000, 0x0000000087300000|  0%| F|  |TAMS 0x0000000087200000, 0x0000000087200000| Untracked 
| 115|0x0000000087300000, 0x0000000087300000, 0x0000000087400000|  0%| F|  |TAMS 0x0000000087300000, 0x0000000087300000| Untracked 
| 116|0x0000000087400000, 0x0000000087400000, 0x0000000087500000|  0%| F|  |TAMS 0x0000000087400000, 0x0000000087400000| Untracked 
| 117|0x0000000087500000, 0x0000000087500000, 0x0000000087600000|  0%| F|  |TAMS 0x0000000087500000, 0x0000000087500000| Untracked 
| 118|0x0000000087600000, 0x0000000087600000, 0x0000000087700000|  0%| F|  |TAMS 0x0000000087600000, 0x0000000087600000| Untracked 
| 119|0x0000000087700000, 0x0000000087700000, 0x0000000087800000|  0%| F|  |TAMS 0x0000000087700000, 0x0000000087700000| Untracked 
| 120|0x0000000087800000, 0x0000000087800000, 0x0000000087900000|  0%| F|  |TAMS 0x0000000087800000, 0x0000000087800000| Untracked 
| 121|0x0000000087900000, 0x0000000087900000, 0x0000000087a00000|  0%| F|  |TAMS 0x0000000087900000, 0x0000000087900000| Untracked 
| 122|0x0000000087a00000, 0x0000000087a00000, 0x0000000087b00000|  0%| F|  |TAMS 0x0000000087a00000, 0x0000000087a00000| Untracked 
| 123|0x0000000087b00000, 0x0000000087b00000, 0x0000000087c00000|  0%| F|  |TAMS 0x0000000087b00000, 0x0000000087b00000| Untracked 
| 124|0x0000000087c00000, 0x0000000087c00000, 0x0000000087d00000|  0%| F|  |TAMS 0x0000000087c00000, 0x0000000087c00000| Untracked 
| 125|0x0000000087d00000, 0x0000000087d00000, 0x0000000087e00000|  0%| F|  |TAMS 0x0000000087d00000, 0x0000000087d00000| Untracked 
| 126|0x0000000087e00000, 0x0000000087e00000, 0x0000000087f00000|  0%| F|  |TAMS 0x0000000087e00000, 0x0000000087e00000| Untracked 
| 127|0x0000000087f00000, 0x0000000087f00000, 0x0000000088000000|  0%| F|  |TAMS 0x0000000087f00000, 0x0000000087f00000| Untracked 
| 128|0x0000000088000000, 0x0000000088000000, 0x0000000088100000|  0%| F|  |TAMS 0x0000000088000000, 0x0000000088000000| Untracked 
| 129|0x0000000088100000, 0x0000000088100000, 0x0000000088200000|  0%| F|  |TAMS 0x0000000088100000, 0x0000000088100000| Untracked 
| 130|0x0000000088200000, 0x0000000088200000, 0x0000000088300000|  0%| F|  |TAMS 0x0000000088200000, 0x0000000088200000| Untracked 
| 131|0x0000000088300000, 0x0000000088300000, 0x0000000088400000|  0%| F|  |TAMS 0x0000000088300000, 0x0000000088300000| Untracked 
| 132|0x0000000088400000, 0x0000000088400000, 0x0000000088500000|  0%| F|  |TAMS 0x0000000088400000, 0x0000000088400000| Untracked 
| 133|0x0000000088500000, 0x0000000088500000, 0x0000000088600000|  0%| F|  |TAMS 0x0000000088500000, 0x0000000088500000| Untracked 
| 134|0x0000000088600000, 0x0000000088600000, 0x0000000088700000|  0%| F|  |TAMS 0x0000000088600000, 0x0000000088600000| Untracked 
| 135|0x0000000088700000, 0x0000000088700000, 0x0000000088800000|  0%| F|  |TAMS 0x0000000088700000, 0x0000000088700000| Untracked 
| 136|0x0000000088800000, 0x0000000088800000, 0x0000000088900000|  0%| F|  |TAMS 0x0000000088800000, 0x0000000088800000| Untracked 
| 137|0x0000000088900000, 0x0000000088900000, 0x0000000088a00000|  0%| F|  |TAMS 0x0000000088900000, 0x0000000088900000| Untracked 
| 138|0x0000000088a00000, 0x0000000088a00000, 0x0000000088b00000|  0%| F|  |TAMS 0x0000000088a00000, 0x0000000088a00000| Untracked 
| 139|0x0000000088b00000, 0x0000000088b00000, 0x0000000088c00000|  0%| F|  |TAMS 0x0000000088b00000, 0x0000000088b00000| Untracked 
| 140|0x0000000088c00000, 0x0000000088c00000, 0x0000000088d00000|  0%| F|  |TAMS 0x0000000088c00000, 0x0000000088c00000| Untracked 
| 141|0x0000000088d00000, 0x0000000088d00000, 0x0000000088e00000|  0%| F|  |TAMS 0x0000000088d00000, 0x0000000088d00000| Untracked 
| 142|0x0000000088e00000, 0x0000000088e00000, 0x0000000088f00000|  0%| F|  |TAMS 0x0000000088e00000, 0x0000000088e00000| Untracked 
| 143|0x0000000088f00000, 0x0000000088f00000, 0x0000000089000000|  0%| F|  |TAMS 0x0000000088f00000, 0x0000000088f00000| Untracked 
| 144|0x0000000089000000, 0x0000000089000000, 0x0000000089100000|  0%| F|  |TAMS 0x0000000089000000, 0x0000000089000000| Untracked 
| 145|0x0000000089100000, 0x0000000089100000, 0x0000000089200000|  0%| F|  |TAMS 0x0000000089100000, 0x0000000089100000| Untracked 
| 146|0x0000000089200000, 0x0000000089200000, 0x0000000089300000|  0%| F|  |TAMS 0x0000000089200000, 0x0000000089200000| Untracked 
| 147|0x0000000089300000, 0x0000000089300000, 0x0000000089400000|  0%| F|  |TAMS 0x0000000089300000, 0x0000000089300000| Untracked 
| 148|0x0000000089400000, 0x0000000089400000, 0x0000000089500000|  0%| F|  |TAMS 0x0000000089400000, 0x0000000089400000| Untracked 
| 149|0x0000000089500000, 0x0000000089500000, 0x0000000089600000|  0%| F|  |TAMS 0x0000000089500000, 0x0000000089500000| Untracked 
| 150|0x0000000089600000, 0x0000000089600000, 0x0000000089700000|  0%| F|  |TAMS 0x0000000089600000, 0x0000000089600000| Untracked 
| 151|0x0000000089700000, 0x0000000089700000, 0x0000000089800000|  0%| F|  |TAMS 0x0000000089700000, 0x0000000089700000| Untracked 
| 152|0x0000000089800000, 0x00000000898535a8, 0x0000000089900000| 32%| E|  |TAMS 0x0000000089800000, 0x0000000089800000| Complete 
| 153|0x0000000089900000, 0x0000000089a00000, 0x0000000089a00000|100%| E|CS|TAMS 0x0000000089900000, 0x0000000089900000| Complete 
| 154|0x0000000089a00000, 0x0000000089b00000, 0x0000000089b00000|100%| E|CS|TAMS 0x0000000089a00000, 0x0000000089a00000| Complete 
| 155|0x0000000089b00000, 0x0000000089c00000, 0x0000000089c00000|100%| E|CS|TAMS 0x0000000089b00000, 0x0000000089b00000| Complete 
| 156|0x0000000089c00000, 0x0000000089d00000, 0x0000000089d00000|100%| E|CS|TAMS 0x0000000089c00000, 0x0000000089c00000| Complete 
| 157|0x0000000089d00000, 0x0000000089e00000, 0x0000000089e00000|100%| E|CS|TAMS 0x0000000089d00000, 0x0000000089d00000| Complete 
| 158|0x0000000089e00000, 0x0000000089f00000, 0x0000000089f00000|100%| E|CS|TAMS 0x0000000089e00000, 0x0000000089e00000| Complete 
| 159|0x0000000089f00000, 0x000000008a000000, 0x000000008a000000|100%| E|CS|TAMS 0x0000000089f00000, 0x0000000089f00000| Complete 
| 160|0x000000008a000000, 0x000000008a100000, 0x000000008a100000|100%| E|CS|TAMS 0x000000008a000000, 0x000000008a000000| Complete 
| 161|0x000000008a100000, 0x000000008a200000, 0x000000008a200000|100%| E|  |TAMS 0x000000008a100000, 0x000000008a100000| Complete 
| 162|0x000000008a200000, 0x000000008a300000, 0x000000008a300000|100%| E|CS|TAMS 0x000000008a200000, 0x000000008a200000| Complete 
| 163|0x000000008a300000, 0x000000008a400000, 0x000000008a400000|100%| E|CS|TAMS 0x000000008a300000, 0x000000008a300000| Complete 
| 164|0x000000008a400000, 0x000000008a500000, 0x000000008a500000|100%| E|CS|TAMS 0x000000008a400000, 0x000000008a400000| Complete 
| 165|0x000000008a500000, 0x000000008a600000, 0x000000008a600000|100%| E|CS|TAMS 0x000000008a500000, 0x000000008a500000| Complete 
| 166|0x000000008a600000, 0x000000008a700000, 0x000000008a700000|100%| E|CS|TAMS 0x000000008a600000, 0x000000008a600000| Complete 
| 167|0x000000008a700000, 0x000000008a800000, 0x000000008a800000|100%| E|CS|TAMS 0x000000008a700000, 0x000000008a700000| Complete 
| 168|0x000000008a800000, 0x000000008a900000, 0x000000008a900000|100%| E|CS|TAMS 0x000000008a800000, 0x000000008a800000| Complete 
| 169|0x000000008a900000, 0x000000008aa00000, 0x000000008aa00000|100%| E|CS|TAMS 0x000000008a900000, 0x000000008a900000| Complete 
| 170|0x000000008aa00000, 0x000000008ab00000, 0x000000008ab00000|100%| E|CS|TAMS 0x000000008aa00000, 0x000000008aa00000| Complete 
| 171|0x000000008ab00000, 0x000000008ac00000, 0x000000008ac00000|100%| E|CS|TAMS 0x000000008ab00000, 0x000000008ab00000| Complete 
| 172|0x000000008ac00000, 0x000000008ad00000, 0x000000008ad00000|100%| E|CS|TAMS 0x000000008ac00000, 0x000000008ac00000| Complete 
| 173|0x000000008ad00000, 0x000000008ae00000, 0x000000008ae00000|100%| E|CS|TAMS 0x000000008ad00000, 0x000000008ad00000| Complete 
| 174|0x000000008ae00000, 0x000000008af00000, 0x000000008af00000|100%| E|CS|TAMS 0x000000008ae00000, 0x000000008ae00000| Complete 
| 175|0x000000008af00000, 0x000000008b000000, 0x000000008b000000|100%| E|CS|TAMS 0x000000008af00000, 0x000000008af00000| Complete 
| 176|0x000000008b000000, 0x000000008b100000, 0x000000008b100000|100%| E|CS|TAMS 0x000000008b000000, 0x000000008b000000| Complete 
| 177|0x000000008b100000, 0x000000008b200000, 0x000000008b200000|100%| E|CS|TAMS 0x000000008b100000, 0x000000008b100000| Complete 
| 178|0x000000008b200000, 0x000000008b300000, 0x000000008b300000|100%| E|CS|TAMS 0x000000008b200000, 0x000000008b200000| Complete 
| 179|0x000000008b300000, 0x000000008b400000, 0x000000008b400000|100%| E|CS|TAMS 0x000000008b300000, 0x000000008b300000| Complete 
| 180|0x000000008b400000, 0x000000008b500000, 0x000000008b500000|100%| E|CS|TAMS 0x000000008b400000, 0x000000008b400000| Complete 
| 181|0x000000008b500000, 0x000000008b600000, 0x000000008b600000|100%| E|CS|TAMS 0x000000008b500000, 0x000000008b500000| Complete 
| 182|0x000000008b600000, 0x000000008b700000, 0x000000008b700000|100%| E|CS|TAMS 0x000000008b600000, 0x000000008b600000| Complete 
| 183|0x000000008b700000, 0x000000008b800000, 0x000000008b800000|100%| E|CS|TAMS 0x000000008b700000, 0x000000008b700000| Complete 
| 184|0x000000008b800000, 0x000000008b900000, 0x000000008b900000|100%| E|CS|TAMS 0x000000008b800000, 0x000000008b800000| Complete 
| 185|0x000000008b900000, 0x000000008b9fd758, 0x000000008ba00000| 99%| S|CS|TAMS 0x000000008b900000, 0x000000008b900000| Complete 
| 186|0x000000008ba00000, 0x000000008bb00000, 0x000000008bb00000|100%| S|CS|TAMS 0x000000008ba00000, 0x000000008ba00000| Complete 
| 187|0x000000008bb00000, 0x000000008bc00000, 0x000000008bc00000|100%| S|CS|TAMS 0x000000008bb00000, 0x000000008bb00000| Complete 
| 188|0x000000008bc00000, 0x000000008bd00000, 0x000000008bd00000|100%| E|CS|TAMS 0x000000008bc00000, 0x000000008bc00000| Complete 
| 189|0x000000008bd00000, 0x000000008be00000, 0x000000008be00000|100%| E|CS|TAMS 0x000000008bd00000, 0x000000008bd00000| Complete 
| 190|0x000000008be00000, 0x000000008bf00000, 0x000000008bf00000|100%| E|CS|TAMS 0x000000008be00000, 0x000000008be00000| Complete 
| 191|0x000000008bf00000, 0x000000008c000000, 0x000000008c000000|100%| E|CS|TAMS 0x000000008bf00000, 0x000000008bf00000| Complete 
| 192|0x000000008c000000, 0x000000008c100000, 0x000000008c100000|100%| E|CS|TAMS 0x000000008c000000, 0x000000008c000000| Complete 
| 193|0x000000008c100000, 0x000000008c200000, 0x000000008c200000|100%| E|CS|TAMS 0x000000008c100000, 0x000000008c100000| Complete 
| 221|0x000000008dd00000, 0x000000008de00000, 0x000000008de00000|100%| E|CS|TAMS 0x000000008dd00000, 0x000000008dd00000| Complete 

Card table byte_map: [0x00000243357b0000,0x0000024335bb0000] _byte_map_base: 0x00000243353b0000

Marking Bits (Prev, Next): (CMBitMap*) 0x000002432055a870, (CMBitMap*) 0x000002432055a8b0
 Prev Bits: [0x0000024335fb0000, 0x0000024337fb0000)
 Next Bits: [0x0000024337fb0000, 0x0000024339fb0000)

Polling page: 0x00000243205d0000

Metaspace:

Usage:
  Non-class:     82.70 MB used.
      Class:     13.35 MB used.
       Both:     96.05 MB used.

Virtual space:
  Non-class space:      128.00 MB reserved,      83.06 MB ( 65%) committed,  2 nodes.
      Class space:        1.00 GB reserved,      13.69 MB (  1%) committed,  1 nodes.
             Both:        1.12 GB reserved,      96.75 MB (  8%) committed. 

Chunk freelists:
   Non-Class:  12.88 MB
       Class:  2.14 MB
        Both:  15.02 MB

MaxMetaspaceSize: unlimited
CompressedClassSpaceSize: 1.00 GB
Initial GC threshold: 21.00 MB
Current GC threshold: 160.75 MB
CDS: off
MetaspaceReclaimPolicy: balanced
 - commit_granule_bytes: 65536.
 - commit_granule_words: 8192.
 - virtual_space_node_default_size: 8388608.
 - enlarge_chunks_in_place: 1.
 - new_chunks_are_fully_committed: 0.
 - uncommit_free_chunks: 1.
 - use_allocation_guard: 0.
 - handle_deallocations: 1.


Internal statistics:

num_allocs_failed_limit: 6.
num_arena_births: 1120.
num_arena_deaths: 16.
num_vsnodes_births: 3.
num_vsnodes_deaths: 0.
num_space_committed: 1547.
num_space_uncommitted: 0.
num_chunks_returned_to_freelist: 30.
num_chunks_taken_from_freelist: 4895.
num_chunk_merges: 16.
num_chunk_splits: 3189.
num_chunks_enlarged: 2079.
num_inconsistent_stats: 0.

CodeHeap 'non-profiled nmethods': size=119168Kb used=6346Kb max_used=6346Kb free=112821Kb
 bounds [0x000002432d6b0000, 0x000002432dcf0000, 0x0000024334b10000]
CodeHeap 'profiled nmethods': size=119104Kb used=21124Kb max_used=21124Kb free=97979Kb
 bounds [0x0000024325b10000, 0x0000024326fc0000, 0x000002432cf60000]
CodeHeap 'non-nmethods': size=7488Kb used=3412Kb max_used=3468Kb free=4075Kb
 bounds [0x000002432cf60000, 0x000002432d2d0000, 0x000002432d6b0000]
 total_blobs=11668 nmethods=10869 adapters=704
 compilation: enabled
              stopped_count=0, restarted_count=0
 full_count=0

Compilation events (20 events):
Event: 11.289 Thread 0x0000024343f722e0 12380       4       com.android.ide.common.resources.ResourceMergerItem::getSourceType (34 bytes)
Event: 11.290 Thread 0x00000243481dc7c0 nmethod 12402 0x000002432dce0f90 code [0x000002432dce1120, 0x000002432dce1218]
Event: 11.290 Thread 0x00000243481dc7c0 12406       4       com.google.common.collect.LinkedListMultimap$1::size (33 bytes)
Event: 11.291 Thread 0x0000024343f722e0 nmethod 12380 0x000002432dce1310 code [0x000002432dce1480, 0x000002432dce1518]
Event: 11.291 Thread 0x0000024343f722e0 12362       4       com.google.common.base.Preconditions::checkNotNull (14 bytes)
Event: 11.293 Thread 0x000002433d313010 nmethod 12405 0x0000024326f9cf10 code [0x0000024326f9d760, 0x0000024326fa2d78]
Event: 11.293 Thread 0x0000024343f722e0 nmethod 12362 0x000002432dce1610 code [0x000002432dce1780, 0x000002432dce17f8]
Event: 11.293 Thread 0x0000024343f722e0 12407 % !   4       com.android.ide.common.resources.DataMerger::mergeData @ 247 (611 bytes)
Event: 11.301 Thread 0x0000024342b2ffa0 12408       3       com.sun.org.apache.xerces.internal.dom.NodeImpl::isOwned (16 bytes)
Event: 11.301 Thread 0x000002433d313010 12409       3       com.sun.org.apache.xerces.internal.dom.ElementImpl::getAttributes (36 bytes)
Event: 11.301 Thread 0x000002433d162d90 12410       3       com.sun.org.apache.xerces.internal.dom.NodeImpl::ownerDocument (23 bytes)
Event: 11.301 Thread 0x00000243481dc7c0 nmethod 12406 0x000002432dce1910 code [0x000002432dce1ac0, 0x000002432dce1e38]
Event: 11.301 Thread 0x0000024342b2ffa0 nmethod 12408 0x0000024326fa5490 code [0x0000024326fa5620, 0x0000024326fa5798]
Event: 11.301 Thread 0x000002433d162d90 nmethod 12410 0x0000024326fa5810 code [0x0000024326fa59e0, 0x0000024326fa5da8]
Event: 11.303 Thread 0x00000243481dc7c0 12377       4       com.android.ide.common.resources.ResourceMergerItem::getSourceFile (5 bytes)
Event: 11.303 Thread 0x000002433d313010 nmethod 12409 0x0000024326fa5e90 code [0x0000024326fa60a0, 0x0000024326fa6998]
Event: 11.303 Thread 0x000002433d162d90 12413   !   2       com.android.ide.common.resources.MergedResourceWriter::addItem (199 bytes)
Event: 11.304 Thread 0x00000243481dc7c0 nmethod 12377 0x000002432dce2190 code [0x000002432dce2300, 0x000002432dce2378]
Event: 11.304 Thread 0x00000243481dc7c0 12411   !   4       com.android.ide.common.resources.ResourceMergerItem::getKey (135 bytes)
Event: 11.305 Thread 0x000002433d162d90 nmethod 12413 0x0000024326fa6c10 code [0x0000024326fa6ec0, 0x0000024326fa7818]

GC Heap History (20 events):
Event: 6.925 GC heap before
{Heap before GC invocations=30 (full 0):
 garbage-first heap   total 121856K, used 70782K [0x0000000080000000, 0x0000000100000000)
  region size 1024K, 14 young (14336K), 3 survivors (3072K)
 Metaspace       used 67090K, committed 67648K, reserved 1114112K
  class space    used 9200K, committed 9472K, reserved 1048576K
}
Event: 6.927 GC heap after
{Heap after GC invocations=31 (full 0):
 garbage-first heap   total 121856K, used 58562K [0x0000000080000000, 0x0000000100000000)
  region size 1024K, 3 young (3072K), 3 survivors (3072K)
 Metaspace       used 67090K, committed 67648K, reserved 1114112K
  class space    used 9200K, committed 9472K, reserved 1048576K
}
Event: 7.164 GC heap before
{Heap before GC invocations=32 (full 0):
 garbage-first heap   total 121856K, used 87234K [0x0000000080000000, 0x0000000100000000)
  region size 1024K, 30 young (30720K), 3 survivors (3072K)
 Metaspace       used 69109K, committed 69760K, reserved 1114112K
  class space    used 9478K, committed 9792K, reserved 1048576K
}
Event: 7.166 GC heap after
{Heap after GC invocations=33 (full 0):
 garbage-first heap   total 121856K, used 61054K [0x0000000080000000, 0x0000000100000000)
  region size 1024K, 2 young (2048K), 2 survivors (2048K)
 Metaspace       used 69109K, committed 69760K, reserved 1114112K
  class space    used 9478K, committed 9792K, reserved 1048576K
}
Event: 7.397 GC heap before
{Heap before GC invocations=33 (full 0):
 garbage-first heap   total 121856K, used 89726K [0x0000000080000000, 0x0000000100000000)
  region size 1024K, 30 young (30720K), 2 survivors (2048K)
 Metaspace       used 71165K, committed 71744K, reserved 1114112K
  class space    used 9748K, committed 10048K, reserved 1048576K
}
Event: 7.399 GC heap after
{Heap after GC invocations=34 (full 0):
 garbage-first heap   total 121856K, used 62268K [0x0000000080000000, 0x0000000100000000)
  region size 1024K, 3 young (3072K), 3 survivors (3072K)
 Metaspace       used 71165K, committed 71744K, reserved 1114112K
  class space    used 9748K, committed 10048K, reserved 1048576K
}
Event: 7.665 GC heap before
{Heap before GC invocations=35 (full 0):
 garbage-first heap   total 121856K, used 92988K [0x0000000080000000, 0x0000000100000000)
  region size 1024K, 33 young (33792K), 3 survivors (3072K)
 Metaspace       used 75067K, committed 75648K, reserved 1114112K
  class space    used 10288K, committed 10560K, reserved 1048576K
}
Event: 7.668 GC heap after
{Heap after GC invocations=36 (full 0):
 garbage-first heap   total 199680K, used 63474K [0x0000000080000000, 0x0000000100000000)
  region size 1024K, 3 young (3072K), 3 survivors (3072K)
 Metaspace       used 75067K, committed 75648K, reserved 1114112K
  class space    used 10288K, committed 10560K, reserved 1048576K
}
Event: 8.283 GC heap before
{Heap before GC invocations=36 (full 0):
 garbage-first heap   total 199680K, used 143346K [0x0000000080000000, 0x0000000100000000)
  region size 1024K, 80 young (81920K), 3 survivors (3072K)
 Metaspace       used 79479K, committed 80064K, reserved 1179648K
  class space    used 10975K, committed 11264K, reserved 1048576K
}
Event: 8.287 GC heap after
{Heap after GC invocations=37 (full 0):
 garbage-first heap   total 199680K, used 68119K [0x0000000080000000, 0x0000000100000000)
  region size 1024K, 8 young (8192K), 8 survivors (8192K)
 Metaspace       used 79479K, committed 80064K, reserved 1179648K
  class space    used 10975K, committed 11264K, reserved 1048576K
}
Event: 8.982 GC heap before
{Heap before GC invocations=37 (full 0):
 garbage-first heap   total 199680K, used 144919K [0x0000000080000000, 0x0000000100000000)
  region size 1024K, 83 young (84992K), 8 survivors (8192K)
 Metaspace       used 85429K, committed 86080K, reserved 1179648K
  class space    used 11916K, committed 12224K, reserved 1048576K
}
Event: 8.987 GC heap after
{Heap after GC invocations=38 (full 0):
 garbage-first heap   total 199680K, used 72327K [0x0000000080000000, 0x0000000100000000)
  region size 1024K, 9 young (9216K), 9 survivors (9216K)
 Metaspace       used 85429K, committed 86080K, reserved 1179648K
  class space    used 11916K, committed 12224K, reserved 1048576K
}
Event: 9.712 GC heap before
{Heap before GC invocations=38 (full 0):
 garbage-first heap   total 199680K, used 151175K [0x0000000080000000, 0x0000000100000000)
  region size 1024K, 86 young (88064K), 9 survivors (9216K)
 Metaspace       used 91758K, committed 92480K, reserved 1179648K
  class space    used 12842K, committed 13184K, reserved 1048576K
}
Event: 9.718 GC heap after
{Heap after GC invocations=39 (full 0):
 garbage-first heap   total 199680K, used 76938K [0x0000000080000000, 0x0000000100000000)
  region size 1024K, 9 young (9216K), 9 survivors (9216K)
 Metaspace       used 91758K, committed 92480K, reserved 1179648K
  class space    used 12842K, committed 13184K, reserved 1048576K
}
Event: 10.218 GC heap before
{Heap before GC invocations=39 (full 0):
 garbage-first heap   total 199680K, used 153738K [0x0000000080000000, 0x0000000100000000)
  region size 1024K, 85 young (87040K), 9 survivors (9216K)
 Metaspace       used 94594K, committed 95296K, reserved 1179648K
  class space    used 13312K, committed 13632K, reserved 1048576K
}
Event: 10.225 GC heap after
{Heap after GC invocations=40 (full 0):
 garbage-first heap   total 199680K, used 83422K [0x0000000080000000, 0x0000000100000000)
  region size 1024K, 11 young (11264K), 11 survivors (11264K)
 Metaspace       used 94594K, committed 95296K, reserved 1179648K
  class space    used 13312K, committed 13632K, reserved 1048576K
}
Event: 10.907 GC heap before
{Heap before GC invocations=40 (full 0):
 garbage-first heap   total 199680K, used 161246K [0x0000000080000000, 0x0000000100000000)
  region size 1024K, 83 young (84992K), 11 survivors (11264K)
 Metaspace       used 97923K, committed 98688K, reserved 1179648K
  class space    used 13631K, committed 14016K, reserved 1048576K
}
Event: 10.914 GC heap after
{Heap after GC invocations=41 (full 0):
 garbage-first heap   total 199680K, used 92366K [0x0000000080000000, 0x0000000100000000)
  region size 1024K, 11 young (11264K), 11 survivors (11264K)
 Metaspace       used 97923K, committed 98688K, reserved 1179648K
  class space    used 13631K, committed 14016K, reserved 1048576K
}
Event: 10.963 GC heap before
{Heap before GC invocations=41 (full 0):
 garbage-first heap   total 199680K, used 104654K [0x0000000080000000, 0x0000000100000000)
  region size 1024K, 18 young (18432K), 11 survivors (11264K)
 Metaspace       used 97969K, committed 98752K, reserved 1179648K
  class space    used 13631K, committed 14016K, reserved 1048576K
}
Event: 10.967 GC heap after
{Heap after GC invocations=42 (full 0):
 garbage-first heap   total 199680K, used 98275K [0x0000000080000000, 0x0000000100000000)
  region size 1024K, 3 young (3072K), 3 survivors (3072K)
 Metaspace       used 97969K, committed 98752K, reserved 1179648K
  class space    used 13631K, committed 14016K, reserved 1048576K
}

Dll operation events (3 events):
Event: 0.006 Loaded shared library C:\Program Files\Android\Android Studio\jbr\bin\java.dll
Event: 0.113 Loaded shared library C:\Program Files\Android\Android Studio\jbr\bin\zip.dll
Event: 0.343 Loaded shared library C:\Program Files\Android\Android Studio\jbr\bin\verify.dll

Deoptimization events (20 events):
Event: 11.300 Thread 0x0000024346b51d00 Uncommon trap: trap_request=0xffffff45 fr.pc=0x000002432dc75414 relative=0x0000000000000074
Event: 11.300 Thread 0x0000024346b51d00 Uncommon trap: reason=unstable_if action=reinterpret pc=0x000002432dc75414 method=com.sun.org.apache.xerces.internal.dom.NodeImpl.isOwned()Z @ 7 c2
Event: 11.300 Thread 0x0000024346b51d00 DEOPT PACKING pc=0x000002432dc75414 sp=0x00000084190fa340
Event: 11.300 Thread 0x0000024346b51d00 DEOPT UNPACKING pc=0x000002432cfb69a3 sp=0x00000084190fa278 mode 2
Event: 11.300 Thread 0x0000024346b51d00 Uncommon trap: trap_request=0xffffffde fr.pc=0x000002432dcc40d8 relative=0x0000000000001118
Event: 11.300 Thread 0x0000024346b51d00 Uncommon trap: reason=class_check action=maybe_recompile pc=0x000002432dcc40d8 method=com.sun.org.apache.xerces.internal.dom.AttributeMap.setNamedItem(Lorg/w3c/dom/Node;)Lorg/w3c/dom/Node; @ 4 c2
Event: 11.300 Thread 0x0000024346b51d00 DEOPT PACKING pc=0x000002432dcc40d8 sp=0x00000084190fa370
Event: 11.300 Thread 0x0000024346b51d00 DEOPT UNPACKING pc=0x000002432cfb69a3 sp=0x00000084190fa370 mode 2
Event: 11.300 Thread 0x0000024346b51d00 Uncommon trap: trap_request=0xffffff45 fr.pc=0x000002432dccd8dc relative=0x000000000000005c
Event: 11.300 Thread 0x0000024346b51d00 Uncommon trap: reason=unstable_if action=reinterpret pc=0x000002432dccd8dc method=com.sun.org.apache.xerces.internal.dom.NodeImpl.isOwned()Z @ 7 c2
Event: 11.300 Thread 0x0000024346b51d00 DEOPT PACKING pc=0x000002432dccd8dc sp=0x00000084190fa320
Event: 11.300 Thread 0x0000024346b51d00 DEOPT UNPACKING pc=0x000002432cfb69a3 sp=0x00000084190fa2b0 mode 2
Event: 11.300 Thread 0x0000024346b51d00 Uncommon trap: trap_request=0xffffffde fr.pc=0x000002432dcc40d8 relative=0x0000000000001118
Event: 11.300 Thread 0x0000024346b51d00 Uncommon trap: reason=class_check action=maybe_recompile pc=0x000002432dcc40d8 method=com.sun.org.apache.xerces.internal.dom.AttributeMap.setNamedItem(Lorg/w3c/dom/Node;)Lorg/w3c/dom/Node; @ 4 c2
Event: 11.300 Thread 0x0000024346b51d00 DEOPT PACKING pc=0x000002432dcc40d8 sp=0x00000084190fa370
Event: 11.300 Thread 0x0000024346b51d00 DEOPT UNPACKING pc=0x000002432cfb69a3 sp=0x00000084190fa370 mode 2
Event: 11.300 Thread 0x0000024346b51d00 Uncommon trap: trap_request=0xffffffde fr.pc=0x000002432dcc40d8 relative=0x0000000000001118
Event: 11.300 Thread 0x0000024346b51d00 Uncommon trap: reason=class_check action=maybe_recompile pc=0x000002432dcc40d8 method=com.sun.org.apache.xerces.internal.dom.AttributeMap.setNamedItem(Lorg/w3c/dom/Node;)Lorg/w3c/dom/Node; @ 4 c2
Event: 11.300 Thread 0x0000024346b51d00 DEOPT PACKING pc=0x000002432dcc40d8 sp=0x00000084190fa370
Event: 11.300 Thread 0x0000024346b51d00 DEOPT UNPACKING pc=0x000002432cfb69a3 sp=0x00000084190fa370 mode 2

Classes unloaded (8 events):
Event: 11.010 Thread 0x000002433d108620 Unloading class 0x0000000100d3ac00 'java/lang/invoke/LambdaForm$DMH+0x0000000100d3ac00'
Event: 11.010 Thread 0x000002433d108620 Unloading class 0x0000000100d3a800 'java/lang/invoke/LambdaForm$DMH+0x0000000100d3a800'
Event: 11.010 Thread 0x000002433d108620 Unloading class 0x0000000100d3a400 'java/lang/invoke/LambdaForm$DMH+0x0000000100d3a400'
Event: 11.010 Thread 0x000002433d108620 Unloading class 0x0000000100d3a000 'java/lang/invoke/LambdaForm$DMH+0x0000000100d3a000'
Event: 11.010 Thread 0x000002433d108620 Unloading class 0x0000000100d39c00 'java/lang/invoke/LambdaForm$DMH+0x0000000100d39c00'
Event: 11.010 Thread 0x000002433d108620 Unloading class 0x0000000100d39000 'java/lang/invoke/LambdaForm$DMH+0x0000000100d39000'
Event: 11.010 Thread 0x000002433d108620 Unloading class 0x0000000100d39400 'java/lang/invoke/LambdaForm$DMH+0x0000000100d39400'
Event: 11.010 Thread 0x000002433d108620 Unloading class 0x0000000100d39800 'java/lang/invoke/LambdaForm$DMH+0x0000000100d39800'

Classes redefined (0 events):
No events

Internal exceptions (20 events):
Event: 10.004 Thread 0x0000024346b51d00 Exception <a 'java/lang/IncompatibleClassChangeError'{0x000000008a9986c8}: Found class java.lang.Object, but interface was expected> (0x000000008a9986c8) 
thrown [s\src\hotspot\share\interpreter\linkResolver.cpp, line 838]
Event: 10.137 Thread 0x0000024348f755e0 Exception <a 'java/lang/NoSuchMethodError'{0x0000000089e87230}: 'java.lang.Object java.lang.invoke.DirectMethodHandle$Holder.invokeSpecialIFC(java.lang.Object, java.lang.Object, java.lang.Object)'> (0x0000000089e87230) 
thrown [s\src\hotspot\share\interpreter\linkResolver.cpp, line 771]
Event: 10.137 Thread 0x0000024348f76000 Exception <a 'java/lang/NoSuchMethodError'{0x0000000089feba40}: 'java.lang.Object java.lang.invoke.DirectMethodHandle$Holder.invokeSpecialIFC(java.lang.Object, java.lang.Object, java.lang.Object)'> (0x0000000089feba40) 
thrown [s\src\hotspot\share\interpreter\linkResolver.cpp, line 771]
Event: 10.137 Thread 0x0000024348f76a20 Exception <a 'java/lang/NoSuchMethodError'{0x0000000089e4f738}: 'java.lang.Object java.lang.invoke.DirectMethodHandle$Holder.invokeSpecialIFC(java.lang.Object, java.lang.Object, java.lang.Object)'> (0x0000000089e4f738) 
thrown [s\src\hotspot\share\interpreter\linkResolver.cpp, line 771]
Event: 10.137 Thread 0x0000024346b508c0 Exception <a 'java/lang/NoSuchMethodError'{0x0000000089f7cd88}: 'java.lang.Object java.lang.invoke.DirectMethodHandle$Holder.invokeSpecialIFC(java.lang.Object, java.lang.Object, java.lang.Object)'> (0x0000000089f7cd88) 
thrown [s\src\hotspot\share\interpreter\linkResolver.cpp, line 771]
Event: 10.137 Thread 0x0000024348f75af0 Exception <a 'java/lang/NoSuchMethodError'{0x0000000089efe568}: 'java.lang.Object java.lang.invoke.DirectMethodHandle$Holder.invokeSpecialIFC(java.lang.Object, java.lang.Object, java.lang.Object)'> (0x0000000089efe568) 
thrown [s\src\hotspot\share\interpreter\linkResolver.cpp, line 771]
Event: 10.137 Thread 0x0000024343465750 Exception <a 'java/lang/NoSuchMethodError'{0x0000000089fb3cc8}: 'java.lang.Object java.lang.invoke.DirectMethodHandle$Holder.invokeSpecialIFC(java.lang.Object, java.lang.Object, java.lang.Object)'> (0x0000000089fb3cc8) 
thrown [s\src\hotspot\share\interpreter\linkResolver.cpp, line 771]
Event: 10.137 Thread 0x0000024348f71920 Exception <a 'java/lang/NoSuchMethodError'{0x0000000089d0af10}: 'java.lang.Object java.lang.invoke.DirectMethodHandle$Holder.invokeSpecialIFC(java.lang.Object, java.lang.Object, java.lang.Object)'> (0x0000000089d0af10) 
thrown [s\src\hotspot\share\interpreter\linkResolver.cpp, line 771]
Event: 10.137 Thread 0x0000024348f76f30 Exception <a 'java/lang/NoSuchMethodError'{0x0000000089d7c600}: 'java.lang.Object java.lang.invoke.DirectMethodHandle$Holder.invokeSpecialIFC(java.lang.Object, java.lang.Object, java.lang.Object)'> (0x0000000089d7c600) 
thrown [s\src\hotspot\share\interpreter\linkResolver.cpp, line 771]
Event: 10.138 Thread 0x0000024348f72850 Exception <a 'java/lang/NoSuchMethodError'{0x0000000089ec1878}: 'java.lang.Object java.lang.invoke.DirectMethodHandle$Holder.invokeSpecialIFC(java.lang.Object, java.lang.Object, java.lang.Object)'> (0x0000000089ec1878) 
thrown [s\src\hotspot\share\interpreter\linkResolver.cpp, line 771]
Event: 10.142 Thread 0x0000024346b51d00 Exception <a 'java/lang/NoSuchMethodError'{0x0000000089f4c730}: 'void java.lang.invoke.DirectMethodHandle$Holder.invokeVirtual(java.lang.Object, java.lang.Object)'> (0x0000000089f4c730) 
thrown [s\src\hotspot\share\interpreter\linkResolver.cpp, line 771]
Event: 10.249 Thread 0x0000024348f76a20 Implicit null exception at 0x000002432d9cdb3a to 0x000002432d9ce480
Event: 10.249 Thread 0x0000024348f76a20 Implicit null exception at 0x000002432d9cdb3a to 0x000002432d9ce480
Event: 10.250 Thread 0x0000024348f73c90 Implicit null exception at 0x000002432d9cdb3a to 0x000002432d9ce480
Event: 10.250 Thread 0x0000024348f76000 Implicit null exception at 0x000002432d9cdb3a to 0x000002432d9ce480
Event: 10.301 Thread 0x0000024348f70f00 Implicit null exception at 0x000002432d8e4d04 to 0x000002432d8e4ea0
Event: 10.301 Thread 0x0000024348f72d60 Implicit null exception at 0x000002432d8e4d04 to 0x000002432d8e4ea0
Event: 10.373 Thread 0x0000024346b51d00 Exception <a 'java/lang/NoSuchMethodError'{0x000000008aa9f188}: 'int java.lang.invoke.DirectMethodHandle$Holder.invokeStaticInit(java.lang.Object, java.lang.Object, java.lang.Object, java.lang.Object, java.lang.Object)'> (0x000000008aa9f188) 
thrown [s\src\hotspot\share\interpreter\linkResolver.cpp, line 771]
Event: 10.459 Thread 0x0000024348f77950 Implicit null exception at 0x000002432d8de955 to 0x000002432d8df36c
Event: 11.297 Thread 0x0000024346b51d00 Implicit null exception at 0x000002432dcc83df to 0x000002432dcc9340

VM Operations (20 events):
Event: 10.645 Executing VM operation: HandshakeAllThreads
Event: 10.645 Executing VM operation: HandshakeAllThreads done
Event: 10.737 Executing VM operation: ICBufferFull
Event: 10.737 Executing VM operation: ICBufferFull done
Event: 10.799 Executing VM operation: HandshakeAllThreads
Event: 10.799 Executing VM operation: HandshakeAllThreads done
Event: 10.907 Executing VM operation: G1CollectForAllocation
Event: 10.914 Executing VM operation: G1CollectForAllocation done
Event: 10.963 Executing VM operation: G1TryInitiateConcMark
Event: 10.967 Executing VM operation: G1TryInitiateConcMark done
Event: 11.009 Executing VM operation: G1PauseRemark
Event: 11.020 Executing VM operation: G1PauseRemark done
Event: 11.042 Executing VM operation: G1PauseCleanup
Event: 11.053 Executing VM operation: G1PauseCleanup done
Event: 11.147 Executing VM operation: HandshakeAllThreads
Event: 11.147 Executing VM operation: HandshakeAllThreads done
Event: 11.252 Executing VM operation: HandshakeAllThreads
Event: 11.252 Executing VM operation: HandshakeAllThreads done
Event: 11.302 Executing VM operation: HandshakeAllThreads
Event: 11.302 Executing VM operation: HandshakeAllThreads done

Events (20 events):
Event: 10.812 Thread 0x00000243481dcd10 Thread added: 0x00000243481dcd10
Event: 10.817 Thread 0x00000243481ddd00 Thread added: 0x00000243481ddd00
Event: 10.822 Thread 0x00000243481de7a0 Thread added: 0x00000243481de7a0
Event: 11.150 Thread 0x000002433d1636a0 flushing nmethod 0x000002432db16610
Event: 11.159 Thread 0x000002433d1636a0 flushing nmethod 0x00000243261ad210
Event: 11.160 Thread 0x000002433d1636a0 flushing nmethod 0x00000243263a4f10
Event: 11.168 Thread 0x000002433d1636a0 flushing nmethod 0x0000024326afeb10
Event: 11.169 Thread 0x000002433d1636a0 flushing nmethod 0x0000024326b1b590
Event: 11.195 loading class java/util/stream/Nodes$IntFixedNodeBuilder
Event: 11.195 loading class java/util/stream/Node$Builder$OfInt
Event: 11.195 loading class java/util/stream/Node$Builder$OfInt done
Event: 11.195 loading class java/util/stream/Nodes$IntArrayNode
Event: 11.195 loading class java/util/stream/Nodes$IntArrayNode done
Event: 11.195 loading class java/util/stream/Nodes$IntFixedNodeBuilder done
Event: 11.210 loading class java/time/Instant$1
Event: 11.211 loading class java/time/Instant$1 done
Event: 11.229 loading class java/util/concurrent/ConcurrentLinkedDeque
Event: 11.229 loading class java/util/concurrent/ConcurrentLinkedDeque done
Event: 11.229 loading class java/util/concurrent/ConcurrentLinkedDeque$Node
Event: 11.230 loading class java/util/concurrent/ConcurrentLinkedDeque$Node done


Dynamic libraries:
0x00007ff631830000 - 0x00007ff63183a000 	C:\Program Files\Android\Android Studio\jbr\bin\java.exe
0x00007ffbd6030000 - 0x00007ffbd6247000 	C:\Windows\SYSTEM32\ntdll.dll
0x00007ffbd46e0000 - 0x00007ffbd47a4000 	C:\Windows\System32\KERNEL32.DLL
0x00007ffbd36c0000 - 0x00007ffbd3a6d000 	C:\Windows\System32\KERNELBASE.dll
0x00007ffbd3500000 - 0x00007ffbd3611000 	C:\Windows\System32\ucrtbase.dll
0x00007ffbbb2f0000 - 0x00007ffbbb307000 	C:\Program Files\Android\Android Studio\jbr\bin\jli.dll
0x00007ffbbb7b0000 - 0x00007ffbbb7cb000 	C:\Program Files\Android\Android Studio\jbr\bin\VCRUNTIME140.dll
0x00007ffbd5a50000 - 0x00007ffbd5bfe000 	C:\Windows\System32\USER32.dll
0x00007ffbd3cc0000 - 0x00007ffbd3ce6000 	C:\Windows\System32\win32u.dll
0x00007ffbc1530000 - 0x00007ffbc17c3000 	C:\Windows\WinSxS\amd64_microsoft.windows.common-controls_6595b64144ccf1df_6.0.22621.3672_none_2713b9d173822955\COMCTL32.dll
0x00007ffbd46b0000 - 0x00007ffbd46d9000 	C:\Windows\System32\GDI32.dll
0x00007ffbd5090000 - 0x00007ffbd5137000 	C:\Windows\System32\msvcrt.dll
0x00007ffbd3ae0000 - 0x00007ffbd3bf9000 	C:\Windows\System32\gdi32full.dll
0x00007ffbd3620000 - 0x00007ffbd36ba000 	C:\Windows\System32\msvcp_win.dll
0x00007ffbd5fa0000 - 0x00007ffbd5fd1000 	C:\Windows\System32\IMM32.DLL
0x00007ffbcc480000 - 0x00007ffbcc48c000 	C:\Program Files\Android\Android Studio\jbr\bin\vcruntime140_1.dll
0x00007ffb8c300000 - 0x00007ffb8c38d000 	C:\Program Files\Android\Android Studio\jbr\bin\msvcp140.dll
0x00007ffb84c90000 - 0x00007ffb85913000 	C:\Program Files\Android\Android Studio\jbr\bin\server\jvm.dll
0x00007ffbd57f0000 - 0x00007ffbd58a2000 	C:\Windows\System32\ADVAPI32.dll
0x00007ffbd4080000 - 0x00007ffbd4129000 	C:\Windows\System32\sechost.dll
0x00007ffbd34d0000 - 0x00007ffbd34f8000 	C:\Windows\System32\bcrypt.dll
0x00007ffbd56d0000 - 0x00007ffbd57e4000 	C:\Windows\System32\RPCRT4.dll
0x00007ffbbebd0000 - 0x00007ffbbebd9000 	C:\Windows\SYSTEM32\WSOCK32.dll
0x00007ffbcb730000 - 0x00007ffbcb764000 	C:\Windows\SYSTEM32\WINMM.dll
0x00007ffbd3220000 - 0x00007ffbd326d000 	C:\Windows\SYSTEM32\POWRPROF.dll
0x00007ffbd58d0000 - 0x00007ffbd5941000 	C:\Windows\System32\WS2_32.dll
0x00007ffbc8150000 - 0x00007ffbc815a000 	C:\Windows\SYSTEM32\VERSION.dll
0x00007ffbd3200000 - 0x00007ffbd3213000 	C:\Windows\SYSTEM32\UMPDC.dll
0x00007ffbd2350000 - 0x00007ffbd2368000 	C:\Windows\SYSTEM32\kernel.appcore.dll
0x00007ffbcebd0000 - 0x00007ffbcebda000 	C:\Program Files\Android\Android Studio\jbr\bin\jimage.dll
0x00007ffbd0ec0000 - 0x00007ffbd10f2000 	C:\Windows\SYSTEM32\DBGHELP.DLL
0x00007ffbd5340000 - 0x00007ffbd56c8000 	C:\Windows\System32\combase.dll
0x00007ffbd3dd0000 - 0x00007ffbd3ea7000 	C:\Windows\System32\OLEAUT32.dll
0x00007ffbb6e20000 - 0x00007ffbb6e52000 	C:\Windows\SYSTEM32\dbgcore.DLL
0x00007ffbd3cf0000 - 0x00007ffbd3d6b000 	C:\Windows\System32\bcryptPrimitives.dll
0x00007ffbbc6d0000 - 0x00007ffbbc6de000 	C:\Program Files\Android\Android Studio\jbr\bin\instrument.dll
0x00007ffbbbba0000 - 0x00007ffbbbbc5000 	C:\Program Files\Android\Android Studio\jbr\bin\java.dll
0x00007ffbcd6e0000 - 0x00007ffbcd6f8000 	C:\Program Files\Android\Android Studio\jbr\bin\zip.dll
0x00007ffbd47b0000 - 0x00007ffbd500f000 	C:\Windows\System32\SHELL32.dll
0x00007ffbd1260000 - 0x00007ffbd1b5c000 	C:\Windows\SYSTEM32\windows.storage.dll
0x00007ffbd1120000 - 0x00007ffbd125f000 	C:\Windows\SYSTEM32\wintypes.dll
0x00007ffbd4130000 - 0x00007ffbd4224000 	C:\Windows\System32\SHCORE.dll
0x00007ffbd5d00000 - 0x00007ffbd5d5e000 	C:\Windows\System32\shlwapi.dll
0x00007ffbd3290000 - 0x00007ffbd32b1000 	C:\Windows\SYSTEM32\profapi.dll
0x00007ffbbb3a0000 - 0x00007ffbbb3b9000 	C:\Program Files\Android\Android Studio\jbr\bin\net.dll
0x00007ffbce520000 - 0x00007ffbce656000 	C:\Windows\SYSTEM32\WINHTTP.dll
0x00007ffbd27b0000 - 0x00007ffbd2819000 	C:\Windows\system32\mswsock.dll
0x00007ffbbb340000 - 0x00007ffbbb356000 	C:\Program Files\Android\Android Studio\jbr\bin\nio.dll
0x00007ffbceba0000 - 0x00007ffbcebb0000 	C:\Program Files\Android\Android Studio\jbr\bin\verify.dll
0x00007ffbb9620000 - 0x00007ffbb9647000 	C:\Users\user\.gradle\native\c067742578af261105cb4f569cf0c3c89f3d7b1fecec35dd04571415982c5e48\windows-amd64\native-platform.dll
0x00007ffb8a820000 - 0x00007ffb8a964000 	C:\Users\user\.gradle\native\38dada09dfb8b06ba9b0570ebf7e218e3eb74d4ef43ca46872605cf95ebc2f47\windows-amd64\native-platform-file-events.dll
0x00007ffbca8f0000 - 0x00007ffbca8f9000 	C:\Program Files\Android\Android Studio\jbr\bin\management.dll
0x00007ffbbce40000 - 0x00007ffbbce4b000 	C:\Program Files\Android\Android Studio\jbr\bin\management_ext.dll
0x00007ffbd4070000 - 0x00007ffbd4078000 	C:\Windows\System32\PSAPI.DLL
0x00007ffbd2b00000 - 0x00007ffbd2b1b000 	C:\Windows\SYSTEM32\CRYPTSP.dll
0x00007ffbd22b0000 - 0x00007ffbd22e5000 	C:\Windows\system32\rsaenh.dll
0x00007ffbd2850000 - 0x00007ffbd2878000 	C:\Windows\SYSTEM32\USERENV.dll
0x00007ffbd2ae0000 - 0x00007ffbd2aec000 	C:\Windows\SYSTEM32\CRYPTBASE.dll
0x00007ffbd1e00000 - 0x00007ffbd1e2d000 	C:\Windows\SYSTEM32\IPHLPAPI.DLL
0x00007ffbd5300000 - 0x00007ffbd5309000 	C:\Windows\System32\NSI.dll
0x00007ffbcedf0000 - 0x00007ffbcee09000 	C:\Windows\SYSTEM32\dhcpcsvc6.DLL
0x00007ffbce280000 - 0x00007ffbce29f000 	C:\Windows\SYSTEM32\dhcpcsvc.DLL
0x00007ffbd1e30000 - 0x00007ffbd1f28000 	C:\Windows\SYSTEM32\DNSAPI.dll
0x00007ffbcb550000 - 0x00007ffbcb559000 	C:\Program Files\Android\Android Studio\jbr\bin\extnet.dll
0x00007ffbcd280000 - 0x00007ffbcd288000 	C:\Windows\system32\wshunix.dll

dbghelp: loaded successfully - version: 4.0.5 - missing functions: none
symbol engine: initialized successfully - sym options: 0x614 - pdb path: .;C:\Program Files\Android\Android Studio\jbr\bin;C:\Windows\SYSTEM32;C:\Windows\WinSxS\amd64_microsoft.windows.common-controls_6595b64144ccf1df_6.0.22621.3672_none_2713b9d173822955;C:\Program Files\Android\Android Studio\jbr\bin\server;C:\Users\user\.gradle\native\c067742578af261105cb4f569cf0c3c89f3d7b1fecec35dd04571415982c5e48\windows-amd64;C:\Users\user\.gradle\native\38dada09dfb8b06ba9b0570ebf7e218e3eb74d4ef43ca46872605cf95ebc2f47\windows-amd64

VM Arguments:
jvm_args: --add-opens=java.base/java.util=ALL-UNNAMED --add-opens=java.base/java.lang=ALL-UNNAMED --add-opens=java.base/java.lang.invoke=ALL-UNNAMED --add-opens=java.prefs/java.util.prefs=ALL-UNNAMED --add-opens=java.base/java.nio.charset=ALL-UNNAMED --add-opens=java.base/java.net=ALL-UNNAMED --add-opens=java.base/java.util.concurrent.atomic=ALL-UNNAMED -Xmx2048m -Dfile.encoding=UTF-8 -Duser.country=US -Duser.language=en -Duser.variant -javaagent:C:\Users\user\.gradle\wrapper\dists\gradle-8.6-bin\afr5mpiioh2wthjmwnkmdsd5w\gradle-8.6\lib\agents\gradle-instrumentation-agent-8.6.jar 
java_command: org.gradle.launcher.daemon.bootstrap.GradleDaemon 8.6
java_class_path (initial): C:\Users\user\.gradle\wrapper\dists\gradle-8.6-bin\afr5mpiioh2wthjmwnkmdsd5w\gradle-8.6\lib\gradle-launcher-8.6.jar
Launcher Type: SUN_STANDARD

[Global flags]
     intx CICompilerCount                          = 12                                        {product} {ergonomic}
     uint ConcGCThreads                            = 3                                         {product} {ergonomic}
     uint G1ConcRefinementThreads                  = 13                                        {product} {ergonomic}
   size_t G1HeapRegionSize                         = 1048576                                   {product} {ergonomic}
    uintx GCDrainStackTargetSize                   = 64                                        {product} {ergonomic}
   size_t InitialHeapSize                          = 232783872                                 {product} {ergonomic}
   size_t MarkStackSize                            = 4194304                                   {product} {ergonomic}
   size_t MaxHeapSize                              = 2147483648                                {product} {command line}
   size_t MaxNewSize                               = 1287651328                                {product} {ergonomic}
   size_t MinHeapDeltaBytes                        = 1048576                                   {product} {ergonomic}
   size_t MinHeapSize                              = 8388608                                   {product} {ergonomic}
    uintx NonNMethodCodeHeapSize                   = 7602480                                {pd product} {ergonomic}
    uintx NonProfiledCodeHeapSize                  = 122027880                              {pd product} {ergonomic}
    uintx ProfiledCodeHeapSize                     = 122027880                              {pd product} {ergonomic}
    uintx ReservedCodeCacheSize                    = 251658240                              {pd product} {ergonomic}
     bool SegmentedCodeCache                       = true                                      {product} {ergonomic}
   size_t SoftMaxHeapSize                          = 2147483648                             {manageable} {ergonomic}
     bool UseCompressedClassPointers               = true                           {product lp64_product} {ergonomic}
     bool UseCompressedOops                        = true                           {product lp64_product} {ergonomic}
     bool UseG1GC                                  = true                                      {product} {ergonomic}
     bool UseLargePagesIndividualAllocation        = false                                  {pd product} {ergonomic}

Logging:
Log output configuration:
 #0: stdout all=warning uptime,level,tags
 #1: stderr all=off uptime,level,tags

Environment Variables:
JAVA_HOME=C:\Program Files\Java\jdk1.8.0_202
PATH=C:\Program Files\Java\jdk-22;C:\Program Files\Common Files\Oracle\Java\javapath;C:\Program Files (x86)\Common Files\Oracle\Java\java8path;C:\Program Files (x86)\Common Files\Oracle\Java\javapath;C:\Program Files\Java\jdk1.8.0_202\bin;C:\Program Files (x86)\VMware\VMware Workstation\bin\;D:\kotlinc\bin;C:\Windows\system32;C:\Windows;C:\Windows\System32\Wbem;C:\Windows\System32\WindowsPowerShell\v1.0\;C:\Windows\System32\OpenSSH\;C:\Program Files (x86)\NVIDIA Corporation\PhysX\Common;C:\Program Files\NVIDIA Corporation\NVIDIA NvDLISR;C:\Program Files\Java\jdk1.8.0_202\bin;C:\Program Files\dotnet\;C:\Program Files\Microsoft SQL Server\150\Tools\Binn\;C:\Program Files\Git\cmd;C:\Program Files (x86)\ZeroTier\One\;C:\Users\user\AppData\Local\Microsoft\WindowsApps;C:\Users\user\Ahmed\flutter\bin;C:\Program Files\Java\jdk1.8.0_202\bin
USERNAME=user
OS=Windows_NT
PROCESSOR_IDENTIFIER=AMD64 Family 25 Model 80 Stepping 0, AuthenticAMD
TMP=C:\Users\user\AppData\Local\Temp
TEMP=C:\Users\user\AppData\Local\Temp



Periodic native trim disabled

JNI global refs:
JNI global refs: 41, weak refs: 12

JNI global refs memory usage: 843, weak refs: 841

OOME stack traces (most recent first):
Classloader memory used:
Loader org.gradle.internal.classloader.VisitableURLClassLoader                         : 4715K
Loader bootstrap                                                                       : 3030K
Loader org.gradle.internal.classloader.VisitableURLClassLoader$InstrumentingVisitableURLClassLoader: 2983K
Loader org.gradle.initialization.MixInLegacyTypesClassLoader                           : 1390K
Loader jdk.internal.reflect.DelegatingClassLoader                                      : 71162B
Loader jdk.internal.loader.ClassLoaders$PlatformClassLoader                            : 70529B
Loader jdk.internal.loader.ClassLoaders$AppClassLoader                                 : 28747B
Loader org.gradle.internal.classloader.VisitableURLClassLoader                         : 9328B


[error occurred during error reporting (Classloader stats), id 0xe0000001, Out of Memory Error (s\src\hotspot\share\memory\arena.cpp:79)]


---------------  S Y S T E M  ---------------

OS:
 Windows 11 , 64 bit Build 22621 (10.0.22621.3672)
OS uptime: 1 days 9:11 hours
Hyper-V role detected

CPU: total 16 (initial active 16) (16 cores per cpu, 2 threads per core) family 25 model 80 stepping 0 microcode 0x0, cx8, cmov, fxsr, ht, mmx, 3dnowpref, sse, sse2, sse3, ssse3, sse4a, sse4.1, sse4.2, popcnt, lzcnt, tsc, tscinvbit, avx, avx2, aes, erms, clmul, bmi1, bmi2, adx, sha, fma, vzeroupper, clflush, clflushopt, hv
Processor Information for processor 0
  Max Mhz: 3201, Current Mhz: 1990, Mhz Limit: 3201
Processor Information for processor 1
  Max Mhz: 3201, Current Mhz: 1990, Mhz Limit: 3201
Processor Information for processor 2
  Max Mhz: 3201, Current Mhz: 1990, Mhz Limit: 3201
Processor Information for processor 3
  Max Mhz: 3201, Current Mhz: 1990, Mhz Limit: 3201
Processor Information for processor 4
  Max Mhz: 3201, Current Mhz: 3174, Mhz Limit: 3201
Processor Information for processor 5
  Max Mhz: 3201, Current Mhz: 1990, Mhz Limit: 3201
Processor Information for processor 6
  Max Mhz: 3201, Current Mhz: 3174, Mhz Limit: 3201
Processor Information for processor 7
  Max Mhz: 3201, Current Mhz: 1990, Mhz Limit: 3201
Processor Information for processor 8
  Max Mhz: 3201, Current Mhz: 3174, Mhz Limit: 3201
Processor Information for processor 9
  Max Mhz: 3201, Current Mhz: 1990, Mhz Limit: 3201
Processor Information for processor 10
  Max Mhz: 3201, Current Mhz: 3174, Mhz Limit: 3201
Processor Information for processor 11
  Max Mhz: 3201, Current Mhz: 1990, Mhz Limit: 3201
Processor Information for processor 12
  Max Mhz: 3201, Current Mhz: 1990, Mhz Limit: 3201
Processor Information for processor 13
  Max Mhz: 3201, Current Mhz: 1990, Mhz Limit: 3201
Processor Information for processor 14
  Max Mhz: 3201, Current Mhz: 1990, Mhz Limit: 3201
Processor Information for processor 15
  Max Mhz: 3201, Current Mhz: 3174, Mhz Limit: 3201

Memory: 4k page, system-wide physical 14188M (2344M free)
TotalPageFile size 17188M (AvailPageFile size 5M)
current process WorkingSet (physical memory assigned to process): 500M, peak: 500M
current process commit charge ("private bytes"): 549M, peak: 549M

vm_info: OpenJDK 64-Bit Server VM (17.0.10+0--11572160) for windows-amd64 JRE (17.0.10+0--11572160), built on Mar 13 2024 23:56:38 by "androidbuild" with MS VC++ 16.10 / 16.11 (VS2019)

END.
