#
# There is insufficient memory for the Java Runtime Environment to continue.
# Native memory allocation (mmap) failed to map 13631488 bytes for G1 virtual space
# Possible reasons:
#   The system is out of physical RAM or swap space
#   The process is running with CompressedOops enabled, and the Java Heap may be blocking the growth of the native heap
# Possible solutions:
#   Reduce memory load on the system
#   Increase physical memory or swap space
#   Check if swap backing store is full
#   Decrease Java heap size (-Xmx/-Xms)
#   Decrease number of Java threads
#   Decrease Java thread stack sizes (-Xss)
#   Set larger code cache with -XX:ReservedCodeCacheSize=
#   JVM is running with Unscaled Compressed Oops mode in which the Java heap is
#     placed in the first 4GB address space. The Java Heap base address is the
#     maximum limit for the native heap growth. Please use -XX:HeapBaseMinAddress
#     to set the Java Heap base and to place the Java Heap above 4GB virtual address.
# This output file may be truncated or incomplete.
#
#  Out of Memory Error (os_windows.cpp:3825), pid=24008, tid=20472
#
# JRE version: OpenJDK Runtime Environment (17.0.10) (build 17.0.10+0--11572160)
# Java VM: OpenJDK 64-Bit Server VM (17.0.10+0--11572160, mixed mode, tiered, compressed oops, compressed class ptrs, g1 gc, windows-amd64)
# No core dump will be written. Minidumps are not enabled by default on client versions of Windows
#

---------------  S U M M A R Y ------------

Command Line: --add-opens=java.base/java.util=ALL-UNNAMED --add-opens=java.base/java.lang=ALL-UNNAMED --add-opens=java.base/java.lang.invoke=ALL-UNNAMED --add-opens=java.prefs/java.util.prefs=ALL-UNNAMED --add-opens=java.base/java.nio.charset=ALL-UNNAMED --add-opens=java.base/java.net=ALL-UNNAMED --add-opens=java.base/java.util.concurrent.atomic=ALL-UNNAMED -Xmx2048m -Dfile.encoding=UTF-8 -Duser.country=US -Duser.language=en -Duser.variant -javaagent:C:\Users\user\.gradle\wrapper\dists\gradle-8.6-bin\afr5mpiioh2wthjmwnkmdsd5w\gradle-8.6\lib\agents\gradle-instrumentation-agent-8.6.jar org.gradle.launcher.daemon.bootstrap.GradleDaemon 8.6

Host: AMD Ryzen 7 5800H with Radeon Graphics         , 16 cores, 13G,  Windows 11 , 64 bit Build 22621 (10.0.22621.3672)
Time: Tue Aug 13 16:27:51 2024 Egypt Daylight Time elapsed time: 6.443186 seconds (0d 0h 0m 6s)

---------------  T H R E A D  ---------------

Current thread (0x000001e002530b00):  VMThread "VM Thread" [stack: 0x000000a674100000,0x000000a674200000] [id=20472]

Stack: [0x000000a674100000,0x000000a674200000]
Native frames: (J=compiled Java code, j=interpreted, Vv=VM code, C=native code)
V  [jvm.dll+0x688e89]
V  [jvm.dll+0x84247a]
V  [jvm.dll+0x8440be]
V  [jvm.dll+0x844723]
V  [jvm.dll+0x24be0f]
V  [jvm.dll+0x685c59]
V  [jvm.dll+0x67a50a]
V  [jvm.dll+0x30cbab]
V  [jvm.dll+0x314056]
V  [jvm.dll+0x363dce]
V  [jvm.dll+0x363fff]
V  [jvm.dll+0x2e2978]
V  [jvm.dll+0x2e5a66]
V  [jvm.dll+0x2f027a]
V  [jvm.dll+0x325240]
V  [jvm.dll+0x848e1b]
V  [jvm.dll+0x849b61]
V  [jvm.dll+0x84a07d]
V  [jvm.dll+0x84a454]
V  [jvm.dll+0x84a520]
V  [jvm.dll+0x7f0d1a]
V  [jvm.dll+0x687d05]
C  [ucrtbase.dll+0x29333]
C  [KERNEL32.DLL+0x1257d]
C  [ntdll.dll+0x5af28]

VM_Operation (0x000000a673dffa90): G1PauseRemark, mode: safepoint, requested by thread 0x000001e065dcdfb0


---------------  P R O C E S S  ---------------

Threads class SMR info:
_java_thread_list=0x000001e00b682350, length=79, elements={
0x000001e068019030, 0x000001e002b33aa0, 0x000001e002539780, 0x000001e002b49820,
0x000001e002b4a2b0, 0x000001e002b5a0c0, 0x000001e002b5ca90, 0x000001e002b5e3a0,
0x000001e002b6acf0, 0x000001e002b74320, 0x000001e002c91020, 0x000001e002c9b770,
0x000001e002dbddb0, 0x000001e00712a2c0, 0x000001e0074bbba0, 0x000001e008361040,
0x000001e008659350, 0x000001e0092d7cb0, 0x000001e007594a00, 0x000001e0092d7020,
0x000001e009ccc8b0, 0x000001e00888c660, 0x000001e007ebc550, 0x000001e007ebb620,
0x000001e007ebe3b0, 0x000001e007ebcf70, 0x000001e007ebedd0, 0x000001e007ebca60,
0x000001e007ebe8c0, 0x000001e007ebbb30, 0x000001e007ebd990, 0x000001e00bb192b0,
0x000001e00bb16a30, 0x000001e00bb17e70, 0x000001e00bb1a1e0, 0x000001e00bb15b00,
0x000001e00bb16010, 0x000001e00bb1a6f0, 0x000001e00bb1bb30, 0x000001e00bb1b620,
0x000001e00bb16f40, 0x000001e00bb155f0, 0x000001e00bb18380, 0x000001e00bb1ac00,
0x000001e00bb150e0, 0x000001e00bb1b110, 0x000001e00bb17450, 0x000001e00bb1c040,
0x000001e00bb18890, 0x000001e00bb197c0, 0x000001e00bb16520, 0x000001e00bb18da0,
0x000001e00bb19cd0, 0x000001e009cf4840, 0x000001e009997a30, 0x000001e009998450,
0x000001e00999bc00, 0x000001e0099965f0, 0x000001e009999da0, 0x000001e009999890,
0x000001e009994ca0, 0x000001e00999c110, 0x000001e009996b00, 0x000001e00999c620,
0x000001e009998e70, 0x000001e00999a2b0, 0x000001e00999a7c0, 0x000001e0099951b0,
0x000001e009999380, 0x000001e00999acd0, 0x000001e0099956c0, 0x000001e009995bd0,
0x000001e0099960e0, 0x000001e009997010, 0x000001e009997520, 0x000001e00b229eb0,
0x000001e00b22c730, 0x000001e00b22a3c0, 0x000001e00b22a8d0
}

Java Threads: ( => current thread )
  0x000001e068019030 JavaThread "main" [_thread_blocked, id=10432, stack(0x000000a673b00000,0x000000a673c00000)]
  0x000001e002b33aa0 JavaThread "Reference Handler" daemon [_thread_blocked, id=27508, stack(0x000000a674200000,0x000000a674300000)]
  0x000001e002539780 JavaThread "Finalizer" daemon [_thread_blocked, id=26928, stack(0x000000a674300000,0x000000a674400000)]
  0x000001e002b49820 JavaThread "Signal Dispatcher" daemon [_thread_blocked, id=24428, stack(0x000000a674400000,0x000000a674500000)]
  0x000001e002b4a2b0 JavaThread "Attach Listener" daemon [_thread_blocked, id=18460, stack(0x000000a674500000,0x000000a674600000)]
  0x000001e002b5a0c0 JavaThread "Service Thread" daemon [_thread_blocked, id=25228, stack(0x000000a674600000,0x000000a674700000)]
  0x000001e002b5ca90 JavaThread "Monitor Deflation Thread" daemon [_thread_blocked, id=8504, stack(0x000000a674700000,0x000000a674800000)]
  0x000001e002b5e3a0 JavaThread "C2 CompilerThread0" daemon [_thread_blocked, id=23148, stack(0x000000a674800000,0x000000a674900000)]
  0x000001e002b6acf0 JavaThread "C1 CompilerThread0" daemon [_thread_blocked, id=27108, stack(0x000000a674900000,0x000000a674a00000)]
  0x000001e002b74320 JavaThread "Sweeper thread" daemon [_thread_blocked, id=2068, stack(0x000000a674a00000,0x000000a674b00000)]
  0x000001e002c91020 JavaThread "Common-Cleaner" daemon [_thread_blocked, id=26748, stack(0x000000a674b00000,0x000000a674c00000)]
  0x000001e002c9b770 JavaThread "C1 CompilerThread1" daemon [_thread_blocked, id=17620, stack(0x000000a674c00000,0x000000a674d00000)]
  0x000001e002dbddb0 JavaThread "Notification Thread" daemon [_thread_blocked, id=25812, stack(0x000000a674d00000,0x000000a674e00000)]
  0x000001e00712a2c0 JavaThread "C2 CompilerThread1" daemon [_thread_blocked, id=5632, stack(0x000000a674f00000,0x000000a675000000)]
  0x000001e0074bbba0 JavaThread "C2 CompilerThread2" daemon [_thread_blocked, id=22600, stack(0x000000a675000000,0x000000a675100000)]
  0x000001e008361040 JavaThread "C1 CompilerThread2" daemon [_thread_blocked, id=20896, stack(0x000000a675200000,0x000000a675300000)]
  0x000001e008659350 JavaThread "C1 CompilerThread3" daemon [_thread_blocked, id=24112, stack(0x000000a675300000,0x000000a675400000)]
  0x000001e0092d7cb0 JavaThread "Daemon health stats" [_thread_blocked, id=19988, stack(0x000000a675800000,0x000000a675900000)]
  0x000001e007594a00 JavaThread "Incoming local TCP Connector on port 50201" [_thread_in_native, id=9588, stack(0x000000a675100000,0x000000a675200000)]
  0x000001e0092d7020 JavaThread "Daemon periodic checks" [_thread_blocked, id=24292, stack(0x000000a675900000,0x000000a675a00000)]
  0x000001e009ccc8b0 JavaThread "Daemon" [_thread_blocked, id=19604, stack(0x000000a675a00000,0x000000a675b00000)]
  0x000001e00888c660 JavaThread "Handler for socket connection from /127.0.0.1:50201 to /127.0.0.1:50202" [_thread_in_native, id=20636, stack(0x000000a675b00000,0x000000a675c00000)]
  0x000001e007ebc550 JavaThread "Cancel handler" [_thread_blocked, id=8348, stack(0x000000a675c00000,0x000000a675d00000)]
  0x000001e007ebb620 JavaThread "Daemon worker" [_thread_blocked, id=10868, stack(0x000000a675d00000,0x000000a675e00000)]
  0x000001e007ebe3b0 JavaThread "Asynchronous log dispatcher for DefaultDaemonConnection: socket connection from /127.0.0.1:50201 to /127.0.0.1:50202" [_thread_blocked, id=18044, stack(0x000000a675e00000,0x000000a675f00000)]
  0x000001e007ebcf70 JavaThread "Stdin handler" [_thread_blocked, id=21260, stack(0x000000a675f00000,0x000000a676000000)]
  0x000001e007ebedd0 JavaThread "Daemon client event forwarder" [_thread_blocked, id=22828, stack(0x000000a676000000,0x000000a676100000)]
  0x000001e007ebca60 JavaThread "Cache worker for journal cache (C:\Users\user\.gradle\caches\journal-1)" [_thread_blocked, id=6332, stack(0x000000a676b00000,0x000000a676c00000)]
  0x000001e007ebe8c0 JavaThread "File lock request listener" [_thread_in_native, id=4012, stack(0x000000a676c00000,0x000000a676d00000)]
  0x000001e007ebbb30 JavaThread "Cache worker for file hash cache (C:\Users\user\.gradle\caches\8.6\fileHashes)" [_thread_blocked, id=3664, stack(0x000000a676d00000,0x000000a676e00000)]
  0x000001e007ebd990 JavaThread "File watcher server" daemon [_thread_blocked, id=12880, stack(0x000000a676e00000,0x000000a676f00000)]
  0x000001e00bb192b0 JavaThread "File watcher consumer" daemon [_thread_blocked, id=23448, stack(0x000000a676f00000,0x000000a677000000)]
  0x000001e00bb16a30 JavaThread "jar transforms" [_thread_blocked, id=24772, stack(0x000000a677000000,0x000000a677100000)]
  0x000001e00bb17e70 JavaThread "jar transforms Thread 2" [_thread_blocked, id=3868, stack(0x000000a677100000,0x000000a677200000)]
  0x000001e00bb1a1e0 JavaThread "jar transforms Thread 3" [_thread_blocked, id=23900, stack(0x000000a677200000,0x000000a677300000)]
  0x000001e00bb15b00 JavaThread "jar transforms Thread 4" [_thread_blocked, id=25984, stack(0x000000a677300000,0x000000a677400000)]
  0x000001e00bb16010 JavaThread "jar transforms Thread 5" [_thread_blocked, id=14596, stack(0x000000a677400000,0x000000a677500000)]
  0x000001e00bb1a6f0 JavaThread "jar transforms Thread 6" [_thread_blocked, id=25980, stack(0x000000a677500000,0x000000a677600000)]
  0x000001e00bb1bb30 JavaThread "jar transforms Thread 7" [_thread_blocked, id=24676, stack(0x000000a677600000,0x000000a677700000)]
  0x000001e00bb1b620 JavaThread "jar transforms Thread 8" [_thread_blocked, id=19272, stack(0x000000a677700000,0x000000a677800000)]
  0x000001e00bb16f40 JavaThread "jar transforms Thread 9" [_thread_blocked, id=19916, stack(0x000000a677800000,0x000000a677900000)]
  0x000001e00bb155f0 JavaThread "jar transforms Thread 10" [_thread_blocked, id=18572, stack(0x000000a677900000,0x000000a677a00000)]
  0x000001e00bb18380 JavaThread "jar transforms Thread 11" [_thread_blocked, id=25408, stack(0x000000a677a00000,0x000000a677b00000)]
  0x000001e00bb1ac00 JavaThread "jar transforms Thread 12" [_thread_blocked, id=20052, stack(0x000000a677b00000,0x000000a677c00000)]
  0x000001e00bb150e0 JavaThread "jar transforms Thread 13" [_thread_blocked, id=12508, stack(0x000000a677c00000,0x000000a677d00000)]
  0x000001e00bb1b110 JavaThread "jar transforms Thread 14" [_thread_blocked, id=25720, stack(0x000000a677d00000,0x000000a677e00000)]
  0x000001e00bb17450 JavaThread "jar transforms Thread 15" [_thread_blocked, id=16868, stack(0x000000a677e00000,0x000000a677f00000)]
  0x000001e00bb1c040 JavaThread "jar transforms Thread 16" [_thread_blocked, id=19920, stack(0x000000a677f00000,0x000000a678000000)]
  0x000001e00bb18890 JavaThread "Cache worker for checksums cache (C:\Users\user\AndroidStudioProjects\DISHDASH\.gradle\8.6\checksums)" [_thread_blocked, id=4568, stack(0x000000a678000000,0x000000a678100000)]
  0x000001e00bb197c0 JavaThread "Cache worker for file hash cache (C:\Users\user\AndroidStudioProjects\DISHDASH\.gradle\8.6\fileHashes)" [_thread_blocked, id=2548, stack(0x000000a678100000,0x000000a678200000)]
  0x000001e00bb16520 JavaThread "Cache worker for cache directory md-supplier (C:\Users\user\.gradle\caches\8.6\md-supplier)" [_thread_blocked, id=3908, stack(0x000000a678200000,0x000000a678300000)]
  0x000001e00bb18da0 JavaThread "Cache worker for cache directory md-rule (C:\Users\user\.gradle\caches\8.6\md-rule)" [_thread_blocked, id=20172, stack(0x000000a678300000,0x000000a678400000)]
  0x000001e00bb19cd0 JavaThread "Cache worker for file content cache (C:\Users\user\.gradle\caches\8.6\fileContent)" [_thread_blocked, id=7644, stack(0x000000a678400000,0x000000a678500000)]
  0x000001e009cf4840 JavaThread "C2 CompilerThread3" daemon [_thread_blocked, id=17996, stack(0x000000a678500000,0x000000a678600000)]
  0x000001e009997a30 JavaThread "Unconstrained build operations" [_thread_blocked, id=25268, stack(0x000000a678600000,0x000000a678700000)]
  0x000001e009998450 JavaThread "Unconstrained build operations Thread 2" [_thread_blocked, id=15520, stack(0x000000a678700000,0x000000a678800000)]
  0x000001e00999bc00 JavaThread "Unconstrained build operations Thread 3" [_thread_blocked, id=20916, stack(0x000000a678800000,0x000000a678900000)]
  0x000001e0099965f0 JavaThread "Unconstrained build operations Thread 4" [_thread_blocked, id=24168, stack(0x000000a678900000,0x000000a678a00000)]
  0x000001e009999da0 JavaThread "Unconstrained build operations Thread 5" [_thread_blocked, id=4956, stack(0x000000a678a00000,0x000000a678b00000)]
  0x000001e009999890 JavaThread "Unconstrained build operations Thread 6" [_thread_blocked, id=22864, stack(0x000000a678b00000,0x000000a678c00000)]
  0x000001e009994ca0 JavaThread "Unconstrained build operations Thread 7" [_thread_blocked, id=26960, stack(0x000000a678c00000,0x000000a678d00000)]
  0x000001e00999c110 JavaThread "Unconstrained build operations Thread 8" [_thread_blocked, id=21544, stack(0x000000a678d00000,0x000000a678e00000)]
  0x000001e009996b00 JavaThread "Unconstrained build operations Thread 9" [_thread_blocked, id=20676, stack(0x000000a678e00000,0x000000a678f00000)]
  0x000001e00999c620 JavaThread "Cache worker for Build Output Cleanup Cache (C:\Users\user\AndroidStudioProjects\DISHDASH\.gradle\buildOutputCleanup)" [_thread_blocked, id=18824, stack(0x000000a678f00000,0x000000a679000000)]
  0x000001e009998e70 JavaThread "Unconstrained build operations Thread 10" [_thread_blocked, id=15044, stack(0x000000a679000000,0x000000a679100000)]
  0x000001e00999a2b0 JavaThread "Unconstrained build operations Thread 11" [_thread_blocked, id=21128, stack(0x000000a679100000,0x000000a679200000)]
  0x000001e00999a7c0 JavaThread "Unconstrained build operations Thread 12" [_thread_blocked, id=3084, stack(0x000000a679200000,0x000000a679300000)]
  0x000001e0099951b0 JavaThread "Unconstrained build operations Thread 13" [_thread_blocked, id=15580, stack(0x000000a679300000,0x000000a679400000)]
  0x000001e009999380 JavaThread "Unconstrained build operations Thread 14" [_thread_blocked, id=16308, stack(0x000000a679400000,0x000000a679500000)]
  0x000001e00999acd0 JavaThread "Unconstrained build operations Thread 15" [_thread_blocked, id=16472, stack(0x000000a679500000,0x000000a679600000)]
  0x000001e0099956c0 JavaThread "Unconstrained build operations Thread 16" [_thread_blocked, id=10960, stack(0x000000a679600000,0x000000a679700000)]
  0x000001e009995bd0 JavaThread "Unconstrained build operations Thread 17" [_thread_blocked, id=18132, stack(0x000000a679700000,0x000000a679800000)]
  0x000001e0099960e0 JavaThread "Unconstrained build operations Thread 18" [_thread_blocked, id=17596, stack(0x000000a679800000,0x000000a679900000)]
  0x000001e009997010 JavaThread "Unconstrained build operations Thread 19" [_thread_blocked, id=26508, stack(0x000000a679900000,0x000000a679a00000)]
  0x000001e009997520 JavaThread "Unconstrained build operations Thread 20" [_thread_blocked, id=25784, stack(0x000000a679a00000,0x000000a679b00000)]
  0x000001e00b229eb0 JavaThread "Unconstrained build operations Thread 21" [_thread_blocked, id=16872, stack(0x000000a679b00000,0x000000a679c00000)]
  0x000001e00b22c730 JavaThread "Unconstrained build operations Thread 22" [_thread_blocked, id=1812, stack(0x000000a679c00000,0x000000a679d00000)]
  0x000001e00b22a3c0 JavaThread "Unconstrained build operations Thread 23" [_thread_blocked, id=21904, stack(0x000000a679d00000,0x000000a679e00000)]
  0x000001e00b22a8d0 JavaThread "Unconstrained build operations Thread 24" [_thread_blocked, id=13916, stack(0x000000a679e00000,0x000000a679f00000)]

Other Threads:
=>0x000001e002530b00 VMThread "VM Thread" [stack: 0x000000a674100000,0x000000a674200000] [id=20472]
  0x000001e068019eb0 WatcherThread [stack: 0x000000a674e00000,0x000000a674f00000] [id=12240]
  0x000001e068074d30 GCTaskThread "GC Thread#0" [stack: 0x000000a673c00000,0x000000a673d00000] [id=1860]
  0x000001e0072fda90 GCTaskThread "GC Thread#1" [stack: 0x000000a675400000,0x000000a675500000] [id=3996]
  0x000001e008659c70 GCTaskThread "GC Thread#2" [stack: 0x000000a675500000,0x000000a675600000] [id=24164]
  0x000001e007206eb0 GCTaskThread "GC Thread#3" [stack: 0x000000a675600000,0x000000a675700000] [id=3340]
  0x000001e007206930 GCTaskThread "GC Thread#4" [stack: 0x000000a675700000,0x000000a675800000] [id=27312]
  0x000001e007205330 GCTaskThread "GC Thread#5" [stack: 0x000000a676100000,0x000000a676200000] [id=21848]
  0x000001e0072055f0 GCTaskThread "GC Thread#6" [stack: 0x000000a676200000,0x000000a676300000] [id=21736]
  0x000001e0072058b0 GCTaskThread "GC Thread#7" [stack: 0x000000a676300000,0x000000a676400000] [id=18060]
  0x000001e007205b70 GCTaskThread "GC Thread#8" [stack: 0x000000a676400000,0x000000a676500000] [id=23304]
  0x000001e007205e30 GCTaskThread "GC Thread#9" [stack: 0x000000a676500000,0x000000a676600000] [id=9220]
  0x000001e0072063b0 GCTaskThread "GC Thread#10" [stack: 0x000000a676600000,0x000000a676700000] [id=17624]
  0x000001e007206670 GCTaskThread "GC Thread#11" [stack: 0x000000a676700000,0x000000a676800000] [id=21292]
  0x000001e008d734a0 GCTaskThread "GC Thread#12" [stack: 0x000000a676800000,0x000000a676900000] [id=1536]
  0x000001e065dcdfb0 ConcurrentGCThread "G1 Main Marker" [stack: 0x000000a673d00000,0x000000a673e00000] [id=22928]
  0x000001e065dce9d0 ConcurrentGCThread "G1 Conc#0" [stack: 0x000000a673e00000,0x000000a673f00000] [id=22592]
  0x000001e008d72f20 ConcurrentGCThread "G1 Conc#1" [stack: 0x000000a676900000,0x000000a676a00000] [id=4228]
  0x000001e008d75b20 ConcurrentGCThread "G1 Conc#2" [stack: 0x000000a676a00000,0x000000a676b00000] [id=2852]
  0x000001e0680be9d0 ConcurrentGCThread "G1 Refine#0" [stack: 0x000000a673f00000,0x000000a674000000] [id=15040]
  0x000001e00240e4d0 ConcurrentGCThread "G1 Service" [stack: 0x000000a674000000,0x000000a674100000] [id=5240]

Threads with active compile tasks:
C2 CompilerThread0     6459 6640       4       org.gradle.api.internal.artifacts.ivyservice.modulecache.StringDeduplicatingDecoder::readString (22 bytes)
C1 CompilerThread0     6459 6939       3       org.gradle.cache.internal.DefaultGlobalCacheLocations::isInsideGlobalCache (9 bytes)
C1 CompilerThread1     6459 6906       1       org.gradle.internal.operations.BuildOperationDescriptor::getTotalProgress (5 bytes)
C2 CompilerThread1     6459 6897       4       org.gradle.cache.internal.btree.BTreePersistentIndexedCache$IndexEntry::compareTo (9 bytes)
C2 CompilerThread2     6459 6918       4       com.google.common.collect.RegularImmutableSet::contains (57 bytes)
C1 CompilerThread2     6459 6932       3       java.util.concurrent.FutureTask::awaitDone (214 bytes)
C1 CompilerThread3     6459 6938       3       java.util.concurrent.FutureTask::report (37 bytes)
C2 CompilerThread3     6459 6888       4       sun.security.provider.DigestBase::engineUpdate (189 bytes)

VM state: at safepoint (normal execution)

VM Mutex/Monitor currently owned by a thread:  ([mutex/lock_event])
[0x000001e068016500] Threads_lock - owner thread: 0x000001e002530b00
[0x000001e068015030] Heap_lock - owner thread: 0x000001e065dcdfb0

Heap address: 0x0000000080000000, size: 2048 MB, Compressed Oops mode: 32-bit

CDS archive(s) not mapped
Compressed class space mapped at: 0x0000000100000000-0x0000000140000000, reserved size: 1073741824
Narrow klass base: 0x0000000000000000, Narrow klass shift: 3, Narrow klass range: 0x140000000

GC Precious Log:
 CPUs: 16 total, 16 available
 Memory: 14188M
 Large Page Support: Disabled
 NUMA Support: Disabled
 Compressed Oops: Enabled (32-bit)
 Heap Region Size: 1M
 Heap Min Capacity: 8M
 Heap Initial Capacity: 222M
 Heap Max Capacity: 2G
 Pre-touch: Disabled
 Parallel Workers: 13
 Concurrent Workers: 3
 Concurrent Refinement Workers: 13
 Periodic GC: Disabled

Heap:
 garbage-first heap   total 119808K, used 76652K [0x0000000080000000, 0x0000000100000000)
  region size 1024K, 13 young (13312K), 4 survivors (4096K)
 Metaspace       used 61699K, committed 62400K, reserved 1114112K
  class space    used 8454K, committed 8768K, reserved 1048576K

Heap Regions: E=young(eden), S=young(survivor), O=old, HS=humongous(starts), HC=humongous(continues), CS=collection set, F=free, OA=open archive, CA=closed archive, TAMS=top-at-mark-start (previous, next)
|   0|0x0000000080000000, 0x0000000080100000, 0x0000000080100000|100%|HS|  |TAMS 0x0000000080100000, 0x0000000080000000| Complete 
|   1|0x0000000080100000, 0x0000000080200000, 0x0000000080200000|100%|HC|  |TAMS 0x0000000080200000, 0x0000000080100000| Complete 
|   2|0x0000000080200000, 0x0000000080300000, 0x0000000080300000|100%|HC|  |TAMS 0x0000000080300000, 0x0000000080200000| Complete 
|   3|0x0000000080300000, 0x0000000080400000, 0x0000000080400000|100%|HC|  |TAMS 0x0000000080400000, 0x0000000080300000| Complete 
|   4|0x0000000080400000, 0x0000000080500000, 0x0000000080500000|100%| O|  |TAMS 0x0000000080500000, 0x0000000080400000| Untracked 
|   5|0x0000000080500000, 0x0000000080600000, 0x0000000080600000|100%| O|  |TAMS 0x0000000080600000, 0x0000000080500000| Untracked 
|   6|0x0000000080600000, 0x0000000080700000, 0x0000000080700000|100%| O|  |TAMS 0x0000000080700000, 0x0000000080600000| Untracked 
|   7|0x0000000080700000, 0x0000000080800000, 0x0000000080800000|100%| O|  |TAMS 0x0000000080800000, 0x0000000080700000| Updating 
|   8|0x0000000080800000, 0x0000000080900000, 0x0000000080900000|100%| O|  |TAMS 0x0000000080900000, 0x0000000080800000| Untracked 
|   9|0x0000000080900000, 0x0000000080a00000, 0x0000000080a00000|100%| O|  |TAMS 0x0000000080a00000, 0x0000000080900000| Untracked 
|  10|0x0000000080a00000, 0x0000000080a70a00, 0x0000000080b00000| 43%| O|  |TAMS 0x0000000080a70a00, 0x0000000080a00000| Updating 
|  11|0x0000000080b00000, 0x0000000080c00000, 0x0000000080c00000|100%| O|  |TAMS 0x0000000080c00000, 0x0000000080b00000| Untracked 
|  12|0x0000000080c00000, 0x0000000080d00000, 0x0000000080d00000|100%| O|  |TAMS 0x0000000080d00000, 0x0000000080c00000| Untracked 
|  13|0x0000000080d00000, 0x0000000080e00000, 0x0000000080e00000|100%| O|  |TAMS 0x0000000080e00000, 0x0000000080d00000| Untracked 
|  14|0x0000000080e00000, 0x0000000080f00000, 0x0000000080f00000|100%| O|  |TAMS 0x0000000080f00000, 0x0000000080e00000| Untracked 
|  15|0x0000000080f00000, 0x0000000081000000, 0x0000000081000000|100%| O|  |TAMS 0x0000000081000000, 0x0000000080f00000| Untracked 
|  16|0x0000000081000000, 0x0000000081100000, 0x0000000081100000|100%| O|  |TAMS 0x0000000081100000, 0x0000000081000000| Untracked 
|  17|0x0000000081100000, 0x0000000081200000, 0x0000000081200000|100%| O|  |TAMS 0x0000000081200000, 0x0000000081100000| Untracked 
|  18|0x0000000081200000, 0x0000000081300000, 0x0000000081300000|100%| O|  |TAMS 0x0000000081300000, 0x0000000081200000| Untracked 
|  19|0x0000000081300000, 0x0000000081400000, 0x0000000081400000|100%| O|  |TAMS 0x0000000081400000, 0x0000000081300000| Untracked 
|  20|0x0000000081400000, 0x0000000081500000, 0x0000000081500000|100%|HS|  |TAMS 0x0000000081500000, 0x0000000081400000| Complete 
|  21|0x0000000081500000, 0x0000000081600000, 0x0000000081600000|100%|HC|  |TAMS 0x0000000081600000, 0x0000000081500000| Complete 
|  22|0x0000000081600000, 0x0000000081700000, 0x0000000081700000|100%|HS|  |TAMS 0x0000000081700000, 0x0000000081600000| Complete 
|  23|0x0000000081700000, 0x0000000081800000, 0x0000000081800000|100%|HC|  |TAMS 0x0000000081800000, 0x0000000081700000| Complete 
|  24|0x0000000081800000, 0x0000000081900000, 0x0000000081900000|100%|HC|  |TAMS 0x0000000081900000, 0x0000000081800000| Complete 
|  25|0x0000000081900000, 0x0000000081a00000, 0x0000000081a00000|100%|HS|  |TAMS 0x0000000081a00000, 0x0000000081900000| Complete 
|  26|0x0000000081a00000, 0x0000000081b00000, 0x0000000081b00000|100%|HC|  |TAMS 0x0000000081b00000, 0x0000000081a00000| Complete 
|  27|0x0000000081b00000, 0x0000000081c00000, 0x0000000081c00000|100%|HC|  |TAMS 0x0000000081c00000, 0x0000000081b00000| Complete 
|  28|0x0000000081c00000, 0x0000000081d00000, 0x0000000081d00000|100%|HS|  |TAMS 0x0000000081d00000, 0x0000000081c00000| Complete 
|  29|0x0000000081d00000, 0x0000000081e00000, 0x0000000081e00000|100%|HC|  |TAMS 0x0000000081e00000, 0x0000000081d00000| Complete 
|  30|0x0000000081e00000, 0x0000000081f00000, 0x0000000081f00000|100%|HC|  |TAMS 0x0000000081f00000, 0x0000000081e00000| Complete 
|  31|0x0000000081f00000, 0x0000000082000000, 0x0000000082000000|100%| O|  |TAMS 0x0000000082000000, 0x0000000081f00000| Untracked 
|  32|0x0000000082000000, 0x0000000082100000, 0x0000000082100000|100%| O|  |TAMS 0x0000000082100000, 0x0000000082000000| Untracked 
|  33|0x0000000082100000, 0x0000000082200000, 0x0000000082200000|100%| O|  |TAMS 0x0000000082200000, 0x0000000082100000| Untracked 
|  34|0x0000000082200000, 0x0000000082300000, 0x0000000082300000|100%| O|  |TAMS 0x0000000082300000, 0x0000000082200000| Untracked 
|  35|0x0000000082300000, 0x0000000082400000, 0x0000000082400000|100%| O|  |TAMS 0x0000000082400000, 0x0000000082300000| Untracked 
|  36|0x0000000082400000, 0x0000000082500000, 0x0000000082500000|100%| O|  |TAMS 0x0000000082500000, 0x0000000082400000| Untracked 
|  37|0x0000000082500000, 0x0000000082600000, 0x0000000082600000|100%| O|  |TAMS 0x0000000082600000, 0x0000000082500000| Untracked 
|  38|0x0000000082600000, 0x0000000082700000, 0x0000000082700000|100%| O|  |TAMS 0x0000000082700000, 0x0000000082600000| Updating 
|  39|0x0000000082700000, 0x0000000082800000, 0x0000000082800000|100%| O|  |TAMS 0x0000000082800000, 0x0000000082700000| Updating 
|  40|0x0000000082800000, 0x0000000082900000, 0x0000000082900000|100%| O|  |TAMS 0x0000000082900000, 0x0000000082800000| Untracked 
|  41|0x0000000082900000, 0x0000000082a00000, 0x0000000082a00000|100%| O|  |TAMS 0x0000000082a00000, 0x0000000082900000| Untracked 
|  42|0x0000000082a00000, 0x0000000082b00000, 0x0000000082b00000|100%| O|  |TAMS 0x0000000082b00000, 0x0000000082a00000| Updating 
|  43|0x0000000082b00000, 0x0000000082c00000, 0x0000000082c00000|100%|HS|  |TAMS 0x0000000082c00000, 0x0000000082b00000| Complete 
|  44|0x0000000082c00000, 0x0000000082d00000, 0x0000000082d00000|100%|HC|  |TAMS 0x0000000082d00000, 0x0000000082c00000| Complete 
|  45|0x0000000082d00000, 0x0000000082e00000, 0x0000000082e00000|100%|HC|  |TAMS 0x0000000082e00000, 0x0000000082d00000| Complete 
|  46|0x0000000082e00000, 0x0000000082f00000, 0x0000000082f00000|100%| O|  |TAMS 0x0000000082f00000, 0x0000000082e00000| Untracked 
|  47|0x0000000082f00000, 0x0000000083000000, 0x0000000083000000|100%| O|  |TAMS 0x0000000083000000, 0x0000000082f00000| Untracked 
|  48|0x0000000083000000, 0x0000000083100000, 0x0000000083100000|100%| O|  |TAMS 0x0000000083100000, 0x0000000083000000| Untracked 
|  49|0x0000000083100000, 0x0000000083200000, 0x0000000083200000|100%| O|  |TAMS 0x0000000083200000, 0x0000000083100000| Untracked 
|  50|0x0000000083200000, 0x0000000083300000, 0x0000000083300000|100%|HS|  |TAMS 0x0000000083300000, 0x0000000083200000| Complete 
|  51|0x0000000083300000, 0x0000000083400000, 0x0000000083400000|100%|HC|  |TAMS 0x0000000083400000, 0x0000000083300000| Complete 
|  52|0x0000000083400000, 0x0000000083500000, 0x0000000083500000|100%|HC|  |TAMS 0x0000000083500000, 0x0000000083400000| Complete 
|  53|0x0000000083500000, 0x0000000083600000, 0x0000000083600000|100%| O|  |TAMS 0x0000000083600000, 0x0000000083500000| Untracked 
|  54|0x0000000083600000, 0x0000000083700000, 0x0000000083700000|100%| O|  |TAMS 0x0000000083700000, 0x0000000083600000| Updating 
|  55|0x0000000083700000, 0x0000000083800000, 0x0000000083800000|100%|HS|  |TAMS 0x0000000083800000, 0x0000000083700000| Complete 
|  56|0x0000000083800000, 0x0000000083900000, 0x0000000083900000|100%|HC|  |TAMS 0x0000000083900000, 0x0000000083800000| Complete 
|  57|0x0000000083900000, 0x0000000083a00000, 0x0000000083a00000|100%|HC|  |TAMS 0x0000000083a00000, 0x0000000083900000| Complete 
|  58|0x0000000083a00000, 0x0000000083b00000, 0x0000000083b00000|100%| O|  |TAMS 0x0000000083b00000, 0x0000000083a00000| Untracked 
|  59|0x0000000083b00000, 0x0000000083c00000, 0x0000000083c00000|100%| O|  |TAMS 0x0000000083c00000, 0x0000000083b00000| Untracked 
|  60|0x0000000083c00000, 0x0000000083d00000, 0x0000000083d00000|100%| O|  |TAMS 0x0000000083c16200, 0x0000000083c00000| Untracked 
|  61|0x0000000083d00000, 0x0000000083e00000, 0x0000000083e00000|100%| O|  |TAMS 0x0000000083e00000, 0x0000000083d00000| Updating 
|  62|0x0000000083e00000, 0x0000000083f00000, 0x0000000083f00000|100%| O|  |TAMS 0x0000000083f00000, 0x0000000083e00000| Untracked 
|  63|0x0000000083f00000, 0x0000000084000000, 0x0000000084000000|100%| O|  |TAMS 0x0000000083f00000, 0x0000000083f00000| Untracked 
|  64|0x0000000084000000, 0x000000008406a600, 0x0000000084100000| 41%| O|  |TAMS 0x0000000084000000, 0x0000000084000000| Updating 
|  65|0x0000000084100000, 0x0000000084100000, 0x0000000084200000|  0%| F|  |TAMS 0x0000000084100000, 0x0000000084100000| Untracked 
|  66|0x0000000084200000, 0x0000000084200000, 0x0000000084300000|  0%| F|  |TAMS 0x0000000084200000, 0x0000000084200000| Untracked 
|  67|0x0000000084300000, 0x0000000084300000, 0x0000000084400000|  0%| F|  |TAMS 0x0000000084300000, 0x0000000084300000| Untracked 
|  68|0x0000000084400000, 0x0000000084400000, 0x0000000084500000|  0%| F|  |TAMS 0x0000000084400000, 0x0000000084400000| Untracked 
|  69|0x0000000084500000, 0x0000000084500000, 0x0000000084600000|  0%| F|  |TAMS 0x0000000084500000, 0x0000000084500000| Untracked 
|  70|0x0000000084600000, 0x0000000084600000, 0x0000000084700000|  0%| F|  |TAMS 0x0000000084600000, 0x0000000084600000| Untracked 
|  71|0x0000000084700000, 0x0000000084700000, 0x0000000084800000|  0%| F|  |TAMS 0x0000000084700000, 0x0000000084700000| Untracked 
|  72|0x0000000084800000, 0x0000000084800000, 0x0000000084900000|  0%| F|  |TAMS 0x0000000084800000, 0x0000000084800000| Untracked 
|  73|0x0000000084900000, 0x0000000084900000, 0x0000000084a00000|  0%| F|  |TAMS 0x0000000084900000, 0x0000000084900000| Untracked 
|  74|0x0000000084a00000, 0x0000000084a00000, 0x0000000084b00000|  0%| F|  |TAMS 0x0000000084a00000, 0x0000000084a00000| Untracked 
|  75|0x0000000084b00000, 0x0000000084b00000, 0x0000000084c00000|  0%| F|  |TAMS 0x0000000084b00000, 0x0000000084b00000| Untracked 
|  76|0x0000000084c00000, 0x0000000084c00000, 0x0000000084d00000|  0%| F|  |TAMS 0x0000000084c00000, 0x0000000084c00000| Untracked 
|  77|0x0000000084d00000, 0x0000000084d00000, 0x0000000084e00000|  0%| F|  |TAMS 0x0000000084d00000, 0x0000000084d00000| Untracked 
|  78|0x0000000084e00000, 0x0000000084e00000, 0x0000000084f00000|  0%| F|  |TAMS 0x0000000084e00000, 0x0000000084e00000| Untracked 
|  79|0x0000000084f00000, 0x0000000084f00000, 0x0000000085000000|  0%| F|  |TAMS 0x0000000084f00000, 0x0000000084f00000| Untracked 
|  80|0x0000000085000000, 0x0000000085000000, 0x0000000085100000|  0%| F|  |TAMS 0x0000000085000000, 0x0000000085000000| Untracked 
|  81|0x0000000085100000, 0x0000000085100000, 0x0000000085200000|  0%| F|  |TAMS 0x0000000085100000, 0x0000000085100000| Untracked 
|  82|0x0000000085200000, 0x0000000085200000, 0x0000000085300000|  0%| F|  |TAMS 0x0000000085200000, 0x0000000085200000| Untracked 
|  83|0x0000000085300000, 0x0000000085300000, 0x0000000085400000|  0%| F|  |TAMS 0x0000000085300000, 0x0000000085300000| Untracked 
|  84|0x0000000085400000, 0x0000000085400000, 0x0000000085500000|  0%| F|  |TAMS 0x0000000085400000, 0x0000000085400000| Untracked 
|  85|0x0000000085500000, 0x0000000085500000, 0x0000000085600000|  0%| F|  |TAMS 0x0000000085500000, 0x0000000085500000| Untracked 
|  86|0x0000000085600000, 0x0000000085700000, 0x0000000085700000|100%| S|CS|TAMS 0x0000000085600000, 0x0000000085600000| Complete 
|  87|0x0000000085700000, 0x0000000085700000, 0x0000000085800000|  0%| F|  |TAMS 0x0000000085700000, 0x0000000085700000| Untracked 
|  88|0x0000000085800000, 0x0000000085900000, 0x0000000085900000|100%| S|CS|TAMS 0x0000000085800000, 0x0000000085800000| Complete 
|  89|0x0000000085900000, 0x0000000085a00000, 0x0000000085a00000|100%| S|CS|TAMS 0x0000000085900000, 0x0000000085900000| Complete 
|  90|0x0000000085a00000, 0x0000000085b00000, 0x0000000085b00000|100%| S|CS|TAMS 0x0000000085a00000, 0x0000000085a00000| Complete 
|  91|0x0000000085b00000, 0x0000000085b00000, 0x0000000085c00000|  0%| F|  |TAMS 0x0000000085b00000, 0x0000000085b00000| Untracked 
|  92|0x0000000085c00000, 0x0000000085c00000, 0x0000000085d00000|  0%| F|  |TAMS 0x0000000085c00000, 0x0000000085c00000| Untracked 
|  93|0x0000000085d00000, 0x0000000085d00000, 0x0000000085e00000|  0%| F|  |TAMS 0x0000000085d00000, 0x0000000085d00000| Untracked 
|  94|0x0000000085e00000, 0x0000000085e00000, 0x0000000085f00000|  0%| F|  |TAMS 0x0000000085e00000, 0x0000000085e00000| Untracked 
|  95|0x0000000085f00000, 0x0000000085f00000, 0x0000000086000000|  0%| F|  |TAMS 0x0000000085f00000, 0x0000000085f00000| Untracked 
|  96|0x0000000086000000, 0x0000000086000000, 0x0000000086100000|  0%| F|  |TAMS 0x0000000086000000, 0x0000000086000000| Untracked 
|  97|0x0000000086100000, 0x0000000086100000, 0x0000000086200000|  0%| F|  |TAMS 0x0000000086100000, 0x0000000086100000| Untracked 
|  98|0x0000000086200000, 0x0000000086200000, 0x0000000086300000|  0%| F|  |TAMS 0x0000000086200000, 0x0000000086200000| Untracked 
|  99|0x0000000086300000, 0x0000000086300000, 0x0000000086400000|  0%| F|  |TAMS 0x0000000086300000, 0x0000000086300000| Untracked 
| 100|0x0000000086400000, 0x0000000086400000, 0x0000000086500000|  0%| F|  |TAMS 0x0000000086400000, 0x0000000086400000| Untracked 
| 101|0x0000000086500000, 0x0000000086500000, 0x0000000086600000|  0%| F|  |TAMS 0x0000000086500000, 0x0000000086500000| Untracked 
| 102|0x0000000086600000, 0x0000000086600000, 0x0000000086700000|  0%| F|  |TAMS 0x0000000086600000, 0x0000000086600000| Untracked 
| 103|0x0000000086700000, 0x0000000086700000, 0x0000000086800000|  0%| F|  |TAMS 0x0000000086700000, 0x0000000086700000| Untracked 
| 104|0x0000000086800000, 0x0000000086800000, 0x0000000086900000|  0%| F|  |TAMS 0x0000000086800000, 0x0000000086800000| Untracked 
| 105|0x0000000086900000, 0x0000000086900000, 0x0000000086a00000|  0%| F|  |TAMS 0x0000000086900000, 0x0000000086900000| Untracked 
| 106|0x0000000086a00000, 0x0000000086a00000, 0x0000000086b00000|  0%| F|  |TAMS 0x0000000086a00000, 0x0000000086a00000| Untracked 
| 162|0x000000008a200000, 0x000000008a200000, 0x000000008a300000|  0%| F|  |TAMS 0x000000008a200000, 0x000000008a200000| Untracked 
| 163|0x000000008a300000, 0x000000008a3b7c90, 0x000000008a400000| 71%| E|  |TAMS 0x000000008a300000, 0x000000008a300000| Complete 
| 164|0x000000008a400000, 0x000000008a500000, 0x000000008a500000|100%| E|CS|TAMS 0x000000008a400000, 0x000000008a400000| Complete 
| 165|0x000000008a500000, 0x000000008a600000, 0x000000008a600000|100%| E|CS|TAMS 0x000000008a500000, 0x000000008a500000| Complete 
| 166|0x000000008a600000, 0x000000008a700000, 0x000000008a700000|100%| E|CS|TAMS 0x000000008a600000, 0x000000008a600000| Complete 
| 167|0x000000008a700000, 0x000000008a800000, 0x000000008a800000|100%| E|CS|TAMS 0x000000008a700000, 0x000000008a700000| Complete 
| 168|0x000000008a800000, 0x000000008a900000, 0x000000008a900000|100%| E|  |TAMS 0x000000008a800000, 0x000000008a800000| Complete 
| 169|0x000000008a900000, 0x000000008aa00000, 0x000000008aa00000|100%| E|CS|TAMS 0x000000008a900000, 0x000000008a900000| Complete 
| 170|0x000000008aa00000, 0x000000008ab00000, 0x000000008ab00000|100%| E|CS|TAMS 0x000000008aa00000, 0x000000008aa00000| Complete 
| 221|0x000000008dd00000, 0x000000008de00000, 0x000000008de00000|100%| E|CS|TAMS 0x000000008dd00000, 0x000000008dd00000| Complete 

Card table byte_map: [0x000001e07b160000,0x000001e07b560000] _byte_map_base: 0x000001e07ad60000

Marking Bits (Prev, Next): (CMBitMap*) 0x000001e068075390, (CMBitMap*) 0x000001e068075350
 Prev Bits: [0x000001e07d960000, 0x000001e07f960000)
 Next Bits: [0x000001e07b960000, 0x000001e07d960000)

Polling page: 0x000001e0677c0000

Metaspace:

Usage:
  Non-class:     52.00 MB used.
      Class:      8.26 MB used.
       Both:     60.25 MB used.

Virtual space:
  Non-class space:       64.00 MB reserved,      52.38 MB ( 82%) committed,  1 nodes.
      Class space:        1.00 GB reserved,       8.56 MB ( <1%) committed,  1 nodes.
             Both:        1.06 GB reserved,      60.94 MB (  6%) committed. 

Chunk freelists:
   Non-Class:  11.41 MB
       Class:  7.48 MB
        Both:  18.89 MB

MaxMetaspaceSize: unlimited
CompressedClassSpaceSize: 1.00 GB
Initial GC threshold: 21.00 MB
Current GC threshold: 93.25 MB
CDS: off
MetaspaceReclaimPolicy: balanced
 - commit_granule_bytes: 65536.
 - commit_granule_words: 8192.
 - virtual_space_node_default_size: 8388608.
 - enlarge_chunks_in_place: 1.
 - new_chunks_are_fully_committed: 0.
 - uncommit_free_chunks: 1.
 - use_allocation_guard: 0.
 - handle_deallocations: 1.


Internal statistics:

num_allocs_failed_limit: 3.
num_arena_births: 758.
num_arena_deaths: 4.
num_vsnodes_births: 2.
num_vsnodes_deaths: 0.
num_space_committed: 975.
num_space_uncommitted: 0.
num_chunks_returned_to_freelist: 9.
num_chunks_taken_from_freelist: 2924.
num_chunk_merges: 3.
num_chunk_splits: 1895.
num_chunks_enlarged: 1256.
num_inconsistent_stats: 0.

CodeHeap 'non-profiled nmethods': size=119168Kb used=3483Kb max_used=3483Kb free=115684Kb
 bounds [0x000001e073080000, 0x000001e0733f0000, 0x000001e07a4e0000]
CodeHeap 'profiled nmethods': size=119104Kb used=11922Kb max_used=11922Kb free=107181Kb
 bounds [0x000001e06b4e0000, 0x000001e06c090000, 0x000001e072930000]
CodeHeap 'non-nmethods': size=7488Kb used=4018Kb max_used=4100Kb free=3469Kb
 bounds [0x000001e072930000, 0x000001e072d40000, 0x000001e073080000]
 total_blobs=7029 nmethods=6174 adapters=763
 compilation: enabled
              stopped_count=0, restarted_count=0
 full_count=0

Compilation events (20 events):
Event: 6.437 Thread 0x000001e002c9b770 6936       3       com.google.common.collect.ImmutableMap$Builder::<init> (6 bytes)
Event: 6.437 Thread 0x000001e008659350 6934       1       org.gradle.api.internal.artifacts.ivyservice.modulecache.artifacts.DefaultCachedArtifact::getCachedFile (5 bytes)
Event: 6.437 Thread 0x000001e002b6acf0 nmethod 6928 0x000001e06c082d90 code [0x000001e06c082f60, 0x000001e06c0832c8]
Event: 6.438 Thread 0x000001e002b6acf0 6909       1       org.gradle.api.internal.file.FileCollectionStructureVisitor::startVisit (2 bytes)
Event: 6.438 Thread 0x000001e008659350 nmethod 6934 0x000001e0733e5610 code [0x000001e0733e57a0, 0x000001e0733e5878]
Event: 6.438 Thread 0x000001e008659350 6901       1       org.gradle.internal.operations.BuildOperationState::getDescription (5 bytes)
Event: 6.438 Thread 0x000001e002c9b770 nmethod 6936 0x000001e06c083410 code [0x000001e06c0835c0, 0x000001e06c083898]
Event: 6.438 Thread 0x000001e002b6acf0 nmethod 6909 0x000001e0733e5910 code [0x000001e0733e5aa0, 0x000001e0733e5b78]
Event: 6.438 Thread 0x000001e002b6acf0 6905       1       org.gradle.internal.operations.BuildOperationCategory::isTopLevelWorkItem (5 bytes)
Event: 6.438 Thread 0x000001e002c9b770 6944       3       org.gradle.internal.snapshot.impl.StringValueSnapshot::<init> (6 bytes)
Event: 6.438 Thread 0x000001e008659350 nmethod 6901 0x000001e0733e6710 code [0x000001e0733e68a0, 0x000001e0733e6978]
Event: 6.438 Thread 0x000001e00712a2c0 nmethod 6890 0x000001e0733e5c10 code [0x000001e0733e5dc0, 0x000001e0733e6258]
Event: 6.438 Thread 0x000001e008659350 6938       3       java.util.concurrent.FutureTask::report (37 bytes)
Event: 6.438 Thread 0x000001e002b6acf0 nmethod 6905 0x000001e0733e6a10 code [0x000001e0733e6ba0, 0x000001e0733e6c78]
Event: 6.438 Thread 0x000001e002b6acf0 6939       3       org.gradle.cache.internal.DefaultGlobalCacheLocations::isInsideGlobalCache (9 bytes)
Event: 6.439 Thread 0x000001e002c9b770 nmethod 6944 0x000001e06c083990 code [0x000001e06c083b40, 0x000001e06c083db8]
Event: 6.439 Thread 0x000001e002c9b770 6906       1       org.gradle.internal.operations.BuildOperationDescriptor::getTotalProgress (5 bytes)
Event: 6.439 Thread 0x000001e002b6acf0 nmethod 6939 0x000001e06c083f10 code [0x000001e06c0840c0, 0x000001e06c084288]
Event: 6.439 Thread 0x000001e008659350 nmethod 6938 0x000001e06c084390 code [0x000001e06c084560, 0x000001e06c084978]
Event: 6.439 Thread 0x000001e00712a2c0 6897       4       org.gradle.cache.internal.btree.BTreePersistentIndexedCache$IndexEntry::compareTo (9 bytes)

GC Heap History (20 events):
Event: 4.252 GC heap before
{Heap before GC invocations=15 (full 0):
 garbage-first heap   total 89088K, used 48723K [0x0000000080000000, 0x0000000100000000)
  region size 1024K, 8 young (8192K), 2 survivors (2048K)
 Metaspace       used 44292K, committed 44736K, reserved 1114112K
  class space    used 5945K, committed 6144K, reserved 1048576K
}
Event: 4.253 GC heap after
{Heap after GC invocations=16 (full 0):
 garbage-first heap   total 89088K, used 45801K [0x0000000080000000, 0x0000000100000000)
  region size 1024K, 3 young (3072K), 3 survivors (3072K)
 Metaspace       used 44292K, committed 44736K, reserved 1114112K
  class space    used 5945K, committed 6144K, reserved 1048576K
}
Event: 4.645 GC heap before
{Heap before GC invocations=17 (full 0):
 garbage-first heap   total 89088K, used 73449K [0x0000000080000000, 0x0000000100000000)
  region size 1024K, 26 young (26624K), 3 survivors (3072K)
 Metaspace       used 48033K, committed 48448K, reserved 1114112K
  class space    used 6405K, committed 6592K, reserved 1048576K
}
Event: 4.647 GC heap after
{Heap after GC invocations=18 (full 0):
 garbage-first heap   total 89088K, used 47053K [0x0000000080000000, 0x0000000100000000)
  region size 1024K, 3 young (3072K), 3 survivors (3072K)
 Metaspace       used 48033K, committed 48448K, reserved 1114112K
  class space    used 6405K, committed 6592K, reserved 1048576K
}
Event: 4.892 GC heap before
{Heap before GC invocations=18 (full 0):
 garbage-first heap   total 89088K, used 68557K [0x0000000080000000, 0x0000000100000000)
  region size 1024K, 25 young (25600K), 3 survivors (3072K)
 Metaspace       used 50388K, committed 50816K, reserved 1114112K
  class space    used 6795K, committed 6976K, reserved 1048576K
}
Event: 4.894 GC heap after
{Heap after GC invocations=19 (full 0):
 garbage-first heap   total 89088K, used 49198K [0x0000000080000000, 0x0000000100000000)
  region size 1024K, 4 young (4096K), 4 survivors (4096K)
 Metaspace       used 50388K, committed 50816K, reserved 1114112K
  class space    used 6795K, committed 6976K, reserved 1048576K
}
Event: 4.919 GC heap before
{Heap before GC invocations=20 (full 0):
 garbage-first heap   total 89088K, used 53294K [0x0000000080000000, 0x0000000100000000)
  region size 1024K, 7 young (7168K), 4 survivors (4096K)
 Metaspace       used 50427K, committed 50880K, reserved 1114112K
  class space    used 6797K, committed 6976K, reserved 1048576K
}
Event: 4.921 GC heap after
{Heap after GC invocations=21 (full 0):
 garbage-first heap   total 89088K, used 53434K [0x0000000080000000, 0x0000000100000000)
  region size 1024K, 4 young (4096K), 4 survivors (4096K)
 Metaspace       used 50427K, committed 50880K, reserved 1114112K
  class space    used 6797K, committed 6976K, reserved 1048576K
}
Event: 5.019 GC heap before
{Heap before GC invocations=22 (full 0):
 garbage-first heap   total 99328K, used 64698K [0x0000000080000000, 0x0000000100000000)
  region size 1024K, 13 young (13312K), 4 survivors (4096K)
 Metaspace       used 50802K, committed 51328K, reserved 1114112K
  class space    used 6854K, committed 7040K, reserved 1048576K
}
Event: 5.021 GC heap after
{Heap after GC invocations=23 (full 0):
 garbage-first heap   total 119808K, used 58158K [0x0000000080000000, 0x0000000100000000)
  region size 1024K, 3 young (3072K), 3 survivors (3072K)
 Metaspace       used 50802K, committed 51328K, reserved 1114112K
  class space    used 6854K, committed 7040K, reserved 1048576K
}
Event: 5.078 GC heap before
{Heap before GC invocations=24 (full 0):
 garbage-first heap   total 119808K, used 64302K [0x0000000080000000, 0x0000000100000000)
  region size 1024K, 8 young (8192K), 3 survivors (3072K)
 Metaspace       used 51154K, committed 51712K, reserved 1114112K
  class space    used 6879K, committed 7104K, reserved 1048576K
}
Event: 5.079 GC heap after
{Heap after GC invocations=25 (full 0):
 garbage-first heap   total 119808K, used 62697K [0x0000000080000000, 0x0000000100000000)
  region size 1024K, 3 young (3072K), 3 survivors (3072K)
 Metaspace       used 51154K, committed 51712K, reserved 1114112K
  class space    used 6879K, committed 7104K, reserved 1048576K
}
Event: 5.316 GC heap before
{Heap before GC invocations=26 (full 0):
 garbage-first heap   total 119808K, used 90345K [0x0000000080000000, 0x0000000100000000)
  region size 1024K, 28 young (28672K), 3 survivors (3072K)
 Metaspace       used 53358K, committed 53952K, reserved 1114112K
  class space    used 7109K, committed 7424K, reserved 1048576K
}
Event: 5.318 GC heap after
{Heap after GC invocations=27 (full 0):
 garbage-first heap   total 119808K, used 63149K [0x0000000080000000, 0x0000000100000000)
  region size 1024K, 2 young (2048K), 2 survivors (2048K)
 Metaspace       used 53358K, committed 53952K, reserved 1114112K
  class space    used 7109K, committed 7424K, reserved 1048576K
}
Event: 5.663 GC heap before
{Heap before GC invocations=27 (full 0):
 garbage-first heap   total 119808K, used 89773K [0x0000000080000000, 0x0000000100000000)
  region size 1024K, 28 young (28672K), 2 survivors (2048K)
 Metaspace       used 56554K, committed 57152K, reserved 1114112K
  class space    used 7648K, committed 7936K, reserved 1048576K
}
Event: 5.665 GC heap after
{Heap after GC invocations=28 (full 0):
 garbage-first heap   total 119808K, used 64862K [0x0000000080000000, 0x0000000100000000)
  region size 1024K, 4 young (4096K), 4 survivors (4096K)
 Metaspace       used 56554K, committed 57152K, reserved 1114112K
  class space    used 7648K, committed 7936K, reserved 1048576K
}
Event: 6.025 GC heap before
{Heap before GC invocations=29 (full 0):
 garbage-first heap   total 119808K, used 92510K [0x0000000080000000, 0x0000000100000000)
  region size 1024K, 31 young (31744K), 4 survivors (4096K)
 Metaspace       used 59316K, committed 59904K, reserved 1114112K
  class space    used 8123K, committed 8384K, reserved 1048576K
}
Event: 6.028 GC heap after
{Heap after GC invocations=30 (full 0):
 garbage-first heap   total 119808K, used 66810K [0x0000000080000000, 0x0000000100000000)
  region size 1024K, 4 young (4096K), 4 survivors (4096K)
 Metaspace       used 59316K, committed 59904K, reserved 1114112K
  class space    used 8123K, committed 8384K, reserved 1048576K
}
Event: 6.410 GC heap before
{Heap before GC invocations=30 (full 0):
 garbage-first heap   total 119808K, used 92410K [0x0000000080000000, 0x0000000100000000)
  region size 1024K, 30 young (30720K), 4 survivors (4096K)
 Metaspace       used 61589K, committed 62272K, reserved 1114112K
  class space    used 8427K, committed 8704K, reserved 1048576K
}
Event: 6.413 GC heap after
{Heap after GC invocations=31 (full 0):
 garbage-first heap   total 119808K, used 69484K [0x0000000080000000, 0x0000000100000000)
  region size 1024K, 4 young (4096K), 4 survivors (4096K)
 Metaspace       used 61589K, committed 62272K, reserved 1114112K
  class space    used 8427K, committed 8704K, reserved 1048576K
}

Dll operation events (3 events):
Event: 0.006 Loaded shared library C:\Program Files\Android\Android Studio\jbr\bin\java.dll
Event: 0.112 Loaded shared library C:\Program Files\Android\Android Studio\jbr\bin\zip.dll
Event: 0.348 Loaded shared library C:\Program Files\Android\Android Studio\jbr\bin\verify.dll

Deoptimization events (20 events):
Event: 6.417 Thread 0x000001e00999a2b0 Uncommon trap: trap_request=0xffffffde fr.pc=0x000001e073265e70 relative=0x00000000000002b0
Event: 6.417 Thread 0x000001e00999a2b0 Uncommon trap: reason=class_check action=maybe_recompile pc=0x000001e073265e70 method=java.util.concurrent.ConcurrentHashMap.get(Ljava/lang/Object;)Ljava/lang/Object; @ 93 c2
Event: 6.417 Thread 0x000001e00999a2b0 DEOPT PACKING pc=0x000001e073265e70 sp=0x000000a6791fde00
Event: 6.417 Thread 0x000001e00999a2b0 DEOPT UNPACKING pc=0x000001e0729869a3 sp=0x000000a6791fdd68 mode 2
Event: 6.417 Thread 0x000001e0099951b0 Uncommon trap: trap_request=0xffffffde fr.pc=0x000001e073265e70 relative=0x00000000000002b0
Event: 6.417 Thread 0x000001e0099951b0 Uncommon trap: reason=class_check action=maybe_recompile pc=0x000001e073265e70 method=java.util.concurrent.ConcurrentHashMap.get(Ljava/lang/Object;)Ljava/lang/Object; @ 93 c2
Event: 6.417 Thread 0x000001e009997010 Uncommon trap: trap_request=0xffffff45 fr.pc=0x000001e0732b74d8 relative=0x0000000000000158
Event: 6.417 Thread 0x000001e00999acd0 DEOPT PACKING pc=0x000001e06b99b654 sp=0x000000a6795fd970
Event: 6.417 Thread 0x000001e009997010 Uncommon trap: reason=unstable_if action=reinterpret pc=0x000001e0732b74d8 method=org.gradle.internal.snapshot.VfsRelativePath.isPrefix(Ljava/lang/String;ILjava/lang/String;ILorg/gradle/internal/snapshot/CaseSensitivity;)Z @ 101 c2
Event: 6.417 Thread 0x000001e00999acd0 DEOPT UNPACKING pc=0x000001e072987143 sp=0x000000a6795fcec8 mode 0
Event: 6.418 Thread 0x000001e0099951b0 DEOPT PACKING pc=0x000001e073265e70 sp=0x000000a6793fde50
Event: 6.418 Thread 0x000001e0099951b0 DEOPT UNPACKING pc=0x000001e0729869a3 sp=0x000000a6793fddb8 mode 2
Event: 6.418 Thread 0x000001e009997010 DEOPT PACKING pc=0x000001e0732b74d8 sp=0x000000a6799fc3f0
Event: 6.418 Thread 0x000001e009997010 DEOPT UNPACKING pc=0x000001e0729869a3 sp=0x000000a6799fc378 mode 2
Event: 6.418 Thread 0x000001e009995bd0 Uncommon trap: trap_request=0xffffffde fr.pc=0x000001e073265e70 relative=0x00000000000002b0
Event: 6.418 Thread 0x000001e009995bd0 Uncommon trap: reason=class_check action=maybe_recompile pc=0x000001e073265e70 method=java.util.concurrent.ConcurrentHashMap.get(Ljava/lang/Object;)Ljava/lang/Object; @ 93 c2
Event: 6.418 Thread 0x000001e009995bd0 DEOPT PACKING pc=0x000001e073265e70 sp=0x000000a6797fdeb0
Event: 6.418 Thread 0x000001e009995bd0 DEOPT UNPACKING pc=0x000001e0729869a3 sp=0x000000a6797fde18 mode 2
Event: 6.432 Thread 0x000001e00b22c730 DEOPT PACKING pc=0x000001e06b99b654 sp=0x000000a679cfd590
Event: 6.432 Thread 0x000001e00b22c730 DEOPT UNPACKING pc=0x000001e072987143 sp=0x000000a679cfcae8 mode 0

Classes unloaded (2 events):
Event: 5.095 Thread 0x000001e002530b00 Unloading class 0x00000001006d0c00 'java/lang/invoke/LambdaForm$DMH+0x00000001006d0c00'
Event: 5.095 Thread 0x000001e002530b00 Unloading class 0x00000001006d0400 'java/lang/invoke/LambdaForm$DMH+0x00000001006d0400'

Classes redefined (0 events):
No events

Internal exceptions (20 events):
Event: 5.842 Thread 0x000001e007ebb620 Exception <a 'java/lang/ClassNotFoundException'{0x00000000868bcfb0}: org/gradle/api/internal/project/DefaultProject_DecoratedCustomizer> (0x00000000868bcfb0) 
thrown [s\src\hotspot\share\classfile\systemDictionary.cpp, line 256]
Event: 5.941 Thread 0x000001e007ebb620 Exception <a 'java/lang/NoSuchMethodError'{0x0000000085e5ef80}: 'long java.lang.invoke.DirectMethodHandle$Holder.invokeStatic(java.lang.Object, long)'> (0x0000000085e5ef80) 
thrown [s\src\hotspot\share\interpreter\linkResolver.cpp, line 771]
Event: 6.030 Thread 0x000001e007ebb620 Exception <a 'java/lang/NoSuchMethodError'{0x000000008dd101a8}: 'java.lang.Object java.lang.invoke.DirectMethodHandle$Holder.invokeSpecial(java.lang.Object, java.lang.Object, java.lang.Object, java.lang.Object, java.lang.Object, java.lang.Object, java.lang.Object, java.lang.Object, java.lang.Object, java.lang.Object, java.lang.Object, java.lang.Object, java.lang.Object, java.lang.Object, java.lang.Object, java.lang.Object, java.lang.Object, java.lang.Object, java.lang.Object, java.lang.Object, java.lang.Ob
Event: 6.030 Thread 0x000001e007ebb620 Exception <a 'java/lang/NoSuchMethodError'{0x000000008dd162b8}: 'java.lang.Object java.lang.invoke.DelegatingMethodHandle$Holder.reinvoke_L(java.lang.Object, java.lang.Object, java.lang.Object, java.lang.Object, java.lang.Object, java.lang.Object, java.lang.Object, java.lang.Object, java.lang.Object, java.lang.Object, java.lang.Object, java.lang.Object, java.lang.Object, java.lang.Object, java.lang.Object, java.lang.Object, java.lang.Object, java.lang.Object, java.lang.Object, java.lang.Object, java.lang.O
Event: 6.031 Thread 0x000001e007ebb620 Exception <a 'java/lang/NoSuchMethodError'{0x000000008dd219d0}: 'java.lang.Object java.lang.invoke.Invokers$Holder.invoker(java.lang.Object, java.lang.Object, java.lang.Object, java.lang.Object, java.lang.Object, java.lang.Object, java.lang.Object, java.lang.Object, java.lang.Object, java.lang.Object, java.lang.Object, java.lang.Object, java.lang.Object, java.lang.Object, java.lang.Object, java.lang.Object, java.lang.Object, java.lang.Object, java.lang.Object, java.lang.Object, java.lang.Object, java.lang.
Event: 6.031 Thread 0x000001e007ebb620 Exception <a 'java/lang/NoSuchMethodError'{0x000000008dd28430}: 'java.lang.Object java.lang.invoke.DelegatingMethodHandle$Holder.delegate(java.lang.Object, java.lang.Object, java.lang.Object, java.lang.Object, java.lang.Object, java.lang.Object, java.lang.Object, java.lang.Object, java.lang.Object, java.lang.Object, java.lang.Object, java.lang.Object, java.lang.Object, java.lang.Object, java.lang.Object, java.lang.Object, java.lang.Object, java.lang.Object, java.lang.Object, java.lang.Object, java.lang.Obj
Event: 6.037 Thread 0x000001e007ebb620 Exception <a 'java/lang/NoSuchMethodError'{0x000000008ddf5838}: 'java.lang.Object java.lang.invoke.DirectMethodHandle$Holder.invokeStatic(java.lang.Object, java.lang.Object, java.lang.Object, java.lang.Object, java.lang.Object, java.lang.Object, java.lang.Object, java.lang.Object, java.lang.Object, java.lang.Object, java.lang.Object, java.lang.Object, java.lang.Object, java.lang.Object, java.lang.Object, java.lang.Object, java.lang.Object, java.lang.Object, java.lang.Object, java.lang.Object, java.lang.Obj
Event: 6.107 Thread 0x000001e007ebb620 Exception <a 'java/lang/NoSuchMethodError'{0x000000008a6b3bb0}: static Lorg/gradle/api/internal/catalog/DefaultVersionCatalog;.<clinit>()V> (0x000000008a6b3bb0) 
thrown [s\src\hotspot\share\prims\jni.cpp, line 1108]
Event: 6.113 Thread 0x000001e007ebb620 Exception <a 'java/lang/NoSuchMethodError'{0x000000008a505a18}: static [Ljava/lang/Object;.<clinit>()V> (0x000000008a505a18) 
thrown [s\src\hotspot\share\prims\jni.cpp, line 1108]
Event: 6.114 Thread 0x000001e007ebb620 Exception <a 'java/lang/NoSuchMethodError'{0x000000008a539b40}: static Lorg/gradle/api/internal/catalog/DependencyModel;.<clinit>()V> (0x000000008a539b40) 
thrown [s\src\hotspot\share\prims\jni.cpp, line 1108]
Event: 6.114 Thread 0x000001e007ebb620 Exception <a 'java/lang/NoSuchMethodError'{0x000000008a53d538}: static Lorg/gradle/api/internal/catalog/AbstractContextAwareModel;.<clinit>()V> (0x000000008a53d538) 
thrown [s\src\hotspot\share\prims\jni.cpp, line 1108]
Event: 6.115 Thread 0x000001e007ebb620 Exception <a 'java/lang/NoSuchMethodError'{0x000000008a556ef8}: static Lorg/gradle/api/internal/artifacts/dependencies/AbstractVersionConstraint;.<clinit>()V> (0x000000008a556ef8) 
thrown [s\src\hotspot\share\prims\jni.cpp, line 1108]
Event: 6.121 Thread 0x000001e007ebb620 Exception <a 'java/lang/NoSuchMethodError'{0x000000008a40aa50}: static Lorg/gradle/api/internal/catalog/PluginModel;.<clinit>()V> (0x000000008a40aa50) 
thrown [s\src\hotspot\share\prims\jni.cpp, line 1108]
Event: 6.123 Thread 0x000001e007ebb620 Exception <a 'java/lang/NoSuchMethodError'{0x000000008a421830}: static Lorg/gradle/api/internal/catalog/VersionModel;.<clinit>()V> (0x000000008a421830) 
thrown [s\src\hotspot\share\prims\jni.cpp, line 1108]
Event: 6.171 Thread 0x000001e007ebb620 Exception <a 'java/lang/NoSuchMethodError'{0x0000000086a81718}: 'int java.lang.invoke.DirectMethodHandle$Holder.invokeSpecialIFC(java.lang.Object, java.lang.Object, java.lang.Object)'> (0x0000000086a81718) 
thrown [s\src\hotspot\share\interpreter\linkResolver.cpp, line 771]
Event: 6.215 Thread 0x000001e007ebb620 Exception <a 'java/lang/NoSuchMethodError'{0x000000008664b810}: 'java.lang.Object java.lang.invoke.DirectMethodHandle$Holder.newInvokeSpecial(java.lang.Object, java.lang.Object, java.lang.Object, java.lang.Object, java.lang.Object, int)'> (0x000000008664b810) 
thrown [s\src\hotspot\share\interpreter\linkResolver.cpp, line 771]
Event: 6.215 Thread 0x000001e007ebb620 Exception <a 'java/lang/NoSuchMethodError'{0x0000000086650f10}: 'java.lang.Object java.lang.invoke.DirectMethodHandle$Holder.invokeSpecial(java.lang.Object, java.lang.Object, java.lang.Object, java.lang.Object, java.lang.Object, java.lang.Object, int)'> (0x0000000086650f10) 
thrown [s\src\hotspot\share\interpreter\linkResolver.cpp, line 771]
Event: 6.215 Thread 0x000001e007ebb620 Exception <a 'java/lang/NoSuchMethodError'{0x0000000086655f98}: 'java.lang.Object java.lang.invoke.Invokers$Holder.linkToTargetMethod(java.lang.Object, java.lang.Object, java.lang.Object, java.lang.Object, int, java.lang.Object)'> (0x0000000086655f98) 
thrown [s\src\hotspot\share\interpreter\linkResolver.cpp, line 771]
Event: 6.219 Thread 0x000001e007ebb620 Exception <a 'java/lang/NoSuchMethodError'{0x0000000086688578}: 'java.lang.Object java.lang.invoke.DirectMethodHandle$Holder.invokeSpecial(java.lang.Object, java.lang.Object, java.lang.Object, java.lang.Object, java.lang.Object, long)'> (0x0000000086688578) 
thrown [s\src\hotspot\share\interpreter\linkResolver.cpp, line 771]
Event: 6.221 Thread 0x000001e007ebb620 Exception <a 'java/lang/NoSuchMethodError'{0x00000000866aaa78}: 'void java.lang.invoke.DirectMethodHandle$Holder.invokeStatic(java.lang.Object, java.lang.Object, java.lang.Object, int, java.lang.Object)'> (0x00000000866aaa78) 
thrown [s\src\hotspot\share\interpreter\linkResolver.cpp, line 771]

VM Operations (20 events):
Event: 5.687 Executing VM operation: G1PauseRemark done
Event: 5.695 Executing VM operation: G1PauseCleanup
Event: 5.696 Executing VM operation: G1PauseCleanup done
Event: 5.712 Executing VM operation: HandshakeAllThreads
Event: 5.712 Executing VM operation: HandshakeAllThreads done
Event: 5.741 Executing VM operation: HandshakeAllThreads
Event: 5.741 Executing VM operation: HandshakeAllThreads done
Event: 5.795 Executing VM operation: HandshakeAllThreads
Event: 5.795 Executing VM operation: HandshakeAllThreads done
Event: 6.025 Executing VM operation: G1CollectForAllocation
Event: 6.028 Executing VM operation: G1CollectForAllocation done
Event: 6.109 Executing VM operation: HandshakeAllThreads
Event: 6.109 Executing VM operation: HandshakeAllThreads done
Event: 6.287 Executing VM operation: ICBufferFull
Event: 6.287 Executing VM operation: ICBufferFull done
Event: 6.370 Executing VM operation: HandshakeAllThreads
Event: 6.370 Executing VM operation: HandshakeAllThreads done
Event: 6.410 Executing VM operation: G1CollectForAllocation
Event: 6.414 Executing VM operation: G1CollectForAllocation done
Event: 6.439 Executing VM operation: G1PauseRemark

Events (20 events):
Event: 6.232 loading class java/util/LinkedList$LLSpliterator done
Event: 6.344 loading class java/util/Collections$ReverseComparator
Event: 6.344 loading class java/util/Collections$ReverseComparator done
Event: 6.344 loading class java/util/Collections$ReverseComparator2
Event: 6.344 loading class java/util/Collections$ReverseComparator2 done
Event: 6.410 Thread 0x000001e009998e70 Thread added: 0x000001e009998e70
Event: 6.410 Thread 0x000001e00999a2b0 Thread added: 0x000001e00999a2b0
Event: 6.414 Thread 0x000001e00999a7c0 Thread added: 0x000001e00999a7c0
Event: 6.414 Thread 0x000001e0099951b0 Thread added: 0x000001e0099951b0
Event: 6.414 Thread 0x000001e009999380 Thread added: 0x000001e009999380
Event: 6.414 Thread 0x000001e00999acd0 Thread added: 0x000001e00999acd0
Event: 6.415 Thread 0x000001e0099956c0 Thread added: 0x000001e0099956c0
Event: 6.415 Thread 0x000001e009995bd0 Thread added: 0x000001e009995bd0
Event: 6.415 Thread 0x000001e0099960e0 Thread added: 0x000001e0099960e0
Event: 6.415 Thread 0x000001e009997010 Thread added: 0x000001e009997010
Event: 6.415 Thread 0x000001e009997520 Thread added: 0x000001e009997520
Event: 6.416 Thread 0x000001e00b229eb0 Thread added: 0x000001e00b229eb0
Event: 6.416 Thread 0x000001e00b22c730 Thread added: 0x000001e00b22c730
Event: 6.417 Thread 0x000001e00b22a3c0 Thread added: 0x000001e00b22a3c0
Event: 6.418 Thread 0x000001e00b22a8d0 Thread added: 0x000001e00b22a8d0


Dynamic libraries:
0x00007ff631830000 - 0x00007ff63183a000 	C:\Program Files\Android\Android Studio\jbr\bin\java.exe
0x00007ffbd6030000 - 0x00007ffbd6247000 	C:\Windows\SYSTEM32\ntdll.dll
0x00007ffbd46e0000 - 0x00007ffbd47a4000 	C:\Windows\System32\KERNEL32.DLL
0x00007ffbd36c0000 - 0x00007ffbd3a6d000 	C:\Windows\System32\KERNELBASE.dll
0x00007ffbd3500000 - 0x00007ffbd3611000 	C:\Windows\System32\ucrtbase.dll
0x00007ffbbb2f0000 - 0x00007ffbbb307000 	C:\Program Files\Android\Android Studio\jbr\bin\jli.dll
0x00007ffbbb7b0000 - 0x00007ffbbb7cb000 	C:\Program Files\Android\Android Studio\jbr\bin\VCRUNTIME140.dll
0x00007ffbd5a50000 - 0x00007ffbd5bfe000 	C:\Windows\System32\USER32.dll
0x00007ffbd3cc0000 - 0x00007ffbd3ce6000 	C:\Windows\System32\win32u.dll
0x00007ffbc1530000 - 0x00007ffbc17c3000 	C:\Windows\WinSxS\amd64_microsoft.windows.common-controls_6595b64144ccf1df_6.0.22621.3672_none_2713b9d173822955\COMCTL32.dll
0x00007ffbd46b0000 - 0x00007ffbd46d9000 	C:\Windows\System32\GDI32.dll
0x00007ffbd5090000 - 0x00007ffbd5137000 	C:\Windows\System32\msvcrt.dll
0x00007ffbd3ae0000 - 0x00007ffbd3bf9000 	C:\Windows\System32\gdi32full.dll
0x00007ffbd3620000 - 0x00007ffbd36ba000 	C:\Windows\System32\msvcp_win.dll
0x00007ffbd5fa0000 - 0x00007ffbd5fd1000 	C:\Windows\System32\IMM32.DLL
0x00007ffbcc480000 - 0x00007ffbcc48c000 	C:\Program Files\Android\Android Studio\jbr\bin\vcruntime140_1.dll
0x00007ffbb3cc0000 - 0x00007ffbb3d4d000 	C:\Program Files\Android\Android Studio\jbr\bin\msvcp140.dll
0x00007ffb84c90000 - 0x00007ffb85913000 	C:\Program Files\Android\Android Studio\jbr\bin\server\jvm.dll
0x00007ffbd57f0000 - 0x00007ffbd58a2000 	C:\Windows\System32\ADVAPI32.dll
0x00007ffbd4080000 - 0x00007ffbd4129000 	C:\Windows\System32\sechost.dll
0x00007ffbd34d0000 - 0x00007ffbd34f8000 	C:\Windows\System32\bcrypt.dll
0x00007ffbd56d0000 - 0x00007ffbd57e4000 	C:\Windows\System32\RPCRT4.dll
0x00007ffbbebd0000 - 0x00007ffbbebd9000 	C:\Windows\SYSTEM32\WSOCK32.dll
0x00007ffbd3220000 - 0x00007ffbd326d000 	C:\Windows\SYSTEM32\POWRPROF.dll
0x00007ffbcb730000 - 0x00007ffbcb764000 	C:\Windows\SYSTEM32\WINMM.dll
0x00007ffbd58d0000 - 0x00007ffbd5941000 	C:\Windows\System32\WS2_32.dll
0x00007ffbc8150000 - 0x00007ffbc815a000 	C:\Windows\SYSTEM32\VERSION.dll
0x00007ffbd3200000 - 0x00007ffbd3213000 	C:\Windows\SYSTEM32\UMPDC.dll
0x00007ffbd2350000 - 0x00007ffbd2368000 	C:\Windows\SYSTEM32\kernel.appcore.dll
0x00007ffbcebd0000 - 0x00007ffbcebda000 	C:\Program Files\Android\Android Studio\jbr\bin\jimage.dll
0x00007ffbd0ec0000 - 0x00007ffbd10f2000 	C:\Windows\SYSTEM32\DBGHELP.DLL
0x00007ffbd5340000 - 0x00007ffbd56c8000 	C:\Windows\System32\combase.dll
0x00007ffbd3dd0000 - 0x00007ffbd3ea7000 	C:\Windows\System32\OLEAUT32.dll
0x00007ffbb6e20000 - 0x00007ffbb6e52000 	C:\Windows\SYSTEM32\dbgcore.DLL
0x00007ffbd3cf0000 - 0x00007ffbd3d6b000 	C:\Windows\System32\bcryptPrimitives.dll
0x00007ffbbc6d0000 - 0x00007ffbbc6de000 	C:\Program Files\Android\Android Studio\jbr\bin\instrument.dll
0x00007ffbbbba0000 - 0x00007ffbbbbc5000 	C:\Program Files\Android\Android Studio\jbr\bin\java.dll
0x00007ffbcd6e0000 - 0x00007ffbcd6f8000 	C:\Program Files\Android\Android Studio\jbr\bin\zip.dll
0x00007ffbd47b0000 - 0x00007ffbd500f000 	C:\Windows\System32\SHELL32.dll
0x00007ffbd1260000 - 0x00007ffbd1b5c000 	C:\Windows\SYSTEM32\windows.storage.dll
0x00007ffbd1120000 - 0x00007ffbd125f000 	C:\Windows\SYSTEM32\wintypes.dll
0x00007ffbd4130000 - 0x00007ffbd4224000 	C:\Windows\System32\SHCORE.dll
0x00007ffbd5d00000 - 0x00007ffbd5d5e000 	C:\Windows\System32\shlwapi.dll
0x00007ffbd3290000 - 0x00007ffbd32b1000 	C:\Windows\SYSTEM32\profapi.dll
0x00007ffbbb3a0000 - 0x00007ffbbb3b9000 	C:\Program Files\Android\Android Studio\jbr\bin\net.dll
0x00007ffbce520000 - 0x00007ffbce656000 	C:\Windows\SYSTEM32\WINHTTP.dll
0x00007ffbd27b0000 - 0x00007ffbd2819000 	C:\Windows\system32\mswsock.dll
0x00007ffbbb340000 - 0x00007ffbbb356000 	C:\Program Files\Android\Android Studio\jbr\bin\nio.dll
0x00007ffbceba0000 - 0x00007ffbcebb0000 	C:\Program Files\Android\Android Studio\jbr\bin\verify.dll
0x00007ffbb9620000 - 0x00007ffbb9647000 	C:\Users\user\.gradle\native\c067742578af261105cb4f569cf0c3c89f3d7b1fecec35dd04571415982c5e48\windows-amd64\native-platform.dll
0x00007ffb8a820000 - 0x00007ffb8a964000 	C:\Users\user\.gradle\native\38dada09dfb8b06ba9b0570ebf7e218e3eb74d4ef43ca46872605cf95ebc2f47\windows-amd64\native-platform-file-events.dll
0x00007ffbca8f0000 - 0x00007ffbca8f9000 	C:\Program Files\Android\Android Studio\jbr\bin\management.dll
0x00007ffbbce40000 - 0x00007ffbbce4b000 	C:\Program Files\Android\Android Studio\jbr\bin\management_ext.dll
0x00007ffbd4070000 - 0x00007ffbd4078000 	C:\Windows\System32\PSAPI.DLL
0x00007ffbd2b00000 - 0x00007ffbd2b1b000 	C:\Windows\SYSTEM32\CRYPTSP.dll
0x00007ffbd22b0000 - 0x00007ffbd22e5000 	C:\Windows\system32\rsaenh.dll
0x00007ffbd2850000 - 0x00007ffbd2878000 	C:\Windows\SYSTEM32\USERENV.dll
0x00007ffbd2ae0000 - 0x00007ffbd2aec000 	C:\Windows\SYSTEM32\CRYPTBASE.dll
0x00007ffbd1e00000 - 0x00007ffbd1e2d000 	C:\Windows\SYSTEM32\IPHLPAPI.DLL
0x00007ffbd5300000 - 0x00007ffbd5309000 	C:\Windows\System32\NSI.dll
0x00007ffbcedf0000 - 0x00007ffbcee09000 	C:\Windows\SYSTEM32\dhcpcsvc6.DLL
0x00007ffbce280000 - 0x00007ffbce29f000 	C:\Windows\SYSTEM32\dhcpcsvc.DLL
0x00007ffbd1e30000 - 0x00007ffbd1f28000 	C:\Windows\SYSTEM32\DNSAPI.dll
0x00007ffbcb550000 - 0x00007ffbcb559000 	C:\Program Files\Android\Android Studio\jbr\bin\extnet.dll
0x00007ffbcd280000 - 0x00007ffbcd288000 	C:\Windows\system32\wshunix.dll

dbghelp: loaded successfully - version: 4.0.5 - missing functions: none
symbol engine: initialized successfully - sym options: 0x614 - pdb path: .;C:\Program Files\Android\Android Studio\jbr\bin;C:\Windows\SYSTEM32;C:\Windows\WinSxS\amd64_microsoft.windows.common-controls_6595b64144ccf1df_6.0.22621.3672_none_2713b9d173822955;C:\Program Files\Android\Android Studio\jbr\bin\server;C:\Users\user\.gradle\native\c067742578af261105cb4f569cf0c3c89f3d7b1fecec35dd04571415982c5e48\windows-amd64;C:\Users\user\.gradle\native\38dada09dfb8b06ba9b0570ebf7e218e3eb74d4ef43ca46872605cf95ebc2f47\windows-amd64

VM Arguments:
jvm_args: --add-opens=java.base/java.util=ALL-UNNAMED --add-opens=java.base/java.lang=ALL-UNNAMED --add-opens=java.base/java.lang.invoke=ALL-UNNAMED --add-opens=java.prefs/java.util.prefs=ALL-UNNAMED --add-opens=java.base/java.nio.charset=ALL-UNNAMED --add-opens=java.base/java.net=ALL-UNNAMED --add-opens=java.base/java.util.concurrent.atomic=ALL-UNNAMED -Xmx2048m -Dfile.encoding=UTF-8 -Duser.country=US -Duser.language=en -Duser.variant -javaagent:C:\Users\user\.gradle\wrapper\dists\gradle-8.6-bin\afr5mpiioh2wthjmwnkmdsd5w\gradle-8.6\lib\agents\gradle-instrumentation-agent-8.6.jar 
java_command: org.gradle.launcher.daemon.bootstrap.GradleDaemon 8.6
java_class_path (initial): C:\Users\user\.gradle\wrapper\dists\gradle-8.6-bin\afr5mpiioh2wthjmwnkmdsd5w\gradle-8.6\lib\gradle-launcher-8.6.jar
Launcher Type: SUN_STANDARD

[Global flags]
     intx CICompilerCount                          = 12                                        {product} {ergonomic}
     uint ConcGCThreads                            = 3                                         {product} {ergonomic}
     uint G1ConcRefinementThreads                  = 13                                        {product} {ergonomic}
   size_t G1HeapRegionSize                         = 1048576                                   {product} {ergonomic}
    uintx GCDrainStackTargetSize                   = 64                                        {product} {ergonomic}
   size_t InitialHeapSize                          = 232783872                                 {product} {ergonomic}
   size_t MarkStackSize                            = 4194304                                   {product} {ergonomic}
   size_t MaxHeapSize                              = 2147483648                                {product} {command line}
   size_t MaxNewSize                               = 1287651328                                {product} {ergonomic}
   size_t MinHeapDeltaBytes                        = 1048576                                   {product} {ergonomic}
   size_t MinHeapSize                              = 8388608                                   {product} {ergonomic}
    uintx NonNMethodCodeHeapSize                   = 7602480                                {pd product} {ergonomic}
    uintx NonProfiledCodeHeapSize                  = 122027880                              {pd product} {ergonomic}
    uintx ProfiledCodeHeapSize                     = 122027880                              {pd product} {ergonomic}
    uintx ReservedCodeCacheSize                    = 251658240                              {pd product} {ergonomic}
     bool SegmentedCodeCache                       = true                                      {product} {ergonomic}
   size_t SoftMaxHeapSize                          = 2147483648                             {manageable} {ergonomic}
     bool UseCompressedClassPointers               = true                           {product lp64_product} {ergonomic}
     bool UseCompressedOops                        = true                           {product lp64_product} {ergonomic}
     bool UseG1GC                                  = true                                      {product} {ergonomic}
     bool UseLargePagesIndividualAllocation        = false                                  {pd product} {ergonomic}

Logging:
Log output configuration:
 #0: stdout all=warning uptime,level,tags
 #1: stderr all=off uptime,level,tags

Environment Variables:
JAVA_HOME=C:\Program Files\Java\jdk1.8.0_202
PATH=C:\Program Files\Java\jdk-22;C:\Program Files\Common Files\Oracle\Java\javapath;C:\Program Files (x86)\Common Files\Oracle\Java\java8path;C:\Program Files (x86)\Common Files\Oracle\Java\javapath;C:\Program Files\Java\jdk1.8.0_202\bin;C:\Program Files (x86)\VMware\VMware Workstation\bin\;D:\kotlinc\bin;C:\Windows\system32;C:\Windows;C:\Windows\System32\Wbem;C:\Windows\System32\WindowsPowerShell\v1.0\;C:\Windows\System32\OpenSSH\;C:\Program Files (x86)\NVIDIA Corporation\PhysX\Common;C:\Program Files\NVIDIA Corporation\NVIDIA NvDLISR;C:\Program Files\Java\jdk1.8.0_202\bin;C:\Program Files\dotnet\;C:\Program Files\Microsoft SQL Server\150\Tools\Binn\;C:\Program Files\Git\cmd;C:\Program Files (x86)\ZeroTier\One\;C:\Users\user\AppData\Local\Microsoft\WindowsApps;C:\Users\user\Ahmed\flutter\bin;C:\Program Files\Java\jdk1.8.0_202\bin
USERNAME=user
OS=Windows_NT
PROCESSOR_IDENTIFIER=AMD64 Family 25 Model 80 Stepping 0, AuthenticAMD
TMP=C:\Users\user\AppData\Local\Temp
TEMP=C:\Users\user\AppData\Local\Temp



Periodic native trim disabled

JNI global refs:
JNI global refs: 39, weak refs: 12

JNI global refs memory usage: 843, weak refs: 841

OOME stack traces (most recent first):
Classloader memory used:
Loader org.gradle.internal.classloader.VisitableURLClassLoader                         : 3806K
Loader bootstrap                                                                       : 2495K
Loader org.gradle.initialization.MixInLegacyTypesClassLoader                           : 1098K
Loader org.gradle.internal.classloader.VisitableURLClassLoader$InstrumentingVisitableURLClassLoader: 88926B
Loader org.gradle.internal.classloader.VisitableURLClassLoader                         : 86570B
Loader jdk.internal.loader.ClassLoaders$PlatformClassLoader                            : 65348B
Loader jdk.internal.reflect.DelegatingClassLoader                                      : 33874B
Loader jdk.internal.loader.ClassLoaders$AppClassLoader                                 : 28739B
Loader org.gradle.groovy.scripts.internal.DefaultScriptCompilationHandler$ScriptClassLoader: 10775B
Loader org.codehaus.groovy.runtime.callsite.CallSiteClassLoader                        : 5998B

Classes loaded by more than one classloader:
Class org.gradle.internal.Cast                                                        : loaded 3 times (x 69B)
Class Program                                                                         : loaded 3 times (x 70B)
Class org.gradle.api.GradleException                                                  : loaded 3 times (x 80B)
Class org.gradle.internal.classpath.ClassPath                                         : loaded 2 times (x 68B)
Class org.gradle.api.internal.classpath.DefaultModuleRegistry                         : loaded 2 times (x 84B)
Class org.gradle.internal.exceptions.NonGradleCauseExceptionsHolder                   : loaded 2 times (x 68B)
Class Settings_gradle$1$1                                                             : loaded 2 times (x 72B)
Class org.gradle.api.Action                                                           : loaded 2 times (x 68B)
Class org.jetbrains.kotlin.idea.gradleTooling.model.samWithReceiver.SamWithReceiverModel: loaded 2 times (x 68B)
Class org.jetbrains.plugins.gradle.model.ExternalProject                              : loaded 2 times (x 68B)
Class org.jetbrains.plugins.gradle.model.IntelliJSettings                             : loaded 2 times (x 68B)
Class org.jetbrains.kotlin.idea.gradleTooling.KotlinMPPGradleModel                    : loaded 2 times (x 68B)
Class org.gradle.api.internal.DefaultClassPathProvider                                : loaded 2 times (x 74B)
Class org.gradle.internal.installation.GradleInstallation$1                           : loaded 2 times (x 73B)
Class org.gradle.internal.exceptions.DefaultMultiCauseException                       : loaded 2 times (x 89B)
Class org.gradle.tooling.model.UnsupportedMethodException                             : loaded 2 times (x 80B)
Class org.gradle.internal.time.MonotonicClock                                         : loaded 2 times (x 75B)
Class org.gradle.internal.classloader.FilteringClassLoader                            : loaded 2 times (x 103B)
Class org.gradle.tooling.model.Model                                                  : loaded 2 times (x 68B)
Class org.gradle.internal.classpath.DefaultClassPath$ImmutableUniqueList$Builder      : loaded 2 times (x 73B)
Class org.jetbrains.kotlin.idea.gradleTooling.KotlinSourceSetContainer                : loaded 2 times (x 68B)
Class org.gradle.internal.classloader.ClassLoaderVisitor                              : loaded 2 times (x 74B)
Class org.gradle.internal.time.DefaultCountdownTimer                                  : loaded 2 times (x 86B)
Class org.gradle.internal.service.DefaultServiceLocator                               : loaded 2 times (x 81B)
Class org.gradle.internal.service.UnknownServiceException                             : loaded 2 times (x 81B)
Class org.jetbrains.plugins.gradle.model.DependencyAccessorsModel                     : loaded 2 times (x 68B)
Class org.gradle.internal.classloader.DefaultClassLoaderFactory                       : loaded 2 times (x 80B)
Class org.jetbrains.plugins.gradle.model.GradleExtensions                             : loaded 2 times (x 68B)
Class org.jetbrains.plugins.gradle.model.VersionCatalogsModel                         : loaded 2 times (x 68B)
Class org.gradle.internal.classloader.VisitableURLClassLoader$Spec                    : loaded 2 times (x 72B)
Class org.gradle.tooling.model.ProjectModel                                           : loaded 2 times (x 68B)
Class org.jetbrains.plugins.gradle.model.MavenRepositoryModel                         : loaded 2 times (x 68B)
Class org.gradle.tooling.internal.gradle.DefaultProjectIdentifier                     : loaded 2 times (x 84B)
Class org.gradle.api.internal.classpath.ModuleRegistry                                : loaded 2 times (x 68B)
Class org.gradle.util.GradleVersion                                                   : loaded 2 times (x 81B)
Class kotlin.jvm.internal.markers.KMappedMarker                                       : loaded 2 times (x 68B)
Class org.gradle.api.internal.ClassPathProvider                                       : loaded 2 times (x 68B)
Class org.gradle.internal.classloader.ClasspathUtil$1                                 : loaded 2 times (x 74B)
Class org.gradle.internal.classloader.ClassLoaderFactory                              : loaded 2 times (x 68B)
Class org.gradle.api.internal.classpath.ManifestUtil                                  : loaded 2 times (x 69B)
Class org.gradle.api.specs.Spec                                                       : loaded 2 times (x 68B)
Class sync_studio_tooling1295_6fy6fn8bmkd67x44fn585gm0v                               : loaded 2 times (x 177B)
Class org.gradle.tooling.internal.gradle.GradleBuildIdentity                          : loaded 2 times (x 68B)
Class org.gradle.internal.IoActions                                                   : loaded 2 times (x 69B)
Class org.gradle.api.internal.classpath.EffectiveClassPath                            : loaded 2 times (x 88B)
Class kotlin.jvm.internal.DefaultConstructorMarker                                    : loaded 2 times (x 69B)
Class org.jetbrains.kotlin.idea.gradleTooling.model.annotation.AnnotationBasedPluginModel: loaded 2 times (x 68B)
Class org.jetbrains.kotlin.idea.gradleTooling.model.assignment.AssignmentModel        : loaded 2 times (x 68B)
Class org.gradle.internal.installation.CurrentGradleInstallation                      : loaded 2 times (x 71B)
Class org.gradle.internal.agents.InstrumentingClassLoader                             : loaded 2 times (x 68B)
Class org.gradle.internal.installation.CurrentGradleInstallationLocator               : loaded 2 times (x 69B)
Class org.gradle.api.internal.classpath.Module                                        : loaded 2 times (x 68B)
Class org.gradle.internal.service.CachingServiceLocator                               : loaded 2 times (x 80B)
Class org.gradle.internal.time.Timer                                                  : loaded 2 times (x 68B)
Class org.jetbrains.plugins.gradle.model.tests.ExternalTestsModel                     : loaded 2 times (x 68B)
Class org.jetbrains.kotlin.idea.gradleTooling.KotlinDslScriptAdditionalTask           : loaded 2 times (x 68B)
Class org.gradle.internal.classpath.DefaultClassPath                                  : loaded 2 times (x 88B)
Class com.intellij.openapi.externalSystem.model.project.dependencies.ProjectDependencies: loaded 2 times (x 68B)
Class org.jetbrains.kotlin.idea.gradleTooling.PrepareKotlinIdeImportTaskModel         : loaded 2 times (x 68B)
Class org.gradle.internal.impldep.com.google.common.base.Preconditions                : loaded 2 times (x 69B)
Class kotlin.jvm.functions.Function1                                                  : loaded 2 times (x 68B)
Class org.gradle.internal.time.Time                                                   : loaded 2 times (x 69B)
Class org.gradle.internal.time.TimeSource$1                                           : loaded 2 times (x 75B)
Class org.gradle.internal.classloader.SystemClassLoaderSpec                           : loaded 2 times (x 69B)
Class kotlin.Function                                                                 : loaded 2 times (x 68B)
Class org.gradle.api.UncheckedIOException                                             : loaded 2 times (x 80B)
Class sync_studio_tooling1295_6fy6fn8bmkd67x44fn585gm0v$_run_closure1                 : loaded 2 times (x 137B)
Class org.jetbrains.plugins.gradle.model.RepositoriesModel                            : loaded 2 times (x 68B)
Class org.gradle.tooling.internal.gradle.GradleProjectIdentity                        : loaded 2 times (x 68B)
Class org.gradle.internal.time.CountdownTimer                                         : loaded 2 times (x 68B)
Class org.gradle.internal.time.Clock                                                  : loaded 2 times (x 68B)
Class org.gradle.internal.classloader.ClasspathUtil                                   : loaded 2 times (x 69B)
Class org.gradle.tooling.model.BuildIdentifier                                        : loaded 2 times (x 68B)
Class org.gradle.api.internal.DefaultClassPathRegistry                                : loaded 2 times (x 74B)
Class ijInit1_bf6mh7a1x9afcdw40dx5hzd0g                                               : loaded 2 times (x 177B)
Class org.gradle.api.internal.classpath.DefaultModuleRegistry$DefaultModule           : loaded 2 times (x 84B)
Class org.gradle.internal.time.TimeSource                                             : loaded 2 times (x 68B)
Class org.jetbrains.kotlin.android.synthetic.idea.AndroidExtensionsGradleModel        : loaded 2 times (x 68B)
Class org.gradle.api.internal.classpath.UnknownModuleException                        : loaded 2 times (x 80B)
Class org.jetbrains.plugins.gradle.model.IntelliJProjectSettings                      : loaded 2 times (x 68B)
Class org.gradle.internal.service.ServiceLookupException                              : loaded 2 times (x 80B)
Class org.gradle.cache.GlobalCache                                                    : loaded 2 times (x 68B)
Class org.jetbrains.kotlin.idea.gradleTooling.model.lombok.LombokModel                : loaded 2 times (x 68B)
Class org.gradle.tooling.model.ProjectIdentifier                                      : loaded 2 times (x 68B)
Class [Lorg.gradle.api.internal.ClassPathProvider;                                    : loaded 2 times (x 67B)
Class org.gradle.internal.operations.MultipleBuildOperationFailures                   : loaded 2 times (x 89B)
Class org.gradle.util.internal.GUtil                                                  : loaded 2 times (x 69B)
Class org.jetbrains.plugins.gradle.model.AnnotationProcessingModel                    : loaded 2 times (x 68B)
Class org.gradle.internal.classloader.ClassLoaderSpec                                 : loaded 2 times (x 69B)
Class org.jetbrains.plugins.gradle.model.BuildScriptClasspathModel                    : loaded 2 times (x 68B)
Class org.gradle.internal.classloader.VisitableURLClassLoader                         : loaded 2 times (x 115B)
Class org.gradle.internal.installation.GradleInstallation                             : loaded 2 times (x 73B)
Class org.gradle.api.internal.ClassPathRegistry                                       : loaded 2 times (x 68B)
Class org.gradle.internal.classloader.VisitableURLClassLoader$InstrumentingVisitableURLClassLoader: loaded 2 times (x 121B)
Class org.gradle.internal.classloader.ClassLoaderHierarchy                            : loaded 2 times (x 68B)
Class org.gradle.internal.exceptions.MultiCauseException                              : loaded 2 times (x 68B)
Class org.jetbrains.kotlin.idea.gradleTooling.model.parcelize.ParcelizeGradleModel    : loaded 2 times (x 68B)
Class org.gradle.internal.InternalTransformer                                         : loaded 2 times (x 68B)
Class org.jetbrains.kotlin.idea.gradleTooling.model.noarg.NoArgModel                  : loaded 2 times (x 68B)
Class org.jetbrains.kotlin.idea.gradleTooling.KotlinGradleModel                       : loaded 2 times (x 68B)
Class org.gradle.tooling.internal.gradle.DefaultBuildIdentifier                       : loaded 2 times (x 77B)
Class org.gradle.internal.service.ServiceLocator                                      : loaded 2 times (x 68B)
Class Settings_gradle$1                                                               : loaded 2 times (x 72B)
Class org.jetbrains.kotlin.idea.gradleTooling.model.allopen.AllOpenModel              : loaded 2 times (x 68B)
Class org.gradle.internal.classpath.DefaultClassPath$ImmutableUniqueList              : loaded 2 times (x 159B)
Class org.gradle.internal.time.DefaultTimer                                           : loaded 2 times (x 78B)
Class org.gradle.internal.classpath.TransformedClassPath                              : loaded 2 times (x 94B)
Class Settings_gradle                                                                 : loaded 2 times (x 126B)


---------------  S Y S T E M  ---------------

OS:
 Windows 11 , 64 bit Build 22621 (10.0.22621.3672)
OS uptime: 1 days 9:14 hours
Hyper-V role detected

CPU: total 16 (initial active 16) (16 cores per cpu, 2 threads per core) family 25 model 80 stepping 0 microcode 0x0, cx8, cmov, fxsr, ht, mmx, 3dnowpref, sse, sse2, sse3, ssse3, sse4a, sse4.1, sse4.2, popcnt, lzcnt, tsc, tscinvbit, avx, avx2, aes, erms, clmul, bmi1, bmi2, adx, sha, fma, vzeroupper, clflush, clflushopt, hv
Processor Information for processor 0
  Max Mhz: 3201, Current Mhz: 3174, Mhz Limit: 3201
Processor Information for processor 1
  Max Mhz: 3201, Current Mhz: 1990, Mhz Limit: 3201
Processor Information for processor 2
  Max Mhz: 3201, Current Mhz: 3174, Mhz Limit: 3201
Processor Information for processor 3
  Max Mhz: 3201, Current Mhz: 1990, Mhz Limit: 3201
Processor Information for processor 4
  Max Mhz: 3201, Current Mhz: 1990, Mhz Limit: 3201
Processor Information for processor 5
  Max Mhz: 3201, Current Mhz: 1990, Mhz Limit: 3201
Processor Information for processor 6
  Max Mhz: 3201, Current Mhz: 1990, Mhz Limit: 3201
Processor Information for processor 7
  Max Mhz: 3201, Current Mhz: 1990, Mhz Limit: 3201
Processor Information for processor 8
  Max Mhz: 3201, Current Mhz: 1990, Mhz Limit: 3201
Processor Information for processor 9
  Max Mhz: 3201, Current Mhz: 1990, Mhz Limit: 3201
Processor Information for processor 10
  Max Mhz: 3201, Current Mhz: 1990, Mhz Limit: 3201
Processor Information for processor 11
  Max Mhz: 3201, Current Mhz: 1990, Mhz Limit: 3201
Processor Information for processor 12
  Max Mhz: 3201, Current Mhz: 1990, Mhz Limit: 3201
Processor Information for processor 13
  Max Mhz: 3201, Current Mhz: 3174, Mhz Limit: 3201
Processor Information for processor 14
  Max Mhz: 3201, Current Mhz: 1990, Mhz Limit: 3201
Processor Information for processor 15
  Max Mhz: 3201, Current Mhz: 1990, Mhz Limit: 3201

Memory: 4k page, system-wide physical 14188M (2440M free)
TotalPageFile size 17188M (AvailPageFile size 10M)
current process WorkingSet (physical memory assigned to process): 333M, peak: 333M
current process commit charge ("private bytes"): 382M, peak: 396M

vm_info: OpenJDK 64-Bit Server VM (17.0.10+0--11572160) for windows-amd64 JRE (17.0.10+0--11572160), built on Mar 13 2024 23:56:38 by "androidbuild" with MS VC++ 16.10 / 16.11 (VS2019)

END.
